<?xml version="1.0" encoding="utf-8"?>
<test-run id="2" testcasecount="134" result="Failed(Child)" total="134" passed="114" failed="20" inconclusive="0" skipped="0" asserts="0" engine-version="3.5.0.0" clr-version="4.0.30319.42000" start-time="2025-11-22 17:01:26Z" end-time="2025-11-22 17:01:36Z" duration="9.566654">
  <test-suite type="TestSuite" id="1000" name="TimeSurvivorGame" fullname="TimeSurvivorGame" runstate="Runnable" testcasecount="134" result="Failed" site="Child" start-time="2025-11-22 17:01:26Z" end-time="2025-11-22 17:01:36Z" duration="9.566654" total="134" passed="114" failed="20" inconclusive="0" skipped="0" asserts="0">
    <properties>
      <property name="platform" value="EditMode" />
    </properties>
    <failure>
      <message><![CDATA[One or more child tests had errors]]></message>
    </failure>
    <test-suite type="Assembly" id="1021" name="TimeSurvivor.Demos.FlatCheckerboardTerrain.Tests.dll" fullname="/Users/etherny/Documents/work/games/TimeSurvivorGame/Library/ScriptAssemblies/TimeSurvivor.Demos.FlatCheckerboardTerrain.Tests.dll" runstate="Runnable" testcasecount="17" result="Passed" start-time="2025-11-22 17:01:26Z" end-time="2025-11-22 17:01:27Z" duration="0.930946" total="17" passed="17" failed="0" inconclusive="0" skipped="0" asserts="0">
      <properties>
        <property name="_PID" value="74019" />
        <property name="_APPDOMAIN" value="Unity Child Domain" />
        <property name="platform" value="EditMode" />
        <property name="EditorOnly" value="True" />
      </properties>
      <test-suite type="TestSuite" id="1022" name="TimeSurvivor" fullname="TimeSurvivor" runstate="Runnable" testcasecount="17" result="Passed" start-time="2025-11-22 17:01:26Z" end-time="2025-11-22 17:01:27Z" duration="0.929944" total="17" passed="17" failed="0" inconclusive="0" skipped="0" asserts="0">
        <properties />
        <test-suite type="TestSuite" id="1023" name="Demos" fullname="TimeSurvivor.Demos" runstate="Runnable" testcasecount="17" result="Passed" start-time="2025-11-22 17:01:26Z" end-time="2025-11-22 17:01:27Z" duration="0.929374" total="17" passed="17" failed="0" inconclusive="0" skipped="0" asserts="0">
          <properties />
          <test-suite type="TestSuite" id="1024" name="FlatCheckerboardTerrain" fullname="TimeSurvivor.Demos.FlatCheckerboardTerrain" runstate="Runnable" testcasecount="17" result="Passed" start-time="2025-11-22 17:01:26Z" end-time="2025-11-22 17:01:27Z" duration="0.928879" total="17" passed="17" failed="0" inconclusive="0" skipped="0" asserts="0">
            <properties />
            <test-suite type="TestSuite" id="1025" name="Tests" fullname="TimeSurvivor.Demos.FlatCheckerboardTerrain.Tests" runstate="Runnable" testcasecount="17" result="Passed" start-time="2025-11-22 17:01:26Z" end-time="2025-11-22 17:01:27Z" duration="0.928336" total="17" passed="17" failed="0" inconclusive="0" skipped="0" asserts="0">
              <properties />
              <test-suite type="TestFixture" id="1001" name="FlatCheckerboardGeneratorTests" fullname="TimeSurvivor.Demos.FlatCheckerboardTerrain.Tests.FlatCheckerboardGeneratorTests" classname="TimeSurvivor.Demos.FlatCheckerboardTerrain.Tests.FlatCheckerboardGeneratorTests" runstate="Runnable" testcasecount="9" result="Passed" start-time="2025-11-22 17:01:26Z" end-time="2025-11-22 17:01:26Z" duration="0.107203" total="9" passed="9" failed="0" inconclusive="0" skipped="0" asserts="0">
                <properties />
                <test-case id="1010" name="Generate_AssignsCorrectVertexColors_InMesh" fullname="TimeSurvivor.Demos.FlatCheckerboardTerrain.Tests.FlatCheckerboardGeneratorTests.Generate_AssignsCorrectVertexColors_InMesh" methodname="Generate_AssignsCorrectVertexColors_InMesh" classname="TimeSurvivor.Demos.FlatCheckerboardTerrain.Tests.FlatCheckerboardGeneratorTests" runstate="Runnable" seed="857202565" result="Passed" start-time="2025-11-22 17:01:26Z" end-time="2025-11-22 17:01:26Z" duration="0.067119" asserts="0">
                  <properties>
                    <property name="_JOINTYPE" value="UnityCombinatorial" />
                    <property name="retryIteration" value="0" />
                    <property name="repeatIteration" value="0" />
                  </properties>
                </test-case>
                <test-case id="1005" name="Generate_CheckerboardPatternIsConsistent_AcrossChunks" fullname="TimeSurvivor.Demos.FlatCheckerboardTerrain.Tests.FlatCheckerboardGeneratorTests.Generate_CheckerboardPatternIsConsistent_AcrossChunks" methodname="Generate_CheckerboardPatternIsConsistent_AcrossChunks" classname="TimeSurvivor.Demos.FlatCheckerboardTerrain.Tests.FlatCheckerboardGeneratorTests" runstate="Runnable" seed="968980810" result="Passed" start-time="2025-11-22 17:01:26Z" end-time="2025-11-22 17:01:26Z" duration="0.004225" asserts="0">
                  <properties>
                    <property name="retryIteration" value="0" />
                    <property name="repeatIteration" value="0" />
                  </properties>
                </test-case>
                <test-case id="1009" name="Generate_CheckerboardUsesXORPattern" fullname="TimeSurvivor.Demos.FlatCheckerboardTerrain.Tests.FlatCheckerboardGeneratorTests.Generate_CheckerboardUsesXORPattern" methodname="Generate_CheckerboardUsesXORPattern" classname="TimeSurvivor.Demos.FlatCheckerboardTerrain.Tests.FlatCheckerboardGeneratorTests" runstate="Runnable" seed="876344536" result="Passed" start-time="2025-11-22 17:01:26Z" end-time="2025-11-22 17:01:26Z" duration="0.004176" asserts="0">
                  <properties>
                    <property name="retryIteration" value="0" />
                    <property name="repeatIteration" value="0" />
                  </properties>
                </test-case>
                <test-case id="1004" name="Generate_CreatesCheckerboardPattern_AtOrigin" fullname="TimeSurvivor.Demos.FlatCheckerboardTerrain.Tests.FlatCheckerboardGeneratorTests.Generate_CreatesCheckerboardPattern_AtOrigin" methodname="Generate_CreatesCheckerboardPattern_AtOrigin" classname="TimeSurvivor.Demos.FlatCheckerboardTerrain.Tests.FlatCheckerboardGeneratorTests" runstate="Runnable" seed="1440329819" result="Passed" start-time="2025-11-22 17:01:26Z" end-time="2025-11-22 17:01:26Z" duration="0.000362" asserts="0">
                  <properties>
                    <property name="retryIteration" value="0" />
                    <property name="repeatIteration" value="0" />
                  </properties>
                </test-case>
                <test-case id="1002" name="Generate_CreatesChunkWithCorrectSize" fullname="TimeSurvivor.Demos.FlatCheckerboardTerrain.Tests.FlatCheckerboardGeneratorTests.Generate_CreatesChunkWithCorrectSize" methodname="Generate_CreatesChunkWithCorrectSize" classname="TimeSurvivor.Demos.FlatCheckerboardTerrain.Tests.FlatCheckerboardGeneratorTests" runstate="Runnable" seed="2145439673" result="Passed" start-time="2025-11-22 17:01:26Z" end-time="2025-11-22 17:01:26Z" duration="0.000499" asserts="0">
                  <properties>
                    <property name="retryIteration" value="0" />
                    <property name="repeatIteration" value="0" />
                  </properties>
                </test-case>
                <test-case id="1003" name="Generate_CreatesFlatTerrainAtCorrectHeight" fullname="TimeSurvivor.Demos.FlatCheckerboardTerrain.Tests.FlatCheckerboardGeneratorTests.Generate_CreatesFlatTerrainAtCorrectHeight" methodname="Generate_CreatesFlatTerrainAtCorrectHeight" classname="TimeSurvivor.Demos.FlatCheckerboardTerrain.Tests.FlatCheckerboardGeneratorTests" runstate="Runnable" seed="480998054" result="Passed" start-time="2025-11-22 17:01:26Z" end-time="2025-11-22 17:01:26Z" duration="0.015321" asserts="0">
                  <properties>
                    <property name="retryIteration" value="0" />
                    <property name="repeatIteration" value="0" />
                  </properties>
                </test-case>
                <test-case id="1007" name="GetVoxelAt_ReturnsAir_AboveGroundHeight" fullname="TimeSurvivor.Demos.FlatCheckerboardTerrain.Tests.FlatCheckerboardGeneratorTests.GetVoxelAt_ReturnsAir_AboveGroundHeight" methodname="GetVoxelAt_ReturnsAir_AboveGroundHeight" classname="TimeSurvivor.Demos.FlatCheckerboardTerrain.Tests.FlatCheckerboardGeneratorTests" runstate="Runnable" seed="46236331" result="Passed" start-time="2025-11-22 17:01:26Z" end-time="2025-11-22 17:01:26Z" duration="0.000320" asserts="0">
                  <properties>
                    <property name="retryIteration" value="0" />
                    <property name="repeatIteration" value="0" />
                  </properties>
                </test-case>
                <test-case id="1006" name="GetVoxelAt_ReturnsConsistentResults_WithGenerateMethod" fullname="TimeSurvivor.Demos.FlatCheckerboardTerrain.Tests.FlatCheckerboardGeneratorTests.GetVoxelAt_ReturnsConsistentResults_WithGenerateMethod" methodname="GetVoxelAt_ReturnsConsistentResults_WithGenerateMethod" classname="TimeSurvivor.Demos.FlatCheckerboardTerrain.Tests.FlatCheckerboardGeneratorTests" runstate="Runnable" seed="998408971" result="Passed" start-time="2025-11-22 17:01:26Z" end-time="2025-11-22 17:01:26Z" duration="0.001392" asserts="0">
                  <properties>
                    <property name="retryIteration" value="0" />
                    <property name="repeatIteration" value="0" />
                  </properties>
                </test-case>
                <test-case id="1008" name="GetVoxelAt_ReturnsSolidVoxel_BelowGroundHeight" fullname="TimeSurvivor.Demos.FlatCheckerboardTerrain.Tests.FlatCheckerboardGeneratorTests.GetVoxelAt_ReturnsSolidVoxel_BelowGroundHeight" methodname="GetVoxelAt_ReturnsSolidVoxel_BelowGroundHeight" classname="TimeSurvivor.Demos.FlatCheckerboardTerrain.Tests.FlatCheckerboardGeneratorTests" runstate="Runnable" seed="262560975" result="Passed" start-time="2025-11-22 17:01:26Z" end-time="2025-11-22 17:01:26Z" duration="0.000158" asserts="0">
                  <properties>
                    <property name="retryIteration" value="0" />
                    <property name="repeatIteration" value="0" />
                  </properties>
                </test-case>
              </test-suite>
              <test-suite type="TestFixture" id="1011" name="FlatTerrainIntegrationTests" fullname="TimeSurvivor.Demos.FlatCheckerboardTerrain.Tests.FlatTerrainIntegrationTests" classname="TimeSurvivor.Demos.FlatCheckerboardTerrain.Tests.FlatTerrainIntegrationTests" runstate="Runnable" testcasecount="5" result="Passed" start-time="2025-11-22 17:01:26Z" end-time="2025-11-22 17:01:26Z" duration="0.013938" total="5" passed="5" failed="0" inconclusive="0" skipped="0" asserts="0">
                <properties />
                <test-case id="1014" name="ChunkManager_CheckerboardPatternIsConsistent_AcrossAdjacentChunks" fullname="TimeSurvivor.Demos.FlatCheckerboardTerrain.Tests.FlatTerrainIntegrationTests.ChunkManager_CheckerboardPatternIsConsistent_AcrossAdjacentChunks" methodname="ChunkManager_CheckerboardPatternIsConsistent_AcrossAdjacentChunks" classname="TimeSurvivor.Demos.FlatCheckerboardTerrain.Tests.FlatTerrainIntegrationTests" runstate="Runnable" seed="1761277605" result="Passed" start-time="2025-11-22 17:01:26Z" end-time="2025-11-22 17:01:26Z" duration="0.001284" asserts="0">
                  <properties>
                    <property name="retryIteration" value="0" />
                    <property name="repeatIteration" value="0" />
                  </properties>
                </test-case>
                <test-case id="1013" name="ChunkManager_Generates9Chunks_InDemoConfiguration" fullname="TimeSurvivor.Demos.FlatCheckerboardTerrain.Tests.FlatTerrainIntegrationTests.ChunkManager_Generates9Chunks_InDemoConfiguration" methodname="ChunkManager_Generates9Chunks_InDemoConfiguration" classname="TimeSurvivor.Demos.FlatCheckerboardTerrain.Tests.FlatTerrainIntegrationTests" runstate="Runnable" seed="1207727903" result="Passed" start-time="2025-11-22 17:01:26Z" end-time="2025-11-22 17:01:26Z" duration="0.000736" asserts="0">
                  <properties>
                    <property name="retryIteration" value="0" />
                    <property name="repeatIteration" value="0" />
                  </properties>
                </test-case>
                <test-case id="1015" name="ChunkManager_GeneratesValidMeshes_ForAllChunks" fullname="TimeSurvivor.Demos.FlatCheckerboardTerrain.Tests.FlatTerrainIntegrationTests.ChunkManager_GeneratesValidMeshes_ForAllChunks" methodname="ChunkManager_GeneratesValidMeshes_ForAllChunks" classname="TimeSurvivor.Demos.FlatCheckerboardTerrain.Tests.FlatTerrainIntegrationTests" runstate="Runnable" seed="1190070222" result="Passed" start-time="2025-11-22 17:01:26Z" end-time="2025-11-22 17:01:26Z" duration="0.006618" asserts="0">
                  <properties>
                    <property name="_JOINTYPE" value="UnityCombinatorial" />
                    <property name="retryIteration" value="0" />
                    <property name="repeatIteration" value="0" />
                  </properties>
                </test-case>
                <test-case id="1016" name="ChunkManager_SetsCorrectWorldPositions_ForChunks" fullname="TimeSurvivor.Demos.FlatCheckerboardTerrain.Tests.FlatTerrainIntegrationTests.ChunkManager_SetsCorrectWorldPositions_ForChunks" methodname="ChunkManager_SetsCorrectWorldPositions_ForChunks" classname="TimeSurvivor.Demos.FlatCheckerboardTerrain.Tests.FlatTerrainIntegrationTests" runstate="Runnable" seed="1923053641" result="Passed" start-time="2025-11-22 17:01:26Z" end-time="2025-11-22 17:01:26Z" duration="0.001864" asserts="0">
                  <properties>
                    <property name="retryIteration" value="0" />
                    <property name="repeatIteration" value="0" />
                  </properties>
                </test-case>
                <test-case id="1012" name="ChunkManager_UsesCustomGenerator_ForChunkGeneration" fullname="TimeSurvivor.Demos.FlatCheckerboardTerrain.Tests.FlatTerrainIntegrationTests.ChunkManager_UsesCustomGenerator_ForChunkGeneration" methodname="ChunkManager_UsesCustomGenerator_ForChunkGeneration" classname="TimeSurvivor.Demos.FlatCheckerboardTerrain.Tests.FlatTerrainIntegrationTests" runstate="Runnable" seed="376494037" result="Passed" start-time="2025-11-22 17:01:26Z" end-time="2025-11-22 17:01:26Z" duration="0.000885" asserts="0">
                  <properties>
                    <property name="retryIteration" value="0" />
                    <property name="repeatIteration" value="0" />
                  </properties>
                </test-case>
              </test-suite>
              <test-suite type="TestFixture" id="1017" name="StreamingTests" fullname="TimeSurvivor.Demos.FlatCheckerboardTerrain.Tests.StreamingTests" classname="TimeSurvivor.Demos.FlatCheckerboardTerrain.Tests.StreamingTests" runstate="Runnable" testcasecount="3" result="Passed" start-time="2025-11-22 17:01:26Z" end-time="2025-11-22 17:01:27Z" duration="0.805229" total="3" passed="3" failed="0" inconclusive="0" skipped="0" asserts="0">
                <properties />
                <test-case id="1018" name="Streaming_LoadsNewChunks_WhenPlayerMoves" fullname="TimeSurvivor.Demos.FlatCheckerboardTerrain.Tests.StreamingTests.Streaming_LoadsNewChunks_WhenPlayerMoves" methodname="Streaming_LoadsNewChunks_WhenPlayerMoves" classname="TimeSurvivor.Demos.FlatCheckerboardTerrain.Tests.StreamingTests" runstate="Runnable" seed="1671373791" result="Passed" start-time="2025-11-22 17:01:26Z" end-time="2025-11-22 17:01:27Z" duration="0.578346" asserts="0">
                  <properties>
                    <property name="_JOINTYPE" value="UnityCombinatorial" />
                    <property name="retryIteration" value="0" />
                    <property name="repeatIteration" value="0" />
                  </properties>
                </test-case>
                <test-case id="1020" name="Streaming_MaintainsChunkCount_WithinExpectedRange" fullname="TimeSurvivor.Demos.FlatCheckerboardTerrain.Tests.StreamingTests.Streaming_MaintainsChunkCount_WithinExpectedRange" methodname="Streaming_MaintainsChunkCount_WithinExpectedRange" classname="TimeSurvivor.Demos.FlatCheckerboardTerrain.Tests.StreamingTests" runstate="Runnable" seed="674662477" result="Passed" start-time="2025-11-22 17:01:27Z" end-time="2025-11-22 17:01:27Z" duration="0.169423" asserts="0">
                  <properties>
                    <property name="_JOINTYPE" value="UnityCombinatorial" />
                    <property name="retryIteration" value="0" />
                    <property name="repeatIteration" value="0" />
                  </properties>
                  <output><![CDATA[
IgnoreFailingMessages:true

IgnoreFailingMessages:false

IgnoreFailingMessages:true
Destroy may not be called from edit mode! Use DestroyImmediate instead.
Destroying an object in edit mode destroys it permanently.
Destroy may not be called from edit mode! Use DestroyImmediate instead.
Destroying an object in edit mode destroys it permanently.
Destroy may not be called from edit mode! Use DestroyImmediate instead.
Destroying an object in edit mode destroys it permanently.
Destroy may not be called from edit mode! Use DestroyImmediate instead.
Destroying an object in edit mode destroys it permanently.
Destroy may not be called from edit mode! Use DestroyImmediate instead.
Destroying an object in edit mode destroys it permanently.
Destroy may not be called from edit mode! Use DestroyImmediate instead.
Destroying an object in edit mode destroys it permanently.
Destroy may not be called from edit mode! Use DestroyImmediate instead.
Destroying an object in edit mode destroys it permanently.
Destroy may not be called from edit mode! Use DestroyImmediate instead.
Destroying an object in edit mode destroys it permanently.
Destroy may not be called from edit mode! Use DestroyImmediate instead.
Destroying an object in edit mode destroys it permanently.
Destroy may not be called from edit mode! Use DestroyImmediate instead.
Destroying an object in edit mode destroys it permanently.

IgnoreFailingMessages:false

IgnoreFailingMessages:true
Destroy may not be called from edit mode! Use DestroyImmediate instead.
Destroying an object in edit mode destroys it permanently.
Destroy may not be called from edit mode! Use DestroyImmediate instead.
Destroying an object in edit mode destroys it permanently.
Destroy may not be called from edit mode! Use DestroyImmediate instead.
Destroying an object in edit mode destroys it permanently.
Destroy may not be called from edit mode! Use DestroyImmediate instead.
Destroying an object in edit mode destroys it permanently.
Destroy may not be called from edit mode! Use DestroyImmediate instead.
Destroying an object in edit mode destroys it permanently.
Destroy may not be called from edit mode! Use DestroyImmediate instead.
Destroying an object in edit mode destroys it permanently.
Destroy may not be called from edit mode! Use DestroyImmediate instead.
Destroying an object in edit mode destroys it permanently.
Destroy may not be called from edit mode! Use DestroyImmediate instead.
Destroying an object in edit mode destroys it permanently.
Destroy may not be called from edit mode! Use DestroyImmediate instead.
Destroying an object in edit mode destroys it permanently.
Destroy may not be called from edit mode! Use DestroyImmediate instead.
Destroying an object in edit mode destroys it permanently.
Destroy may not be called from edit mode! Use DestroyImmediate instead.
Destroying an object in edit mode destroys it permanently.
Destroy may not be called from edit mode! Use DestroyImmediate instead.
Destroying an object in edit mode destroys it permanently.
Destroy may not be called from edit mode! Use DestroyImmediate instead.
Destroying an object in edit mode destroys it permanently.
Destroy may not be called from edit mode! Use DestroyImmediate instead.
Destroying an object in edit mode destroys it permanently.
Destroy may not be called from edit mode! Use DestroyImmediate instead.
Destroying an object in edit mode destroys it permanently.

IgnoreFailingMessages:false

IgnoreFailingMessages:true
Destroy may not be called from edit mode! Use DestroyImmediate instead.
Destroying an object in edit mode destroys it permanently.
Destroy may not be called from edit mode! Use DestroyImmediate instead.
Destroying an object in edit mode destroys it permanently.
Destroy may not be called from edit mode! Use DestroyImmediate instead.
Destroying an object in edit mode destroys it permanently.
Destroy may not be called from edit mode! Use DestroyImmediate instead.
Destroying an object in edit mode destroys it permanently.
Destroy may not be called from edit mode! Use DestroyImmediate instead.
Destroying an object in edit mode destroys it permanently.
Destroy may not be called from edit mode! Use DestroyImmediate instead.
Destroying an object in edit mode destroys it permanently.
Destroy may not be called from edit mode! Use DestroyImmediate instead.
Destroying an object in edit mode destroys it permanently.
Destroy may not be called from edit mode! Use DestroyImmediate instead.
Destroying an object in edit mode destroys it permanently.
Destroy may not be called from edit mode! Use DestroyImmediate instead.
Destroying an object in edit mode destroys it permanently.
Destroy may not be called from edit mode! Use DestroyImmediate instead.
Destroying an object in edit mode destroys it permanently.
Destroy may not be called from edit mode! Use DestroyImmediate instead.
Destroying an object in edit mode destroys it permanently.
Destroy may not be called from edit mode! Use DestroyImmediate instead.
Destroying an object in edit mode destroys it permanently.
Destroy may not be called from edit mode! Use DestroyImmediate instead.
Destroying an object in edit mode destroys it permanently.
Destroy may not be called from edit mode! Use DestroyImmediate instead.
Destroying an object in edit mode destroys it permanently.
Destroy may not be called from edit mode! Use DestroyImmediate instead.
Destroying an object in edit mode destroys it permanently.

IgnoreFailingMessages:false

IgnoreFailingMessages:true
Destroy may not be called from edit mode! Use DestroyImmediate instead.
Destroying an object in edit mode destroys it permanently.
Destroy may not be called from edit mode! Use DestroyImmediate instead.
Destroying an object in edit mode destroys it permanently.
Destroy may not be called from edit mode! Use DestroyImmediate instead.
Destroying an object in edit mode destroys it permanently.
Destroy may not be called from edit mode! Use DestroyImmediate instead.
Destroying an object in edit mode destroys it permanently.
Destroy may not be called from edit mode! Use DestroyImmediate instead.
Destroying an object in edit mode destroys it permanently.
Destroy may not be called from edit mode! Use DestroyImmediate instead.
Destroying an object in edit mode destroys it permanently.
Destroy may not be called from edit mode! Use DestroyImmediate instead.
Destroying an object in edit mode destroys it permanently.
Destroy may not be called from edit mode! Use DestroyImmediate instead.
Destroying an object in edit mode destroys it permanently.
Destroy may not be called from edit mode! Use DestroyImmediate instead.
Destroying an object in edit mode destroys it permanently.
Destroy may not be called from edit mode! Use DestroyImmediate instead.
Destroying an object in edit mode destroys it permanently.
Destroy may not be called from edit mode! Use DestroyImmediate instead.
Destroying an object in edit mode destroys it permanently.
Destroy may not be called from edit mode! Use DestroyImmediate instead.
Destroying an object in edit mode destroys it permanently.
Destroy may not be called from edit mode! Use DestroyImmediate instead.
Destroying an object in edit mode destroys it permanently.
Destroy may not be called from edit mode! Use DestroyImmediate instead.
Destroying an object in edit mode destroys it permanently.
Destroy may not be called from edit mode! Use DestroyImmediate instead.
Destroying an object in edit mode destroys it permanently.

IgnoreFailingMessages:false
]]></output>
                </test-case>
                <test-case id="1019" name="Streaming_UnloadsOldChunks_WhenPlayerMovesAway" fullname="TimeSurvivor.Demos.FlatCheckerboardTerrain.Tests.StreamingTests.Streaming_UnloadsOldChunks_WhenPlayerMovesAway" methodname="Streaming_UnloadsOldChunks_WhenPlayerMovesAway" classname="TimeSurvivor.Demos.FlatCheckerboardTerrain.Tests.StreamingTests" runstate="Runnable" seed="1229337840" result="Passed" start-time="2025-11-22 17:01:27Z" end-time="2025-11-22 17:01:27Z" duration="0.055996" asserts="0">
                  <properties>
                    <property name="_JOINTYPE" value="UnityCombinatorial" />
                    <property name="retryIteration" value="0" />
                    <property name="repeatIteration" value="0" />
                  </properties>
                  <output><![CDATA[
IgnoreFailingMessages:true
Destroy may not be called from edit mode! Use DestroyImmediate instead.
Destroying an object in edit mode destroys it permanently.
Destroy may not be called from edit mode! Use DestroyImmediate instead.
Destroying an object in edit mode destroys it permanently.
Destroy may not be called from edit mode! Use DestroyImmediate instead.
Destroying an object in edit mode destroys it permanently.
Destroy may not be called from edit mode! Use DestroyImmediate instead.
Destroying an object in edit mode destroys it permanently.
Destroy may not be called from edit mode! Use DestroyImmediate instead.
Destroying an object in edit mode destroys it permanently.
Destroy may not be called from edit mode! Use DestroyImmediate instead.
Destroying an object in edit mode destroys it permanently.
Destroy may not be called from edit mode! Use DestroyImmediate instead.
Destroying an object in edit mode destroys it permanently.
Destroy may not be called from edit mode! Use DestroyImmediate instead.
Destroying an object in edit mode destroys it permanently.
Destroy may not be called from edit mode! Use DestroyImmediate instead.
Destroying an object in edit mode destroys it permanently.
Destroy may not be called from edit mode! Use DestroyImmediate instead.
Destroying an object in edit mode destroys it permanently.
Destroy may not be called from edit mode! Use DestroyImmediate instead.
Destroying an object in edit mode destroys it permanently.
Destroy may not be called from edit mode! Use DestroyImmediate instead.
Destroying an object in edit mode destroys it permanently.
Destroy may not be called from edit mode! Use DestroyImmediate instead.
Destroying an object in edit mode destroys it permanently.
Destroy may not be called from edit mode! Use DestroyImmediate instead.
Destroying an object in edit mode destroys it permanently.
Destroy may not be called from edit mode! Use DestroyImmediate instead.
Destroying an object in edit mode destroys it permanently.
Destroy may not be called from edit mode! Use DestroyImmediate instead.
Destroying an object in edit mode destroys it permanently.
Destroy may not be called from edit mode! Use DestroyImmediate instead.
Destroying an object in edit mode destroys it permanently.
Destroy may not be called from edit mode! Use DestroyImmediate instead.
Destroying an object in edit mode destroys it permanently.
Destroy may not be called from edit mode! Use DestroyImmediate instead.
Destroying an object in edit mode destroys it permanently.
Destroy may not be called from edit mode! Use DestroyImmediate instead.
Destroying an object in edit mode destroys it permanently.
Destroy may not be called from edit mode! Use DestroyImmediate instead.
Destroying an object in edit mode destroys it permanently.
Destroy may not be called from edit mode! Use DestroyImmediate instead.
Destroying an object in edit mode destroys it permanently.
Destroy may not be called from edit mode! Use DestroyImmediate instead.
Destroying an object in edit mode destroys it permanently.
Destroy may not be called from edit mode! Use DestroyImmediate instead.
Destroying an object in edit mode destroys it permanently.
Destroy may not be called from edit mode! Use DestroyImmediate instead.
Destroying an object in edit mode destroys it permanently.

IgnoreFailingMessages:false
]]></output>
                </test-case>
              </test-suite>
            </test-suite>
          </test-suite>
        </test-suite>
      </test-suite>
    </test-suite>
    <test-suite type="Assembly" id="1107" name="TimeSurvivor.Voxel.Core.Tests.dll" fullname="/Users/etherny/Documents/work/games/TimeSurvivorGame/Library/ScriptAssemblies/TimeSurvivor.Voxel.Core.Tests.dll" runstate="Runnable" testcasecount="76" result="Passed" start-time="2025-11-22 17:01:27Z" end-time="2025-11-22 17:01:27Z" duration="0.026093" total="76" passed="76" failed="0" inconclusive="0" skipped="0" asserts="0">
      <properties>
        <property name="_PID" value="74019" />
        <property name="_APPDOMAIN" value="Unity Child Domain" />
        <property name="platform" value="EditMode" />
        <property name="EditorOnly" value="True" />
      </properties>
      <test-suite type="TestSuite" id="1108" name="TimeSurvivor" fullname="TimeSurvivor" runstate="Runnable" testcasecount="76" result="Passed" start-time="2025-11-22 17:01:27Z" end-time="2025-11-22 17:01:27Z" duration="0.025238" total="76" passed="76" failed="0" inconclusive="0" skipped="0" asserts="0">
        <properties />
        <test-suite type="TestSuite" id="1109" name="Voxel" fullname="TimeSurvivor.Voxel" runstate="Runnable" testcasecount="76" result="Passed" start-time="2025-11-22 17:01:27Z" end-time="2025-11-22 17:01:27Z" duration="0.024484" total="76" passed="76" failed="0" inconclusive="0" skipped="0" asserts="0">
          <properties />
          <test-suite type="TestSuite" id="1110" name="Core" fullname="TimeSurvivor.Voxel.Core" runstate="Runnable" testcasecount="76" result="Passed" start-time="2025-11-22 17:01:27Z" end-time="2025-11-22 17:01:27Z" duration="0.023683" total="76" passed="76" failed="0" inconclusive="0" skipped="0" asserts="0">
            <properties />
            <test-suite type="TestSuite" id="1111" name="Tests" fullname="TimeSurvivor.Voxel.Core.Tests" runstate="Runnable" testcasecount="76" result="Passed" start-time="2025-11-22 17:01:27Z" end-time="2025-11-22 17:01:27Z" duration="0.022839" total="76" passed="76" failed="0" inconclusive="0" skipped="0" asserts="0">
              <properties />
              <test-suite type="TestFixture" id="1026" name="ChunkCoordTests" fullname="TimeSurvivor.Voxel.Core.Tests.ChunkCoordTests" classname="TimeSurvivor.Voxel.Core.Tests.ChunkCoordTests" runstate="Runnable" testcasecount="13" result="Passed" start-time="2025-11-22 17:01:27Z" end-time="2025-11-22 17:01:27Z" duration="0.003719" total="13" passed="13" failed="0" inconclusive="0" skipped="0" asserts="0">
                <properties />
                <test-case id="1033" name="Test_AdditionOperator_PositiveOffset_ReturnsCorrectCoord" fullname="TimeSurvivor.Voxel.Core.Tests.ChunkCoordTests.Test_AdditionOperator_PositiveOffset_ReturnsCorrectCoord" methodname="Test_AdditionOperator_PositiveOffset_ReturnsCorrectCoord" classname="TimeSurvivor.Voxel.Core.Tests.ChunkCoordTests" runstate="Runnable" seed="1577940037" result="Passed" start-time="2025-11-22 17:01:27Z" end-time="2025-11-22 17:01:27Z" duration="0.000339" asserts="0">
                  <properties>
                    <property name="retryIteration" value="0" />
                    <property name="repeatIteration" value="0" />
                  </properties>
                </test-case>
                <test-case id="1028" name="Test_Constructor_Int3Parameter_CreatesCorrectCoord" fullname="TimeSurvivor.Voxel.Core.Tests.ChunkCoordTests.Test_Constructor_Int3Parameter_CreatesCorrectCoord" methodname="Test_Constructor_Int3Parameter_CreatesCorrectCoord" classname="TimeSurvivor.Voxel.Core.Tests.ChunkCoordTests" runstate="Runnable" seed="324286111" result="Passed" start-time="2025-11-22 17:01:27Z" end-time="2025-11-22 17:01:27Z" duration="0.000179" asserts="0">
                  <properties>
                    <property name="retryIteration" value="0" />
                    <property name="repeatIteration" value="0" />
                  </properties>
                </test-case>
                <test-case id="1027" name="Test_Constructor_IntParameters_CreatesCorrectCoord" fullname="TimeSurvivor.Voxel.Core.Tests.ChunkCoordTests.Test_Constructor_IntParameters_CreatesCorrectCoord" methodname="Test_Constructor_IntParameters_CreatesCorrectCoord" classname="TimeSurvivor.Voxel.Core.Tests.ChunkCoordTests" runstate="Runnable" seed="2000493826" result="Passed" start-time="2025-11-22 17:01:27Z" end-time="2025-11-22 17:01:27Z" duration="0.000174" asserts="0">
                  <properties>
                    <property name="retryIteration" value="0" />
                    <property name="repeatIteration" value="0" />
                  </properties>
                </test-case>
                <test-case id="1037" name="Test_Constructor_NegativeCoordinates_WorksCorrectly" fullname="TimeSurvivor.Voxel.Core.Tests.ChunkCoordTests.Test_Constructor_NegativeCoordinates_WorksCorrectly" methodname="Test_Constructor_NegativeCoordinates_WorksCorrectly" classname="TimeSurvivor.Voxel.Core.Tests.ChunkCoordTests" runstate="Runnable" seed="1975015280" result="Passed" start-time="2025-11-22 17:01:27Z" end-time="2025-11-22 17:01:27Z" duration="0.000106" asserts="0">
                  <properties>
                    <property name="retryIteration" value="0" />
                    <property name="repeatIteration" value="0" />
                  </properties>
                </test-case>
                <test-case id="1030" name="Test_Equals_DifferentCoordinates_ReturnsFalse" fullname="TimeSurvivor.Voxel.Core.Tests.ChunkCoordTests.Test_Equals_DifferentCoordinates_ReturnsFalse" methodname="Test_Equals_DifferentCoordinates_ReturnsFalse" classname="TimeSurvivor.Voxel.Core.Tests.ChunkCoordTests" runstate="Runnable" seed="1336309826" result="Passed" start-time="2025-11-22 17:01:27Z" end-time="2025-11-22 17:01:27Z" duration="0.000083" asserts="0">
                  <properties>
                    <property name="retryIteration" value="0" />
                    <property name="repeatIteration" value="0" />
                  </properties>
                </test-case>
                <test-case id="1039" name="Test_Equals_ObjectOverload_WorksCorrectly" fullname="TimeSurvivor.Voxel.Core.Tests.ChunkCoordTests.Test_Equals_ObjectOverload_WorksCorrectly" methodname="Test_Equals_ObjectOverload_WorksCorrectly" classname="TimeSurvivor.Voxel.Core.Tests.ChunkCoordTests" runstate="Runnable" seed="1778676666" result="Passed" start-time="2025-11-22 17:01:27Z" end-time="2025-11-22 17:01:27Z" duration="0.000150" asserts="0">
                  <properties>
                    <property name="retryIteration" value="0" />
                    <property name="repeatIteration" value="0" />
                  </properties>
                </test-case>
                <test-case id="1029" name="Test_Equals_SameCoordinates_ReturnsTrue" fullname="TimeSurvivor.Voxel.Core.Tests.ChunkCoordTests.Test_Equals_SameCoordinates_ReturnsTrue" methodname="Test_Equals_SameCoordinates_ReturnsTrue" classname="TimeSurvivor.Voxel.Core.Tests.ChunkCoordTests" runstate="Runnable" seed="1112494329" result="Passed" start-time="2025-11-22 17:01:27Z" end-time="2025-11-22 17:01:27Z" duration="0.000069" asserts="0">
                  <properties>
                    <property name="retryIteration" value="0" />
                    <property name="repeatIteration" value="0" />
                  </properties>
                </test-case>
                <test-case id="1031" name="Test_EqualsOperator_SameCoordinates_ReturnsTrue" fullname="TimeSurvivor.Voxel.Core.Tests.ChunkCoordTests.Test_EqualsOperator_SameCoordinates_ReturnsTrue" methodname="Test_EqualsOperator_SameCoordinates_ReturnsTrue" classname="TimeSurvivor.Voxel.Core.Tests.ChunkCoordTests" runstate="Runnable" seed="1395242310" result="Passed" start-time="2025-11-22 17:01:27Z" end-time="2025-11-22 17:01:27Z" duration="0.000093" asserts="0">
                  <properties>
                    <property name="retryIteration" value="0" />
                    <property name="repeatIteration" value="0" />
                  </properties>
                </test-case>
                <test-case id="1035" name="Test_GetHashCode_EqualCoords_ReturnsSameHash" fullname="TimeSurvivor.Voxel.Core.Tests.ChunkCoordTests.Test_GetHashCode_EqualCoords_ReturnsSameHash" methodname="Test_GetHashCode_EqualCoords_ReturnsSameHash" classname="TimeSurvivor.Voxel.Core.Tests.ChunkCoordTests" runstate="Runnable" seed="1585224844" result="Passed" start-time="2025-11-22 17:01:27Z" end-time="2025-11-22 17:01:27Z" duration="0.000079" asserts="0">
                  <properties>
                    <property name="retryIteration" value="0" />
                    <property name="repeatIteration" value="0" />
                  </properties>
                </test-case>
                <test-case id="1032" name="Test_NotEqualsOperator_DifferentCoordinates_ReturnsTrue" fullname="TimeSurvivor.Voxel.Core.Tests.ChunkCoordTests.Test_NotEqualsOperator_DifferentCoordinates_ReturnsTrue" methodname="Test_NotEqualsOperator_DifferentCoordinates_ReturnsTrue" classname="TimeSurvivor.Voxel.Core.Tests.ChunkCoordTests" runstate="Runnable" seed="1673347349" result="Passed" start-time="2025-11-22 17:01:27Z" end-time="2025-11-22 17:01:27Z" duration="0.000094" asserts="0">
                  <properties>
                    <property name="retryIteration" value="0" />
                    <property name="repeatIteration" value="0" />
                  </properties>
                </test-case>
                <test-case id="1038" name="Test_Operators_NegativeCoordinates_WorksCorrectly" fullname="TimeSurvivor.Voxel.Core.Tests.ChunkCoordTests.Test_Operators_NegativeCoordinates_WorksCorrectly" methodname="Test_Operators_NegativeCoordinates_WorksCorrectly" classname="TimeSurvivor.Voxel.Core.Tests.ChunkCoordTests" runstate="Runnable" seed="1352368174" result="Passed" start-time="2025-11-22 17:01:27Z" end-time="2025-11-22 17:01:27Z" duration="0.000245" asserts="0">
                  <properties>
                    <property name="retryIteration" value="0" />
                    <property name="repeatIteration" value="0" />
                  </properties>
                </test-case>
                <test-case id="1034" name="Test_SubtractionOperator_PositiveOffset_ReturnsCorrectCoord" fullname="TimeSurvivor.Voxel.Core.Tests.ChunkCoordTests.Test_SubtractionOperator_PositiveOffset_ReturnsCorrectCoord" methodname="Test_SubtractionOperator_PositiveOffset_ReturnsCorrectCoord" classname="TimeSurvivor.Voxel.Core.Tests.ChunkCoordTests" runstate="Runnable" seed="658108035" result="Passed" start-time="2025-11-22 17:01:27Z" end-time="2025-11-22 17:01:27Z" duration="0.000111" asserts="0">
                  <properties>
                    <property name="retryIteration" value="0" />
                    <property name="repeatIteration" value="0" />
                  </properties>
                </test-case>
                <test-case id="1036" name="Test_ToString_ReturnsFormattedString" fullname="TimeSurvivor.Voxel.Core.Tests.ChunkCoordTests.Test_ToString_ReturnsFormattedString" methodname="Test_ToString_ReturnsFormattedString" classname="TimeSurvivor.Voxel.Core.Tests.ChunkCoordTests" runstate="Runnable" seed="411166264" result="Passed" start-time="2025-11-22 17:01:27Z" end-time="2025-11-22 17:01:27Z" duration="0.000125" asserts="0">
                  <properties>
                    <property name="retryIteration" value="0" />
                    <property name="repeatIteration" value="0" />
                  </properties>
                </test-case>
              </test-suite>
              <test-suite type="TestFixture" id="1040" name="MacroVoxelDataTests" fullname="TimeSurvivor.Voxel.Core.Tests.MacroVoxelDataTests" classname="TimeSurvivor.Voxel.Core.Tests.MacroVoxelDataTests" runstate="Runnable" testcasecount="10" result="Passed" start-time="2025-11-22 17:01:27Z" end-time="2025-11-22 17:01:27Z" duration="0.002934" total="10" passed="10" failed="0" inconclusive="0" skipped="0" asserts="0">
                <properties />
                <test-case id="1047" name="Test_Constructor_AllVoxelTypes_StoredCorrectly" fullname="TimeSurvivor.Voxel.Core.Tests.MacroVoxelDataTests.Test_Constructor_AllVoxelTypes_StoredCorrectly" methodname="Test_Constructor_AllVoxelTypes_StoredCorrectly" classname="TimeSurvivor.Voxel.Core.Tests.MacroVoxelDataTests" runstate="Runnable" seed="630701009" result="Passed" start-time="2025-11-22 17:01:27Z" end-time="2025-11-22 17:01:27Z" duration="0.000277" asserts="0">
                  <properties>
                    <property name="retryIteration" value="0" />
                    <property name="repeatIteration" value="0" />
                  </properties>
                </test-case>
                <test-case id="1045" name="Test_Constructor_DefaultMetadata_StoresTypeCorrectly" fullname="TimeSurvivor.Voxel.Core.Tests.MacroVoxelDataTests.Test_Constructor_DefaultMetadata_StoresTypeCorrectly" methodname="Test_Constructor_DefaultMetadata_StoresTypeCorrectly" classname="TimeSurvivor.Voxel.Core.Tests.MacroVoxelDataTests" runstate="Runnable" seed="1937552326" result="Passed" start-time="2025-11-22 17:01:27Z" end-time="2025-11-22 17:01:27Z" duration="0.000405" asserts="0">
                  <properties>
                    <property name="retryIteration" value="0" />
                    <property name="repeatIteration" value="0" />
                  </properties>
                </test-case>
                <test-case id="1046" name="Test_Constructor_WithMetadata_StoresBothValues" fullname="TimeSurvivor.Voxel.Core.Tests.MacroVoxelDataTests.Test_Constructor_WithMetadata_StoresBothValues" methodname="Test_Constructor_WithMetadata_StoresBothValues" classname="TimeSurvivor.Voxel.Core.Tests.MacroVoxelDataTests" runstate="Runnable" seed="2080276675" result="Passed" start-time="2025-11-22 17:01:27Z" end-time="2025-11-22 17:01:27Z" duration="0.000095" asserts="0">
                  <properties>
                    <property name="retryIteration" value="0" />
                    <property name="repeatIteration" value="0" />
                  </properties>
                </test-case>
                <test-case id="1041" name="Test_IsSolid_AirVoxel_ReturnsFalse" fullname="TimeSurvivor.Voxel.Core.Tests.MacroVoxelDataTests.Test_IsSolid_AirVoxel_ReturnsFalse" methodname="Test_IsSolid_AirVoxel_ReturnsFalse" classname="TimeSurvivor.Voxel.Core.Tests.MacroVoxelDataTests" runstate="Runnable" seed="1076435623" result="Passed" start-time="2025-11-22 17:01:27Z" end-time="2025-11-22 17:01:27Z" duration="0.000086" asserts="0">
                  <properties>
                    <property name="retryIteration" value="0" />
                    <property name="repeatIteration" value="0" />
                  </properties>
                </test-case>
                <test-case id="1042" name="Test_IsSolid_SolidVoxelTypes_ReturnsTrue" fullname="TimeSurvivor.Voxel.Core.Tests.MacroVoxelDataTests.Test_IsSolid_SolidVoxelTypes_ReturnsTrue" methodname="Test_IsSolid_SolidVoxelTypes_ReturnsTrue" classname="TimeSurvivor.Voxel.Core.Tests.MacroVoxelDataTests" runstate="Runnable" seed="1241214791" result="Passed" start-time="2025-11-22 17:01:27Z" end-time="2025-11-22 17:01:27Z" duration="0.000110" asserts="0">
                  <properties>
                    <property name="retryIteration" value="0" />
                    <property name="repeatIteration" value="0" />
                  </properties>
                </test-case>
                <test-case id="1044" name="Test_IsTransparent_OpaqueVoxelTypes_ReturnsFalse" fullname="TimeSurvivor.Voxel.Core.Tests.MacroVoxelDataTests.Test_IsTransparent_OpaqueVoxelTypes_ReturnsFalse" methodname="Test_IsTransparent_OpaqueVoxelTypes_ReturnsFalse" classname="TimeSurvivor.Voxel.Core.Tests.MacroVoxelDataTests" runstate="Runnable" seed="1477972299" result="Passed" start-time="2025-11-22 17:01:27Z" end-time="2025-11-22 17:01:27Z" duration="0.000119" asserts="0">
                  <properties>
                    <property name="retryIteration" value="0" />
                    <property name="repeatIteration" value="0" />
                  </properties>
                </test-case>
                <test-case id="1043" name="Test_IsTransparent_WaterAndLeaves_ReturnsTrue" fullname="TimeSurvivor.Voxel.Core.Tests.MacroVoxelDataTests.Test_IsTransparent_WaterAndLeaves_ReturnsTrue" methodname="Test_IsTransparent_WaterAndLeaves_ReturnsTrue" classname="TimeSurvivor.Voxel.Core.Tests.MacroVoxelDataTests" runstate="Runnable" seed="2003344015" result="Passed" start-time="2025-11-22 17:01:27Z" end-time="2025-11-22 17:01:27Z" duration="0.000096" asserts="0">
                  <properties>
                    <property name="retryIteration" value="0" />
                    <property name="repeatIteration" value="0" />
                  </properties>
                </test-case>
                <test-case id="1050" name="Test_LeavesVoxel_IsSolidAndTransparent" fullname="TimeSurvivor.Voxel.Core.Tests.MacroVoxelDataTests.Test_LeavesVoxel_IsSolidAndTransparent" methodname="Test_LeavesVoxel_IsSolidAndTransparent" classname="TimeSurvivor.Voxel.Core.Tests.MacroVoxelDataTests" runstate="Runnable" seed="1947184667" result="Passed" start-time="2025-11-22 17:01:27Z" end-time="2025-11-22 17:01:27Z" duration="0.000081" asserts="0">
                  <properties>
                    <property name="retryIteration" value="0" />
                    <property name="repeatIteration" value="0" />
                  </properties>
                </test-case>
                <test-case id="1048" name="Test_Metadata_MaxValue_StoredCorrectly" fullname="TimeSurvivor.Voxel.Core.Tests.MacroVoxelDataTests.Test_Metadata_MaxValue_StoredCorrectly" methodname="Test_Metadata_MaxValue_StoredCorrectly" classname="TimeSurvivor.Voxel.Core.Tests.MacroVoxelDataTests" runstate="Runnable" seed="935107315" result="Passed" start-time="2025-11-22 17:01:27Z" end-time="2025-11-22 17:01:27Z" duration="0.000066" asserts="0">
                  <properties>
                    <property name="retryIteration" value="0" />
                    <property name="repeatIteration" value="0" />
                  </properties>
                </test-case>
                <test-case id="1049" name="Test_WaterVoxel_IsSolidAndTransparent" fullname="TimeSurvivor.Voxel.Core.Tests.MacroVoxelDataTests.Test_WaterVoxel_IsSolidAndTransparent" methodname="Test_WaterVoxel_IsSolidAndTransparent" classname="TimeSurvivor.Voxel.Core.Tests.MacroVoxelDataTests" runstate="Runnable" seed="1370428376" result="Passed" start-time="2025-11-22 17:01:27Z" end-time="2025-11-22 17:01:27Z" duration="0.000075" asserts="0">
                  <properties>
                    <property name="retryIteration" value="0" />
                    <property name="repeatIteration" value="0" />
                  </properties>
                </test-case>
              </test-suite>
              <test-suite type="TestFixture" id="1051" name="MicroVoxelDataTests" fullname="TimeSurvivor.Voxel.Core.Tests.MicroVoxelDataTests" classname="TimeSurvivor.Voxel.Core.Tests.MicroVoxelDataTests" runstate="Runnable" testcasecount="16" result="Passed" start-time="2025-11-22 17:01:27Z" end-time="2025-11-22 17:01:27Z" duration="0.003846" total="16" passed="16" failed="0" inconclusive="0" skipped="0" asserts="0">
                <properties />
                <test-case id="1063" name="Test_Constructor_CustomHealth_StoresCorrectly" fullname="TimeSurvivor.Voxel.Core.Tests.MicroVoxelDataTests.Test_Constructor_CustomHealth_StoresCorrectly" methodname="Test_Constructor_CustomHealth_StoresCorrectly" classname="TimeSurvivor.Voxel.Core.Tests.MicroVoxelDataTests" runstate="Runnable" seed="1504856710" result="Passed" start-time="2025-11-22 17:01:27Z" end-time="2025-11-22 17:01:27Z" duration="0.000111" asserts="0">
                  <properties>
                    <property name="retryIteration" value="0" />
                    <property name="repeatIteration" value="0" />
                  </properties>
                </test-case>
                <test-case id="1062" name="Test_Constructor_DefaultHealth_SetsMaxHealth" fullname="TimeSurvivor.Voxel.Core.Tests.MicroVoxelDataTests.Test_Constructor_DefaultHealth_SetsMaxHealth" methodname="Test_Constructor_DefaultHealth_SetsMaxHealth" classname="TimeSurvivor.Voxel.Core.Tests.MicroVoxelDataTests" runstate="Runnable" seed="1990000151" result="Passed" start-time="2025-11-22 17:01:27Z" end-time="2025-11-22 17:01:27Z" duration="0.000100" asserts="0">
                  <properties>
                    <property name="retryIteration" value="0" />
                    <property name="repeatIteration" value="0" />
                  </properties>
                </test-case>
                <test-case id="1064" name="Test_Constructor_WithAllParameters_StoresAllValues" fullname="TimeSurvivor.Voxel.Core.Tests.MicroVoxelDataTests.Test_Constructor_WithAllParameters_StoresAllValues" methodname="Test_Constructor_WithAllParameters_StoresAllValues" classname="TimeSurvivor.Voxel.Core.Tests.MicroVoxelDataTests" runstate="Runnable" seed="1712588396" result="Passed" start-time="2025-11-22 17:01:27Z" end-time="2025-11-22 17:01:27Z" duration="0.000127" asserts="0">
                  <properties>
                    <property name="retryIteration" value="0" />
                    <property name="repeatIteration" value="0" />
                  </properties>
                </test-case>
                <test-case id="1056" name="Test_IsDestroyed_PositiveHealth_ReturnsFalse" fullname="TimeSurvivor.Voxel.Core.Tests.MicroVoxelDataTests.Test_IsDestroyed_PositiveHealth_ReturnsFalse" methodname="Test_IsDestroyed_PositiveHealth_ReturnsFalse" classname="TimeSurvivor.Voxel.Core.Tests.MicroVoxelDataTests" runstate="Runnable" seed="604296876" result="Passed" start-time="2025-11-22 17:01:27Z" end-time="2025-11-22 17:01:27Z" duration="0.000081" asserts="0">
                  <properties>
                    <property name="retryIteration" value="0" />
                    <property name="repeatIteration" value="0" />
                  </properties>
                </test-case>
                <test-case id="1055" name="Test_IsDestroyed_ZeroHealth_ReturnsTrue" fullname="TimeSurvivor.Voxel.Core.Tests.MicroVoxelDataTests.Test_IsDestroyed_ZeroHealth_ReturnsTrue" methodname="Test_IsDestroyed_ZeroHealth_ReturnsTrue" classname="TimeSurvivor.Voxel.Core.Tests.MicroVoxelDataTests" runstate="Runnable" seed="622818476" result="Passed" start-time="2025-11-22 17:01:27Z" end-time="2025-11-22 17:01:27Z" duration="0.000067" asserts="0">
                  <properties>
                    <property name="retryIteration" value="0" />
                    <property name="repeatIteration" value="0" />
                  </properties>
                </test-case>
                <test-case id="1052" name="Test_IsSolid_AirVoxel_ReturnsFalse" fullname="TimeSurvivor.Voxel.Core.Tests.MicroVoxelDataTests.Test_IsSolid_AirVoxel_ReturnsFalse" methodname="Test_IsSolid_AirVoxel_ReturnsFalse" classname="TimeSurvivor.Voxel.Core.Tests.MicroVoxelDataTests" runstate="Runnable" seed="242096277" result="Passed" start-time="2025-11-22 17:01:27Z" end-time="2025-11-22 17:01:27Z" duration="0.000081" asserts="0">
                  <properties>
                    <property name="retryIteration" value="0" />
                    <property name="repeatIteration" value="0" />
                  </properties>
                </test-case>
                <test-case id="1053" name="Test_IsSolid_HealthyVoxel_ReturnsTrue" fullname="TimeSurvivor.Voxel.Core.Tests.MicroVoxelDataTests.Test_IsSolid_HealthyVoxel_ReturnsTrue" methodname="Test_IsSolid_HealthyVoxel_ReturnsTrue" classname="TimeSurvivor.Voxel.Core.Tests.MicroVoxelDataTests" runstate="Runnable" seed="32696437" result="Passed" start-time="2025-11-22 17:01:27Z" end-time="2025-11-22 17:01:27Z" duration="0.000071" asserts="0">
                  <properties>
                    <property name="retryIteration" value="0" />
                    <property name="repeatIteration" value="0" />
                  </properties>
                </test-case>
                <test-case id="1067" name="Test_IsSolid_MinimumHealth_ReturnsTrue" fullname="TimeSurvivor.Voxel.Core.Tests.MicroVoxelDataTests.Test_IsSolid_MinimumHealth_ReturnsTrue" methodname="Test_IsSolid_MinimumHealth_ReturnsTrue" classname="TimeSurvivor.Voxel.Core.Tests.MicroVoxelDataTests" runstate="Runnable" seed="106376962" result="Passed" start-time="2025-11-22 17:01:27Z" end-time="2025-11-22 17:01:27Z" duration="0.000077" asserts="0">
                  <properties>
                    <property name="retryIteration" value="0" />
                    <property name="repeatIteration" value="0" />
                  </properties>
                </test-case>
                <test-case id="1054" name="Test_IsSolid_ZeroHealth_ReturnsFalse" fullname="TimeSurvivor.Voxel.Core.Tests.MicroVoxelDataTests.Test_IsSolid_ZeroHealth_ReturnsFalse" methodname="Test_IsSolid_ZeroHealth_ReturnsFalse" classname="TimeSurvivor.Voxel.Core.Tests.MicroVoxelDataTests" runstate="Runnable" seed="1232648066" result="Passed" start-time="2025-11-22 17:01:27Z" end-time="2025-11-22 17:01:27Z" duration="0.000064" asserts="0">
                  <properties>
                    <property name="retryIteration" value="0" />
                    <property name="repeatIteration" value="0" />
                  </properties>
                </test-case>
                <test-case id="1058" name="Test_WithDamage_ExactDamage_ConvertsToAir" fullname="TimeSurvivor.Voxel.Core.Tests.MicroVoxelDataTests.Test_WithDamage_ExactDamage_ConvertsToAir" methodname="Test_WithDamage_ExactDamage_ConvertsToAir" classname="TimeSurvivor.Voxel.Core.Tests.MicroVoxelDataTests" runstate="Runnable" seed="985686362" result="Passed" start-time="2025-11-22 17:01:27Z" end-time="2025-11-22 17:01:27Z" duration="0.000180" asserts="0">
                  <properties>
                    <property name="retryIteration" value="0" />
                    <property name="repeatIteration" value="0" />
                  </properties>
                </test-case>
                <test-case id="1061" name="Test_WithDamage_MetadataPreservedOnDestruction" fullname="TimeSurvivor.Voxel.Core.Tests.MicroVoxelDataTests.Test_WithDamage_MetadataPreservedOnDestruction" methodname="Test_WithDamage_MetadataPreservedOnDestruction" classname="TimeSurvivor.Voxel.Core.Tests.MicroVoxelDataTests" runstate="Runnable" seed="979662557" result="Passed" start-time="2025-11-22 17:01:27Z" end-time="2025-11-22 17:01:27Z" duration="0.000099" asserts="0">
                  <properties>
                    <property name="retryIteration" value="0" />
                    <property name="repeatIteration" value="0" />
                  </properties>
                </test-case>
                <test-case id="1065" name="Test_WithDamage_OneHealthPoint_ConvertsToAir" fullname="TimeSurvivor.Voxel.Core.Tests.MicroVoxelDataTests.Test_WithDamage_OneHealthPoint_ConvertsToAir" methodname="Test_WithDamage_OneHealthPoint_ConvertsToAir" classname="TimeSurvivor.Voxel.Core.Tests.MicroVoxelDataTests" runstate="Runnable" seed="1537649835" result="Passed" start-time="2025-11-22 17:01:27Z" end-time="2025-11-22 17:01:27Z" duration="0.000089" asserts="0">
                  <properties>
                    <property name="retryIteration" value="0" />
                    <property name="repeatIteration" value="0" />
                  </properties>
                </test-case>
                <test-case id="1059" name="Test_WithDamage_Overkill_ConvertsToAirWithZeroHealth" fullname="TimeSurvivor.Voxel.Core.Tests.MicroVoxelDataTests.Test_WithDamage_Overkill_ConvertsToAirWithZeroHealth" methodname="Test_WithDamage_Overkill_ConvertsToAirWithZeroHealth" classname="TimeSurvivor.Voxel.Core.Tests.MicroVoxelDataTests" runstate="Runnable" seed="1282241840" result="Passed" start-time="2025-11-22 17:01:27Z" end-time="2025-11-22 17:01:27Z" duration="0.000116" asserts="0">
                  <properties>
                    <property name="retryIteration" value="0" />
                    <property name="repeatIteration" value="0" />
                  </properties>
                </test-case>
                <test-case id="1057" name="Test_WithDamage_PartialDamage_ReturnsNewVoxelWithReducedHealth" fullname="TimeSurvivor.Voxel.Core.Tests.MicroVoxelDataTests.Test_WithDamage_PartialDamage_ReturnsNewVoxelWithReducedHealth" methodname="Test_WithDamage_PartialDamage_ReturnsNewVoxelWithReducedHealth" classname="TimeSurvivor.Voxel.Core.Tests.MicroVoxelDataTests" runstate="Runnable" seed="1586596418" result="Passed" start-time="2025-11-22 17:01:27Z" end-time="2025-11-22 17:01:27Z" duration="0.000127" asserts="0">
                  <properties>
                    <property name="retryIteration" value="0" />
                    <property name="repeatIteration" value="0" />
                  </properties>
                </test-case>
                <test-case id="1060" name="Test_WithDamage_PreservesMetadata" fullname="TimeSurvivor.Voxel.Core.Tests.MicroVoxelDataTests.Test_WithDamage_PreservesMetadata" methodname="Test_WithDamage_PreservesMetadata" classname="TimeSurvivor.Voxel.Core.Tests.MicroVoxelDataTests" runstate="Runnable" seed="2100735816" result="Passed" start-time="2025-11-22 17:01:27Z" end-time="2025-11-22 17:01:27Z" duration="0.000076" asserts="0">
                  <properties>
                    <property name="retryIteration" value="0" />
                    <property name="repeatIteration" value="0" />
                  </properties>
                </test-case>
                <test-case id="1066" name="Test_WithDamage_ZeroDamage_ReturnsUnchangedCopy" fullname="TimeSurvivor.Voxel.Core.Tests.MicroVoxelDataTests.Test_WithDamage_ZeroDamage_ReturnsUnchangedCopy" methodname="Test_WithDamage_ZeroDamage_ReturnsUnchangedCopy" classname="TimeSurvivor.Voxel.Core.Tests.MicroVoxelDataTests" runstate="Runnable" seed="493081216" result="Passed" start-time="2025-11-22 17:01:27Z" end-time="2025-11-22 17:01:27Z" duration="0.000087" asserts="0">
                  <properties>
                    <property name="retryIteration" value="0" />
                    <property name="repeatIteration" value="0" />
                  </properties>
                </test-case>
              </test-suite>
              <test-suite type="TestFixture" id="1068" name="VoxelConfigurationTests" fullname="TimeSurvivor.Voxel.Core.Tests.VoxelConfigurationTests" classname="TimeSurvivor.Voxel.Core.Tests.VoxelConfigurationTests" runstate="Runnable" testcasecount="15" result="Passed" start-time="2025-11-22 17:01:27Z" end-time="2025-11-22 17:01:27Z" duration="0.004420" total="15" passed="15" failed="0" inconclusive="0" skipped="0" asserts="0">
                <properties />
                <test-case id="1070" name="Test_ChunkVolume_DifferentSizes_ReturnsCorrectVolumes" fullname="TimeSurvivor.Voxel.Core.Tests.VoxelConfigurationTests.Test_ChunkVolume_DifferentSizes_ReturnsCorrectVolumes" methodname="Test_ChunkVolume_DifferentSizes_ReturnsCorrectVolumes" classname="TimeSurvivor.Voxel.Core.Tests.VoxelConfigurationTests" runstate="Runnable" seed="578535829" result="Passed" start-time="2025-11-22 17:01:27Z" end-time="2025-11-22 17:01:27Z" duration="0.000238" asserts="0">
                  <properties>
                    <property name="retryIteration" value="0" />
                    <property name="repeatIteration" value="0" />
                  </properties>
                </test-case>
                <test-case id="1069" name="Test_ChunkVolume_ReturnsCorrectVolume" fullname="TimeSurvivor.Voxel.Core.Tests.VoxelConfigurationTests.Test_ChunkVolume_ReturnsCorrectVolume" methodname="Test_ChunkVolume_ReturnsCorrectVolume" classname="TimeSurvivor.Voxel.Core.Tests.VoxelConfigurationTests" runstate="Runnable" seed="1028544299" result="Passed" start-time="2025-11-22 17:01:27Z" end-time="2025-11-22 17:01:27Z" duration="0.000077" asserts="0">
                  <properties>
                    <property name="retryIteration" value="0" />
                    <property name="repeatIteration" value="0" />
                  </properties>
                </test-case>
                <test-case id="1083" name="Test_ChunkWorldSize_ScalesWithChunkSize" fullname="TimeSurvivor.Voxel.Core.Tests.VoxelConfigurationTests.Test_ChunkWorldSize_ScalesWithChunkSize" methodname="Test_ChunkWorldSize_ScalesWithChunkSize" classname="TimeSurvivor.Voxel.Core.Tests.VoxelConfigurationTests" runstate="Runnable" seed="1944733088" result="Passed" start-time="2025-11-22 17:01:27Z" end-time="2025-11-22 17:01:27Z" duration="0.000432" asserts="0">
                  <properties>
                    <property name="retryIteration" value="0" />
                    <property name="repeatIteration" value="0" />
                  </properties>
                </test-case>
                <test-case id="1082" name="Test_ChunkWorldSize_ScalesWithVoxelSize" fullname="TimeSurvivor.Voxel.Core.Tests.VoxelConfigurationTests.Test_ChunkWorldSize_ScalesWithVoxelSize" methodname="Test_ChunkWorldSize_ScalesWithVoxelSize" classname="TimeSurvivor.Voxel.Core.Tests.VoxelConfigurationTests" runstate="Runnable" seed="883219580" result="Passed" start-time="2025-11-22 17:01:27Z" end-time="2025-11-22 17:01:27Z" duration="0.000095" asserts="0">
                  <properties>
                    <property name="retryIteration" value="0" />
                    <property name="repeatIteration" value="0" />
                  </properties>
                </test-case>
                <test-case id="1073" name="Test_ChunkWorldSizes_MacroLargerThanMicro" fullname="TimeSurvivor.Voxel.Core.Tests.VoxelConfigurationTests.Test_ChunkWorldSizes_MacroLargerThanMicro" methodname="Test_ChunkWorldSizes_MacroLargerThanMicro" classname="TimeSurvivor.Voxel.Core.Tests.VoxelConfigurationTests" runstate="Runnable" seed="1334682896" result="Passed" start-time="2025-11-22 17:01:27Z" end-time="2025-11-22 17:01:27Z" duration="0.000292" asserts="0">
                  <properties>
                    <property name="retryIteration" value="0" />
                    <property name="repeatIteration" value="0" />
                  </properties>
                </test-case>
                <test-case id="1075" name="Test_CreateTestConfig_CustomValues_ArePreserved" fullname="TimeSurvivor.Voxel.Core.Tests.VoxelConfigurationTests.Test_CreateTestConfig_CustomValues_ArePreserved" methodname="Test_CreateTestConfig_CustomValues_ArePreserved" classname="TimeSurvivor.Voxel.Core.Tests.VoxelConfigurationTests" runstate="Runnable" seed="1802346672" result="Passed" start-time="2025-11-22 17:01:27Z" end-time="2025-11-22 17:01:27Z" duration="0.000135" asserts="0">
                  <properties>
                    <property name="retryIteration" value="0" />
                    <property name="repeatIteration" value="0" />
                  </properties>
                </test-case>
                <test-case id="1074" name="Test_CreateTestConfig_DefaultValues_AreSet" fullname="TimeSurvivor.Voxel.Core.Tests.VoxelConfigurationTests.Test_CreateTestConfig_DefaultValues_AreSet" methodname="Test_CreateTestConfig_DefaultValues_AreSet" classname="TimeSurvivor.Voxel.Core.Tests.VoxelConfigurationTests" runstate="Runnable" seed="709640982" result="Passed" start-time="2025-11-22 17:01:27Z" end-time="2025-11-22 17:01:27Z" duration="0.000159" asserts="0">
                  <properties>
                    <property name="retryIteration" value="0" />
                    <property name="repeatIteration" value="0" />
                  </properties>
                </test-case>
                <test-case id="1071" name="Test_MacroChunkWorldSize_ReturnsCorrectSize" fullname="TimeSurvivor.Voxel.Core.Tests.VoxelConfigurationTests.Test_MacroChunkWorldSize_ReturnsCorrectSize" methodname="Test_MacroChunkWorldSize_ReturnsCorrectSize" classname="TimeSurvivor.Voxel.Core.Tests.VoxelConfigurationTests" runstate="Runnable" seed="136166544" result="Passed" start-time="2025-11-22 17:01:27Z" end-time="2025-11-22 17:01:27Z" duration="0.000078" asserts="0">
                  <properties>
                    <property name="retryIteration" value="0" />
                    <property name="repeatIteration" value="0" />
                  </properties>
                </test-case>
                <test-case id="1072" name="Test_MicroChunkWorldSize_ReturnsCorrectSize" fullname="TimeSurvivor.Voxel.Core.Tests.VoxelConfigurationTests.Test_MicroChunkWorldSize_ReturnsCorrectSize" methodname="Test_MicroChunkWorldSize_ReturnsCorrectSize" classname="TimeSurvivor.Voxel.Core.Tests.VoxelConfigurationTests" runstate="Runnable" seed="885858960" result="Passed" start-time="2025-11-22 17:01:27Z" end-time="2025-11-22 17:01:27Z" duration="0.000071" asserts="0">
                  <properties>
                    <property name="retryIteration" value="0" />
                    <property name="repeatIteration" value="0" />
                  </properties>
                </test-case>
                <test-case id="1078" name="Test_VoxelConfiguration_DeterministicSeed_IsSet" fullname="TimeSurvivor.Voxel.Core.Tests.VoxelConfigurationTests.Test_VoxelConfiguration_DeterministicSeed_IsSet" methodname="Test_VoxelConfiguration_DeterministicSeed_IsSet" classname="TimeSurvivor.Voxel.Core.Tests.VoxelConfigurationTests" runstate="Runnable" seed="820188379" result="Passed" start-time="2025-11-22 17:01:27Z" end-time="2025-11-22 17:01:27Z" duration="0.000071" asserts="0">
                  <properties>
                    <property name="retryIteration" value="0" />
                    <property name="repeatIteration" value="0" />
                  </properties>
                </test-case>
                <test-case id="1076" name="Test_VoxelConfiguration_IsScriptableObject" fullname="TimeSurvivor.Voxel.Core.Tests.VoxelConfigurationTests.Test_VoxelConfiguration_IsScriptableObject" methodname="Test_VoxelConfiguration_IsScriptableObject" classname="TimeSurvivor.Voxel.Core.Tests.VoxelConfigurationTests" runstate="Runnable" seed="1164647609" result="Passed" start-time="2025-11-22 17:01:27Z" end-time="2025-11-22 17:01:27Z" duration="0.000320" asserts="0">
                  <properties>
                    <property name="retryIteration" value="0" />
                    <property name="repeatIteration" value="0" />
                  </properties>
                </test-case>
                <test-case id="1080" name="Test_VoxelConfiguration_MaxCachedChunks_IsPositive" fullname="TimeSurvivor.Voxel.Core.Tests.VoxelConfigurationTests.Test_VoxelConfiguration_MaxCachedChunks_IsPositive" methodname="Test_VoxelConfiguration_MaxCachedChunks_IsPositive" classname="TimeSurvivor.Voxel.Core.Tests.VoxelConfigurationTests" runstate="Runnable" seed="289110064" result="Passed" start-time="2025-11-22 17:01:27Z" end-time="2025-11-22 17:01:27Z" duration="0.000074" asserts="0">
                  <properties>
                    <property name="retryIteration" value="0" />
                    <property name="repeatIteration" value="0" />
                  </properties>
                </test-case>
                <test-case id="1077" name="Test_VoxelConfiguration_PowerOfTwoChunkSize_CalculatesCorrectly" fullname="TimeSurvivor.Voxel.Core.Tests.VoxelConfigurationTests.Test_VoxelConfiguration_PowerOfTwoChunkSize_CalculatesCorrectly" methodname="Test_VoxelConfiguration_PowerOfTwoChunkSize_CalculatesCorrectly" classname="TimeSurvivor.Voxel.Core.Tests.VoxelConfigurationTests" runstate="Runnable" seed="1624989384" result="Passed" start-time="2025-11-22 17:01:27Z" end-time="2025-11-22 17:01:27Z" duration="0.000129" asserts="0">
                  <properties>
                    <property name="retryIteration" value="0" />
                    <property name="repeatIteration" value="0" />
                  </properties>
                </test-case>
                <test-case id="1079" name="Test_VoxelConfiguration_RenderDistance_IsPositive" fullname="TimeSurvivor.Voxel.Core.Tests.VoxelConfigurationTests.Test_VoxelConfiguration_RenderDistance_IsPositive" methodname="Test_VoxelConfiguration_RenderDistance_IsPositive" classname="TimeSurvivor.Voxel.Core.Tests.VoxelConfigurationTests" runstate="Runnable" seed="2140591835" result="Passed" start-time="2025-11-22 17:01:27Z" end-time="2025-11-22 17:01:27Z" duration="0.000071" asserts="0">
                  <properties>
                    <property name="retryIteration" value="0" />
                    <property name="repeatIteration" value="0" />
                  </properties>
                </test-case>
                <test-case id="1081" name="Test_VoxelSizes_MicroSmallerThanMacro" fullname="TimeSurvivor.Voxel.Core.Tests.VoxelConfigurationTests.Test_VoxelSizes_MicroSmallerThanMacro" methodname="Test_VoxelSizes_MicroSmallerThanMacro" classname="TimeSurvivor.Voxel.Core.Tests.VoxelConfigurationTests" runstate="Runnable" seed="1898135802" result="Passed" start-time="2025-11-22 17:01:27Z" end-time="2025-11-22 17:01:27Z" duration="0.000113" asserts="0">
                  <properties>
                    <property name="retryIteration" value="0" />
                    <property name="repeatIteration" value="0" />
                  </properties>
                </test-case>
              </test-suite>
              <test-suite type="TestFixture" id="1084" name="VoxelMathTests" fullname="TimeSurvivor.Voxel.Core.Tests.VoxelMathTests" classname="TimeSurvivor.Voxel.Core.Tests.VoxelMathTests" runstate="Runnable" testcasecount="22" result="Passed" start-time="2025-11-22 17:01:27Z" end-time="2025-11-22 17:01:27Z" duration="0.006193" total="22" passed="22" failed="0" inconclusive="0" skipped="0" asserts="0">
                <properties />
                <test-case id="1089" name="Test_ChunkCoordToWorld_NegativeChunk_ReturnsCorrectWorldPos" fullname="TimeSurvivor.Voxel.Core.Tests.VoxelMathTests.Test_ChunkCoordToWorld_NegativeChunk_ReturnsCorrectWorldPos" methodname="Test_ChunkCoordToWorld_NegativeChunk_ReturnsCorrectWorldPos" classname="TimeSurvivor.Voxel.Core.Tests.VoxelMathTests" runstate="Runnable" seed="231824230" result="Passed" start-time="2025-11-22 17:01:27Z" end-time="2025-11-22 17:01:27Z" duration="0.000183" asserts="0">
                  <properties>
                    <property name="retryIteration" value="0" />
                    <property name="repeatIteration" value="0" />
                  </properties>
                </test-case>
                <test-case id="1088" name="Test_ChunkCoordToWorld_PositiveChunk_ReturnsCorrectWorldPos" fullname="TimeSurvivor.Voxel.Core.Tests.VoxelMathTests.Test_ChunkCoordToWorld_PositiveChunk_ReturnsCorrectWorldPos" methodname="Test_ChunkCoordToWorld_PositiveChunk_ReturnsCorrectWorldPos" classname="TimeSurvivor.Voxel.Core.Tests.VoxelMathTests" runstate="Runnable" seed="332648342" result="Passed" start-time="2025-11-22 17:01:27Z" end-time="2025-11-22 17:01:27Z" duration="0.000111" asserts="0">
                  <properties>
                    <property name="retryIteration" value="0" />
                    <property name="repeatIteration" value="0" />
                  </properties>
                </test-case>
                <test-case id="1090" name="Test_ChunkCoordToWorld_RoundTrip_ReturnsOriginalChunk" fullname="TimeSurvivor.Voxel.Core.Tests.VoxelMathTests.Test_ChunkCoordToWorld_RoundTrip_ReturnsOriginalChunk" methodname="Test_ChunkCoordToWorld_RoundTrip_ReturnsOriginalChunk" classname="TimeSurvivor.Voxel.Core.Tests.VoxelMathTests" runstate="Runnable" seed="775769002" result="Passed" start-time="2025-11-22 17:01:27Z" end-time="2025-11-22 17:01:27Z" duration="0.000449" asserts="0">
                  <properties>
                    <property name="retryIteration" value="0" />
                    <property name="repeatIteration" value="0" />
                  </properties>
                </test-case>
                <test-case id="1104" name="Test_ChunkDistanceSquared_ReturnsCorrectSquaredDistance" fullname="TimeSurvivor.Voxel.Core.Tests.VoxelMathTests.Test_ChunkDistanceSquared_ReturnsCorrectSquaredDistance" methodname="Test_ChunkDistanceSquared_ReturnsCorrectSquaredDistance" classname="TimeSurvivor.Voxel.Core.Tests.VoxelMathTests" runstate="Runnable" seed="133958072" result="Passed" start-time="2025-11-22 17:01:27Z" end-time="2025-11-22 17:01:27Z" duration="0.000161" asserts="0">
                  <properties>
                    <property name="retryIteration" value="0" />
                    <property name="repeatIteration" value="0" />
                  </properties>
                </test-case>
                <test-case id="1103" name="Test_ChunkManhattanDistance_ReturnsCorrectDistance" fullname="TimeSurvivor.Voxel.Core.Tests.VoxelMathTests.Test_ChunkManhattanDistance_ReturnsCorrectDistance" methodname="Test_ChunkManhattanDistance_ReturnsCorrectDistance" classname="TimeSurvivor.Voxel.Core.Tests.VoxelMathTests" runstate="Runnable" seed="812981594" result="Passed" start-time="2025-11-22 17:01:27Z" end-time="2025-11-22 17:01:27Z" duration="0.000203" asserts="0">
                  <properties>
                    <property name="retryIteration" value="0" />
                    <property name="repeatIteration" value="0" />
                  </properties>
                </test-case>
                <test-case id="1095" name="Test_Flatten3DIndex_MaxCoordinate_ReturnsLastIndex" fullname="TimeSurvivor.Voxel.Core.Tests.VoxelMathTests.Test_Flatten3DIndex_MaxCoordinate_ReturnsLastIndex" methodname="Test_Flatten3DIndex_MaxCoordinate_ReturnsLastIndex" classname="TimeSurvivor.Voxel.Core.Tests.VoxelMathTests" runstate="Runnable" seed="589834874" result="Passed" start-time="2025-11-22 17:01:27Z" end-time="2025-11-22 17:01:27Z" duration="0.000072" asserts="0">
                  <properties>
                    <property name="retryIteration" value="0" />
                    <property name="repeatIteration" value="0" />
                  </properties>
                </test-case>
                <test-case id="1093" name="Test_Flatten3DIndex_Origin_ReturnsZero" fullname="TimeSurvivor.Voxel.Core.Tests.VoxelMathTests.Test_Flatten3DIndex_Origin_ReturnsZero" methodname="Test_Flatten3DIndex_Origin_ReturnsZero" classname="TimeSurvivor.Voxel.Core.Tests.VoxelMathTests" runstate="Runnable" seed="1783110954" result="Passed" start-time="2025-11-22 17:01:27Z" end-time="2025-11-22 17:01:27Z" duration="0.000063" asserts="0">
                  <properties>
                    <property name="retryIteration" value="0" />
                    <property name="repeatIteration" value="0" />
                  </properties>
                </test-case>
                <test-case id="1094" name="Test_Flatten3DIndex_XYZOrdering_IsCorrect" fullname="TimeSurvivor.Voxel.Core.Tests.VoxelMathTests.Test_Flatten3DIndex_XYZOrdering_IsCorrect" methodname="Test_Flatten3DIndex_XYZOrdering_IsCorrect" classname="TimeSurvivor.Voxel.Core.Tests.VoxelMathTests" runstate="Runnable" seed="10601668" result="Passed" start-time="2025-11-22 17:01:27Z" end-time="2025-11-22 17:01:27Z" duration="0.000101" asserts="0">
                  <properties>
                    <property name="retryIteration" value="0" />
                    <property name="repeatIteration" value="0" />
                  </properties>
                </test-case>
                <test-case id="1101" name="Test_IsValidLocalCoord_BoundaryValues_ReturnsCorrectly" fullname="TimeSurvivor.Voxel.Core.Tests.VoxelMathTests.Test_IsValidLocalCoord_BoundaryValues_ReturnsCorrectly" methodname="Test_IsValidLocalCoord_BoundaryValues_ReturnsCorrectly" classname="TimeSurvivor.Voxel.Core.Tests.VoxelMathTests" runstate="Runnable" seed="319364946" result="Passed" start-time="2025-11-22 17:01:27Z" end-time="2025-11-22 17:01:27Z" duration="0.000267" asserts="0">
                  <properties>
                    <property name="retryIteration" value="0" />
                    <property name="repeatIteration" value="0" />
                  </properties>
                </test-case>
                <test-case id="1100" name="Test_IsValidLocalCoord_OutOfBounds_ReturnsFalse" fullname="TimeSurvivor.Voxel.Core.Tests.VoxelMathTests.Test_IsValidLocalCoord_OutOfBounds_ReturnsFalse" methodname="Test_IsValidLocalCoord_OutOfBounds_ReturnsFalse" classname="TimeSurvivor.Voxel.Core.Tests.VoxelMathTests" runstate="Runnable" seed="1904869820" result="Passed" start-time="2025-11-22 17:01:27Z" end-time="2025-11-22 17:01:27Z" duration="0.000306" asserts="0">
                  <properties>
                    <property name="retryIteration" value="0" />
                    <property name="repeatIteration" value="0" />
                  </properties>
                </test-case>
                <test-case id="1099" name="Test_IsValidLocalCoord_WithinBounds_ReturnsTrue" fullname="TimeSurvivor.Voxel.Core.Tests.VoxelMathTests.Test_IsValidLocalCoord_WithinBounds_ReturnsTrue" methodname="Test_IsValidLocalCoord_WithinBounds_ReturnsTrue" classname="TimeSurvivor.Voxel.Core.Tests.VoxelMathTests" runstate="Runnable" seed="1045519566" result="Passed" start-time="2025-11-22 17:01:27Z" end-time="2025-11-22 17:01:27Z" duration="0.000070" asserts="0">
                  <properties>
                    <property name="retryIteration" value="0" />
                    <property name="repeatIteration" value="0" />
                  </properties>
                </test-case>
                <test-case id="1098" name="Test_Unflatten3DIndex_LastIndex_ReturnsMaxCoordinates" fullname="TimeSurvivor.Voxel.Core.Tests.VoxelMathTests.Test_Unflatten3DIndex_LastIndex_ReturnsMaxCoordinates" methodname="Test_Unflatten3DIndex_LastIndex_ReturnsMaxCoordinates" classname="TimeSurvivor.Voxel.Core.Tests.VoxelMathTests" runstate="Runnable" seed="484965143" result="Passed" start-time="2025-11-22 17:01:27Z" end-time="2025-11-22 17:01:27Z" duration="0.000121" asserts="0">
                  <properties>
                    <property name="retryIteration" value="0" />
                    <property name="repeatIteration" value="0" />
                  </properties>
                </test-case>
                <test-case id="1097" name="Test_Unflatten3DIndex_RoundTrip_ReturnsOriginalCoordinate" fullname="TimeSurvivor.Voxel.Core.Tests.VoxelMathTests.Test_Unflatten3DIndex_RoundTrip_ReturnsOriginalCoordinate" methodname="Test_Unflatten3DIndex_RoundTrip_ReturnsOriginalCoordinate" classname="TimeSurvivor.Voxel.Core.Tests.VoxelMathTests" runstate="Runnable" seed="925034871" result="Passed" start-time="2025-11-22 17:01:27Z" end-time="2025-11-22 17:01:27Z" duration="0.000080" asserts="0">
                  <properties>
                    <property name="retryIteration" value="0" />
                    <property name="repeatIteration" value="0" />
                  </properties>
                </test-case>
[...]
  at Unity.Jobs.LowLevel.Unsafe.JobsUtility.ScheduleParallelFor (Unity.Jobs.LowLevel.Unsafe.JobsUtility+JobScheduleParameters& parameters, System.Int32 arrayLength, System.Int32 innerloopBatchCount) <0x3669f62f8 + 0x00067> in <ca678e8562574911a4b05a3e0a6fcc6f>:0 
  at Unity.Jobs.IJobParallelForExtensions.Schedule[T] (T jobData, System.Int32 arrayLength, System.Int32 innerloopBatchCount, Unity.Jobs.JobHandle dependsOn) [0x00016] in /Users/bokken/build/output/unity/unity/Runtime/Jobs/Managed/IJobParallelFor.cs:70 
  at TimeSurvivor.Voxel.Terrain.Tests.ProceduralTerrainGenerationJobValidationTests.GenerateChunk_ShouldHaveHorizontalLayers () [0x00024] in /Users/etherny/Documents/work/games/TimeSurvivorGame/Assets/lib/voxel-terrain/Tests/Runtime/ProceduralTerrainGenerationJobValidationTests.cs:264 
  at (wrapper managed-to-native) System.Reflection.RuntimeMethodInfo.InternalInvoke(System.Reflection.RuntimeMethodInfo,object,object[],System.Exception&)
  at System.Reflection.RuntimeMethodInfo.Invoke (System.Object obj, System.Reflection.BindingFlags invokeAttr, System.Reflection.Binder binder, System.Object[] parameters, System.Globalization.CultureInfo culture) [0x0006a] in <3c470575843b432e876313222d20c5ed>:0 ]]></stack-trace>
                  </failure>
                </test-case>
                <test-case id="1150" name="GenerateChunk_ShouldHaveVisibleGrassSurface" fullname="TimeSurvivor.Voxel.Terrain.Tests.ProceduralTerrainGenerationJobValidationTests.GenerateChunk_ShouldHaveVisibleGrassSurface" methodname="GenerateChunk_ShouldHaveVisibleGrassSurface" classname="TimeSurvivor.Voxel.Terrain.Tests.ProceduralTerrainGenerationJobValidationTests" runstate="Runnable" seed="1197477485" result="Failed" label="Error" start-time="2025-11-22 17:01:36Z" end-time="2025-11-22 17:01:36Z" duration="0.000273" asserts="0">
                  <properties>
                    <property name="retryIteration" value="0" />
                    <property name="repeatIteration" value="0" />
                  </properties>
                  <failure>
                    <message><![CDATA[System.InvalidOperationException : The UNKNOWN_OBJECT_TYPE ProceduralTerrainGenerationJob.Heightmap has not been assigned or constructed. All containers must be valid when scheduling a job.]]></message>
                    <stack-trace><![CDATA[  at (wrapper managed-to-native) Unity.Jobs.LowLevel.Unsafe.JobsUtility.ScheduleParallelFor_Injected(Unity.Jobs.LowLevel.Unsafe.JobsUtility/JobScheduleParameters&,int,int,Unity.Jobs.JobHandle&)
  at Unity.Jobs.LowLevel.Unsafe.JobsUtility.ScheduleParallelFor (Unity.Jobs.LowLevel.Unsafe.JobsUtility+JobScheduleParameters& parameters, System.Int32 arrayLength, System.Int32 innerloopBatchCount) <0x3669f62f8 + 0x00067> in <ca678e8562574911a4b05a3e0a6fcc6f>:0 
  at Unity.Jobs.IJobParallelForExtensions.Schedule[T] (T jobData, System.Int32 arrayLength, System.Int32 innerloopBatchCount, Unity.Jobs.JobHandle dependsOn) [0x00016] in /Users/bokken/build/output/unity/unity/Runtime/Jobs/Managed/IJobParallelFor.cs:70 
  at TimeSurvivor.Voxel.Terrain.Tests.ProceduralTerrainGenerationJobValidationTests.GenerateChunk_ShouldHaveVisibleGrassSurface () [0x00024] in /Users/etherny/Documents/work/games/TimeSurvivorGame/Assets/lib/voxel-terrain/Tests/Runtime/ProceduralTerrainGenerationJobValidationTests.cs:197 
  at (wrapper managed-to-native) System.Reflection.RuntimeMethodInfo.InternalInvoke(System.Reflection.RuntimeMethodInfo,object,object[],System.Exception&)
  at System.Reflection.RuntimeMethodInfo.Invoke (System.Object obj, System.Reflection.BindingFlags invokeAttr, System.Reflection.Binder binder, System.Object[] parameters, System.Globalization.CultureInfo culture) [0x0006a] in <3c470575843b432e876313222d20c5ed>:0 ]]></stack-trace>
                  </failure>
                </test-case>
                <test-case id="1154" name="GenerateChunk_ShouldNotBeUniformCube" fullname="TimeSurvivor.Voxel.Terrain.Tests.ProceduralTerrainGenerationJobValidationTests.GenerateChunk_ShouldNotBeUniformCube" methodname="GenerateChunk_ShouldNotBeUniformCube" classname="TimeSurvivor.Voxel.Terrain.Tests.ProceduralTerrainGenerationJobValidationTests" runstate="Runnable" seed="1811054796" result="Failed" label="Error" start-time="2025-11-22 17:01:36Z" end-time="2025-11-22 17:01:36Z" duration="0.000469" asserts="0">
                  <properties>
                    <property name="retryIteration" value="0" />
                    <property name="repeatIteration" value="0" />
                  </properties>
                  <failure>
                    <message><![CDATA[System.InvalidOperationException : The UNKNOWN_OBJECT_TYPE ProceduralTerrainGenerationJob.Heightmap has not been assigned or constructed. All containers must be valid when scheduling a job.]]></message>
                    <stack-trace><![CDATA[  at (wrapper managed-to-native) Unity.Jobs.LowLevel.Unsafe.JobsUtility.ScheduleParallelFor_Injected(Unity.Jobs.LowLevel.Unsafe.JobsUtility/JobScheduleParameters&,int,int,Unity.Jobs.JobHandle&)
  at Unity.Jobs.LowLevel.Unsafe.JobsUtility.ScheduleParallelFor (Unity.Jobs.LowLevel.Unsafe.JobsUtility+JobScheduleParameters& parameters, System.Int32 arrayLength, System.Int32 innerloopBatchCount) <0x3669f62f8 + 0x00067> in <ca678e8562574911a4b05a3e0a6fcc6f>:0 
  at Unity.Jobs.IJobParallelForExtensions.Schedule[T] (T jobData, System.Int32 arrayLength, System.Int32 innerloopBatchCount, Unity.Jobs.JobHandle dependsOn) [0x00016] in /Users/bokken/build/output/unity/unity/Runtime/Jobs/Managed/IJobParallelFor.cs:70 
  at TimeSurvivor.Voxel.Terrain.Tests.ProceduralTerrainGenerationJobValidationTests.GenerateChunk_ShouldNotBeUniformCube () [0x00024] in /Users/etherny/Documents/work/games/TimeSurvivorGame/Assets/lib/voxel-terrain/Tests/Runtime/ProceduralTerrainGenerationJobValidationTests.cs:483 
  at (wrapper managed-to-native) System.Reflection.RuntimeMethodInfo.InternalInvoke(System.Reflection.RuntimeMethodInfo,object,object[],System.Exception&)
  at System.Reflection.RuntimeMethodInfo.Invoke (System.Object obj, System.Reflection.BindingFlags invokeAttr, System.Reflection.Binder binder, System.Object[] parameters, System.Globalization.CultureInfo culture) [0x0006a] in <3c470575843b432e876313222d20c5ed>:0 ]]></stack-trace>
                  </failure>
                </test-case>
                <test-case id="1149" name="GenerateChunk_ShouldProduceVariedVoxelTypes" fullname="TimeSurvivor.Voxel.Terrain.Tests.ProceduralTerrainGenerationJobValidationTests.GenerateChunk_ShouldProduceVariedVoxelTypes" methodname="GenerateChunk_ShouldProduceVariedVoxelTypes" classname="TimeSurvivor.Voxel.Terrain.Tests.ProceduralTerrainGenerationJobValidationTests" runstate="Runnable" seed="48592072" result="Failed" label="Error" start-time="2025-11-22 17:01:36Z" end-time="2025-11-22 17:01:36Z" duration="0.000307" asserts="0">
                  <properties>
                    <property name="retryIteration" value="0" />
                    <property name="repeatIteration" value="0" />
                  </properties>
                  <failure>
                    <message><![CDATA[System.InvalidOperationException : The UNKNOWN_OBJECT_TYPE ProceduralTerrainGenerationJob.Heightmap has not been assigned or constructed. All containers must be valid when scheduling a job.]]></message>
                    <stack-trace><![CDATA[  at (wrapper managed-to-native) Unity.Jobs.LowLevel.Unsafe.JobsUtility.ScheduleParallelFor_Injected(Unity.Jobs.LowLevel.Unsafe.JobsUtility/JobScheduleParameters&,int,int,Unity.Jobs.JobHandle&)
  at Unity.Jobs.LowLevel.Unsafe.JobsUtility.ScheduleParallelFor (Unity.Jobs.LowLevel.Unsafe.JobsUtility+JobScheduleParameters& parameters, System.Int32 arrayLength, System.Int32 innerloopBatchCount) <0x3669f62f8 + 0x00067> in <ca678e8562574911a4b05a3e0a6fcc6f>:0 
  at Unity.Jobs.IJobParallelForExtensions.Schedule[T] (T jobData, System.Int32 arrayLength, System.Int32 innerloopBatchCount, Unity.Jobs.JobHandle dependsOn) [0x00016] in /Users/bokken/build/output/unity/unity/Runtime/Jobs/Managed/IJobParallelFor.cs:70 
  at TimeSurvivor.Voxel.Terrain.Tests.ProceduralTerrainGenerationJobValidationTests.GenerateChunk_ShouldProduceVariedVoxelTypes () [0x00024] in /Users/etherny/Documents/work/games/TimeSurvivorGame/Assets/lib/voxel-terrain/Tests/Runtime/ProceduralTerrainGenerationJobValidationTests.cs:139 
  at (wrapper managed-to-native) System.Reflection.RuntimeMethodInfo.InternalInvoke(System.Reflection.RuntimeMethodInfo,object,object[],System.Exception&)
  at System.Reflection.RuntimeMethodInfo.Invoke (System.Object obj, System.Reflection.BindingFlags invokeAttr, System.Reflection.Binder binder, System.Object[] parameters, System.Globalization.CultureInfo culture) [0x0006a] in <3c470575843b432e876313222d20c5ed>:0 ]]></stack-trace>
                  </failure>
                </test-case>
                <test-case id="1152" name="GenerateChunk_WaterShouldOnlyBeInValleys" fullname="TimeSurvivor.Voxel.Terrain.Tests.ProceduralTerrainGenerationJobValidationTests.GenerateChunk_WaterShouldOnlyBeInValleys" methodname="GenerateChunk_WaterShouldOnlyBeInValleys" classname="TimeSurvivor.Voxel.Terrain.Tests.ProceduralTerrainGenerationJobValidationTests" runstate="Runnable" seed="856891548" result="Failed" label="Error" start-time="2025-11-22 17:01:36Z" end-time="2025-11-22 17:01:36Z" duration="0.000261" asserts="0">
                  <properties>
                    <property name="retryIteration" value="0" />
                    <property name="repeatIteration" value="0" />
                  </properties>
                  <failure>
                    <message><![CDATA[System.InvalidOperationException : The UNKNOWN_OBJECT_TYPE ProceduralTerrainGenerationJob.Heightmap has not been assigned or constructed. All containers must be valid when scheduling a job.]]></message>
                    <stack-trace><![CDATA[  at (wrapper managed-to-native) Unity.Jobs.LowLevel.Unsafe.JobsUtility.ScheduleParallelFor_Injected(Unity.Jobs.LowLevel.Unsafe.JobsUtility/JobScheduleParameters&,int,int,Unity.Jobs.JobHandle&)
  at Unity.Jobs.LowLevel.Unsafe.JobsUtility.ScheduleParallelFor (Unity.Jobs.LowLevel.Unsafe.JobsUtility+JobScheduleParameters& parameters, System.Int32 arrayLength, System.Int32 innerloopBatchCount) <0x3669f62f8 + 0x00067> in <ca678e8562574911a4b05a3e0a6fcc6f>:0 
  at Unity.Jobs.IJobParallelForExtensions.Schedule[T] (T jobData, System.Int32 arrayLength, System.Int32 innerloopBatchCount, Unity.Jobs.JobHandle dependsOn) [0x00016] in /Users/bokken/build/output/unity/unity/Runtime/Jobs/Managed/IJobParallelFor.cs:70 
  at TimeSurvivor.Voxel.Terrain.Tests.ProceduralTerrainGenerationJobValidationTests.GenerateChunk_WaterShouldOnlyBeInValleys () [0x00024] in /Users/etherny/Documents/work/games/TimeSurvivorGame/Assets/lib/voxel-terrain/Tests/Runtime/ProceduralTerrainGenerationJobValidationTests.cs:336 
  at (wrapper managed-to-native) System.Reflection.RuntimeMethodInfo.InternalInvoke(System.Reflection.RuntimeMethodInfo,object,object[],System.Exception&)
  at System.Reflection.RuntimeMethodInfo.Invoke (System.Object obj, System.Reflection.BindingFlags invokeAttr, System.Reflection.Binder binder, System.Object[] parameters, System.Globalization.CultureInfo culture) [0x0006a] in <3c470575843b432e876313222d20c5ed>:0 ]]></stack-trace>
                  </failure>
                </test-case>
                <test-case id="1158" name="HeightmapMode_BackwardCompatibility_NoHeightmap" fullname="TimeSurvivor.Voxel.Terrain.Tests.ProceduralTerrainGenerationJobValidationTests.HeightmapMode_BackwardCompatibility_NoHeightmap" methodname="HeightmapMode_BackwardCompatibility_NoHeightmap" classname="TimeSurvivor.Voxel.Terrain.Tests.ProceduralTerrainGenerationJobValidationTests" runstate="Runnable" seed="645312184" result="Failed" label="Error" start-time="2025-11-22 17:01:36Z" end-time="2025-11-22 17:01:36Z" duration="0.000241" asserts="0">
                  <properties>
                    <property name="retryIteration" value="0" />
                    <property name="repeatIteration" value="0" />
                  </properties>
                  <failure>
                    <message><![CDATA[System.InvalidOperationException : The UNKNOWN_OBJECT_TYPE ProceduralTerrainGenerationJob.Heightmap has not been assigned or constructed. All containers must be valid when scheduling a job.]]></message>
                    <stack-trace><![CDATA[  at (wrapper managed-to-native) Unity.Jobs.LowLevel.Unsafe.JobsUtility.ScheduleParallelFor_Injected(Unity.Jobs.LowLevel.Unsafe.JobsUtility/JobScheduleParameters&,int,int,Unity.Jobs.JobHandle&)
  at Unity.Jobs.LowLevel.Unsafe.JobsUtility.ScheduleParallelFor (Unity.Jobs.LowLevel.Unsafe.JobsUtility+JobScheduleParameters& parameters, System.Int32 arrayLength, System.Int32 innerloopBatchCount) <0x3669f62f8 + 0x00067> in <ca678e8562574911a4b05a3e0a6fcc6f>:0 
  at Unity.Jobs.IJobParallelForExtensions.Schedule[T] (T jobData, System.Int32 arrayLength, System.Int32 innerloopBatchCount, Unity.Jobs.JobHandle dependsOn) [0x00016] in /Users/bokken/build/output/unity/unity/Runtime/Jobs/Managed/IJobParallelFor.cs:70 
  at TimeSurvivor.Voxel.Terrain.Tests.ProceduralTerrainGenerationJobValidationTests.HeightmapMode_BackwardCompatibility_NoHeightmap () [0x000d1] in /Users/etherny/Documents/work/games/TimeSurvivorGame/Assets/lib/voxel-terrain/Tests/Runtime/ProceduralTerrainGenerationJobValidationTests.cs:851 
  at (wrapper managed-to-native) System.Reflection.RuntimeMethodInfo.InternalInvoke(System.Reflection.RuntimeMethodInfo,object,object[],System.Exception&)
  at System.Reflection.RuntimeMethodInfo.Invoke (System.Object obj, System.Reflection.BindingFlags invokeAttr, System.Reflection.Binder binder, System.Object[] parameters, System.Globalization.CultureInfo culture) [0x0006a] in <3c470575843b432e876313222d20c5ed>:0 ]]></stack-trace>
                  </failure>
                </test-case>
                <test-case id="1157" name="HeightmapMode_ChunkBordersShouldBeContinuous" fullname="TimeSurvivor.Voxel.Terrain.Tests.ProceduralTerrainGenerationJobValidationTests.HeightmapMode_ChunkBordersShouldBeContinuous" methodname="HeightmapMode_ChunkBordersShouldBeContinuous" classname="TimeSurvivor.Voxel.Terrain.Tests.ProceduralTerrainGenerationJobValidationTests" runstate="Runnable" seed="1858306204" result="Passed" start-time="2025-11-22 17:01:36Z" end-time="2025-11-22 17:01:36Z" duration="0.002815" asserts="0">
                  <properties>
                    <property name="retryIteration" value="0" />
                    <property name="repeatIteration" value="0" />
                  </properties>
                  <output><![CDATA[Border continuity: 4093/4096 voxels match (99.93%)
SUCCESS: Chunk borders are continuous with heightmap mode
]]></output>
                </test-case>
                <test-case id="1155" name="HeightmapMode_ShouldGenerateCorrectLayers" fullname="TimeSurvivor.Voxel.Terrain.Tests.ProceduralTerrainGenerationJobValidationTests.HeightmapMode_ShouldGenerateCorrectLayers" methodname="HeightmapMode_ShouldGenerateCorrectLayers" classname="TimeSurvivor.Voxel.Terrain.Tests.ProceduralTerrainGenerationJobValidationTests" runstate="Runnable" seed="497883524" result="Passed" start-time="2025-11-22 17:01:36Z" end-time="2025-11-22 17:01:36Z" duration="0.001063" asserts="0">
                  <properties>
                    <property name="retryIteration" value="0" />
                    <property name="repeatIteration" value="0" />
                  </properties>
                  <output><![CDATA[SUCCESS: Heightmap mode generates correct horizontal layers (Grass > Dirt > Stone)
]]></output>
                </test-case>
                <test-case id="1156" name="HeightmapMode_ShouldGenerateWater" fullname="TimeSurvivor.Voxel.Terrain.Tests.ProceduralTerrainGenerationJobValidationTests.HeightmapMode_ShouldGenerateWater" methodname="HeightmapMode_ShouldGenerateWater" classname="TimeSurvivor.Voxel.Terrain.Tests.ProceduralTerrainGenerationJobValidationTests" runstate="Runnable" seed="1305409881" result="Passed" start-time="2025-11-22 17:01:36Z" end-time="2025-11-22 17:01:36Z" duration="0.001010" asserts="0">
                  <properties>
                    <property name="retryIteration" value="0" />
                    <property name="repeatIteration" value="0" />
                  </properties>
                  <output><![CDATA[SUCCESS: Heightmap mode generates water in valleys below water level
]]></output>
                </test-case>
              </test-suite>
              <test-suite type="TestFixture" id="1159" name="SimplexNoise3DTests" fullname="TimeSurvivor.Voxel.Terrain.Tests.SimplexNoise3DTests" classname="TimeSurvivor.Voxel.Terrain.Tests.SimplexNoise3DTests" runstate="Runnable" testcasecount="4" result="Passed" start-time="2025-11-22 17:01:36Z" end-time="2025-11-22 17:01:36Z" duration="0.027857" total="4" passed="4" failed="0" inconclusive="0" skipped="0" asserts="0">
                <properties />
                <test-case id="1163" name="Test_Continuity" fullname="TimeSurvivor.Voxel.Terrain.Tests.SimplexNoise3DTests.Test_Continuity" methodname="Test_Continuity" classname="TimeSurvivor.Voxel.Terrain.Tests.SimplexNoise3DTests" runstate="Runnable" seed="2091177953" result="Passed" start-time="2025-11-22 17:01:36Z" end-time="2025-11-22 17:01:36Z" duration="0.005379" asserts="0">
                  <properties>
                    <property name="retryIteration" value="0" />
                    <property name="repeatIteration" value="0" />
                  </properties>
                </test-case>
                <test-case id="1160" name="Test_Determinism" fullname="TimeSurvivor.Voxel.Terrain.Tests.SimplexNoise3DTests.Test_Determinism" methodname="Test_Determinism" classname="TimeSurvivor.Voxel.Terrain.Tests.SimplexNoise3DTests" runstate="Runnable" seed="300993202" result="Passed" start-time="2025-11-22 17:01:36Z" end-time="2025-11-22 17:01:36Z" duration="0.000201" asserts="0">
                  <properties>
                    <property name="retryIteration" value="0" />
                    <property name="repeatIteration" value="0" />
                  </properties>
                </test-case>
                <test-case id="1162" name="Test_Performance" fullname="TimeSurvivor.Voxel.Terrain.Tests.SimplexNoise3DTests.Test_Performance" methodname="Test_Performance" classname="TimeSurvivor.Voxel.Terrain.Tests.SimplexNoise3DTests" runstate="Runnable" seed="1006693318" result="Passed" start-time="2025-11-22 17:01:36Z" end-time="2025-11-22 17:01:36Z" duration="0.002111" asserts="0">
                  <properties>
                    <property name="retryIteration" value="0" />
                    <property name="repeatIteration" value="0" />
                  </properties>
                  <output><![CDATA[SimplexNoise3D.MultiOctave (4 octaves) average execution time: 103.31 ns
Target: <300ns (Burst-compiled build), Measured: 103.31 ns
]]></output>
                </test-case>
                <test-case id="1161" name="Test_Range" fullname="TimeSurvivor.Voxel.Terrain.Tests.SimplexNoise3DTests.Test_Range" methodname="Test_Range" classname="TimeSurvivor.Voxel.Terrain.Tests.SimplexNoise3DTests" runstate="Runnable" seed="1233799240" result="Passed" start-time="2025-11-22 17:01:36Z" end-time="2025-11-22 17:01:36Z" duration="0.019016" asserts="0">
                  <properties>
                    <property name="retryIteration" value="0" />
                    <property name="repeatIteration" value="0" />
                  </properties>
                  <output><![CDATA[Saving results to: /Users/etherny/Library/Application Support/DefaultCompany/TimeSurvivorGame/TestResults.xml
]]></output>
                </test-case>
              </test-suite>
            </test-suite>
          </test-suite>
        </test-suite>
      </test-suite>
    </test-suite>
  </test-suite>
</test-run>