<?xml version="1.0" encoding="utf-8"?>
<test-run id="2" testcasecount="168" result="Failed(Child)" total="168" passed="148" failed="20" inconclusive="0" skipped="0" asserts="0" engine-version="3.5.0.0" clr-version="4.0.30319.42000" start-time="2025-11-22 18:05:51Z" end-time="2025-11-22 18:06:02Z" duration="10.7202378">
  <test-suite type="TestSuite" id="1000" name="TimeSurvivorGame" fullname="TimeSurvivorGame" runstate="Runnable" testcasecount="168" result="Failed" site="Child" start-time="2025-11-22 18:05:51Z" end-time="2025-11-22 18:06:02Z" duration="10.720238" total="168" passed="148" failed="20" inconclusive="0" skipped="0" asserts="0">
    <properties>
      <property name="platform" value="EditMode" />
    </properties>
    <failure>
      <message><![CDATA[One or more child tests had errors]]></message>
    </failure>
    <test-suite type="Assembly" id="1021" name="TimeSurvivor.Demos.FlatCheckerboardTerrain.Tests.dll" fullname="/Users/etherny/Documents/work/games/TimeSurvivorGame/Library/ScriptAssemblies/TimeSurvivor.Demos.FlatCheckerboardTerrain.Tests.dll" runstate="Runnable" testcasecount="17" result="Passed" start-time="2025-11-22 18:05:51Z" end-time="2025-11-22 18:05:52Z" duration="0.455067" total="17" passed="17" failed="0" inconclusive="0" skipped="0" asserts="0">
      <properties>
        <property name="_PID" value="91950" />
        <property name="_APPDOMAIN" value="Unity Child Domain" />
        <property name="platform" value="EditMode" />
        <property name="EditorOnly" value="True" />
      </properties>
      <test-suite type="TestSuite" id="1022" name="TimeSurvivor" fullname="TimeSurvivor" runstate="Runnable" testcasecount="17" result="Passed" start-time="2025-11-22 18:05:51Z" end-time="2025-11-22 18:05:52Z" duration="0.454036" total="17" passed="17" failed="0" inconclusive="0" skipped="0" asserts="0">
        <properties />
        <test-suite type="TestSuite" id="1023" name="Demos" fullname="TimeSurvivor.Demos" runstate="Runnable" testcasecount="17" result="Passed" start-time="2025-11-22 18:05:51Z" end-time="2025-11-22 18:05:52Z" duration="0.453369" total="17" passed="17" failed="0" inconclusive="0" skipped="0" asserts="0">
          <properties />
          <test-suite type="TestSuite" id="1024" name="FlatCheckerboardTerrain" fullname="TimeSurvivor.Demos.FlatCheckerboardTerrain" runstate="Runnable" testcasecount="17" result="Passed" start-time="2025-11-22 18:05:51Z" end-time="2025-11-22 18:05:52Z" duration="0.452765" total="17" passed="17" failed="0" inconclusive="0" skipped="0" asserts="0">
            <properties />
            <test-suite type="TestSuite" id="1025" name="Tests" fullname="TimeSurvivor.Demos.FlatCheckerboardTerrain.Tests" runstate="Runnable" testcasecount="17" result="Passed" start-time="2025-11-22 18:05:51Z" end-time="2025-11-22 18:05:52Z" duration="0.452046" total="17" passed="17" failed="0" inconclusive="0" skipped="0" asserts="0">
              <properties />
              <test-suite type="TestFixture" id="1001" name="FlatCheckerboardGeneratorTests" fullname="TimeSurvivor.Demos.FlatCheckerboardTerrain.Tests.FlatCheckerboardGeneratorTests" classname="TimeSurvivor.Demos.FlatCheckerboardTerrain.Tests.FlatCheckerboardGeneratorTests" runstate="Runnable" testcasecount="9" result="Passed" start-time="2025-11-22 18:05:51Z" end-time="2025-11-22 18:05:52Z" duration="0.154506" total="9" passed="9" failed="0" inconclusive="0" skipped="0" asserts="0">
                <properties />
                <test-case id="1010" name="Generate_AssignsCorrectVertexColors_InMesh" fullname="TimeSurvivor.Demos.FlatCheckerboardTerrain.Tests.FlatCheckerboardGeneratorTests.Generate_AssignsCorrectVertexColors_InMesh" methodname="Generate_AssignsCorrectVertexColors_InMesh" classname="TimeSurvivor.Demos.FlatCheckerboardTerrain.Tests.FlatCheckerboardGeneratorTests" runstate="Runnable" seed="116995089" result="Passed" start-time="2025-11-22 18:05:51Z" end-time="2025-11-22 18:05:52Z" duration="0.114908" asserts="0">
                  <properties>
                    <property name="_JOINTYPE" value="UnityCombinatorial" />
                    <property name="retryIteration" value="0" />
                    <property name="repeatIteration" value="0" />
                  </properties>
                </test-case>
                <test-case id="1005" name="Generate_CheckerboardPatternIsConsistent_AcrossChunks" fullname="TimeSurvivor.Demos.FlatCheckerboardTerrain.Tests.FlatCheckerboardGeneratorTests.Generate_CheckerboardPatternIsConsistent_AcrossChunks" methodname="Generate_CheckerboardPatternIsConsistent_AcrossChunks" classname="TimeSurvivor.Demos.FlatCheckerboardTerrain.Tests.FlatCheckerboardGeneratorTests" runstate="Runnable" seed="1366995131" result="Passed" start-time="2025-11-22 18:05:52Z" end-time="2025-11-22 18:05:52Z" duration="0.003280" asserts="0">
                  <properties>
                    <property name="retryIteration" value="0" />
                    <property name="repeatIteration" value="0" />
                  </properties>
                </test-case>
                <test-case id="1009" name="Generate_CheckerboardUsesXORPattern" fullname="TimeSurvivor.Demos.FlatCheckerboardTerrain.Tests.FlatCheckerboardGeneratorTests.Generate_CheckerboardUsesXORPattern" methodname="Generate_CheckerboardUsesXORPattern" classname="TimeSurvivor.Demos.FlatCheckerboardTerrain.Tests.FlatCheckerboardGeneratorTests" runstate="Runnable" seed="732627581" result="Passed" start-time="2025-11-22 18:05:52Z" end-time="2025-11-22 18:05:52Z" duration="0.001198" asserts="0">
                  <properties>
                    <property name="retryIteration" value="0" />
                    <property name="repeatIteration" value="0" />
                  </properties>
                </test-case>
                <test-case id="1004" name="Generate_CreatesCheckerboardPattern_AtOrigin" fullname="TimeSurvivor.Demos.FlatCheckerboardTerrain.Tests.FlatCheckerboardGeneratorTests.Generate_CreatesCheckerboardPattern_AtOrigin" methodname="Generate_CreatesCheckerboardPattern_AtOrigin" classname="TimeSurvivor.Demos.FlatCheckerboardTerrain.Tests.FlatCheckerboardGeneratorTests" runstate="Runnable" seed="1850620074" result="Passed" start-time="2025-11-22 18:05:52Z" end-time="2025-11-22 18:05:52Z" duration="0.000293" asserts="0">
                  <properties>
                    <property name="retryIteration" value="0" />
                    <property name="repeatIteration" value="0" />
                  </properties>
                </test-case>
                <test-case id="1002" name="Generate_CreatesChunkWithCorrectSize" fullname="TimeSurvivor.Demos.FlatCheckerboardTerrain.Tests.FlatCheckerboardGeneratorTests.Generate_CreatesChunkWithCorrectSize" methodname="Generate_CreatesChunkWithCorrectSize" classname="TimeSurvivor.Demos.FlatCheckerboardTerrain.Tests.FlatCheckerboardGeneratorTests" runstate="Runnable" seed="1022101277" result="Passed" start-time="2025-11-22 18:05:52Z" end-time="2025-11-22 18:05:52Z" duration="0.000485" asserts="0">
                  <properties>
                    <property name="retryIteration" value="0" />
                    <property name="repeatIteration" value="0" />
                  </properties>
                </test-case>
                <test-case id="1003" name="Generate_CreatesFlatTerrainAtCorrectHeight" fullname="TimeSurvivor.Demos.FlatCheckerboardTerrain.Tests.FlatCheckerboardGeneratorTests.Generate_CreatesFlatTerrainAtCorrectHeight" methodname="Generate_CreatesFlatTerrainAtCorrectHeight" classname="TimeSurvivor.Demos.FlatCheckerboardTerrain.Tests.FlatCheckerboardGeneratorTests" runstate="Runnable" seed="1324153047" result="Passed" start-time="2025-11-22 18:05:52Z" end-time="2025-11-22 18:05:52Z" duration="0.014452" asserts="0">
                  <properties>
                    <property name="retryIteration" value="0" />
                    <property name="repeatIteration" value="0" />
                  </properties>
                </test-case>
                <test-case id="1007" name="GetVoxelAt_ReturnsAir_AboveGroundHeight" fullname="TimeSurvivor.Demos.FlatCheckerboardTerrain.Tests.FlatCheckerboardGeneratorTests.GetVoxelAt_ReturnsAir_AboveGroundHeight" methodname="GetVoxelAt_ReturnsAir_AboveGroundHeight" classname="TimeSurvivor.Demos.FlatCheckerboardTerrain.Tests.FlatCheckerboardGeneratorTests" runstate="Runnable" seed="765029916" result="Passed" start-time="2025-11-22 18:05:52Z" end-time="2025-11-22 18:05:52Z" duration="0.000301" asserts="0">
                  <properties>
                    <property name="retryIteration" value="0" />
                    <property name="repeatIteration" value="0" />
                  </properties>
                </test-case>
                <test-case id="1006" name="GetVoxelAt_ReturnsConsistentResults_WithGenerateMethod" fullname="TimeSurvivor.Demos.FlatCheckerboardTerrain.Tests.FlatCheckerboardGeneratorTests.GetVoxelAt_ReturnsConsistentResults_WithGenerateMethod" methodname="GetVoxelAt_ReturnsConsistentResults_WithGenerateMethod" classname="TimeSurvivor.Demos.FlatCheckerboardTerrain.Tests.FlatCheckerboardGeneratorTests" runstate="Runnable" seed="1020173606" result="Passed" start-time="2025-11-22 18:05:52Z" end-time="2025-11-22 18:05:52Z" duration="0.001404" asserts="0">
                  <properties>
                    <property name="retryIteration" value="0" />
                    <property name="repeatIteration" value="0" />
                  </properties>
                </test-case>
                <test-case id="1008" name="GetVoxelAt_ReturnsSolidVoxel_BelowGroundHeight" fullname="TimeSurvivor.Demos.FlatCheckerboardTerrain.Tests.FlatCheckerboardGeneratorTests.GetVoxelAt_ReturnsSolidVoxel_BelowGroundHeight" methodname="GetVoxelAt_ReturnsSolidVoxel_BelowGroundHeight" classname="TimeSurvivor.Demos.FlatCheckerboardTerrain.Tests.FlatCheckerboardGeneratorTests" runstate="Runnable" seed="15309204" result="Passed" start-time="2025-11-22 18:05:52Z" end-time="2025-11-22 18:05:52Z" duration="0.000141" asserts="0">
                  <properties>
                    <property name="retryIteration" value="0" />
                    <property name="repeatIteration" value="0" />
                  </properties>
                </test-case>
              </test-suite>
              <test-suite type="TestFixture" id="1011" name="FlatTerrainIntegrationTests" fullname="TimeSurvivor.Demos.FlatCheckerboardTerrain.Tests.FlatTerrainIntegrationTests" classname="TimeSurvivor.Demos.FlatCheckerboardTerrain.Tests.FlatTerrainIntegrationTests" runstate="Runnable" testcasecount="5" result="Passed" start-time="2025-11-22 18:05:52Z" end-time="2025-11-22 18:05:52Z" duration="0.009066" total="5" passed="5" failed="0" inconclusive="0" skipped="0" asserts="0">
                <properties />
                <test-case id="1014" name="ChunkManager_CheckerboardPatternIsConsistent_AcrossAdjacentChunks" fullname="TimeSurvivor.Demos.FlatCheckerboardTerrain.Tests.FlatTerrainIntegrationTests.ChunkManager_CheckerboardPatternIsConsistent_AcrossAdjacentChunks" methodname="ChunkManager_CheckerboardPatternIsConsistent_AcrossAdjacentChunks" classname="TimeSurvivor.Demos.FlatCheckerboardTerrain.Tests.FlatTerrainIntegrationTests" runstate="Runnable" seed="1950103838" result="Passed" start-time="2025-11-22 18:05:52Z" end-time="2025-11-22 18:05:52Z" duration="0.001288" asserts="0">
                  <properties>
                    <property name="retryIteration" value="0" />
                    <property name="repeatIteration" value="0" />
                  </properties>
                </test-case>
                <test-case id="1013" name="ChunkManager_Generates9Chunks_InDemoConfiguration" fullname="TimeSurvivor.Demos.FlatCheckerboardTerrain.Tests.FlatTerrainIntegrationTests.ChunkManager_Generates9Chunks_InDemoConfiguration" methodname="ChunkManager_Generates9Chunks_InDemoConfiguration" classname="TimeSurvivor.Demos.FlatCheckerboardTerrain.Tests.FlatTerrainIntegrationTests" runstate="Runnable" seed="1698861449" result="Passed" start-time="2025-11-22 18:05:52Z" end-time="2025-11-22 18:05:52Z" duration="0.000765" asserts="0">
                  <properties>
                    <property name="retryIteration" value="0" />
                    <property name="repeatIteration" value="0" />
                  </properties>
                </test-case>
                <test-case id="1015" name="ChunkManager_GeneratesValidMeshes_ForAllChunks" fullname="TimeSurvivor.Demos.FlatCheckerboardTerrain.Tests.FlatTerrainIntegrationTests.ChunkManager_GeneratesValidMeshes_ForAllChunks" methodname="ChunkManager_GeneratesValidMeshes_ForAllChunks" classname="TimeSurvivor.Demos.FlatCheckerboardTerrain.Tests.FlatTerrainIntegrationTests" runstate="Runnable" seed="2100197103" result="Passed" start-time="2025-11-22 18:05:52Z" end-time="2025-11-22 18:05:52Z" duration="0.003216" asserts="0">
                  <properties>
                    <property name="_JOINTYPE" value="UnityCombinatorial" />
                    <property name="retryIteration" value="0" />
                    <property name="repeatIteration" value="0" />
                  </properties>
                </test-case>
                <test-case id="1016" name="ChunkManager_SetsCorrectWorldPositions_ForChunks" fullname="TimeSurvivor.Demos.FlatCheckerboardTerrain.Tests.FlatTerrainIntegrationTests.ChunkManager_SetsCorrectWorldPositions_ForChunks" methodname="ChunkManager_SetsCorrectWorldPositions_ForChunks" classname="TimeSurvivor.Demos.FlatCheckerboardTerrain.Tests.FlatTerrainIntegrationTests" runstate="Runnable" seed="673004962" result="Passed" start-time="2025-11-22 18:05:52Z" end-time="2025-11-22 18:05:52Z" duration="0.001258" asserts="0">
                  <properties>
                    <property name="retryIteration" value="0" />
                    <property name="repeatIteration" value="0" />
                  </properties>
                </test-case>
                <test-case id="1012" name="ChunkManager_UsesCustomGenerator_ForChunkGeneration" fullname="TimeSurvivor.Demos.FlatCheckerboardTerrain.Tests.FlatTerrainIntegrationTests.ChunkManager_UsesCustomGenerator_ForChunkGeneration" methodname="ChunkManager_UsesCustomGenerator_ForChunkGeneration" classname="TimeSurvivor.Demos.FlatCheckerboardTerrain.Tests.FlatTerrainIntegrationTests" runstate="Runnable" seed="2095182984" result="Passed" start-time="2025-11-22 18:05:52Z" end-time="2025-11-22 18:05:52Z" duration="0.000738" asserts="0">
                  <properties>
                    <property name="retryIteration" value="0" />
                    <property name="repeatIteration" value="0" />
                  </properties>
                </test-case>
              </test-suite>
              <test-suite type="TestFixture" id="1017" name="StreamingTests" fullname="TimeSurvivor.Demos.FlatCheckerboardTerrain.Tests.StreamingTests" classname="TimeSurvivor.Demos.FlatCheckerboardTerrain.Tests.StreamingTests" runstate="Runnable" testcasecount="3" result="Passed" start-time="2025-11-22 18:05:52Z" end-time="2025-11-22 18:05:52Z" duration="0.285652" total="3" passed="3" failed="0" inconclusive="0" skipped="0" asserts="0">
                <properties />
                <test-case id="1018" name="Streaming_LoadsNewChunks_WhenPlayerMoves" fullname="TimeSurvivor.Demos.FlatCheckerboardTerrain.Tests.StreamingTests.Streaming_LoadsNewChunks_WhenPlayerMoves" methodname="Streaming_LoadsNewChunks_WhenPlayerMoves" classname="TimeSurvivor.Demos.FlatCheckerboardTerrain.Tests.StreamingTests" runstate="Runnable" seed="662111941" result="Passed" start-time="2025-11-22 18:05:52Z" end-time="2025-11-22 18:05:52Z" duration="0.098137" asserts="0">
                  <properties>
                    <property name="_JOINTYPE" value="UnityCombinatorial" />
                    <property name="retryIteration" value="0" />
                    <property name="repeatIteration" value="0" />
                  </properties>
                </test-case>
                <test-case id="1020" name="Streaming_MaintainsChunkCount_WithinExpectedRange" fullname="TimeSurvivor.Demos.FlatCheckerboardTerrain.Tests.StreamingTests.Streaming_MaintainsChunkCount_WithinExpectedRange" methodname="Streaming_MaintainsChunkCount_WithinExpectedRange" classname="TimeSurvivor.Demos.FlatCheckerboardTerrain.Tests.StreamingTests" runstate="Runnable" seed="342119289" result="Passed" start-time="2025-11-22 18:05:52Z" end-time="2025-11-22 18:05:52Z" duration="0.142297" asserts="0">
                  <properties>
                    <property name="_JOINTYPE" value="UnityCombinatorial" />
                    <property name="retryIteration" value="0" />
                    <property name="repeatIteration" value="0" />
                  </properties>
                  <output><![CDATA[
IgnoreFailingMessages:true

IgnoreFailingMessages:false

IgnoreFailingMessages:true

IgnoreFailingMessages:false

IgnoreFailingMessages:true

IgnoreFailingMessages:false

IgnoreFailingMessages:true

IgnoreFailingMessages:false

IgnoreFailingMessages:true

IgnoreFailingMessages:false
]]></output>
                </test-case>
                <test-case id="1019" name="Streaming_UnloadsOldChunks_WhenPlayerMovesAway" fullname="TimeSurvivor.Demos.FlatCheckerboardTerrain.Tests.StreamingTests.Streaming_UnloadsOldChunks_WhenPlayerMovesAway" methodname="Streaming_UnloadsOldChunks_WhenPlayerMovesAway" classname="TimeSurvivor.Demos.FlatCheckerboardTerrain.Tests.StreamingTests" runstate="Runnable" seed="229442478" result="Passed" start-time="2025-11-22 18:05:52Z" end-time="2025-11-22 18:05:52Z" duration="0.043927" asserts="0">
                  <properties>
                    <property name="_JOINTYPE" value="UnityCombinatorial" />
                    <property name="retryIteration" value="0" />
                    <property name="repeatIteration" value="0" />
                  </properties>
                  <output><![CDATA[
IgnoreFailingMessages:true

IgnoreFailingMessages:false
]]></output>
                </test-case>
              </test-suite>
            </test-suite>
          </test-suite>
        </test-suite>
      </test-suite>
    </test-suite>
    <test-suite type="Assembly" id="1107" name="TimeSurvivor.Voxel.Core.Tests.dll" fullname="/Users/etherny/Documents/work/games/TimeSurvivorGame/Library/ScriptAssemblies/TimeSurvivor.Voxel.Core.Tests.dll" runstate="Runnable" testcasecount="76" result="Passed" start-time="2025-11-22 18:05:52Z" end-time="2025-11-22 18:05:52Z" duration="0.024518" total="76" passed="76" failed="0" inconclusive="0" skipped="0" asserts="0">
      <properties>
        <property name="_PID" value="91950" />
        <property name="_APPDOMAIN" value="Unity Child Domain" />
        <property name="platform" value="EditMode" />
        <property name="EditorOnly" value="True" />
      </properties>
      <test-suite type="TestSuite" id="1108" name="TimeSurvivor" fullname="TimeSurvivor" runstate="Runnable" testcasecount="76" result="Passed" start-time="2025-11-22 18:05:52Z" end-time="2025-11-22 18:05:52Z" duration="0.023734" total="76" passed="76" failed="0" inconclusive="0" skipped="0" asserts="0">
        <properties />
        <test-suite type="TestSuite" id="1109" name="Voxel" fullname="TimeSurvivor.Voxel" runstate="Runnable" testcasecount="76" result="Passed" start-time="2025-11-22 18:05:52Z" end-time="2025-11-22 18:05:52Z" duration="0.023009" total="76" passed="76" failed="0" inconclusive="0" skipped="0" asserts="0">
          <properties />
          <test-suite type="TestSuite" id="1110" name="Core" fullname="TimeSurvivor.Voxel.Core" runstate="Runnable" testcasecount="76" result="Passed" start-time="2025-11-22 18:05:52Z" end-time="2025-11-22 18:05:52Z" duration="0.022250" total="76" passed="76" failed="0" inconclusive="0" skipped="0" asserts="0">
            <properties />
            <test-suite type="TestSuite" id="1111" name="Tests" fullname="TimeSurvivor.Voxel.Core.Tests" runstate="Runnable" testcasecount="76" result="Passed" start-time="2025-11-22 18:05:52Z" end-time="2025-11-22 18:05:52Z" duration="0.021523" total="76" passed="76" failed="0" inconclusive="0" skipped="0" asserts="0">
              <properties />
              <test-suite type="TestFixture" id="1026" name="ChunkCoordTests" fullname="TimeSurvivor.Voxel.Core.Tests.ChunkCoordTests" classname="TimeSurvivor.Voxel.Core.Tests.ChunkCoordTests" runstate="Runnable" testcasecount="13" result="Passed" start-time="2025-11-22 18:05:52Z" end-time="2025-11-22 18:05:52Z" duration="0.003676" total="13" passed="13" failed="0" inconclusive="0" skipped="0" asserts="0">
                <properties />
                <test-case id="1033" name="Test_AdditionOperator_PositiveOffset_ReturnsCorrectCoord" fullname="TimeSurvivor.Voxel.Core.Tests.ChunkCoordTests.Test_AdditionOperator_PositiveOffset_ReturnsCorrectCoord" methodname="Test_AdditionOperator_PositiveOffset_ReturnsCorrectCoord" classname="TimeSurvivor.Voxel.Core.Tests.ChunkCoordTests" runstate="Runnable" seed="185420169" result="Passed" start-time="2025-11-22 18:05:52Z" end-time="2025-11-22 18:05:52Z" duration="0.000274" asserts="0">
                  <properties>
                    <property name="retryIteration" value="0" />
                    <property name="repeatIteration" value="0" />
                  </properties>
                </test-case>
                <test-case id="1028" name="Test_Constructor_Int3Parameter_CreatesCorrectCoord" fullname="TimeSurvivor.Voxel.Core.Tests.ChunkCoordTests.Test_Constructor_Int3Parameter_CreatesCorrectCoord" methodname="Test_Constructor_Int3Parameter_CreatesCorrectCoord" classname="TimeSurvivor.Voxel.Core.Tests.ChunkCoordTests" runstate="Runnable" seed="1768545012" result="Passed" start-time="2025-11-22 18:05:52Z" end-time="2025-11-22 18:05:52Z" duration="0.000171" asserts="0">
                  <properties>
                    <property name="retryIteration" value="0" />
                    <property name="repeatIteration" value="0" />
                  </properties>
                </test-case>
                <test-case id="1027" name="Test_Constructor_IntParameters_CreatesCorrectCoord" fullname="TimeSurvivor.Voxel.Core.Tests.ChunkCoordTests.Test_Constructor_IntParameters_CreatesCorrectCoord" methodname="Test_Constructor_IntParameters_CreatesCorrectCoord" classname="TimeSurvivor.Voxel.Core.Tests.ChunkCoordTests" runstate="Runnable" seed="1394006302" result="Passed" start-time="2025-11-22 18:05:52Z" end-time="2025-11-22 18:05:52Z" duration="0.000161" asserts="0">
                  <properties>
                    <property name="retryIteration" value="0" />
                    <property name="repeatIteration" value="0" />
                  </properties>
                </test-case>
                <test-case id="1037" name="Test_Constructor_NegativeCoordinates_WorksCorrectly" fullname="TimeSurvivor.Voxel.Core.Tests.ChunkCoordTests.Test_Constructor_NegativeCoordinates_WorksCorrectly" methodname="Test_Constructor_NegativeCoordinates_WorksCorrectly" classname="TimeSurvivor.Voxel.Core.Tests.ChunkCoordTests" runstate="Runnable" seed="714077607" result="Passed" start-time="2025-11-22 18:05:52Z" end-time="2025-11-22 18:05:52Z" duration="0.000103" asserts="0">
                  <properties>
                    <property name="retryIteration" value="0" />
                    <property name="repeatIteration" value="0" />
                  </properties>
                </test-case>
                <test-case id="1030" name="Test_Equals_DifferentCoordinates_ReturnsFalse" fullname="TimeSurvivor.Voxel.Core.Tests.ChunkCoordTests.Test_Equals_DifferentCoordinates_ReturnsFalse" methodname="Test_Equals_DifferentCoordinates_ReturnsFalse" classname="TimeSurvivor.Voxel.Core.Tests.ChunkCoordTests" runstate="Runnable" seed="1629275737" result="Passed" start-time="2025-11-22 18:05:52Z" end-time="2025-11-22 18:05:52Z" duration="0.000078" asserts="0">
                  <properties>
                    <property name="retryIteration" value="0" />
                    <property name="repeatIteration" value="0" />
                  </properties>
                </test-case>
                <test-case id="1039" name="Test_Equals_ObjectOverload_WorksCorrectly" fullname="TimeSurvivor.Voxel.Core.Tests.ChunkCoordTests.Test_Equals_ObjectOverload_WorksCorrectly" methodname="Test_Equals_ObjectOverload_WorksCorrectly" classname="TimeSurvivor.Voxel.Core.Tests.ChunkCoordTests" runstate="Runnable" seed="136576144" result="Passed" start-time="2025-11-22 18:05:52Z" end-time="2025-11-22 18:05:52Z" duration="0.000151" asserts="0">
                  <properties>
                    <property name="retryIteration" value="0" />
                    <property name="repeatIteration" value="0" />
                  </properties>
                </test-case>
                <test-case id="1029" name="Test_Equals_SameCoordinates_ReturnsTrue" fullname="TimeSurvivor.Voxel.Core.Tests.ChunkCoordTests.Test_Equals_SameCoordinates_ReturnsTrue" methodname="Test_Equals_SameCoordinates_ReturnsTrue" classname="TimeSurvivor.Voxel.Core.Tests.ChunkCoordTests" runstate="Runnable" seed="405101758" result="Passed" start-time="2025-11-22 18:05:52Z" end-time="2025-11-22 18:05:52Z" duration="0.000077" asserts="0">
                  <properties>
                    <property name="retryIteration" value="0" />
                    <property name="repeatIteration" value="0" />
                  </properties>
                </test-case>
                <test-case id="1031" name="Test_EqualsOperator_SameCoordinates_ReturnsTrue" fullname="TimeSurvivor.Voxel.Core.Tests.ChunkCoordTests.Test_EqualsOperator_SameCoordinates_ReturnsTrue" methodname="Test_EqualsOperator_SameCoordinates_ReturnsTrue" classname="TimeSurvivor.Voxel.Core.Tests.ChunkCoordTests" runstate="Runnable" seed="440395471" result="Passed" start-time="2025-11-22 18:05:52Z" end-time="2025-11-22 18:05:52Z" duration="0.000095" asserts="0">
                  <properties>
                    <property name="retryIteration" value="0" />
                    <property name="repeatIteration" value="0" />
                  </properties>
                </test-case>
                <test-case id="1035" name="Test_GetHashCode_EqualCoords_ReturnsSameHash" fullname="TimeSurvivor.Voxel.Core.Tests.ChunkCoordTests.Test_GetHashCode_EqualCoords_ReturnsSameHash" methodname="Test_GetHashCode_EqualCoords_ReturnsSameHash" classname="TimeSurvivor.Voxel.Core.Tests.ChunkCoordTests" runstate="Runnable" seed="682274958" result="Passed" start-time="2025-11-22 18:05:52Z" end-time="2025-11-22 18:05:52Z" duration="0.000075" asserts="0">
                  <properties>
                    <property name="retryIteration" value="0" />
                    <property name="repeatIteration" value="0" />
                  </properties>
                </test-case>
                <test-case id="1032" name="Test_NotEqualsOperator_DifferentCoordinates_ReturnsTrue" fullname="TimeSurvivor.Voxel.Core.Tests.ChunkCoordTests.Test_NotEqualsOperator_DifferentCoordinates_ReturnsTrue" methodname="Test_NotEqualsOperator_DifferentCoordinates_ReturnsTrue" classname="TimeSurvivor.Voxel.Core.Tests.ChunkCoordTests" runstate="Runnable" seed="2092209574" result="Passed" start-time="2025-11-22 18:05:52Z" end-time="2025-11-22 18:05:52Z" duration="0.000092" asserts="0">
                  <properties>
                    <property name="retryIteration" value="0" />
                    <property name="repeatIteration" value="0" />
                  </properties>
                </test-case>
                <test-case id="1038" name="Test_Operators_NegativeCoordinates_WorksCorrectly" fullname="TimeSurvivor.Voxel.Core.Tests.ChunkCoordTests.Test_Operators_NegativeCoordinates_WorksCorrectly" methodname="Test_Operators_NegativeCoordinates_WorksCorrectly" classname="TimeSurvivor.Voxel.Core.Tests.ChunkCoordTests" runstate="Runnable" seed="1066729216" result="Passed" start-time="2025-11-22 18:05:52Z" end-time="2025-11-22 18:05:52Z" duration="0.000229" asserts="0">
                  <properties>
                    <property name="retryIteration" value="0" />
                    <property name="repeatIteration" value="0" />
                  </properties>
                </test-case>
                <test-case id="1034" name="Test_SubtractionOperator_PositiveOffset_ReturnsCorrectCoord" fullname="TimeSurvivor.Voxel.Core.Tests.ChunkCoordTests.Test_SubtractionOperator_PositiveOffset_ReturnsCorrectCoord" methodname="Test_SubtractionOperator_PositiveOffset_ReturnsCorrectCoord" classname="TimeSurvivor.Voxel.Core.Tests.ChunkCoordTests" runstate="Runnable" seed="2077622150" result="Passed" start-time="2025-11-22 18:05:52Z" end-time="2025-11-22 18:05:52Z" duration="0.000111" asserts="0">
                  <properties>
                    <property name="retryIteration" value="0" />
                    <property name="repeatIteration" value="0" />
                  </properties>
                </test-case>
                <test-case id="1036" name="Test_ToString_ReturnsFormattedString" fullname="TimeSurvivor.Voxel.Core.Tests.ChunkCoordTests.Test_ToString_ReturnsFormattedString" methodname="Test_ToString_ReturnsFormattedString" classname="TimeSurvivor.Voxel.Core.Tests.ChunkCoordTests" runstate="Runnable" seed="1447153288" result="Passed" start-time="2025-11-22 18:05:52Z" end-time="2025-11-22 18:05:52Z" duration="0.000117" asserts="0">
                  <properties>
                    <property name="retryIteration" value="0" />
                    <property name="repeatIteration" value="0" />
                  </properties>
                </test-case>
              </test-suite>
              <test-suite type="TestFixture" id="1040" name="MacroVoxelDataTests" fullname="TimeSurvivor.Voxel.Core.Tests.MacroVoxelDataTests" classname="TimeSurvivor.Voxel.Core.Tests.MacroVoxelDataTests" runstate="Runnable" testcasecount="10" result="Passed" start-time="2025-11-22 18:05:52Z" end-time="2025-11-22 18:05:52Z" duration="0.002669" total="10" passed="10" failed="0" inconclusive="0" skipped="0" asserts="0">
                <properties />
                <test-case id="1047" name="Test_Constructor_AllVoxelTypes_StoredCorrectly" fullname="TimeSurvivor.Voxel.Core.Tests.MacroVoxelDataTests.Test_Constructor_AllVoxelTypes_StoredCorrectly" methodname="Test_Constructor_AllVoxelTypes_StoredCorrectly" classname="TimeSurvivor.Voxel.Core.Tests.MacroVoxelDataTests" runstate="Runnable" seed="160487594" result="Passed" start-time="2025-11-22 18:05:52Z" end-time="2025-11-22 18:05:52Z" duration="0.000252" asserts="0">
                  <properties>
                    <property name="retryIteration" value="0" />
                    <property name="repeatIteration" value="0" />
                  </properties>
                </test-case>
                <test-case id="1045" name="Test_Constructor_DefaultMetadata_StoresTypeCorrectly" fullname="TimeSurvivor.Voxel.Core.Tests.MacroVoxelDataTests.Test_Constructor_DefaultMetadata_StoresTypeCorrectly" methodname="Test_Constructor_DefaultMetadata_StoresTypeCorrectly" classname="TimeSurvivor.Voxel.Core.Tests.MacroVoxelDataTests" runstate="Runnable" seed="1865942859" result="Passed" start-time="2025-11-22 18:05:52Z" end-time="2025-11-22 18:05:52Z" duration="0.000240" asserts="0">
                  <properties>
                    <property name="retryIteration" value="0" />
                    <property name="repeatIteration" value="0" />
                  </properties>
                </test-case>
                <test-case id="1046" name="Test_Constructor_WithMetadata_StoresBothValues" fullname="TimeSurvivor.Voxel.Core.Tests.MacroVoxelDataTests.Test_Constructor_WithMetadata_StoresBothValues" methodname="Test_Constructor_WithMetadata_StoresBothValues" classname="TimeSurvivor.Voxel.Core.Tests.MacroVoxelDataTests" runstate="Runnable" seed="455919993" result="Passed" start-time="2025-11-22 18:05:52Z" end-time="2025-11-22 18:05:52Z" duration="0.000092" asserts="0">
                  <properties>
                    <property name="retryIteration" value="0" />
                    <property name="repeatIteration" value="0" />
                  </properties>
                </test-case>
                <test-case id="1041" name="Test_IsSolid_AirVoxel_ReturnsFalse" fullname="TimeSurvivor.Voxel.Core.Tests.MacroVoxelDataTests.Test_IsSolid_AirVoxel_ReturnsFalse" methodname="Test_IsSolid_AirVoxel_ReturnsFalse" classname="TimeSurvivor.Voxel.Core.Tests.MacroVoxelDataTests" runstate="Runnable" seed="1643208590" result="Passed" start-time="2025-11-22 18:05:52Z" end-time="2025-11-22 18:05:52Z" duration="0.000080" asserts="0">
                  <properties>
                    <property name="retryIteration" value="0" />
                    <property name="repeatIteration" value="0" />
                  </properties>
                </test-case>
                <test-case id="1042" name="Test_IsSolid_SolidVoxelTypes_ReturnsTrue" fullname="TimeSurvivor.Voxel.Core.Tests.MacroVoxelDataTests.Test_IsSolid_SolidVoxelTypes_ReturnsTrue" methodname="Test_IsSolid_SolidVoxelTypes_ReturnsTrue" classname="TimeSurvivor.Voxel.Core.Tests.MacroVoxelDataTests" runstate="Runnable" seed="1173748182" result="Passed" start-time="2025-11-22 18:05:52Z" end-time="2025-11-22 18:05:52Z" duration="0.000095" asserts="0">
                  <properties>
                    <property name="retryIteration" value="0" />
                    <property name="repeatIteration" value="0" />
                  </properties>
                </test-case>
                <test-case id="1044" name="Test_IsTransparent_OpaqueVoxelTypes_ReturnsFalse" fullname="TimeSurvivor.Voxel.Core.Tests.MacroVoxelDataTests.Test_IsTransparent_OpaqueVoxelTypes_ReturnsFalse" methodname="Test_IsTransparent_OpaqueVoxelTypes_ReturnsFalse" classname="TimeSurvivor.Voxel.Core.Tests.MacroVoxelDataTests" runstate="Runnable" seed="321421336" result="Passed" start-time="2025-11-22 18:05:52Z" end-time="2025-11-22 18:05:52Z" duration="0.000113" asserts="0">
                  <properties>
                    <property name="retryIteration" value="0" />
                    <property name="repeatIteration" value="0" />
                  </properties>
                </test-case>
                <test-case id="1043" name="Test_IsTransparent_WaterAndLeaves_ReturnsTrue" fullname="TimeSurvivor.Voxel.Core.Tests.MacroVoxelDataTests.Test_IsTransparent_WaterAndLeaves_ReturnsTrue" methodname="Test_IsTransparent_WaterAndLeaves_ReturnsTrue" classname="TimeSurvivor.Voxel.Core.Tests.MacroVoxelDataTests" runstate="Runnable" seed="230575917" result="Passed" start-time="2025-11-22 18:05:52Z" end-time="2025-11-22 18:05:52Z" duration="0.000085" asserts="0">
                  <properties>
                    <property name="retryIteration" value="0" />
                    <property name="repeatIteration" value="0" />
                  </properties>
                </test-case>
                <test-case id="1050" name="Test_LeavesVoxel_IsSolidAndTransparent" fullname="TimeSurvivor.Voxel.Core.Tests.MacroVoxelDataTests.Test_LeavesVoxel_IsSolidAndTransparent" methodname="Test_LeavesVoxel_IsSolidAndTransparent" classname="TimeSurvivor.Voxel.Core.Tests.MacroVoxelDataTests" runstate="Runnable" seed="1787954480" result="Passed" start-time="2025-11-22 18:05:52Z" end-time="2025-11-22 18:05:52Z" duration="0.000076" asserts="0">
                  <properties>
                    <property name="retryIteration" value="0" />
                    <property name="repeatIteration" value="0" />
                  </properties>
                </test-case>
                <test-case id="1048" name="Test_Metadata_MaxValue_StoredCorrectly" fullname="TimeSurvivor.Voxel.Core.Tests.MacroVoxelDataTests.Test_Metadata_MaxValue_StoredCorrectly" methodname="Test_Metadata_MaxValue_StoredCorrectly" classname="TimeSurvivor.Voxel.Core.Tests.MacroVoxelDataTests" runstate="Runnable" seed="889470976" result="Passed" start-time="2025-11-22 18:05:52Z" end-time="2025-11-22 18:05:52Z" duration="0.000065" asserts="0">
                  <properties>
                    <property name="retryIteration" value="0" />
                    <property name="repeatIteration" value="0" />
                  </properties>
                </test-case>
                <test-case id="1049" name="Test_WaterVoxel_IsSolidAndTransparent" fullname="TimeSurvivor.Voxel.Core.Tests.MacroVoxelDataTests.Test_WaterVoxel_IsSolidAndTransparent" methodname="Test_WaterVoxel_IsSolidAndTransparent" classname="TimeSurvivor.Voxel.Core.Tests.MacroVoxelDataTests" runstate="Runnable" seed="771879185" result="Passed" start-time="2025-11-22 18:05:52Z" end-time="2025-11-22 18:05:52Z" duration="0.000072" asserts="0">
                  <properties>
                    <property name="retryIteration" value="0" />
                    <property name="repeatIteration" value="0" />
                  </properties>
                </test-case>
              </test-suite>
              <test-suite type="TestFixture" id="1051" name="MicroVoxelDataTests" fullname="TimeSurvivor.Voxel.Core.Tests.MicroVoxelDataTests" classname="TimeSurvivor.Voxel.Core.Tests.MicroVoxelDataTests" runstate="Runnable" testcasecount="16" result="Passed" start-time="2025-11-22 18:05:52Z" end-time="2025-11-22 18:05:52Z" duration="0.003526" total="16" passed="16" failed="0" inconclusive="0" skipped="0" asserts="0">
                <properties />
                <test-case id="1063" name="Test_Constructor_CustomHealth_StoresCorrectly" fullname="TimeSurvivor.Voxel.Core.Tests.MicroVoxelDataTests.Test_Constructor_CustomHealth_StoresCorrectly" methodname="Test_Constructor_CustomHealth_StoresCorrectly" classname="TimeSurvivor.Voxel.Core.Tests.MicroVoxelDataTests" runstate="Runnable" seed="104340090" result="Passed" start-time="2025-11-22 18:05:52Z" end-time="2025-11-22 18:05:52Z" duration="0.000104" asserts="0">
                  <properties>
                    <property name="retryIteration" value="0" />
                    <property name="repeatIteration" value="0" />
                  </properties>
                </test-case>
                <test-case id="1062" name="Test_Constructor_DefaultHealth_SetsMaxHealth" fullname="TimeSurvivor.Voxel.Core.Tests.MicroVoxelDataTests.Test_Constructor_DefaultHealth_SetsMaxHealth" methodname="Test_Constructor_DefaultHealth_SetsMaxHealth" classname="TimeSurvivor.Voxel.Core.Tests.MicroVoxelDataTests" runstate="Runnable" seed="1352626419" result="Passed" start-time="2025-11-22 18:05:52Z" end-time="2025-11-22 18:05:52Z" duration="0.000088" asserts="0">
                  <properties>
                    <property name="retryIteration" value="0" />
                    <property name="repeatIteration" value="0" />
                  </properties>
                </test-case>
                <test-case id="1064" name="Test_Constructor_WithAllParameters_StoresAllValues" fullname="TimeSurvivor.Voxel.Core.Tests.MicroVoxelDataTests.Test_Constructor_WithAllParameters_StoresAllValues" methodname="Test_Constructor_WithAllParameters_StoresAllValues" classname="TimeSurvivor.Voxel.Core.Tests.MicroVoxelDataTests" runstate="Runnable" seed="1230096794" result="Passed" start-time="2025-11-22 18:05:52Z" end-time="2025-11-22 18:05:52Z" duration="0.000103" asserts="0">
                  <properties>
                    <property name="retryIteration" value="0" />
                    <property name="repeatIteration" value="0" />
                  </properties>
                </test-case>
                <test-case id="1056" name="Test_IsDestroyed_PositiveHealth_ReturnsFalse" fullname="TimeSurvivor.Voxel.Core.Tests.MicroVoxelDataTests.Test_IsDestroyed_PositiveHealth_ReturnsFalse" methodname="Test_IsDestroyed_PositiveHealth_ReturnsFalse" classname="TimeSurvivor.Voxel.Core.Tests.MicroVoxelDataTests" runstate="Runnable" seed="1450115836" result="Passed" start-time="2025-11-22 18:05:52Z" end-time="2025-11-22 18:05:52Z" duration="0.000078" asserts="0">
                  <properties>
                    <property name="retryIteration" value="0" />
                    <property name="repeatIteration" value="0" />
                  </properties>
                </test-case>
                <test-case id="1055" name="Test_IsDestroyed_ZeroHealth_ReturnsTrue" fullname="TimeSurvivor.Voxel.Core.Tests.MicroVoxelDataTests.Test_IsDestroyed_ZeroHealth_ReturnsTrue" methodname="Test_IsDestroyed_ZeroHealth_ReturnsTrue" classname="TimeSurvivor.Voxel.Core.Tests.MicroVoxelDataTests" runstate="Runnable" seed="1220447597" result="Passed" start-time="2025-11-22 18:05:52Z" end-time="2025-11-22 18:05:52Z" duration="0.000061" asserts="0">
                  <properties>
                    <property name="retryIteration" value="0" />
                    <property name="repeatIteration" value="0" />
                  </properties>
                </test-case>
                <test-case id="1052" name="Test_IsSolid_AirVoxel_ReturnsFalse" fullname="TimeSurvivor.Voxel.Core.Tests.MicroVoxelDataTests.Test_IsSolid_AirVoxel_ReturnsFalse" methodname="Test_IsSolid_AirVoxel_ReturnsFalse" classname="TimeSurvivor.Voxel.Core.Tests.MicroVoxelDataTests" runstate="Runnable" seed="2011354029" result="Passed" start-time="2025-11-22 18:05:52Z" end-time="2025-11-22 18:05:52Z" duration="0.000076" asserts="0">
                  <properties>
                    <property name="retryIteration" value="0" />
                    <property name="repeatIteration" value="0" />
                  </properties>
                </test-case>
                <test-case id="1053" name="Test_IsSolid_HealthyVoxel_ReturnsTrue" fullname="TimeSurvivor.Voxel.Core.Tests.MicroVoxelDataTests.Test_IsSolid_HealthyVoxel_ReturnsTrue" methodname="Test_IsSolid_HealthyVoxel_ReturnsTrue" classname="TimeSurvivor.Voxel.Core.Tests.MicroVoxelDataTests" runstate="Runnable" seed="1391496460" result="Passed" start-time="2025-11-22 18:05:52Z" end-time="2025-11-22 18:05:52Z" duration="0.000060" asserts="0">
                  <properties>
                    <property name="retryIteration" value="0" />
                    <property name="repeatIteration" value="0" />
                  </properties>
                </test-case>
                <test-case id="1067" name="Test_IsSolid_MinimumHealth_ReturnsTrue" fullname="TimeSurvivor.Voxel.Core.Tests.MicroVoxelDataTests.Test_IsSolid_MinimumHealth_ReturnsTrue" methodname="Test_IsSolid_MinimumHealth_ReturnsTrue" classname="TimeSurvivor.Voxel.Core.Tests.MicroVoxelDataTests" runstate="Runnable" seed="2040301743" result="Passed" start-time="2025-11-22 18:05:52Z" end-time="2025-11-22 18:05:52Z" duration="0.000060" asserts="0">
                  <properties>
                    <property name="retryIteration" value="0" />
                    <property name="repeatIteration" value="0" />
                  </properties>
                </test-case>
                <test-case id="1054" name="Test_IsSolid_ZeroHealth_ReturnsFalse" fullname="TimeSurvivor.Voxel.Core.Tests.MicroVoxelDataTests.Test_IsSolid_ZeroHealth_ReturnsFalse" methodname="Test_IsSolid_ZeroHealth_ReturnsFalse" classname="TimeSurvivor.Voxel.Core.Tests.MicroVoxelDataTests" runstate="Runnable" seed="1111640012" result="Passed" start-time="2025-11-22 18:05:52Z" end-time="2025-11-22 18:05:52Z" duration="0.000062" asserts="0">
                  <properties>
                    <property name="retryIteration" value="0" />
                    <property name="repeatIteration" value="0" />
                  </properties>
                </test-case>
                <test-case id="1058" name="Test_WithDamage_ExactDamage_ConvertsToAir" fullname="TimeSurvivor.Voxel.Core.Tests.MicroVoxelDataTests.Test_WithDamage_ExactDamage_ConvertsToAir" methodname="Test_WithDamage_ExactDamage_ConvertsToAir" classname="TimeSurvivor.Voxel.Core.Tests.MicroVoxelDataTests" runstate="Runnable" seed="1635710235" result="Passed" start-time="2025-11-22 18:05:52Z" end-time="2025-11-22 18:05:52Z" duration="0.000184" asserts="0">
                  <properties>
                    <property name="retryIteration" value="0" />
                    <property name="repeatIteration" value="0" />
                  </properties>
                </test-case>
                <test-case id="1061" name="Test_WithDamage_MetadataPreservedOnDestruction" fullname="TimeSurvivor.Voxel.Core.Tests.MicroVoxelDataTests.Test_WithDamage_MetadataPreservedOnDestruction" methodname="Test_WithDamage_MetadataPreservedOnDestruction" classname="TimeSurvivor.Voxel.Core.Tests.MicroVoxelDataTests" runstate="Runnable" seed="871146612" result="Passed" start-time="2025-11-22 18:05:52Z" end-time="2025-11-22 18:05:52Z" duration="0.000091" asserts="0">
                  <properties>
                    <property name="retryIteration" value="0" />
                    <property name="repeatIteration" value="0" />
                  </properties>
                </test-case>
                <test-case id="1065" name="Test_WithDamage_OneHealthPoint_ConvertsToAir" fullname="TimeSurvivor.Voxel.Core.Tests.MicroVoxelDataTests.Test_WithDamage_OneHealthPoint_ConvertsToAir" methodname="Test_WithDamage_OneHealthPoint_ConvertsToAir" classname="TimeSurvivor.Voxel.Core.Tests.MicroVoxelDataTests" runstate="Runnable" seed="521888221" result="Passed" start-time="2025-11-22 18:05:52Z" end-time="2025-11-22 18:05:52Z" duration="0.000089" asserts="0">
                  <properties>
                    <property name="retryIteration" value="0" />
                    <property name="repeatIteration" value="0" />
                  </properties>
                </test-case>
                <test-case id="1059" name="Test_WithDamage_Overkill_ConvertsToAirWithZeroHealth" fullname="TimeSurvivor.Voxel.Core.Tests.MicroVoxelDataTests.Test_WithDamage_Overkill_ConvertsToAirWithZeroHealth" methodname="Test_WithDamage_Overkill_ConvertsToAirWithZeroHealth" classname="TimeSurvivor.Voxel.Core.Tests.MicroVoxelDataTests" runstate="Runnable" seed="1183382860" result="Passed" start-time="2025-11-22 18:05:52Z" end-time="2025-11-22 18:05:52Z" duration="0.000115" asserts="0">
                  <properties>
                    <property name="retryIteration" value="0" />
                    <property name="repeatIteration" value="0" />
                  </properties>
                </test-case>
                <test-case id="1057" name="Test_WithDamage_PartialDamage_ReturnsNewVoxelWithReducedHealth" fullname="TimeSurvivor.Voxel.Core.Tests.MicroVoxelDataTests.Test_WithDamage_PartialDamage_ReturnsNewVoxelWithReducedHealth" methodname="Test_WithDamage_PartialDamage_ReturnsNewVoxelWithReducedHealth" classname="TimeSurvivor.Voxel.Core.Tests.MicroVoxelDataTests" runstate="Runnable" seed="1176529639" result="Passed" start-time="2025-11-22 18:05:52Z" end-time="2025-11-22 18:05:52Z" duration="0.000103" asserts="0">
                  <properties>
                    <property name="retryIteration" value="0" />
                    <property name="repeatIteration" value="0" />
                  </properties>
                </test-case>
                <test-case id="1060" name="Test_WithDamage_PreservesMetadata" fullname="TimeSurvivor.Voxel.Core.Tests.MicroVoxelDataTests.Test_WithDamage_PreservesMetadata" methodname="Test_WithDamage_PreservesMetadata" classname="TimeSurvivor.Voxel.Core.Tests.MicroVoxelDataTests" runstate="Runnable" seed="381098318" result="Passed" start-time="2025-11-22 18:05:52Z" end-time="2025-11-22 18:05:52Z" duration="0.000072" asserts="0">
                  <properties>
                    <property name="retryIteration" value="0" />
                    <property name="repeatIteration" value="0" />
                  </properties>
                </test-case>
                <test-case id="1066" name="Test_WithDamage_ZeroDamage_ReturnsUnchangedCopy" fullname="TimeSurvivor.Voxel.Core.Tests.MicroVoxelDataTests.Test_WithDamage_ZeroDamage_ReturnsUnchangedCopy" methodname="Test_WithDamage_ZeroDamage_ReturnsUnchangedCopy" classname="TimeSurvivor.Voxel.Core.Tests.MicroVoxelDataTests" runstate="Runnable" seed="1889251310" result="Passed" start-time="2025-11-22 18:05:52Z" end-time="2025-11-22 18:05:52Z" duration="0.000084" asserts="0">
                  <properties>
                    <property name="retryIteration" value="0" />
                    <property name="repeatIteration" value="0" />
                  </properties>
                </test-case>
              </test-suite>
              <test-suite type="TestFixture" id="1068" name="VoxelConfigurationTests" fullname="TimeSurvivor.Voxel.Core.Tests.VoxelConfigurationTests" classname="TimeSurvivor.Voxel.Core.Tests.VoxelConfigurationTests" runstate="Runnable" testcasecount="15" result="Passed" start-time="2025-11-22 18:05:52Z" end-time="2025-11-22 18:05:52Z" duration="0.004159" total="15" passed="15" failed="0" inconclusive="0" skipped="0" asserts="0">
                <properties />
                <test-case id="1070" name="Test_ChunkVolume_DifferentSizes_ReturnsCorrectVolumes" fullname="TimeSurvivor.Voxel.Core.Tests.VoxelConfigurationTests.Test_ChunkVolume_DifferentSizes_ReturnsCorrectVolumes" methodname="Test_ChunkVolume_DifferentSizes_ReturnsCorrectVolumes" classname="TimeSurvivor.Voxel.Core.Tests.VoxelConfigurationTests" runstate="Runnable" seed="696614432" result="Passed" start-time="2025-11-22 18:05:52Z" end-time="2025-11-22 18:05:52Z" duration="0.000229" asserts="0">
                  <properties>
                    <property name="retryIteration" value="0" />
                    <property name="repeatIteration" value="0" />
                  </properties>
                </test-case>
                <test-case id="1069" name="Test_ChunkVolume_ReturnsCorrectVolume" fullname="TimeSurvivor.Voxel.Core.Tests.VoxelConfigurationTests.Test_ChunkVolume_ReturnsCorrectVolume" methodname="Test_ChunkVolume_ReturnsCorrectVolume" classname="TimeSurvivor.Voxel.Core.Tests.VoxelConfigurationTests" runstate="Runnable" seed="889493128" result="Passed" start-time="2025-11-22 18:05:52Z" end-time="2025-11-22 18:05:52Z" duration="0.000077" asserts="0">
                  <properties>
                    <property name="retryIteration" value="0" />
                    <property name="repeatIteration" value="0" />
                  </properties>
                </test-case>
                <test-case id="1083" name="Test_ChunkWorldSize_ScalesWithChunkSize" fullname="TimeSurvivor.Voxel.Core.Tests.VoxelConfigurationTests.Test_ChunkWorldSize_ScalesWithChunkSize" methodname="Test_ChunkWorldSize_ScalesWithChunkSize" classname="TimeSurvivor.Voxel.Core.Tests.VoxelConfigurationTests" runstate="Runnable" seed="842818338" result="Passed" start-time="2025-11-22 18:05:52Z" end-time="2025-11-22 18:05:52Z" duration="0.000392" asserts="0">
                  <properties>
                    <property name="retryIteration" value="0" />
                    <property name="repeatIteration" value="0" />
                  </properties>
                </test-case>
                <test-case id="1082" name="Test_ChunkWorldSize_ScalesWithVoxelSize" fullname="TimeSurvivor.Voxel.Core.Tests.VoxelConfigurationTests.Test_ChunkWorldSize_ScalesWithVoxelSize" methodname="Test_ChunkWorldSize_ScalesWithVoxelSize" classname="TimeSurvivor.Voxel.Core.Tests.VoxelConfigurationTests" runstate="Runnable" seed="141754932" result="Passed" start-time="2025-11-22 18:05:52Z" end-time="2025-11-22 18:05:52Z" duration="0.000097" asserts="0">
                  <properties>
                    <property name="retryIteration" value="0" />
                    <property name="repeatIteration" value="0" />
                  </properties>
                </test-case>
                <test-case id="1073" name="Test_ChunkWorldSizes_MacroLargerThanMicro" fullname="TimeSurvivor.Voxel.Core.Tests.VoxelConfigurationTests.Test_ChunkWorldSizes_MacroLargerThanMicro" methodname="Test_ChunkWorldSizes_MacroLargerThanMicro" classname="TimeSurvivor.Voxel.Core.Tests.VoxelConfigurationTests" runstate="Runnable" seed="576692036" result="Passed" start-time="2025-11-22 18:05:52Z" end-time="2025-11-22 18:05:52Z" duration="0.000270" asserts="0">
                  <properties>
                    <property name="retryIteration" value="0" />
                    <property name="repeatIteration" value="0" />
                  </properties>
                </test-case>
                <test-case id="1075" name="Test_CreateTestConfig_CustomValues_ArePreserved" fullname="TimeSurvivor.Voxel.Core.Tests.VoxelConfigurationTests.Test_CreateTestConfig_CustomValues_ArePreserved" methodname="Test_CreateTestConfig_CustomValues_ArePreserved" classname="TimeSurvivor.Voxel.Core.Tests.VoxelConfigurationTests" runstate="Runnable" seed="597715645" result="Passed" start-time="2025-11-22 18:05:52Z" end-time="2025-11-22 18:05:52Z" duration="0.000132" asserts="0">
                  <properties>
                    <property name="retryIteration" value="0" />
                    <property name="repeatIteration" value="0" />
                  </properties>
                </test-case>
                <test-case id="1074" name="Test_CreateTestConfig_DefaultValues_AreSet" fullname="TimeSurvivor.Voxel.Core.Tests.VoxelConfigurationTests.Test_CreateTestConfig_DefaultValues_AreSet" methodname="Test_CreateTestConfig_DefaultValues_AreSet" classname="TimeSurvivor.Voxel.Core.Tests.VoxelConfigurationTests" runstate="Runnable" seed="1815967697" result="Passed" start-time="2025-11-22 18:05:52Z" end-time="2025-11-22 18:05:52Z" duration="0.000149" asserts="0">
                  <properties>
                    <property name="retryIteration" value="0" />
                    <property name="repeatIteration" value="0" />
                  </properties>
                </test-case>
                <test-case id="1071" name="Test_MacroChunkWorldSize_ReturnsCorrectSize" fullname="TimeSurvivor.Voxel.Core.Tests.VoxelConfigurationTests.Test_MacroChunkWorldSize_ReturnsCorrectSize" methodname="Test_MacroChunkWorldSize_ReturnsCorrectSize" classname="TimeSurvivor.Voxel.Core.Tests.VoxelConfigurationTests" runstate="Runnable" seed="1018008358" result="Passed" start-time="2025-11-22 18:05:52Z" end-time="2025-11-22 18:05:52Z" duration="0.000075" asserts="0">
                  <properties>
                    <property name="retryIteration" value="0" />
                    <property name="repeatIteration" value="0" />
                  </properties>
                </test-case>
                <test-case id="1072" name="Test_MicroChunkWorldSize_ReturnsCorrectSize" fullname="TimeSurvivor.Voxel.Core.Tests.VoxelConfigurationTests.Test_MicroChunkWorldSize_ReturnsCorrectSize" methodname="Test_MicroChunkWorldSize_ReturnsCorrectSize" classname="TimeSurvivor.Voxel.Core.Tests.VoxelConfigurationTests" runstate="Runnable" seed="1466940312" result="Passed" start-time="2025-11-22 18:05:52Z" end-time="2025-11-22 18:05:52Z" duration="0.000072" asserts="0">
                  <properties>
                    <property name="retryIteration" value="0" />
                    <property name="repeatIteration" value="0" />
                  </properties>
                </test-case>
                <test-case id="1078" name="Test_VoxelConfiguration_DeterministicSeed_IsSet" fullname="TimeSurvivor.Voxel.Core.Tests.VoxelConfigurationTests.Test_VoxelConfiguration_DeterministicSeed_IsSet" methodname="Test_VoxelConfiguration_DeterministicSeed_IsSet" classname="TimeSurvivor.Voxel.Core.Tests.VoxelConfigurationTests" runstate="Runnable" seed="1101453519" result="Passed" start-time="2025-11-22 18:05:52Z" end-time="2025-11-22 18:05:52Z" duration="0.000071" asserts="0">
                  <properties>
                    <property name="retryIteration" value="0" />
                    <property name="repeatIteration" value="0" />
                  </properties>
                </test-case>
                <test-case id="1076" name="Test_VoxelConfiguration_IsScriptableObject" fullname="TimeSurvivor.Voxel.Core.Tests.VoxelConfigurationTests.Test_VoxelConfiguration_IsScriptableObject" methodname="Test_VoxelConfiguration_IsScriptableObject" classname="TimeSurvivor.Voxel.Core.Tests.VoxelConfigurationTests" runstate="Runnable" seed="1715303181" result="Passed" start-time="2025-11-22 18:05:52Z" end-time="2025-11-22 18:05:52Z" duration="0.000294" asserts="0">
                  <properties>
                    <property name="retryIteration" value="0" />
                    <property name="repeatIteration" value="0" />
                  </properties>
                </test-case>
                <test-case id="1080" name="Test_VoxelConfiguration_MaxCachedChunks_IsPositive" fullname="TimeSurvivor.Voxel.Core.Tests.VoxelConfigurationTests.Test_VoxelConfiguration_MaxCachedChunks_IsPositive" methodname="Test_VoxelConfiguration_MaxCachedChunks_IsPositive" classname="TimeSurvivor.Voxel.Core.Tests.VoxelConfigurationTests" runstate="Runnable" seed="1351439037" result="Passed" start-time="2025-11-22 18:05:52Z" end-time="2025-11-22 18:05:52Z" duration="0.000073" asserts="0">
                  <properties>
                    <property name="retryIteration" value="0" />
                    <property name="repeatIteration" value="0" />
                  </properties>
                </test-case>
                <test-case id="1077" name="Test_VoxelConfiguration_PowerOfTwoChunkSize_CalculatesCorrectly" fullname="TimeSurvivor.Voxel.Core.Tests.VoxelConfigurationTests.Test_VoxelConfiguration_PowerOfTwoChunkSize_CalculatesCorrectly" methodname="Test_VoxelConfiguration_PowerOfTwoChunkSize_CalculatesCorrectly" classname="TimeSurvivor.Voxel.Core.Tests.VoxelConfigurationTests" runstate="Runnable" seed="142815567" result="Passed" start-time="2025-11-22 18:05:52Z" end-time="2025-11-22 18:05:52Z" duration="0.000125" asserts="0">
                  <properties>
                    <property name="retryIteration" value="0" />
                    <property name="repeatIteration" value="0" />
                  </properties>
                </test-case>
                <test-case id="1079" name="Test_VoxelConfiguration_RenderDistance_IsPositive" fullname="TimeSurvivor.Voxel.Core.Tests.VoxelConfigurationTests.Test_VoxelConfiguration_RenderDistance_IsPositive" methodname="Test_VoxelConfiguration_RenderDistance_IsPositive" classname="TimeSurvivor.Voxel.Core.Tests.VoxelConfigurationTests" runstate="Runnable" seed="1670530632" result="Passed" start-time="2025-11-22 18:05:52Z" end-time="2025-11-22 18:05:52Z" duration="0.000071" asserts="0">
                  <properties>
                    <property name="retryIteration" value="0" />
                    <property name="repeatIteration" value="0" />
                  </properties>
                </test-case>
                <test-case id="1081" name="Test_VoxelSizes_MicroSmallerThanMacro" fullname="TimeSurvivor.Voxel.Core.Tests.VoxelConfigurationTests.Test_VoxelSizes_MicroSmallerThanMacro" methodname="Test_VoxelSizes_MicroSmallerThanMacro" classname="TimeSurvivor.Voxel.Core.Tests.VoxelConfigurationTests" runstate="Runnable" seed="2096846602" result="Passed" start-time="2025-11-22 18:05:52Z" end-time="2025-11-22 18:05:52Z" duration="0.000118" asserts="0">
                  <properties>
                    <property name="retryIteration" value="0" />
                    <property name="repeatIteration" value="0" />
                  </properties>
                </test-case>
              </test-suite>
              <test-suite type="TestFixture" id="1084" name="VoxelMathTests" fullname="TimeSurvivor.Voxel.Core.Tests.VoxelMathTests" classname="TimeSurvivor.Voxel.Core.Tests.VoxelMathTests" runstate="Runnable" testcasecount="22" result="Passed" start-time="2025-11-22 18:05:52Z" end-time="2025-11-22 18:05:52Z" duration="0.005869" total="22" passed="22" failed="0" inconclusive="0" skipped="0" asserts="0">
                <properties />
                <test-case id="1089" name="Test_ChunkCoordToWorld_NegativeChunk_ReturnsCorrectWorldPos" fullname="TimeSurvivor.Voxel.Core.Tests.VoxelMathTests.Test_ChunkCoordToWorld_NegativeChunk_ReturnsCorrectWorldPos" methodname="Test_ChunkCoordToWorld_NegativeChunk_ReturnsCorrectWorldPos" classname="TimeSurvivor.Voxel.Core.Tests.VoxelMathTests" runstate="Runnable" seed="46205252" result="Passed" start-time="2025-11-22 18:05:52Z" end-time="2025-11-22 18:05:52Z" duration="0.000133" asserts="0">
                  <properties>
                    <property name="retryIteration" value="0" />
                    <property name="repeatIteration" value="0" />
                  </properties>
                </test-case>
                <test-case id="1088" name="Test_ChunkCoordToWorld_PositiveChunk_ReturnsCorrectWorldPos" fullname="TimeSurvivor.Voxel.Core.Tests.VoxelMathTests.Test_ChunkCoordToWorld_PositiveChunk_ReturnsCorrectWorldPos" methodname="Test_ChunkCoordToWorld_PositiveChunk_ReturnsCorrectWorldPos" classname="TimeSurvivor.Voxel.Core.Tests.VoxelMathTests" runstate="Runnable" seed="906161083" result="Passed" start-time="2025-11-22 18:05:52Z" end-time="2025-11-22 18:05:52Z" duration="0.000108" asserts="0">
                  <properties>
                    <property name="retryIteration" value="0" />
                    <property name="repeatIteration" value="0" />
                  </properties>
                </test-case>
                <test-case id="1090" name="Test_ChunkCoordToWorld_RoundTrip_ReturnsOriginalChunk" fullname="TimeSurvivor.Voxel.Core.Tests.VoxelMathTests.Test_ChunkCoordToWorld_RoundTrip_ReturnsOriginalChunk" methodname="Test_ChunkCoordToWorld_RoundTrip_ReturnsOriginalChunk" classname="TimeSurvivor.Voxel.Core.Tests.VoxelMathTests" runstate="Runnable" seed="1187059764" result="Passed" start-time="2025-11-22 18:05:52Z" end-time="2025-11-22 18:05:52Z" duration="0.000317" asserts="0">
                  <properties>
                    <property name="retryIteration" value="0" />
                    <property name="repeatIteration" value="0" />
                  </properties>
                </test-case>
                <test-case id="1104" name="Test_ChunkDistanceSquared_ReturnsCorrectSquaredDistance" fullname="TimeSurvivor.Voxel.Core.Tests.VoxelMathTests.Test_ChunkDistanceSquared_ReturnsCorrectSquaredDistance" methodname="Test_ChunkDistanceSquared_ReturnsCorrectSquaredDistance" classname="TimeSurvivor.Voxel.Core.Tests.VoxelMathTests" runstate="Runnable" seed="1970106670" result="Passed" start-time="2025-11-22 18:05:52Z" end-time="2025-11-22 18:05:52Z" duration="0.000142" asserts="0">
                  <properties>
                    <property name="retryIteration" value="0" />
                    <property name="repeatIteration" value="0" />
                  </properties>
                </test-case>
                <test-case id="1103" name="Test_ChunkManhattanDistance_ReturnsCorrectDistance" fullname="TimeSurvivor.Voxel.Core.Tests.VoxelMathTests.Test_ChunkManhattanDistance_ReturnsCorrectDistance" methodname="Test_ChunkManhattanDistance_ReturnsCorrectDistance" classname="TimeSurvivor.Voxel.Core.Tests.VoxelMathTests" runstate="Runnable" seed="206916366" result="Passed" start-time="2025-11-22 18:05:52Z" end-time="2025-11-22 18:05:52Z" duration="0.000200" asserts="0">
                  <properties>
                    <property name="retryIteration" value="0" />
                    <property name="repeatIteration" value="0" />
                  </properties>
                </test-case>
                <test-case id="1095" name="Test_Flatten3DIndex_MaxCoordinate_ReturnsLastIndex" fullname="TimeSurvivor.Voxel.Core.Tests.VoxelMathTests.Test_Flatten3DIndex_MaxCoordinate_ReturnsLastIndex" methodname="Test_Flatten3DIndex_MaxCoordinate_ReturnsLastIndex" classname="TimeSurvivor.Voxel.Core.Tests.VoxelMathTests" runstate="Runnable" seed="17472099" result="Passed" start-time="2025-11-22 18:05:52Z" end-time="2025-11-22 18:05:52Z" duration="0.000070" asserts="0">
                  <properties>
                    <property name="retryIteration" value="0" />
                    <property name="repeatIteration" value="0" />
                  </properties>
                </test-case>
                <test-case id="1093" name="Test_Flatten3DIndex_Origin_ReturnsZero" fullname="TimeSurvivor.Voxel.Core.Tests.VoxelMathTests.Test_Flatten3DIndex_Origin_ReturnsZero" methodname="Test_Flatten3DIndex_Origin_ReturnsZero" classname="TimeSurvivor.Voxel.Core.Tests.VoxelMathTests" runstate="Runnable" seed="710465845" result="Passed" start-time="2025-11-22 18:05:52Z" end-time="2025-11-22 18:05:52Z" duration="0.000068" asserts="0">
                  <properties>
                    <property name="retryIteration" value="0" />
                    <property name="repeatIteration" value="0" />
                  </properties>
                </test-case>
                <test-case id="1094" name="Test_Flatten3DIndex_XYZOrdering_IsCorrect" fullname="TimeSurvivor.Voxel.Core.Tests.VoxelMathTests.Test_Flatten3DIndex_XYZOrdering_IsCorrect" methodname="Test_Flatten3DIndex_XYZOrdering_IsCorrect" classname="TimeSurvivor.Voxel.Core.Tests.VoxelMathTests" runstate="Runnable" seed="829572372" result="Passed" start-time="2025-11-22 18:05:52Z" end-time="2025-11-22 18:05:52Z" duration="0.000099" asserts="0">
                  <properties>
                    <property name="retryIteration" value="0" />
                    <property name="repeatIteration" value="0" />
                  </properties>
                </test-case>
                <test-case id="1101" name="Test_IsValidLocalCoord_BoundaryValues_ReturnsCorrectly" fullname="TimeSurvivor.Voxel.Core.Tests.VoxelMathTests.Test_IsValidLocalCoord_BoundaryValues_ReturnsCorrectly" methodname="Test_IsValidLocalCoord_BoundaryValues_ReturnsCorrectly" classname="TimeSurvivor.Voxel.Core.Tests.VoxelMathTests" runstate="Runnable" seed="1835273473" result="Passed" start-time="2025-11-22 18:05:52Z" end-time="2025-11-22 18:05:52Z" duration="0.000262" asserts="0">
                  <properties>
                    <property name="retryIteration" value="0" />
                    <property name="repeatIteration" value="0" />
                  </properties>
                </test-case>
                <test-case id="1100" name="Test_IsValidLocalCoord_OutOfBounds_ReturnsFalse" fullname="TimeSurvivor.Voxel.Core.Tests.VoxelMathTests.Test_IsValidLocalCoord_OutOfBounds_ReturnsFalse" methodname="Test_IsValidLocalCoord_OutOfBounds_ReturnsFalse" classname="TimeSurvivor.Voxel.Core.Tests.VoxelMathTests" runstate="Runnable" seed="245718634" result="Passed" start-time="2025-11-22 18:05:52Z" end-time="2025-11-22 18:05:52Z" duration="0.000286" asserts="0">
                  <properties>
                    <property name="retryIteration" value="0" />
                    <property name="repeatIteration" value="0" />
                  </properties>
                </test-case>
                <test-case id="1099" name="Test_IsValidLocalCoord_WithinBounds_ReturnsTrue" fullname="TimeSurvivor.Voxel.Core.Tests.VoxelMathTests.Test_IsValidLocalCoord_WithinBounds_ReturnsTrue" methodname="Test_IsValidLocalCoord_WithinBounds_ReturnsTrue" classname="TimeSurvivor.Voxel.Core.Tests.VoxelMathTests" runstate="Runnable" seed="1611470445" result="Passed" start-time="2025-11-22 18:05:52Z" end-time="2025-11-22 18:05:52Z" duration="0.000069" asserts="0">
                  <properties>
                    <property name="retryIteration" value="0" />
                    <property name="repeatIteration" value="0" />
                  </properties>
                </test-case>
                <test-case id="1098" name="Test_Unflatten3DIndex_LastIndex_ReturnsMaxCoordinates" fullname="TimeSurvivor.Voxel.Core.Tests.VoxelMathTests.Test_Unflatten3DIndex_LastIndex_ReturnsMaxCoordinates" methodname="Test_Unflatten3DIndex_LastIndex_ReturnsMaxCoordinates" classname="TimeSurvivor.Voxel.Core.Tests.VoxelMathTests" runstate="Runnable" seed="427472509" result="Passed" start-time="2025-11-22 18:05:52Z" end-time="2025-11-22 18:05:52Z" duration="0.000117" asserts="0">
                  <properties>
                    <property name="retryIteration" value="0" />
                    <property name="repeatIteration" value="0" />
                  </properties>
                </test-case>
                <test-case id="1097" name="Test_Unflatten3DIndex_RoundTrip_ReturnsOriginalCoordinate" fullname="TimeSurvivor.Voxel.Core.Tests.VoxelMathTests.Test_Unflatten3DIndex_RoundTrip_ReturnsOriginalCoordinate" methodname="Test_Unflatten3DIndex_RoundTrip_ReturnsOriginalCoordinate" classname="TimeSurvivor.Voxel.Core.Tests.VoxelMathTests" runstate="Runnable" seed="2086370822" result="Passed" start-time="2025-11-22 18:05:52Z" end-time="2025-11-22 18:05:52Z" duration="0.000079" asserts="0">
                  <properties>
                    <property name="retryIteration" value="0" />
                    <property name="repeatIteration" value="0" />
                  </properties>
                </test-case>
                <test-case id="1096" name="Test_Unflatten3DIndex_Zero_ReturnsOrigin" fullname="TimeSurvivor.Voxel.Core.Tests.VoxelMathTests.Test_Unflatten3DIndex_Zero_ReturnsOrigin" methodname="Test_Unflatten3DIndex_Zero_ReturnsOrigin" classname="TimeSurvivor.Voxel.Core.Tests.VoxelMathTests" runstate="Runnable" seed="6010065" result="Passed" start-time="2025-11-22 18:05:52Z" end-time="2025-11-22 18:05:52Z" duration="0.000073" asserts="0">
                  <properties>
                    <property name="retryIteration" value="0" />
                    <property name="repeatIteration" value="0" />
                  </properties>
                </test-case>
                <test-case id="1092" name="Test_VoxelCoordToWorld_OriginVoxel_ReturnsHalfVoxelSize" fullname="TimeSurvivor.Voxel.Core.Tests.VoxelMathTests.Test_VoxelCoordToWorld_OriginVoxel_ReturnsHalfVoxelSize" methodname="Test_VoxelCoordToWorld_OriginVoxel_ReturnsHalfVoxelSize" classname="TimeSurvivor.Voxel.Core.Tests.VoxelMathTests" runstate="Runnable" seed="2063957083" result="Passed" start-time="2025-11-22 18:05:52Z" end-time="2025-11-22 18:05:52Z" duration="0.000157" asserts="0">
                  <properties>
                    <property name="retryIteration" value="0" />
                    <property name="repeatIteration" value="0" />
                  </properties>
                </test-case>
                <test-case id="1091" name="Test_VoxelCoordToWorld_ReturnsVoxelCenter" fullname="TimeSurvivor.Voxel.Core.Tests.VoxelMathTests.Test_VoxelCoordToWorld_ReturnsVoxelCenter" methodname="Test_VoxelCoordToWorld_ReturnsVoxelCenter" classname="TimeSurvivor.Voxel.Core.Tests.VoxelMathTests" runstate="Runnable" seed="2071304262" result="Passed" start-time="2025-11-22 18:05:52Z" end-time="2025-11-22 18:05:52Z" duration="0.000101" asserts="0">
                  <properties>
                    <property name="retryIteration" value="0" />
                    <property name="repeatIteration" value="0" />
                  </properties>
                </test-case>
                <test-case id="1106" name="Test_VoxelToLocalCoord_NegativeGlobalCoord_ReturnsCorrectLocal" fullname="TimeSurvivor.Voxel.Core.Tests.VoxelMathTests.Test_VoxelToLocalCoord_NegativeGlobalCoord_ReturnsCorrectLocal" methodname="Test_VoxelToLocalCoord_NegativeGlobalCoord_ReturnsCorrectLocal" classname="TimeSurvivor.Voxel.Core.Tests.VoxelMathTests" runstate="Runnable" seed="1268595755" result="Passed" start-time="2025-11-22 18:05:52Z" end-time="2025-11-22 18:05:52Z" duration="0.000256" asserts="0">
                  <properties>
                    <property name="retryIteration" value="0" />
                    <property name="repeatIteration" value="0" />
                  </properties>
                </test-case>
                <test-case id="1105" name="Test_VoxelToLocalCoord_PositiveGlobalCoord_ReturnsCorrectLocal" fullname="TimeSurvivor.Voxel.Core.Tests.VoxelMathTests.Test_VoxelToLocalCoord_PositiveGlobalCoord_ReturnsCorrectLocal" methodname="Test_VoxelToLocalCoord_PositiveGlobalCoord_ReturnsCorrectLocal" classname="TimeSurvivor.Voxel.Core.Tests.VoxelMathTests" runstate="Runnable" seed="1075302160" result="Passed" start-time="2025-11-22 18:05:52Z" end-time="2025-11-22 18:05:52Z" duration="0.000110" asserts="0">
                  <properties>
                    <property name="retryIteration" value="0" />
                    <property name="repeatIteration" value="0" />
                  </properties>
                </test-case>
                <test-case id="1087" name="Test_WorldToChunkCoord_ChunkBoundary_ReturnsCorrectChunk" fullname="TimeSurvivor.Voxel.Core.Tests.VoxelMathTests.Test_WorldToChunkCoord_ChunkBoundary_ReturnsCorrectChunk" methodname="Test_WorldToChunkCoord_ChunkBoundary_ReturnsCorrectChunk" classname="TimeSurvivor.Voxel.Core.Tests.VoxelMathTests" runstate="Runnable" seed="1286308474" result="Passed" start-time="2025-11-22 18:05:52Z" end-time="2025-11-22 18:05:52Z" duration="0.000111" asserts="0">
                  <properties>
                    <property name="retryIteration" value="0" />
                    <property name="repeatIteration" value="0" />
                  </properties>
                </test-case>
                <test-case id="1086" name="Test_WorldToChunkCoord_NegativeCoordinates_ReturnsCorrectChunk" fullname="TimeSurvivor.Voxel.Core.Tests.VoxelMathTests.Test_WorldToChunkCoord_NegativeCoordinates_ReturnsCorrectChunk" methodname="Test_WorldToChunkCoord_NegativeCoordinates_ReturnsCorrectChunk" classname="TimeSurvivor.Voxel.Core.Tests.VoxelMathTests" runstate="Runnable" seed="1768205073" result="Passed" start-time="2025-11-22 18:05:52Z" end-time="2025-11-22 18:05:52Z" duration="0.000110" asserts="0">
                  <properties>
                    <property name="retryIteration" value="0" />
                    <property name="repeatIteration" value="0" />
                  </properties>
                </test-case>
                <test-case id="1085" name="Test_WorldToChunkCoord_PositiveCoordinates_ReturnsCorrectChunk" fullname="TimeSurvivor.Voxel.Core.Tests.VoxelMathTests.Test_WorldToChunkCoord_PositiveCoordinates_ReturnsCorrectChunk" methodname="Test_WorldToChunkCoord_PositiveCoordinates_ReturnsCorrectChunk" classname="TimeSurvivor.Voxel.Core.Tests.VoxelMathTests" runstate="Runnable" seed="28198796" result="Passed" start-time="2025-11-22 18:05:52Z" end-time="2025-11-22 18:05:52Z" duration="0.000108" asserts="0">
                  <properties>
                    <property name="retryIteration" value="0" />
                    <property name="repeatIteration" value="0" />
                  </properties>
                </test-case>
                <test-case id="1102" name="Test_WorldToVoxelCoord_PositiveCoordinates_ReturnsCorrect" fullname="TimeSurvivor.Voxel.Core.Tests.VoxelMathTests.Test_WorldToVoxelCoord_PositiveCoordinates_ReturnsCorrect" methodname="Test_WorldToVoxelCoord_PositiveCoordinates_ReturnsCorrect" classname="TimeSurvivor.Voxel.Core.Tests.VoxelMathTests" runstate="Runnable" seed="2120890797" result="Passed" start-time="2025-11-22 18:05:52Z" end-time="2025-11-22 18:05:52Z" duration="0.000130" asserts="0">
                  <properties>
                    <property name="retryIteration" value="0" />
                    <property name="repeatIteration" value="0" />
                  </properties>
                </test-case>
              </test-suite>
            </test-suite>
          </test-suite>
        </test-suite>
      </test-suite>
    </test-suite>
    <test-suite type="Assembly" id="1128" name="TimeSurvivor.Voxel.Physics.Tests.dll" fullname="/Users/etherny/Documents/work/games/TimeSurvivorGame/Library/ScriptAssemblies/TimeSurvivor.Voxel.Physics.Tests.dll" runstate="Runnable" testcasecount="15" result="Passed" start-time="2025-11-22 18:05:52Z" end-time="2025-11-22 18:05:52Z" duration="0.026108" total="15" passed="15" failed="0" inconclusive="0" skipped="0" asserts="0">
      <properties>
        <property name="_PID" value="91950" />
        <property name="_APPDOMAIN" value="Unity Child Domain" />
        <property name="platform" value="EditMode" />
        <property name="EditorOnly" value="True" />
      </properties>
      <test-suite type="TestSuite" id="1129" name="TimeSurvivor" fullname="TimeSurvivor" runstate="Runnable" testcasecount="15" result="Passed" start-time="2025-11-22 18:05:52Z" end-time="2025-11-22 18:05:52Z" duration="0.025651" total="15" passed="15" failed="0" inconclusive="0" skipped="0" asserts="0">
        <properties />
        <test-suite type="TestSuite" id="1130" name="Voxel" fullname="TimeSurvivor.Voxel" runstate="Runnable" testcasecount="15" result="Passed" start-time="2025-11-22 18:05:52Z" end-time="2025-11-22 18:05:52Z" duration="0.025214" total="15" passed="15" failed="0" inconclusive="0" skipped="0" asserts="0">
          <properties />
          <test-suite type="TestSuite" id="1131" name="Physics" fullname="TimeSurvivor.Voxel.Physics" runstate="Runnable" testcasecount="15" result="Passed" start-time="2025-11-22 18:05:52Z" end-time="2025-11-22 18:05:52Z" duration="0.024858" total="15" passed="15" failed="0" inconclusive="0" skipped="0" asserts="0">
            <properties />
            <test-suite type="TestSuite" id="1132" name="Tests" fullname="TimeSurvivor.Voxel.Physics.Tests" runstate="Runnable" testcasecount="15" result="Passed" start-time="2025-11-22 18:05:52Z" end-time="2025-11-22 18:05:52Z" duration="0.024463" total="15" passed="15" failed="0" inconclusive="0" skipped="0" asserts="0">
              <properties />
              <test-suite type="TestFixture" id="1112" name="VoxelCollisionBakerTests" fullname="TimeSurvivor.Voxel.Physics.Tests.VoxelCollisionBakerTests" classname="TimeSurvivor.Voxel.Physics.Tests.VoxelCollisionBakerTests" runstate="Runnable" testcasecount="15" result="Passed" start-time="2025-11-22 18:05:52Z" end-time="2025-11-22 18:05:52Z" duration="0.023937" total="15" passed="15" failed="0" inconclusive="0" skipped="0" asserts="0">
                <properties />
                <test-case id="1123" name="ApplyCollisionMesh_CalledTwice_ShouldReuseExistingCollider" fullname="TimeSurvivor.Voxel.Physics.Tests.VoxelCollisionBakerTests.ApplyCollisionMesh_CalledTwice_ShouldReuseExistingCollider" methodname="ApplyCollisionMesh_CalledTwice_ShouldReuseExistingCollider" classname="TimeSurvivor.Voxel.Physics.Tests.VoxelCollisionBakerTests" runstate="Runnable" seed="1602230136" result="Passed" start-time="2025-11-22 18:05:52Z" end-time="2025-11-22 18:05:52Z" duration="0.005342" asserts="0">
                  <properties>
                    <property name="retryIteration" value="0" />
                    <property name="repeatIteration" value="0" />
                  </properties>
                </test-case>
                <test-case id="1121" name="ApplyCollisionMesh_WithNullMesh_ShouldLogWarningAndReturnNull" fullname="TimeSurvivor.Voxel.Physics.Tests.VoxelCollisionBakerTests.ApplyCollisionMesh_WithNullMesh_ShouldLogWarningAndReturnNull" methodname="ApplyCollisionMesh_WithNullMesh_ShouldLogWarningAndReturnNull" classname="TimeSurvivor.Voxel.Physics.Tests.VoxelCollisionBakerTests" runstate="Runnable" seed="1244534165" result="Passed" start-time="2025-11-22 18:05:52Z" end-time="2025-11-22 18:05:52Z" duration="0.001253" asserts="0">
                  <properties>
                    <property name="retryIteration" value="0" />
                    <property name="repeatIteration" value="0" />
                  </properties>
                  <output><![CDATA[[VoxelCollisionBaker] Cannot apply null collision mesh
]]></output>
                </test-case>
[...]
                  <properties>
                    <property name="retryIteration" value="0" />
                    <property name="repeatIteration" value="0" />
                  </properties>
                  <failure>
                    <message><![CDATA[System.InvalidOperationException : The UNKNOWN_OBJECT_TYPE ProceduralTerrainGenerationJob.Heightmap has not been assigned or constructed. All containers must be valid when scheduling a job.]]></message>
                    <stack-trace><![CDATA[  at (wrapper managed-to-native) Unity.Jobs.LowLevel.Unsafe.JobsUtility.ScheduleParallelFor_Injected(Unity.Jobs.LowLevel.Unsafe.JobsUtility/JobScheduleParameters&,int,int,Unity.Jobs.JobHandle&)
  at Unity.Jobs.LowLevel.Unsafe.JobsUtility.ScheduleParallelFor (Unity.Jobs.LowLevel.Unsafe.JobsUtility+JobScheduleParameters& parameters, System.Int32 arrayLength, System.Int32 innerloopBatchCount) <0x3849b16f0 + 0x00067> in <ca678e8562574911a4b05a3e0a6fcc6f>:0 
  at Unity.Jobs.IJobParallelForExtensions.Schedule[T] (T jobData, System.Int32 arrayLength, System.Int32 innerloopBatchCount, Unity.Jobs.JobHandle dependsOn) [0x00016] in /Users/bokken/build/output/unity/unity/Runtime/Jobs/Managed/IJobParallelFor.cs:70 
  at TimeSurvivor.Voxel.Terrain.Tests.ProceduralTerrainGenerationJobValidationTests.GenerateChunk_WaterShouldOnlyBeInValleys () [0x00024] in /Users/etherny/Documents/work/games/TimeSurvivorGame/Assets/lib/voxel-terrain/Tests/Runtime/ProceduralTerrainGenerationJobValidationTests.cs:336 
  at (wrapper managed-to-native) System.Reflection.RuntimeMethodInfo.InternalInvoke(System.Reflection.RuntimeMethodInfo,object,object[],System.Exception&)
  at System.Reflection.RuntimeMethodInfo.Invoke (System.Object obj, System.Reflection.BindingFlags invokeAttr, System.Reflection.Binder binder, System.Object[] parameters, System.Globalization.CultureInfo culture) [0x0006a] in <3c470575843b432e876313222d20c5ed>:0 ]]></stack-trace>
                  </failure>
                </test-case>
                <test-case id="1188" name="HeightmapMode_BackwardCompatibility_NoHeightmap" fullname="TimeSurvivor.Voxel.Terrain.Tests.ProceduralTerrainGenerationJobValidationTests.HeightmapMode_BackwardCompatibility_NoHeightmap" methodname="HeightmapMode_BackwardCompatibility_NoHeightmap" classname="TimeSurvivor.Voxel.Terrain.Tests.ProceduralTerrainGenerationJobValidationTests" runstate="Runnable" seed="1919974465" result="Failed" label="Error" start-time="2025-11-22 18:06:02Z" end-time="2025-11-22 18:06:02Z" duration="0.000246" asserts="0">
                  <properties>
                    <property name="retryIteration" value="0" />
                    <property name="repeatIteration" value="0" />
                  </properties>
                  <failure>
                    <message><![CDATA[System.InvalidOperationException : The UNKNOWN_OBJECT_TYPE ProceduralTerrainGenerationJob.Heightmap has not been assigned or constructed. All containers must be valid when scheduling a job.]]></message>
                    <stack-trace><![CDATA[  at (wrapper managed-to-native) Unity.Jobs.LowLevel.Unsafe.JobsUtility.ScheduleParallelFor_Injected(Unity.Jobs.LowLevel.Unsafe.JobsUtility/JobScheduleParameters&,int,int,Unity.Jobs.JobHandle&)
  at Unity.Jobs.LowLevel.Unsafe.JobsUtility.ScheduleParallelFor (Unity.Jobs.LowLevel.Unsafe.JobsUtility+JobScheduleParameters& parameters, System.Int32 arrayLength, System.Int32 innerloopBatchCount) <0x3849b16f0 + 0x00067> in <ca678e8562574911a4b05a3e0a6fcc6f>:0 
  at Unity.Jobs.IJobParallelForExtensions.Schedule[T] (T jobData, System.Int32 arrayLength, System.Int32 innerloopBatchCount, Unity.Jobs.JobHandle dependsOn) [0x00016] in /Users/bokken/build/output/unity/unity/Runtime/Jobs/Managed/IJobParallelFor.cs:70 
  at TimeSurvivor.Voxel.Terrain.Tests.ProceduralTerrainGenerationJobValidationTests.HeightmapMode_BackwardCompatibility_NoHeightmap () [0x000d1] in /Users/etherny/Documents/work/games/TimeSurvivorGame/Assets/lib/voxel-terrain/Tests/Runtime/ProceduralTerrainGenerationJobValidationTests.cs:851 
  at (wrapper managed-to-native) System.Reflection.RuntimeMethodInfo.InternalInvoke(System.Reflection.RuntimeMethodInfo,object,object[],System.Exception&)
  at System.Reflection.RuntimeMethodInfo.Invoke (System.Object obj, System.Reflection.BindingFlags invokeAttr, System.Reflection.Binder binder, System.Object[] parameters, System.Globalization.CultureInfo culture) [0x0006a] in <3c470575843b432e876313222d20c5ed>:0 ]]></stack-trace>
                  </failure>
                </test-case>
                <test-case id="1187" name="HeightmapMode_ChunkBordersShouldBeContinuous" fullname="TimeSurvivor.Voxel.Terrain.Tests.ProceduralTerrainGenerationJobValidationTests.HeightmapMode_ChunkBordersShouldBeContinuous" methodname="HeightmapMode_ChunkBordersShouldBeContinuous" classname="TimeSurvivor.Voxel.Terrain.Tests.ProceduralTerrainGenerationJobValidationTests" runstate="Runnable" seed="2106908255" result="Passed" start-time="2025-11-22 18:06:02Z" end-time="2025-11-22 18:06:02Z" duration="0.002700" asserts="0">
                  <properties>
                    <property name="retryIteration" value="0" />
                    <property name="repeatIteration" value="0" />
                  </properties>
                  <output><![CDATA[Border continuity: 4093/4096 voxels match (99.93%)
SUCCESS: Chunk borders are continuous with heightmap mode
]]></output>
                </test-case>
                <test-case id="1185" name="HeightmapMode_ShouldGenerateCorrectLayers" fullname="TimeSurvivor.Voxel.Terrain.Tests.ProceduralTerrainGenerationJobValidationTests.HeightmapMode_ShouldGenerateCorrectLayers" methodname="HeightmapMode_ShouldGenerateCorrectLayers" classname="TimeSurvivor.Voxel.Terrain.Tests.ProceduralTerrainGenerationJobValidationTests" runstate="Runnable" seed="797180693" result="Passed" start-time="2025-11-22 18:06:02Z" end-time="2025-11-22 18:06:02Z" duration="0.000959" asserts="0">
                  <properties>
                    <property name="retryIteration" value="0" />
                    <property name="repeatIteration" value="0" />
                  </properties>
                  <output><![CDATA[SUCCESS: Heightmap mode generates correct horizontal layers (Grass > Dirt > Stone)
]]></output>
                </test-case>
                <test-case id="1186" name="HeightmapMode_ShouldGenerateWater" fullname="TimeSurvivor.Voxel.Terrain.Tests.ProceduralTerrainGenerationJobValidationTests.HeightmapMode_ShouldGenerateWater" methodname="HeightmapMode_ShouldGenerateWater" classname="TimeSurvivor.Voxel.Terrain.Tests.ProceduralTerrainGenerationJobValidationTests" runstate="Runnable" seed="1107661522" result="Passed" start-time="2025-11-22 18:06:02Z" end-time="2025-11-22 18:06:02Z" duration="0.000835" asserts="0">
                  <properties>
                    <property name="retryIteration" value="0" />
                    <property name="repeatIteration" value="0" />
                  </properties>
                  <output><![CDATA[SUCCESS: Heightmap mode generates water in valleys below water level
]]></output>
                </test-case>
              </test-suite>
              <test-suite type="TestFixture" id="1189" name="SimplexNoise3DTests" fullname="TimeSurvivor.Voxel.Terrain.Tests.SimplexNoise3DTests" classname="TimeSurvivor.Voxel.Terrain.Tests.SimplexNoise3DTests" runstate="Runnable" testcasecount="4" result="Passed" start-time="2025-11-22 18:06:02Z" end-time="2025-11-22 18:06:02Z" duration="0.028225" total="4" passed="4" failed="0" inconclusive="0" skipped="0" asserts="0">
                <properties />
                <test-case id="1193" name="Test_Continuity" fullname="TimeSurvivor.Voxel.Terrain.Tests.SimplexNoise3DTests.Test_Continuity" methodname="Test_Continuity" classname="TimeSurvivor.Voxel.Terrain.Tests.SimplexNoise3DTests" runstate="Runnable" seed="1831098227" result="Passed" start-time="2025-11-22 18:06:02Z" end-time="2025-11-22 18:06:02Z" duration="0.005256" asserts="0">
                  <properties>
                    <property name="retryIteration" value="0" />
                    <property name="repeatIteration" value="0" />
                  </properties>
                </test-case>
                <test-case id="1190" name="Test_Determinism" fullname="TimeSurvivor.Voxel.Terrain.Tests.SimplexNoise3DTests.Test_Determinism" methodname="Test_Determinism" classname="TimeSurvivor.Voxel.Terrain.Tests.SimplexNoise3DTests" runstate="Runnable" seed="1829365031" result="Passed" start-time="2025-11-22 18:06:02Z" end-time="2025-11-22 18:06:02Z" duration="0.000124" asserts="0">
                  <properties>
                    <property name="retryIteration" value="0" />
                    <property name="repeatIteration" value="0" />
                  </properties>
                </test-case>
                <test-case id="1192" name="Test_Performance" fullname="TimeSurvivor.Voxel.Terrain.Tests.SimplexNoise3DTests.Test_Performance" methodname="Test_Performance" classname="TimeSurvivor.Voxel.Terrain.Tests.SimplexNoise3DTests" runstate="Runnable" seed="1982133834" result="Passed" start-time="2025-11-22 18:06:02Z" end-time="2025-11-22 18:06:02Z" duration="0.001953" asserts="0">
                  <properties>
                    <property name="retryIteration" value="0" />
                    <property name="repeatIteration" value="0" />
                  </properties>
                  <output><![CDATA[SimplexNoise3D.MultiOctave (4 octaves) average execution time: 105.54 ns
Target: <300ns (Burst-compiled build), Measured: 105.54 ns
]]></output>
                </test-case>
                <test-case id="1191" name="Test_Range" fullname="TimeSurvivor.Voxel.Terrain.Tests.SimplexNoise3DTests.Test_Range" methodname="Test_Range" classname="TimeSurvivor.Voxel.Terrain.Tests.SimplexNoise3DTests" runstate="Runnable" seed="1258925686" result="Passed" start-time="2025-11-22 18:06:02Z" end-time="2025-11-22 18:06:02Z" duration="0.019712" asserts="0">
                  <properties>
                    <property name="retryIteration" value="0" />
                    <property name="repeatIteration" value="0" />
                  </properties>
                </test-case>
              </test-suite>
              <test-suite type="TestFixture" id="1194" name="TerrainChunkCollisionTests" fullname="TimeSurvivor.Voxel.Terrain.Tests.TerrainChunkCollisionTests" classname="TimeSurvivor.Voxel.Terrain.Tests.TerrainChunkCollisionTests" runstate="Runnable" testcasecount="11" result="Passed" start-time="2025-11-22 18:06:02Z" end-time="2025-11-22 18:06:02Z" duration="0.005930" total="11" passed="11" failed="0" inconclusive="0" skipped="0" asserts="0">
                <properties />
                <test-case id="1195" name="Constructor_ShouldInitializeWithNoCollision" fullname="TimeSurvivor.Voxel.Terrain.Tests.TerrainChunkCollisionTests.Constructor_ShouldInitializeWithNoCollision" methodname="Constructor_ShouldInitializeWithNoCollision" classname="TimeSurvivor.Voxel.Terrain.Tests.TerrainChunkCollisionTests" runstate="Runnable" seed="783197750" result="Passed" start-time="2025-11-22 18:06:02Z" end-time="2025-11-22 18:06:02Z" duration="0.000489" asserts="0">
                  <properties>
                    <property name="retryIteration" value="0" />
                    <property name="repeatIteration" value="0" />
                  </properties>
                </test-case>
                <test-case id="1202" name="MarkCollisionPending_ShouldSetPendingFlag" fullname="TimeSurvivor.Voxel.Terrain.Tests.TerrainChunkCollisionTests.MarkCollisionPending_ShouldSetPendingFlag" methodname="MarkCollisionPending_ShouldSetPendingFlag" classname="TimeSurvivor.Voxel.Terrain.Tests.TerrainChunkCollisionTests" runstate="Runnable" seed="1994035335" result="Passed" start-time="2025-11-22 18:06:02Z" end-time="2025-11-22 18:06:02Z" duration="0.000209" asserts="0">
                  <properties>
                    <property name="retryIteration" value="0" />
                    <property name="repeatIteration" value="0" />
                  </properties>
                </test-case>
                <test-case id="1204" name="RemoveCollision_AfterMarkPending_ShouldClearPendingFlag" fullname="TimeSurvivor.Voxel.Terrain.Tests.TerrainChunkCollisionTests.RemoveCollision_AfterMarkPending_ShouldClearPendingFlag" methodname="RemoveCollision_AfterMarkPending_ShouldClearPendingFlag" classname="TimeSurvivor.Voxel.Terrain.Tests.TerrainChunkCollisionTests" runstate="Runnable" seed="1858777709" result="Passed" start-time="2025-11-22 18:06:02Z" end-time="2025-11-22 18:06:02Z" duration="0.000270" asserts="0">
                  <properties>
                    <property name="retryIteration" value="0" />
                    <property name="repeatIteration" value="0" />
                  </properties>
                </test-case>
                <test-case id="1200" name="RemoveCollision_WithExistingCollider_ShouldDestroyColliderAndClearFlags" fullname="TimeSurvivor.Voxel.Terrain.Tests.TerrainChunkCollisionTests.RemoveCollision_WithExistingCollider_ShouldDestroyColliderAndClearFlags" methodname="RemoveCollision_WithExistingCollider_ShouldDestroyColliderAndClearFlags" classname="TimeSurvivor.Voxel.Terrain.Tests.TerrainChunkCollisionTests" runstate="Runnable" seed="2052941376" result="Passed" start-time="2025-11-22 18:06:02Z" end-time="2025-11-22 18:06:02Z" duration="0.000577" asserts="0">
                  <properties>
                    <property name="retryIteration" value="0" />
                    <property name="repeatIteration" value="0" />
                  </properties>
                </test-case>
                <test-case id="1201" name="RemoveCollision_WithoutCollider_ShouldHandleGracefully" fullname="TimeSurvivor.Voxel.Terrain.Tests.TerrainChunkCollisionTests.RemoveCollision_WithoutCollider_ShouldHandleGracefully" methodname="RemoveCollision_WithoutCollider_ShouldHandleGracefully" classname="TimeSurvivor.Voxel.Terrain.Tests.TerrainChunkCollisionTests" runstate="Runnable" seed="783180938" result="Passed" start-time="2025-11-22 18:06:02Z" end-time="2025-11-22 18:06:02Z" duration="0.000243" asserts="0">
                  <properties>
                    <property name="retryIteration" value="0" />
                    <property name="repeatIteration" value="0" />
                  </properties>
                </test-case>
                <test-case id="1203" name="SetCollisionMesh_AfterMarkPending_ShouldClearPendingFlag" fullname="TimeSurvivor.Voxel.Terrain.Tests.TerrainChunkCollisionTests.SetCollisionMesh_AfterMarkPending_ShouldClearPendingFlag" methodname="SetCollisionMesh_AfterMarkPending_ShouldClearPendingFlag" classname="TimeSurvivor.Voxel.Terrain.Tests.TerrainChunkCollisionTests" runstate="Runnable" seed="170121067" result="Passed" start-time="2025-11-22 18:06:02Z" end-time="2025-11-22 18:06:02Z" duration="0.000230" asserts="0">
                  <properties>
                    <property name="retryIteration" value="0" />
                    <property name="repeatIteration" value="0" />
                  </properties>
                </test-case>
                <test-case id="1198" name="SetCollisionMesh_CalledTwice_ShouldReuseExistingMeshCollider" fullname="TimeSurvivor.Voxel.Terrain.Tests.TerrainChunkCollisionTests.SetCollisionMesh_CalledTwice_ShouldReuseExistingMeshCollider" methodname="SetCollisionMesh_CalledTwice_ShouldReuseExistingMeshCollider" classname="TimeSurvivor.Voxel.Terrain.Tests.TerrainChunkCollisionTests" runstate="Runnable" seed="1457636642" result="Passed" start-time="2025-11-22 18:06:02Z" end-time="2025-11-22 18:06:02Z" duration="0.000298" asserts="0">
                  <properties>
                    <property name="retryIteration" value="0" />
                    <property name="repeatIteration" value="0" />
                  </properties>
                </test-case>
                <test-case id="1199" name="SetCollisionMesh_WithInvalidLayer_ShouldLogWarningButStillSetMesh" fullname="TimeSurvivor.Voxel.Terrain.Tests.TerrainChunkCollisionTests.SetCollisionMesh_WithInvalidLayer_ShouldLogWarningButStillSetMesh" methodname="SetCollisionMesh_WithInvalidLayer_ShouldLogWarningButStillSetMesh" classname="TimeSurvivor.Voxel.Terrain.Tests.TerrainChunkCollisionTests" runstate="Runnable" seed="141587673" result="Passed" start-time="2025-11-22 18:06:02Z" end-time="2025-11-22 18:06:02Z" duration="0.000705" asserts="0">
                  <properties>
                    <property name="retryIteration" value="0" />
                    <property name="repeatIteration" value="0" />
                  </properties>
                  <output><![CDATA[[TerrainChunk] Layer 'NonExistentLayer_12345' not found. Using default layer.
]]></output>
                </test-case>
                <test-case id="1197" name="SetCollisionMesh_WithNullMesh_ShouldLogWarningAndNotSetFlags" fullname="TimeSurvivor.Voxel.Terrain.Tests.TerrainChunkCollisionTests.SetCollisionMesh_WithNullMesh_ShouldLogWarningAndNotSetFlags" methodname="SetCollisionMesh_WithNullMesh_ShouldLogWarningAndNotSetFlags" classname="TimeSurvivor.Voxel.Terrain.Tests.TerrainChunkCollisionTests" runstate="Runnable" seed="164550566" result="Passed" start-time="2025-11-22 18:06:02Z" end-time="2025-11-22 18:06:02Z" duration="0.000588" asserts="0">
                  <properties>
                    <property name="retryIteration" value="0" />
                    <property name="repeatIteration" value="0" />
                  </properties>
                  <output><![CDATA[[TerrainChunk] Attempted to set null collision mesh on chunk ChunkCoord(0, 0, 0)
]]></output>
                </test-case>
                <test-case id="1196" name="SetCollisionMesh_WithValidMesh_ShouldCreateMeshColliderAndSetFlags" fullname="TimeSurvivor.Voxel.Terrain.Tests.TerrainChunkCollisionTests.SetCollisionMesh_WithValidMesh_ShouldCreateMeshColliderAndSetFlags" methodname="SetCollisionMesh_WithValidMesh_ShouldCreateMeshColliderAndSetFlags" classname="TimeSurvivor.Voxel.Terrain.Tests.TerrainChunkCollisionTests" runstate="Runnable" seed="2045449653" result="Passed" start-time="2025-11-22 18:06:02Z" end-time="2025-11-22 18:06:02Z" duration="0.000278" asserts="0">
                  <properties>
                    <property name="retryIteration" value="0" />
                    <property name="repeatIteration" value="0" />
                  </properties>
                </test-case>
                <test-case id="1205" name="SetMesh_ShouldNotAffectCollision" fullname="TimeSurvivor.Voxel.Terrain.Tests.TerrainChunkCollisionTests.SetMesh_ShouldNotAffectCollision" methodname="SetMesh_ShouldNotAffectCollision" classname="TimeSurvivor.Voxel.Terrain.Tests.TerrainChunkCollisionTests" runstate="Runnable" seed="841843722" result="Passed" start-time="2025-11-22 18:06:02Z" end-time="2025-11-22 18:06:02Z" duration="0.000230" asserts="0">
                  <properties>
                    <property name="retryIteration" value="0" />
                    <property name="repeatIteration" value="0" />
                  </properties>
                  <output><![CDATA[Saving results to: /Users/etherny/Library/Application Support/DefaultCompany/TimeSurvivorGame/TestResults.xml
]]></output>
                </test-case>
              </test-suite>
            </test-suite>
          </test-suite>
        </test-suite>
      </test-suite>
    </test-suite>
  </test-suite>
</test-run>