<?xml version="1.0" encoding="utf-8"?>
<test-run id="2" testcasecount="130" result="Failed(Child)" total="130" passed="110" failed="20" inconclusive="0" skipped="0" asserts="0" engine-version="3.5.0.0" clr-version="4.0.30319.42000" start-time="2025-11-22 15:35:20Z" end-time="2025-11-22 15:35:29Z" duration="8.7192427">
  <test-suite type="TestSuite" id="1000" name="TimeSurvivorGame" fullname="TimeSurvivorGame" runstate="Runnable" testcasecount="130" result="Failed" site="Child" start-time="2025-11-22 15:35:20Z" end-time="2025-11-22 15:35:29Z" duration="8.719243" total="130" passed="110" failed="20" inconclusive="0" skipped="0" asserts="0">
    <properties>
      <property name="platform" value="EditMode" />
    </properties>
    <failure>
      <message><![CDATA[One or more child tests had errors]]></message>
    </failure>
    <test-suite type="Assembly" id="1016" name="TimeSurvivor.Demos.FlatCheckerboardTerrain.Tests.dll" fullname="/Users/etherny/Documents/work/games/TimeSurvivorGame/Library/ScriptAssemblies/TimeSurvivor.Demos.FlatCheckerboardTerrain.Tests.dll" runstate="Runnable" testcasecount="13" result="Passed" start-time="2025-11-22 15:35:21Z" end-time="2025-11-22 15:35:21Z" duration="0.076458" total="13" passed="13" failed="0" inconclusive="0" skipped="0" asserts="0">
      <properties>
        <property name="_PID" value="57713" />
        <property name="_APPDOMAIN" value="Unity Child Domain" />
        <property name="platform" value="EditMode" />
        <property name="EditorOnly" value="True" />
      </properties>
      <test-suite type="TestSuite" id="1017" name="TimeSurvivor" fullname="TimeSurvivor" runstate="Runnable" testcasecount="13" result="Passed" start-time="2025-11-22 15:35:21Z" end-time="2025-11-22 15:35:21Z" duration="0.075343" total="13" passed="13" failed="0" inconclusive="0" skipped="0" asserts="0">
        <properties />
        <test-suite type="TestSuite" id="1018" name="Demos" fullname="TimeSurvivor.Demos" runstate="Runnable" testcasecount="13" result="Passed" start-time="2025-11-22 15:35:21Z" end-time="2025-11-22 15:35:21Z" duration="0.074374" total="13" passed="13" failed="0" inconclusive="0" skipped="0" asserts="0">
          <properties />
          <test-suite type="TestSuite" id="1019" name="FlatCheckerboardTerrain" fullname="TimeSurvivor.Demos.FlatCheckerboardTerrain" runstate="Runnable" testcasecount="13" result="Passed" start-time="2025-11-22 15:35:21Z" end-time="2025-11-22 15:35:21Z" duration="0.073731" total="13" passed="13" failed="0" inconclusive="0" skipped="0" asserts="0">
            <properties />
            <test-suite type="TestSuite" id="1020" name="Tests" fullname="TimeSurvivor.Demos.FlatCheckerboardTerrain.Tests" runstate="Runnable" testcasecount="13" result="Passed" start-time="2025-11-22 15:35:21Z" end-time="2025-11-22 15:35:21Z" duration="0.073059" total="13" passed="13" failed="0" inconclusive="0" skipped="0" asserts="0">
              <properties />
              <test-suite type="TestFixture" id="1001" name="FlatCheckerboardGeneratorTests" fullname="TimeSurvivor.Demos.FlatCheckerboardTerrain.Tests.FlatCheckerboardGeneratorTests" classname="TimeSurvivor.Demos.FlatCheckerboardTerrain.Tests.FlatCheckerboardGeneratorTests" runstate="Runnable" testcasecount="8" result="Passed" start-time="2025-11-22 15:35:21Z" end-time="2025-11-22 15:35:21Z" duration="0.040852" total="8" passed="8" failed="0" inconclusive="0" skipped="0" asserts="0">
                <properties />
                <test-case id="1005" name="Generate_CheckerboardPatternIsConsistent_AcrossChunks" fullname="TimeSurvivor.Demos.FlatCheckerboardTerrain.Tests.FlatCheckerboardGeneratorTests.Generate_CheckerboardPatternIsConsistent_AcrossChunks" methodname="Generate_CheckerboardPatternIsConsistent_AcrossChunks" classname="TimeSurvivor.Demos.FlatCheckerboardTerrain.Tests.FlatCheckerboardGeneratorTests" runstate="Runnable" seed="236164497" result="Passed" start-time="2025-11-22 15:35:21Z" end-time="2025-11-22 15:35:21Z" duration="0.011348" asserts="0">
                  <properties>
                    <property name="retryIteration" value="0" />
                    <property name="repeatIteration" value="0" />
                  </properties>
                </test-case>
                <test-case id="1009" name="Generate_CheckerboardUsesXORPattern" fullname="TimeSurvivor.Demos.FlatCheckerboardTerrain.Tests.FlatCheckerboardGeneratorTests.Generate_CheckerboardUsesXORPattern" methodname="Generate_CheckerboardUsesXORPattern" classname="TimeSurvivor.Demos.FlatCheckerboardTerrain.Tests.FlatCheckerboardGeneratorTests" runstate="Runnable" seed="248732404" result="Passed" start-time="2025-11-22 15:35:21Z" end-time="2025-11-22 15:35:21Z" duration="0.001156" asserts="0">
                  <properties>
                    <property name="retryIteration" value="0" />
                    <property name="repeatIteration" value="0" />
                  </properties>
                </test-case>
                <test-case id="1004" name="Generate_CreatesCheckerboardPattern_AtOrigin" fullname="TimeSurvivor.Demos.FlatCheckerboardTerrain.Tests.FlatCheckerboardGeneratorTests.Generate_CreatesCheckerboardPattern_AtOrigin" methodname="Generate_CreatesCheckerboardPattern_AtOrigin" classname="TimeSurvivor.Demos.FlatCheckerboardTerrain.Tests.FlatCheckerboardGeneratorTests" runstate="Runnable" seed="804588489" result="Passed" start-time="2025-11-22 15:35:21Z" end-time="2025-11-22 15:35:21Z" duration="0.000284" asserts="0">
                  <properties>
                    <property name="retryIteration" value="0" />
                    <property name="repeatIteration" value="0" />
                  </properties>
                </test-case>
                <test-case id="1002" name="Generate_CreatesChunkWithCorrectSize" fullname="TimeSurvivor.Demos.FlatCheckerboardTerrain.Tests.FlatCheckerboardGeneratorTests.Generate_CreatesChunkWithCorrectSize" methodname="Generate_CreatesChunkWithCorrectSize" classname="TimeSurvivor.Demos.FlatCheckerboardTerrain.Tests.FlatCheckerboardGeneratorTests" runstate="Runnable" seed="996505601" result="Passed" start-time="2025-11-22 15:35:21Z" end-time="2025-11-22 15:35:21Z" duration="0.000517" asserts="0">
                  <properties>
                    <property name="retryIteration" value="0" />
                    <property name="repeatIteration" value="0" />
                  </properties>
                </test-case>
                <test-case id="1003" name="Generate_CreatesFlatTerrainAtCorrectHeight" fullname="TimeSurvivor.Demos.FlatCheckerboardTerrain.Tests.FlatCheckerboardGeneratorTests.Generate_CreatesFlatTerrainAtCorrectHeight" methodname="Generate_CreatesFlatTerrainAtCorrectHeight" classname="TimeSurvivor.Demos.FlatCheckerboardTerrain.Tests.FlatCheckerboardGeneratorTests" runstate="Runnable" seed="1621849665" result="Passed" start-time="2025-11-22 15:35:21Z" end-time="2025-11-22 15:35:21Z" duration="0.013376" asserts="0">
                  <properties>
                    <property name="retryIteration" value="0" />
                    <property name="repeatIteration" value="0" />
                  </properties>
                </test-case>
                <test-case id="1007" name="GetVoxelAt_ReturnsAir_AboveGroundHeight" fullname="TimeSurvivor.Demos.FlatCheckerboardTerrain.Tests.FlatCheckerboardGeneratorTests.GetVoxelAt_ReturnsAir_AboveGroundHeight" methodname="GetVoxelAt_ReturnsAir_AboveGroundHeight" classname="TimeSurvivor.Demos.FlatCheckerboardTerrain.Tests.FlatCheckerboardGeneratorTests" runstate="Runnable" seed="1384562329" result="Passed" start-time="2025-11-22 15:35:21Z" end-time="2025-11-22 15:35:21Z" duration="0.000287" asserts="0">
                  <properties>
                    <property name="retryIteration" value="0" />
                    <property name="repeatIteration" value="0" />
                  </properties>
                </test-case>
                <test-case id="1006" name="GetVoxelAt_ReturnsConsistentResults_WithGenerateMethod" fullname="TimeSurvivor.Demos.FlatCheckerboardTerrain.Tests.FlatCheckerboardGeneratorTests.GetVoxelAt_ReturnsConsistentResults_WithGenerateMethod" methodname="GetVoxelAt_ReturnsConsistentResults_WithGenerateMethod" classname="TimeSurvivor.Demos.FlatCheckerboardTerrain.Tests.FlatCheckerboardGeneratorTests" runstate="Runnable" seed="2072525702" result="Passed" start-time="2025-11-22 15:35:21Z" end-time="2025-11-22 15:35:21Z" duration="0.001346" asserts="0">
                  <properties>
                    <property name="retryIteration" value="0" />
                    <property name="repeatIteration" value="0" />
                  </properties>
                </test-case>
                <test-case id="1008" name="GetVoxelAt_ReturnsSolidVoxel_BelowGroundHeight" fullname="TimeSurvivor.Demos.FlatCheckerboardTerrain.Tests.FlatCheckerboardGeneratorTests.GetVoxelAt_ReturnsSolidVoxel_BelowGroundHeight" methodname="GetVoxelAt_ReturnsSolidVoxel_BelowGroundHeight" classname="TimeSurvivor.Demos.FlatCheckerboardTerrain.Tests.FlatCheckerboardGeneratorTests" runstate="Runnable" seed="1820679072" result="Passed" start-time="2025-11-22 15:35:21Z" end-time="2025-11-22 15:35:21Z" duration="0.000136" asserts="0">
                  <properties>
                    <property name="retryIteration" value="0" />
                    <property name="repeatIteration" value="0" />
                  </properties>
                </test-case>
              </test-suite>
              <test-suite type="TestFixture" id="1010" name="FlatTerrainIntegrationTests" fullname="TimeSurvivor.Demos.FlatCheckerboardTerrain.Tests.FlatTerrainIntegrationTests" classname="TimeSurvivor.Demos.FlatCheckerboardTerrain.Tests.FlatTerrainIntegrationTests" runstate="Runnable" testcasecount="5" result="Passed" start-time="2025-11-22 15:35:21Z" end-time="2025-11-22 15:35:21Z" duration="0.031066" total="5" passed="5" failed="0" inconclusive="0" skipped="0" asserts="0">
                <properties />
                <test-case id="1013" name="ChunkManager_CheckerboardPatternIsConsistent_AcrossAdjacentChunks" fullname="TimeSurvivor.Demos.FlatCheckerboardTerrain.Tests.FlatTerrainIntegrationTests.ChunkManager_CheckerboardPatternIsConsistent_AcrossAdjacentChunks" methodname="ChunkManager_CheckerboardPatternIsConsistent_AcrossAdjacentChunks" classname="TimeSurvivor.Demos.FlatCheckerboardTerrain.Tests.FlatTerrainIntegrationTests" runstate="Runnable" seed="1373857556" result="Passed" start-time="2025-11-22 15:35:21Z" end-time="2025-11-22 15:35:21Z" duration="0.007183" asserts="0">
                  <properties>
                    <property name="retryIteration" value="0" />
                    <property name="repeatIteration" value="0" />
                  </properties>
                </test-case>
                <test-case id="1012" name="ChunkManager_Generates9Chunks_InDemoConfiguration" fullname="TimeSurvivor.Demos.FlatCheckerboardTerrain.Tests.FlatTerrainIntegrationTests.ChunkManager_Generates9Chunks_InDemoConfiguration" methodname="ChunkManager_Generates9Chunks_InDemoConfiguration" classname="TimeSurvivor.Demos.FlatCheckerboardTerrain.Tests.FlatTerrainIntegrationTests" runstate="Runnable" seed="1922294498" result="Passed" start-time="2025-11-22 15:35:21Z" end-time="2025-11-22 15:35:21Z" duration="0.000678" asserts="0">
                  <properties>
                    <property name="retryIteration" value="0" />
                    <property name="repeatIteration" value="0" />
                  </properties>
                </test-case>
                <test-case id="1014" name="ChunkManager_GeneratesValidMeshes_ForAllChunks" fullname="TimeSurvivor.Demos.FlatCheckerboardTerrain.Tests.FlatTerrainIntegrationTests.ChunkManager_GeneratesValidMeshes_ForAllChunks" methodname="ChunkManager_GeneratesValidMeshes_ForAllChunks" classname="TimeSurvivor.Demos.FlatCheckerboardTerrain.Tests.FlatTerrainIntegrationTests" runstate="Runnable" seed="995751427" result="Passed" start-time="2025-11-22 15:35:21Z" end-time="2025-11-22 15:35:21Z" duration="0.018882" asserts="0">
                  <properties>
                    <property name="_JOINTYPE" value="UnityCombinatorial" />
                    <property name="retryIteration" value="0" />
                    <property name="repeatIteration" value="0" />
                  </properties>
                </test-case>
                <test-case id="1015" name="ChunkManager_SetsCorrectWorldPositions_ForChunks" fullname="TimeSurvivor.Demos.FlatCheckerboardTerrain.Tests.FlatTerrainIntegrationTests.ChunkManager_SetsCorrectWorldPositions_ForChunks" methodname="ChunkManager_SetsCorrectWorldPositions_ForChunks" classname="TimeSurvivor.Demos.FlatCheckerboardTerrain.Tests.FlatTerrainIntegrationTests" runstate="Runnable" seed="1882093555" result="Passed" start-time="2025-11-22 15:35:21Z" end-time="2025-11-22 15:35:21Z" duration="0.001221" asserts="0">
                  <properties>
                    <property name="retryIteration" value="0" />
                    <property name="repeatIteration" value="0" />
                  </properties>
                </test-case>
                <test-case id="1011" name="ChunkManager_UsesCustomGenerator_ForChunkGeneration" fullname="TimeSurvivor.Demos.FlatCheckerboardTerrain.Tests.FlatTerrainIntegrationTests.ChunkManager_UsesCustomGenerator_ForChunkGeneration" methodname="ChunkManager_UsesCustomGenerator_ForChunkGeneration" classname="TimeSurvivor.Demos.FlatCheckerboardTerrain.Tests.FlatTerrainIntegrationTests" runstate="Runnable" seed="1691942438" result="Passed" start-time="2025-11-22 15:35:21Z" end-time="2025-11-22 15:35:21Z" duration="0.000732" asserts="0">
                  <properties>
                    <property name="retryIteration" value="0" />
                    <property name="repeatIteration" value="0" />
                  </properties>
                </test-case>
              </test-suite>
            </test-suite>
          </test-suite>
        </test-suite>
      </test-suite>
    </test-suite>
    <test-suite type="Assembly" id="1102" name="TimeSurvivor.Voxel.Core.Tests.dll" fullname="/Users/etherny/Documents/work/games/TimeSurvivorGame/Library/ScriptAssemblies/TimeSurvivor.Voxel.Core.Tests.dll" runstate="Runnable" testcasecount="76" result="Passed" start-time="2025-11-22 15:35:21Z" end-time="2025-11-22 15:35:21Z" duration="0.039283" total="76" passed="76" failed="0" inconclusive="0" skipped="0" asserts="0">
      <properties>
        <property name="_PID" value="57713" />
        <property name="_APPDOMAIN" value="Unity Child Domain" />
        <property name="platform" value="EditMode" />
        <property name="EditorOnly" value="True" />
      </properties>
      <test-suite type="TestSuite" id="1103" name="TimeSurvivor" fullname="TimeSurvivor" runstate="Runnable" testcasecount="76" result="Passed" start-time="2025-11-22 15:35:21Z" end-time="2025-11-22 15:35:21Z" duration="0.038031" total="76" passed="76" failed="0" inconclusive="0" skipped="0" asserts="0">
        <properties />
        <test-suite type="TestSuite" id="1104" name="Voxel" fullname="TimeSurvivor.Voxel" runstate="Runnable" testcasecount="76" result="Passed" start-time="2025-11-22 15:35:21Z" end-time="2025-11-22 15:35:21Z" duration="0.036878" total="76" passed="76" failed="0" inconclusive="0" skipped="0" asserts="0">
          <properties />
          <test-suite type="TestSuite" id="1105" name="Core" fullname="TimeSurvivor.Voxel.Core" runstate="Runnable" testcasecount="76" result="Passed" start-time="2025-11-22 15:35:21Z" end-time="2025-11-22 15:35:21Z" duration="0.035793" total="76" passed="76" failed="0" inconclusive="0" skipped="0" asserts="0">
            <properties />
            <test-suite type="TestSuite" id="1106" name="Tests" fullname="TimeSurvivor.Voxel.Core.Tests" runstate="Runnable" testcasecount="76" result="Passed" start-time="2025-11-22 15:35:21Z" end-time="2025-11-22 15:35:21Z" duration="0.034204" total="76" passed="76" failed="0" inconclusive="0" skipped="0" asserts="0">
              <properties />
              <test-suite type="TestFixture" id="1021" name="ChunkCoordTests" fullname="TimeSurvivor.Voxel.Core.Tests.ChunkCoordTests" classname="TimeSurvivor.Voxel.Core.Tests.ChunkCoordTests" runstate="Runnable" testcasecount="13" result="Passed" start-time="2025-11-22 15:35:21Z" end-time="2025-11-22 15:35:21Z" duration="0.004055" total="13" passed="13" failed="0" inconclusive="0" skipped="0" asserts="0">
                <properties />
                <test-case id="1028" name="Test_AdditionOperator_PositiveOffset_ReturnsCorrectCoord" fullname="TimeSurvivor.Voxel.Core.Tests.ChunkCoordTests.Test_AdditionOperator_PositiveOffset_ReturnsCorrectCoord" methodname="Test_AdditionOperator_PositiveOffset_ReturnsCorrectCoord" classname="TimeSurvivor.Voxel.Core.Tests.ChunkCoordTests" runstate="Runnable" seed="414772373" result="Passed" start-time="2025-11-22 15:35:21Z" end-time="2025-11-22 15:35:21Z" duration="0.000439" asserts="0">
                  <properties>
                    <property name="retryIteration" value="0" />
                    <property name="repeatIteration" value="0" />
                  </properties>
                </test-case>
                <test-case id="1023" name="Test_Constructor_Int3Parameter_CreatesCorrectCoord" fullname="TimeSurvivor.Voxel.Core.Tests.ChunkCoordTests.Test_Constructor_Int3Parameter_CreatesCorrectCoord" methodname="Test_Constructor_Int3Parameter_CreatesCorrectCoord" classname="TimeSurvivor.Voxel.Core.Tests.ChunkCoordTests" runstate="Runnable" seed="767467072" result="Passed" start-time="2025-11-22 15:35:21Z" end-time="2025-11-22 15:35:21Z" duration="0.000191" asserts="0">
                  <properties>
                    <property name="retryIteration" value="0" />
                    <property name="repeatIteration" value="0" />
                  </properties>
                </test-case>
                <test-case id="1022" name="Test_Constructor_IntParameters_CreatesCorrectCoord" fullname="TimeSurvivor.Voxel.Core.Tests.ChunkCoordTests.Test_Constructor_IntParameters_CreatesCorrectCoord" methodname="Test_Constructor_IntParameters_CreatesCorrectCoord" classname="TimeSurvivor.Voxel.Core.Tests.ChunkCoordTests" runstate="Runnable" seed="1734179568" result="Passed" start-time="2025-11-22 15:35:21Z" end-time="2025-11-22 15:35:21Z" duration="0.000171" asserts="0">
                  <properties>
                    <property name="retryIteration" value="0" />
                    <property name="repeatIteration" value="0" />
                  </properties>
                </test-case>
                <test-case id="1032" name="Test_Constructor_NegativeCoordinates_WorksCorrectly" fullname="TimeSurvivor.Voxel.Core.Tests.ChunkCoordTests.Test_Constructor_NegativeCoordinates_WorksCorrectly" methodname="Test_Constructor_NegativeCoordinates_WorksCorrectly" classname="TimeSurvivor.Voxel.Core.Tests.ChunkCoordTests" runstate="Runnable" seed="1113380341" result="Passed" start-time="2025-11-22 15:35:21Z" end-time="2025-11-22 15:35:21Z" duration="0.000112" asserts="0">
                  <properties>
                    <property name="retryIteration" value="0" />
                    <property name="repeatIteration" value="0" />
                  </properties>
                </test-case>
                <test-case id="1025" name="Test_Equals_DifferentCoordinates_ReturnsFalse" fullname="TimeSurvivor.Voxel.Core.Tests.ChunkCoordTests.Test_Equals_DifferentCoordinates_ReturnsFalse" methodname="Test_Equals_DifferentCoordinates_ReturnsFalse" classname="TimeSurvivor.Voxel.Core.Tests.ChunkCoordTests" runstate="Runnable" seed="1082809844" result="Passed" start-time="2025-11-22 15:35:21Z" end-time="2025-11-22 15:35:21Z" duration="0.000169" asserts="0">
                  <properties>
                    <property name="retryIteration" value="0" />
                    <property name="repeatIteration" value="0" />
                  </properties>
                </test-case>
                <test-case id="1034" name="Test_Equals_ObjectOverload_WorksCorrectly" fullname="TimeSurvivor.Voxel.Core.Tests.ChunkCoordTests.Test_Equals_ObjectOverload_WorksCorrectly" methodname="Test_Equals_ObjectOverload_WorksCorrectly" classname="TimeSurvivor.Voxel.Core.Tests.ChunkCoordTests" runstate="Runnable" seed="1158011849" result="Passed" start-time="2025-11-22 15:35:21Z" end-time="2025-11-22 15:35:21Z" duration="0.000156" asserts="0">
                  <properties>
                    <property name="retryIteration" value="0" />
                    <property name="repeatIteration" value="0" />
                  </properties>
                </test-case>
                <test-case id="1024" name="Test_Equals_SameCoordinates_ReturnsTrue" fullname="TimeSurvivor.Voxel.Core.Tests.ChunkCoordTests.Test_Equals_SameCoordinates_ReturnsTrue" methodname="Test_Equals_SameCoordinates_ReturnsTrue" classname="TimeSurvivor.Voxel.Core.Tests.ChunkCoordTests" runstate="Runnable" seed="518848968" result="Passed" start-time="2025-11-22 15:35:21Z" end-time="2025-11-22 15:35:21Z" duration="0.000074" asserts="0">
                  <properties>
                    <property name="retryIteration" value="0" />
                    <property name="repeatIteration" value="0" />
                  </properties>
                </test-case>
                <test-case id="1026" name="Test_EqualsOperator_SameCoordinates_ReturnsTrue" fullname="TimeSurvivor.Voxel.Core.Tests.ChunkCoordTests.Test_EqualsOperator_SameCoordinates_ReturnsTrue" methodname="Test_EqualsOperator_SameCoordinates_ReturnsTrue" classname="TimeSurvivor.Voxel.Core.Tests.ChunkCoordTests" runstate="Runnable" seed="1705980238" result="Passed" start-time="2025-11-22 15:35:21Z" end-time="2025-11-22 15:35:21Z" duration="0.000099" asserts="0">
                  <properties>
                    <property name="retryIteration" value="0" />
                    <property name="repeatIteration" value="0" />
                  </properties>
                </test-case>
                <test-case id="1030" name="Test_GetHashCode_EqualCoords_ReturnsSameHash" fullname="TimeSurvivor.Voxel.Core.Tests.ChunkCoordTests.Test_GetHashCode_EqualCoords_ReturnsSameHash" methodname="Test_GetHashCode_EqualCoords_ReturnsSameHash" classname="TimeSurvivor.Voxel.Core.Tests.ChunkCoordTests" runstate="Runnable" seed="418977832" result="Passed" start-time="2025-11-22 15:35:21Z" end-time="2025-11-22 15:35:21Z" duration="0.000084" asserts="0">
                  <properties>
                    <property name="retryIteration" value="0" />
                    <property name="repeatIteration" value="0" />
                  </properties>
                </test-case>
                <test-case id="1027" name="Test_NotEqualsOperator_DifferentCoordinates_ReturnsTrue" fullname="TimeSurvivor.Voxel.Core.Tests.ChunkCoordTests.Test_NotEqualsOperator_DifferentCoordinates_ReturnsTrue" methodname="Test_NotEqualsOperator_DifferentCoordinates_ReturnsTrue" classname="TimeSurvivor.Voxel.Core.Tests.ChunkCoordTests" runstate="Runnable" seed="1914522314" result="Passed" start-time="2025-11-22 15:35:21Z" end-time="2025-11-22 15:35:21Z" duration="0.000101" asserts="0">
                  <properties>
                    <property name="retryIteration" value="0" />
                    <property name="repeatIteration" value="0" />
                  </properties>
                </test-case>
                <test-case id="1033" name="Test_Operators_NegativeCoordinates_WorksCorrectly" fullname="TimeSurvivor.Voxel.Core.Tests.ChunkCoordTests.Test_Operators_NegativeCoordinates_WorksCorrectly" methodname="Test_Operators_NegativeCoordinates_WorksCorrectly" classname="TimeSurvivor.Voxel.Core.Tests.ChunkCoordTests" runstate="Runnable" seed="117029622" result="Passed" start-time="2025-11-22 15:35:21Z" end-time="2025-11-22 15:35:21Z" duration="0.000272" asserts="0">
                  <properties>
                    <property name="retryIteration" value="0" />
                    <property name="repeatIteration" value="0" />
                  </properties>
                </test-case>
                <test-case id="1029" name="Test_SubtractionOperator_PositiveOffset_ReturnsCorrectCoord" fullname="TimeSurvivor.Voxel.Core.Tests.ChunkCoordTests.Test_SubtractionOperator_PositiveOffset_ReturnsCorrectCoord" methodname="Test_SubtractionOperator_PositiveOffset_ReturnsCorrectCoord" classname="TimeSurvivor.Voxel.Core.Tests.ChunkCoordTests" runstate="Runnable" seed="852873227" result="Passed" start-time="2025-11-22 15:35:21Z" end-time="2025-11-22 15:35:21Z" duration="0.000120" asserts="0">
                  <properties>
                    <property name="retryIteration" value="0" />
                    <property name="repeatIteration" value="0" />
                  </properties>
                </test-case>
                <test-case id="1031" name="Test_ToString_ReturnsFormattedString" fullname="TimeSurvivor.Voxel.Core.Tests.ChunkCoordTests.Test_ToString_ReturnsFormattedString" methodname="Test_ToString_ReturnsFormattedString" classname="TimeSurvivor.Voxel.Core.Tests.ChunkCoordTests" runstate="Runnable" seed="2065476653" result="Passed" start-time="2025-11-22 15:35:21Z" end-time="2025-11-22 15:35:21Z" duration="0.000114" asserts="0">
                  <properties>
                    <property name="retryIteration" value="0" />
                    <property name="repeatIteration" value="0" />
                  </properties>
                </test-case>
              </test-suite>
              <test-suite type="TestFixture" id="1035" name="MacroVoxelDataTests" fullname="TimeSurvivor.Voxel.Core.Tests.MacroVoxelDataTests" classname="TimeSurvivor.Voxel.Core.Tests.MacroVoxelDataTests" runstate="Runnable" testcasecount="10" result="Passed" start-time="2025-11-22 15:35:21Z" end-time="2025-11-22 15:35:21Z" duration="0.002837" total="10" passed="10" failed="0" inconclusive="0" skipped="0" asserts="0">
                <properties />
                <test-case id="1042" name="Test_Constructor_AllVoxelTypes_StoredCorrectly" fullname="TimeSurvivor.Voxel.Core.Tests.MacroVoxelDataTests.Test_Constructor_AllVoxelTypes_StoredCorrectly" methodname="Test_Constructor_AllVoxelTypes_StoredCorrectly" classname="TimeSurvivor.Voxel.Core.Tests.MacroVoxelDataTests" runstate="Runnable" seed="636345921" result="Passed" start-time="2025-11-22 15:35:21Z" end-time="2025-11-22 15:35:21Z" duration="0.000253" asserts="0">
                  <properties>
                    <property name="retryIteration" value="0" />
                    <property name="repeatIteration" value="0" />
                  </properties>
                </test-case>
                <test-case id="1040" name="Test_Constructor_DefaultMetadata_StoresTypeCorrectly" fullname="TimeSurvivor.Voxel.Core.Tests.MacroVoxelDataTests.Test_Constructor_DefaultMetadata_StoresTypeCorrectly" methodname="Test_Constructor_DefaultMetadata_StoresTypeCorrectly" classname="TimeSurvivor.Voxel.Core.Tests.MacroVoxelDataTests" runstate="Runnable" seed="1004076325" result="Passed" start-time="2025-11-22 15:35:21Z" end-time="2025-11-22 15:35:21Z" duration="0.000278" asserts="0">
                  <properties>
                    <property name="retryIteration" value="0" />
                    <property name="repeatIteration" value="0" />
                  </properties>
                </test-case>
                <test-case id="1041" name="Test_Constructor_WithMetadata_StoresBothValues" fullname="TimeSurvivor.Voxel.Core.Tests.MacroVoxelDataTests.Test_Constructor_WithMetadata_StoresBothValues" methodname="Test_Constructor_WithMetadata_StoresBothValues" classname="TimeSurvivor.Voxel.Core.Tests.MacroVoxelDataTests" runstate="Runnable" seed="638435473" result="Passed" start-time="2025-11-22 15:35:21Z" end-time="2025-11-22 15:35:21Z" duration="0.000115" asserts="0">
                  <properties>
                    <property name="retryIteration" value="0" />
                    <property name="repeatIteration" value="0" />
                  </properties>
                </test-case>
                <test-case id="1036" name="Test_IsSolid_AirVoxel_ReturnsFalse" fullname="TimeSurvivor.Voxel.Core.Tests.MacroVoxelDataTests.Test_IsSolid_AirVoxel_ReturnsFalse" methodname="Test_IsSolid_AirVoxel_ReturnsFalse" classname="TimeSurvivor.Voxel.Core.Tests.MacroVoxelDataTests" runstate="Runnable" seed="213997989" result="Passed" start-time="2025-11-22 15:35:21Z" end-time="2025-11-22 15:35:21Z" duration="0.000091" asserts="0">
                  <properties>
                    <property name="retryIteration" value="0" />
                    <property name="repeatIteration" value="0" />
                  </properties>
                </test-case>
                <test-case id="1037" name="Test_IsSolid_SolidVoxelTypes_ReturnsTrue" fullname="TimeSurvivor.Voxel.Core.Tests.MacroVoxelDataTests.Test_IsSolid_SolidVoxelTypes_ReturnsTrue" methodname="Test_IsSolid_SolidVoxelTypes_ReturnsTrue" classname="TimeSurvivor.Voxel.Core.Tests.MacroVoxelDataTests" runstate="Runnable" seed="962571895" result="Passed" start-time="2025-11-22 15:35:21Z" end-time="2025-11-22 15:35:21Z" duration="0.000109" asserts="0">
                  <properties>
                    <property name="retryIteration" value="0" />
                    <property name="repeatIteration" value="0" />
                  </properties>
                </test-case>
                <test-case id="1039" name="Test_IsTransparent_OpaqueVoxelTypes_ReturnsFalse" fullname="TimeSurvivor.Voxel.Core.Tests.MacroVoxelDataTests.Test_IsTransparent_OpaqueVoxelTypes_ReturnsFalse" methodname="Test_IsTransparent_OpaqueVoxelTypes_ReturnsFalse" classname="TimeSurvivor.Voxel.Core.Tests.MacroVoxelDataTests" runstate="Runnable" seed="1224164191" result="Passed" start-time="2025-11-22 15:35:21Z" end-time="2025-11-22 15:35:21Z" duration="0.000125" asserts="0">
                  <properties>
                    <property name="retryIteration" value="0" />
                    <property name="repeatIteration" value="0" />
                  </properties>
                </test-case>
                <test-case id="1038" name="Test_IsTransparent_WaterAndLeaves_ReturnsTrue" fullname="TimeSurvivor.Voxel.Core.Tests.MacroVoxelDataTests.Test_IsTransparent_WaterAndLeaves_ReturnsTrue" methodname="Test_IsTransparent_WaterAndLeaves_ReturnsTrue" classname="TimeSurvivor.Voxel.Core.Tests.MacroVoxelDataTests" runstate="Runnable" seed="1522616212" result="Passed" start-time="2025-11-22 15:35:21Z" end-time="2025-11-22 15:35:21Z" duration="0.000092" asserts="0">
                  <properties>
                    <property name="retryIteration" value="0" />
                    <property name="repeatIteration" value="0" />
                  </properties>
                </test-case>
                <test-case id="1045" name="Test_LeavesVoxel_IsSolidAndTransparent" fullname="TimeSurvivor.Voxel.Core.Tests.MacroVoxelDataTests.Test_LeavesVoxel_IsSolidAndTransparent" methodname="Test_LeavesVoxel_IsSolidAndTransparent" classname="TimeSurvivor.Voxel.Core.Tests.MacroVoxelDataTests" runstate="Runnable" seed="1123431532" result="Passed" start-time="2025-11-22 15:35:21Z" end-time="2025-11-22 15:35:21Z" duration="0.000079" asserts="0">
                  <properties>
                    <property name="retryIteration" value="0" />
                    <property name="repeatIteration" value="0" />
                  </properties>
                </test-case>
                <test-case id="1043" name="Test_Metadata_MaxValue_StoredCorrectly" fullname="TimeSurvivor.Voxel.Core.Tests.MacroVoxelDataTests.Test_Metadata_MaxValue_StoredCorrectly" methodname="Test_Metadata_MaxValue_StoredCorrectly" classname="TimeSurvivor.Voxel.Core.Tests.MacroVoxelDataTests" runstate="Runnable" seed="1809378329" result="Passed" start-time="2025-11-22 15:35:21Z" end-time="2025-11-22 15:35:21Z" duration="0.000072" asserts="0">
                  <properties>
                    <property name="retryIteration" value="0" />
                    <property name="repeatIteration" value="0" />
                  </properties>
                </test-case>
                <test-case id="1044" name="Test_WaterVoxel_IsSolidAndTransparent" fullname="TimeSurvivor.Voxel.Core.Tests.MacroVoxelDataTests.Test_WaterVoxel_IsSolidAndTransparent" methodname="Test_WaterVoxel_IsSolidAndTransparent" classname="TimeSurvivor.Voxel.Core.Tests.MacroVoxelDataTests" runstate="Runnable" seed="1077691413" result="Passed" start-time="2025-11-22 15:35:21Z" end-time="2025-11-22 15:35:21Z" duration="0.000077" asserts="0">
                  <properties>
                    <property name="retryIteration" value="0" />
                    <property name="repeatIteration" value="0" />
                  </properties>
                </test-case>
              </test-suite>
              <test-suite type="TestFixture" id="1046" name="MicroVoxelDataTests" fullname="TimeSurvivor.Voxel.Core.Tests.MicroVoxelDataTests" classname="TimeSurvivor.Voxel.Core.Tests.MicroVoxelDataTests" runstate="Runnable" testcasecount="16" result="Passed" start-time="2025-11-22 15:35:21Z" end-time="2025-11-22 15:35:21Z" duration="0.003738" total="16" passed="16" failed="0" inconclusive="0" skipped="0" asserts="0">
                <properties />
                <test-case id="1058" name="Test_Constructor_CustomHealth_StoresCorrectly" fullname="TimeSurvivor.Voxel.Core.Tests.MicroVoxelDataTests.Test_Constructor_CustomHealth_StoresCorrectly" methodname="Test_Constructor_CustomHealth_StoresCorrectly" classname="TimeSurvivor.Voxel.Core.Tests.MicroVoxelDataTests" runstate="Runnable" seed="567478759" result="Passed" start-time="2025-11-22 15:35:21Z" end-time="2025-11-22 15:35:21Z" duration="0.000124" asserts="0">
                  <properties>
                    <property name="retryIteration" value="0" />
                    <property name="repeatIteration" value="0" />
                  </properties>
                </test-case>
                <test-case id="1057" name="Test_Constructor_DefaultHealth_SetsMaxHealth" fullname="TimeSurvivor.Voxel.Core.Tests.MicroVoxelDataTests.Test_Constructor_DefaultHealth_SetsMaxHealth" methodname="Test_Constructor_DefaultHealth_SetsMaxHealth" classname="TimeSurvivor.Voxel.Core.Tests.MicroVoxelDataTests" runstate="Runnable" seed="461206647" result="Passed" start-time="2025-11-22 15:35:21Z" end-time="2025-11-22 15:35:21Z" duration="0.000103" asserts="0">
                  <properties>
                    <property name="retryIteration" value="0" />
                    <property name="repeatIteration" value="0" />
                  </properties>
                </test-case>
                <test-case id="1059" name="Test_Constructor_WithAllParameters_StoresAllValues" fullname="TimeSurvivor.Voxel.Core.Tests.MicroVoxelDataTests.Test_Constructor_WithAllParameters_StoresAllValues" methodname="Test_Constructor_WithAllParameters_StoresAllValues" classname="TimeSurvivor.Voxel.Core.Tests.MicroVoxelDataTests" runstate="Runnable" seed="1624231520" result="Passed" start-time="2025-11-22 15:35:21Z" end-time="2025-11-22 15:35:21Z" duration="0.000115" asserts="0">
                  <properties>
                    <property name="retryIteration" value="0" />
                    <property name="repeatIteration" value="0" />
                  </properties>
                </test-case>
                <test-case id="1051" name="Test_IsDestroyed_PositiveHealth_ReturnsFalse" fullname="TimeSurvivor.Voxel.Core.Tests.MicroVoxelDataTests.Test_IsDestroyed_PositiveHealth_ReturnsFalse" methodname="Test_IsDestroyed_PositiveHealth_ReturnsFalse" classname="TimeSurvivor.Voxel.Core.Tests.MicroVoxelDataTests" runstate="Runnable" seed="90127144" result="Passed" start-time="2025-11-22 15:35:21Z" end-time="2025-11-22 15:35:21Z" duration="0.000092" asserts="0">
                  <properties>
                    <property name="retryIteration" value="0" />
                    <property name="repeatIteration" value="0" />
                  </properties>
                </test-case>
                <test-case id="1050" name="Test_IsDestroyed_ZeroHealth_ReturnsTrue" fullname="TimeSurvivor.Voxel.Core.Tests.MicroVoxelDataTests.Test_IsDestroyed_ZeroHealth_ReturnsTrue" methodname="Test_IsDestroyed_ZeroHealth_ReturnsTrue" classname="TimeSurvivor.Voxel.Core.Tests.MicroVoxelDataTests" runstate="Runnable" seed="309570736" result="Passed" start-time="2025-11-22 15:35:21Z" end-time="2025-11-22 15:35:21Z" duration="0.000069" asserts="0">
                  <properties>
                    <property name="retryIteration" value="0" />
                    <property name="repeatIteration" value="0" />
                  </properties>
                </test-case>
                <test-case id="1047" name="Test_IsSolid_AirVoxel_ReturnsFalse" fullname="TimeSurvivor.Voxel.Core.Tests.MicroVoxelDataTests.Test_IsSolid_AirVoxel_ReturnsFalse" methodname="Test_IsSolid_AirVoxel_ReturnsFalse" classname="TimeSurvivor.Voxel.Core.Tests.MicroVoxelDataTests" runstate="Runnable" seed="779398579" result="Passed" start-time="2025-11-22 15:35:21Z" end-time="2025-11-22 15:35:21Z" duration="0.000085" asserts="0">
                  <properties>
                    <property name="retryIteration" value="0" />
                    <property name="repeatIteration" value="0" />
                  </properties>
                </test-case>
                <test-case id="1048" name="Test_IsSolid_HealthyVoxel_ReturnsTrue" fullname="TimeSurvivor.Voxel.Core.Tests.MicroVoxelDataTests.Test_IsSolid_HealthyVoxel_ReturnsTrue" methodname="Test_IsSolid_HealthyVoxel_ReturnsTrue" classname="TimeSurvivor.Voxel.Core.Tests.MicroVoxelDataTests" runstate="Runnable" seed="1579692655" result="Passed" start-time="2025-11-22 15:35:21Z" end-time="2025-11-22 15:35:21Z" duration="0.000075" asserts="0">
                  <properties>
                    <property name="retryIteration" value="0" />
                    <property name="repeatIteration" value="0" />
                  </properties>
                </test-case>
                <test-case id="1062" name="Test_IsSolid_MinimumHealth_ReturnsTrue" fullname="TimeSurvivor.Voxel.Core.Tests.MicroVoxelDataTests.Test_IsSolid_MinimumHealth_ReturnsTrue" methodname="Test_IsSolid_MinimumHealth_ReturnsTrue" classname="TimeSurvivor.Voxel.Core.Tests.MicroVoxelDataTests" runstate="Runnable" seed="508080593" result="Passed" start-time="2025-11-22 15:35:21Z" end-time="2025-11-22 15:35:21Z" duration="0.000066" asserts="0">
                  <properties>
                    <property name="retryIteration" value="0" />
                    <property name="repeatIteration" value="0" />
                  </properties>
                </test-case>
                <test-case id="1049" name="Test_IsSolid_ZeroHealth_ReturnsFalse" fullname="TimeSurvivor.Voxel.Core.Tests.MicroVoxelDataTests.Test_IsSolid_ZeroHealth_ReturnsFalse" methodname="Test_IsSolid_ZeroHealth_ReturnsFalse" classname="TimeSurvivor.Voxel.Core.Tests.MicroVoxelDataTests" runstate="Runnable" seed="1821307491" result="Passed" start-time="2025-11-22 15:35:21Z" end-time="2025-11-22 15:35:21Z" duration="0.000062" asserts="0">
                  <properties>
                    <property name="retryIteration" value="0" />
                    <property name="repeatIteration" value="0" />
                  </properties>
                </test-case>
                <test-case id="1053" name="Test_WithDamage_ExactDamage_ConvertsToAir" fullname="TimeSurvivor.Voxel.Core.Tests.MicroVoxelDataTests.Test_WithDamage_ExactDamage_ConvertsToAir" methodname="Test_WithDamage_ExactDamage_ConvertsToAir" classname="TimeSurvivor.Voxel.Core.Tests.MicroVoxelDataTests" runstate="Runnable" seed="387187649" result="Passed" start-time="2025-11-22 15:35:21Z" end-time="2025-11-22 15:35:21Z" duration="0.000171" asserts="0">
                  <properties>
                    <property name="retryIteration" value="0" />
                    <property name="repeatIteration" value="0" />
                  </properties>
                </test-case>
                <test-case id="1056" name="Test_WithDamage_MetadataPreservedOnDestruction" fullname="TimeSurvivor.Voxel.Core.Tests.MicroVoxelDataTests.Test_WithDamage_MetadataPreservedOnDestruction" methodname="Test_WithDamage_MetadataPreservedOnDestruction" classname="TimeSurvivor.Voxel.Core.Tests.MicroVoxelDataTests" runstate="Runnable" seed="30996664" result="Passed" start-time="2025-11-22 15:35:21Z" end-time="2025-11-22 15:35:21Z" duration="0.000098" asserts="0">
                  <properties>
                    <property name="retryIteration" value="0" />
                    <property name="repeatIteration" value="0" />
                  </properties>
                </test-case>
                <test-case id="1060" name="Test_WithDamage_OneHealthPoint_ConvertsToAir" fullname="TimeSurvivor.Voxel.Core.Tests.MicroVoxelDataTests.Test_WithDamage_OneHealthPoint_ConvertsToAir" methodname="Test_WithDamage_OneHealthPoint_ConvertsToAir" classname="TimeSurvivor.Voxel.Core.Tests.MicroVoxelDataTests" runstate="Runnable" seed="538914568" result="Passed" start-time="2025-11-22 15:35:21Z" end-time="2025-11-22 15:35:21Z" duration="0.000091" asserts="0">
                  <properties>
                    <property name="retryIteration" value="0" />
                    <property name="repeatIteration" value="0" />
                  </properties>
                </test-case>
                <test-case id="1054" name="Test_WithDamage_Overkill_ConvertsToAirWithZeroHealth" fullname="TimeSurvivor.Voxel.Core.Tests.MicroVoxelDataTests.Test_WithDamage_Overkill_ConvertsToAirWithZeroHealth" methodname="Test_WithDamage_Overkill_ConvertsToAirWithZeroHealth" classname="TimeSurvivor.Voxel.Core.Tests.MicroVoxelDataTests" runstate="Runnable" seed="168968162" result="Passed" start-time="2025-11-22 15:35:21Z" end-time="2025-11-22 15:35:21Z" duration="0.000120" asserts="0">
                  <properties>
                    <property name="retryIteration" value="0" />
                    <property name="repeatIteration" value="0" />
                  </properties>
                </test-case>
                <test-case id="1052" name="Test_WithDamage_PartialDamage_ReturnsNewVoxelWithReducedHealth" fullname="TimeSurvivor.Voxel.Core.Tests.MicroVoxelDataTests.Test_WithDamage_PartialDamage_ReturnsNewVoxelWithReducedHealth" methodname="Test_WithDamage_PartialDamage_ReturnsNewVoxelWithReducedHealth" classname="TimeSurvivor.Voxel.Core.Tests.MicroVoxelDataTests" runstate="Runnable" seed="685741502" result="Passed" start-time="2025-11-22 15:35:21Z" end-time="2025-11-22 15:35:21Z" duration="0.000107" asserts="0">
                  <properties>
                    <property name="retryIteration" value="0" />
                    <property name="repeatIteration" value="0" />
                  </properties>
                </test-case>
                <test-case id="1055" name="Test_WithDamage_PreservesMetadata" fullname="TimeSurvivor.Voxel.Core.Tests.MicroVoxelDataTests.Test_WithDamage_PreservesMetadata" methodname="Test_WithDamage_PreservesMetadata" classname="TimeSurvivor.Voxel.Core.Tests.MicroVoxelDataTests" runstate="Runnable" seed="1924276904" result="Passed" start-time="2025-11-22 15:35:21Z" end-time="2025-11-22 15:35:21Z" duration="0.000076" asserts="0">
                  <properties>
                    <property name="retryIteration" value="0" />
                    <property name="repeatIteration" value="0" />
                  </properties>
                </test-case>
                <test-case id="1061" name="Test_WithDamage_ZeroDamage_ReturnsUnchangedCopy" fullname="TimeSurvivor.Voxel.Core.Tests.MicroVoxelDataTests.Test_WithDamage_ZeroDamage_ReturnsUnchangedCopy" methodname="Test_WithDamage_ZeroDamage_ReturnsUnchangedCopy" classname="TimeSurvivor.Voxel.Core.Tests.MicroVoxelDataTests" runstate="Runnable" seed="837885512" result="Passed" start-time="2025-11-22 15:35:21Z" end-time="2025-11-22 15:35:21Z" duration="0.000092" asserts="0">
                  <properties>
                    <property name="retryIteration" value="0" />
                    <property name="repeatIteration" value="0" />
                  </properties>
                </test-case>
              </test-suite>
              <test-suite type="TestFixture" id="1063" name="VoxelConfigurationTests" fullname="TimeSurvivor.Voxel.Core.Tests.VoxelConfigurationTests" classname="TimeSurvivor.Voxel.Core.Tests.VoxelConfigurationTests" runstate="Runnable" testcasecount="15" result="Passed" start-time="2025-11-22 15:35:21Z" end-time="2025-11-22 15:35:21Z" duration="0.006162" total="15" passed="15" failed="0" inconclusive="0" skipped="0" asserts="0">
                <properties />
                <test-case id="1065" name="Test_ChunkVolume_DifferentSizes_ReturnsCorrectVolumes" fullname="TimeSurvivor.Voxel.Core.Tests.VoxelConfigurationTests.Test_ChunkVolume_DifferentSizes_ReturnsCorrectVolumes" methodname="Test_ChunkVolume_DifferentSizes_ReturnsCorrectVolumes" classname="TimeSurvivor.Voxel.Core.Tests.VoxelConfigurationTests" runstate="Runnable" seed="629161323" result="Passed" start-time="2025-11-22 15:35:21Z" end-time="2025-11-22 15:35:21Z" duration="0.000242" asserts="0">
                  <properties>
                    <property name="retryIteration" value="0" />
                    <property name="repeatIteration" value="0" />
                  </properties>
                </test-case>
                <test-case id="1064" name="Test_ChunkVolume_ReturnsCorrectVolume" fullname="TimeSurvivor.Voxel.Core.Tests.VoxelConfigurationTests.Test_ChunkVolume_ReturnsCorrectVolume" methodname="Test_ChunkVolume_ReturnsCorrectVolume" classname="TimeSurvivor.Voxel.Core.Tests.VoxelConfigurationTests" runstate="Runnable" seed="1010960040" result="Passed" start-time="2025-11-22 15:35:21Z" end-time="2025-11-22 15:35:21Z" duration="0.000083" asserts="0">
                  <properties>
                    <property name="retryIteration" value="0" />
                    <property name="repeatIteration" value="0" />
                  </properties>
                </test-case>
                <test-case id="1078" name="Test_ChunkWorldSize_ScalesWithChunkSize" fullname="TimeSurvivor.Voxel.Core.Tests.VoxelConfigurationTests.Test_ChunkWorldSize_ScalesWithChunkSize" methodname="Test_ChunkWorldSize_ScalesWithChunkSize" classname="TimeSurvivor.Voxel.Core.Tests.VoxelConfigurationTests" runstate="Runnable" seed="550779679" result="Passed" start-time="2025-11-22 15:35:21Z" end-time="2025-11-22 15:35:21Z" duration="0.000411" asserts="0">
                  <properties>
                    <property name="retryIteration" value="0" />
                    <property name="repeatIteration" value="0" />
                  </properties>
                </test-case>
                <test-case id="1077" name="Test_ChunkWorldSize_ScalesWithVoxelSize" fullname="TimeSurvivor.Voxel.Core.Tests.VoxelConfigurationTests.Test_ChunkWorldSize_ScalesWithVoxelSize" methodname="Test_ChunkWorldSize_ScalesWithVoxelSize" classname="TimeSurvivor.Voxel.Core.Tests.VoxelConfigurationTests" runstate="Runnable" seed="1276655964" result="Passed" start-time="2025-11-22 15:35:21Z" end-time="2025-11-22 15:35:21Z" duration="0.000106" asserts="0">
                  <properties>
                    <property name="retryIteration" value="0" />
                    <property name="repeatIteration" value="0" />
                  </properties>
                </test-case>
                <test-case id="1068" name="Test_ChunkWorldSizes_MacroLargerThanMicro" fullname="TimeSurvivor.Voxel.Core.Tests.VoxelConfigurationTests.Test_ChunkWorldSizes_MacroLargerThanMicro" methodname="Test_ChunkWorldSizes_MacroLargerThanMicro" classname="TimeSurvivor.Voxel.Core.Tests.VoxelConfigurationTests" runstate="Runnable" seed="1271409896" result="Passed" start-time="2025-11-22 15:35:21Z" end-time="2025-11-22 15:35:21Z" duration="0.000285" asserts="0">
                  <properties>
                    <property name="retryIteration" value="0" />
                    <property name="repeatIteration" value="0" />
                  </properties>
                </test-case>
                <test-case id="1070" name="Test_CreateTestConfig_CustomValues_ArePreserved" fullname="TimeSurvivor.Voxel.Core.Tests.VoxelConfigurationTests.Test_CreateTestConfig_CustomValues_ArePreserved" methodname="Test_CreateTestConfig_CustomValues_ArePreserved" classname="TimeSurvivor.Voxel.Core.Tests.VoxelConfigurationTests" runstate="Runnable" seed="2020241787" result="Passed" start-time="2025-11-22 15:35:21Z" end-time="2025-11-22 15:35:21Z" duration="0.000203" asserts="0">
                  <properties>
                    <property name="retryIteration" value="0" />
                    <property name="repeatIteration" value="0" />
                  </properties>
                </test-case>
                <test-case id="1069" name="Test_CreateTestConfig_DefaultValues_AreSet" fullname="TimeSurvivor.Voxel.Core.Tests.VoxelConfigurationTests.Test_CreateTestConfig_DefaultValues_AreSet" methodname="Test_CreateTestConfig_DefaultValues_AreSet" classname="TimeSurvivor.Voxel.Core.Tests.VoxelConfigurationTests" runstate="Runnable" seed="1894372214" result="Passed" start-time="2025-11-22 15:35:21Z" end-time="2025-11-22 15:35:21Z" duration="0.000224" asserts="0">
                  <properties>
                    <property name="retryIteration" value="0" />
                    <property name="repeatIteration" value="0" />
                  </properties>
                </test-case>
                <test-case id="1066" name="Test_MacroChunkWorldSize_ReturnsCorrectSize" fullname="TimeSurvivor.Voxel.Core.Tests.VoxelConfigurationTests.Test_MacroChunkWorldSize_ReturnsCorrectSize" methodname="Test_MacroChunkWorldSize_ReturnsCorrectSize" classname="TimeSurvivor.Voxel.Core.Tests.VoxelConfigurationTests" runstate="Runnable" seed="1001688806" result="Passed" start-time="2025-11-22 15:35:21Z" end-time="2025-11-22 15:35:21Z" duration="0.000080" asserts="0">
                  <properties>
                    <property name="retryIteration" value="0" />
                    <property name="repeatIteration" value="0" />
                  </properties>
                </test-case>
                <test-case id="1067" name="Test_MicroChunkWorldSize_ReturnsCorrectSize" fullname="TimeSurvivor.Voxel.Core.Tests.VoxelConfigurationTests.Test_MicroChunkWorldSize_ReturnsCorrectSize" methodname="Test_MicroChunkWorldSize_ReturnsCorrectSize" classname="TimeSurvivor.Voxel.Core.Tests.VoxelConfigurationTests" runstate="Runnable" seed="227975083" result="Passed" start-time="2025-11-22 15:35:21Z" end-time="2025-11-22 15:35:21Z" duration="0.000080" asserts="0">
                  <properties>
                    <property name="retryIteration" value="0" />
                    <property name="repeatIteration" value="0" />
                  </properties>
                </test-case>
                <test-case id="1073" name="Test_VoxelConfiguration_DeterministicSeed_IsSet" fullname="TimeSurvivor.Voxel.Core.Tests.VoxelConfigurationTests.Test_VoxelConfiguration_DeterministicSeed_IsSet" methodname="Test_VoxelConfiguration_DeterministicSeed_IsSet" classname="TimeSurvivor.Voxel.Core.Tests.VoxelConfigurationTests" runstate="Runnable" seed="402664556" result="Passed" start-time="2025-11-22 15:35:21Z" end-time="2025-11-22 15:35:21Z" duration="0.000077" asserts="0">
                  <properties>
                    <property name="retryIteration" value="0" />
                    <property name="repeatIteration" value="0" />
                  </properties>
                </test-case>
                <test-case id="1071" name="Test_VoxelConfiguration_IsScriptableObject" fullname="TimeSurvivor.Voxel.Core.Tests.VoxelConfigurationTests.Test_VoxelConfiguration_IsScriptableObject" methodname="Test_VoxelConfiguration_IsScriptableObject" classname="TimeSurvivor.Voxel.Core.Tests.VoxelConfigurationTests" runstate="Runnable" seed="1949892549" result="Passed" start-time="2025-11-22 15:35:21Z" end-time="2025-11-22 15:35:21Z" duration="0.000535" asserts="0">
                  <properties>
                    <property name="retryIteration" value="0" />
                    <property name="repeatIteration" value="0" />
                  </properties>
                </test-case>
                <test-case id="1075" name="Test_VoxelConfiguration_MaxCachedChunks_IsPositive" fullname="TimeSurvivor.Voxel.Core.Tests.VoxelConfigurationTests.Test_VoxelConfiguration_MaxCachedChunks_IsPositive" methodname="Test_VoxelConfiguration_MaxCachedChunks_IsPositive" classname="TimeSurvivor.Voxel.Core.Tests.VoxelConfigurationTests" runstate="Runnable" seed="996790847" result="Passed" start-time="2025-11-22 15:35:21Z" end-time="2025-11-22 15:35:21Z" duration="0.000104" asserts="0">
                  <properties>
                    <property name="retryIteration" value="0" />
                    <property name="repeatIteration" value="0" />
                  </properties>
                </test-case>
                <test-case id="1072" name="Test_VoxelConfiguration_PowerOfTwoChunkSize_CalculatesCorrectly" fullname="TimeSurvivor.Voxel.Core.Tests.VoxelConfigurationTests.Test_VoxelConfiguration_PowerOfTwoChunkSize_CalculatesCorrectly" methodname="Test_VoxelConfiguration_PowerOfTwoChunkSize_CalculatesCorrectly" classname="TimeSurvivor.Voxel.Core.Tests.VoxelConfigurationTests" runstate="Runnable" seed="1684234727" result="Passed" start-time="2025-11-22 15:35:21Z" end-time="2025-11-22 15:35:21Z" duration="0.000262" asserts="0">
                  <properties>
                    <property name="retryIteration" value="0" />
                    <property name="repeatIteration" value="0" />
                  </properties>
                </test-case>
                <test-case id="1074" name="Test_VoxelConfiguration_RenderDistance_IsPositive" fullname="TimeSurvivor.Voxel.Core.Tests.VoxelConfigurationTests.Test_VoxelConfiguration_RenderDistance_IsPositive" methodname="Test_VoxelConfiguration_RenderDistance_IsPositive" classname="TimeSurvivor.Voxel.Core.Tests.VoxelConfigurationTests" runstate="Runnable" seed="1062473113" result="Passed" start-time="2025-11-22 15:35:21Z" end-time="2025-11-22 15:35:21Z" duration="0.000337" asserts="0">
                  <properties>
                    <property name="retryIteration" value="0" />
                    <property name="repeatIteration" value="0" />
                  </properties>
                </test-case>
                <test-case id="1076" name="Test_VoxelSizes_MicroSmallerThanMacro" fullname="TimeSurvivor.Voxel.Core.Tests.VoxelConfigurationTests.Test_VoxelSizes_MicroSmallerThanMacro" methodname="Test_VoxelSizes_MicroSmallerThanMacro" classname="TimeSurvivor.Voxel.Core.Tests.VoxelConfigurationTests" runstate="Runnable" seed="117742066" result="Passed" start-time="2025-11-22 15:35:21Z" end-time="2025-11-22 15:35:21Z" duration="0.000355" asserts="0">
                  <properties>
                    <property name="retryIteration" value="0" />
                    <property name="repeatIteration" value="0" />
                  </properties>
                </test-case>
              </test-suite>
              <test-suite type="TestFixture" id="1079" name="VoxelMathTests" fullname="TimeSurvivor.Voxel.Core.Tests.VoxelMathTests" classname="TimeSurvivor.Voxel.Core.Tests.VoxelMathTests" runstate="Runnable" testcasecount="22" result="Passed" start-time="2025-11-22 15:35:21Z" end-time="2025-11-22 15:35:21Z" duration="0.014328" total="22" passed="22" failed="0" inconclusive="0" skipped="0" asserts="0">
                <properties />
                <test-case id="1084" name="Test_ChunkCoordToWorld_NegativeChunk_ReturnsCorrectWorldPos" fullname="TimeSurvivor.Voxel.Core.Tests.VoxelMathTests.Test_ChunkCoordToWorld_NegativeChunk_ReturnsCorrectWorldPos" methodname="Test_ChunkCoordToWorld_NegativeChunk_ReturnsCorrectWorldPos" classname="TimeSurvivor.Voxel.Core.Tests.VoxelMathTests" runstate="Runnable" seed="2061276080" result="Passed" start-time="2025-11-22 15:35:21Z" end-time="2025-11-22 15:35:21Z" duration="0.000206" asserts="0">
                  <properties>
                    <property name="retryIteration" value="0" />
                    <property name="repeatIteration" value="0" />
                  </properties>
                </test-case>
                <test-case id="1083" name="Test_ChunkCoordToWorld_PositiveChunk_ReturnsCorrectWorldPos" fullname="TimeSurvivor.Voxel.Core.Tests.VoxelMathTests.Test_ChunkCoordToWorld_PositiveChunk_ReturnsCorrectWorldPos" methodname="Test_ChunkCoordToWorld_PositiveChunk_ReturnsCorrectWorldPos" classname="TimeSurvivor.Voxel.Core.Tests.VoxelMathTests" runstate="Runnable" seed="667473684" result="Passed" start-time="2025-11-22 15:35:21Z" end-time="2025-11-22 15:35:21Z" duration="0.000199" asserts="0">
                  <properties>
                    <property name="retryIteration" value="0" />
                    <property name="repeatIteration" value="0" />
                  </properties>
                </test-case>
                <test-case id="1085" name="Test_ChunkCoordToWorld_RoundTrip_ReturnsOriginalChunk" fullname="TimeSurvivor.Voxel.Core.Tests.VoxelMathTests.Test_ChunkCoordToWorld_RoundTrip_ReturnsOriginalChunk" methodname="Test_ChunkCoordToWorld_RoundTrip_ReturnsOriginalChunk" classname="TimeSurvivor.Voxel.Core.Tests.VoxelMathTests" runstate="Runnable" seed="483917186" result="Passed" start-time="2025-11-22 15:35:21Z" end-time="2025-11-22 15:35:21Z" duration="0.000426" asserts="0">
                  <properties>
                    <property name="retryIteration" value="0" />
                    <property name="repeatIteration" value="0" />
                  </properties>
                </test-case>
                <test-case id="1099" name="Test_ChunkDistanceSquared_ReturnsCorrectSquaredDistance" fullname="TimeSurvivor.Voxel.Core.Tests.VoxelMathTests.Test_ChunkDistanceSquared_ReturnsCorrectSquaredDistance" methodname="Test_ChunkDistanceSquared_ReturnsCorrectSquaredDistance" classname="TimeSurvivor.Voxel.Core.Tests.VoxelMathTests" runstate="Runnable" seed="931624269" result="Passed" start-time="2025-11-22 15:35:21Z" end-time="2025-11-22 15:35:21Z" duration="0.000191" asserts="0">
                  <properties>
                    <property name="retryIteration" value="0" />
                    <property name="repeatIteration" value="0" />
                  </properties>
                </test-case>
                <test-case id="1098" name="Test_ChunkManhattanDistance_ReturnsCorrectDistance" fullname="TimeSurvivor.Voxel.Core.Tests.VoxelMathTests.Test_ChunkManhattanDistance_ReturnsCorrectDistance" methodname="Test_ChunkManhattanDistance_ReturnsCorrectDistance" classname="TimeSurvivor.Voxel.Core.Tests.VoxelMathTests" runstate="Runnable" seed="1554286830" result="Passed" start-time="2025-11-22 15:35:21Z" end-time="2025-11-22 15:35:21Z" duration="0.000218" asserts="0">
                  <properties>
                    <property name="retryIteration" value="0" />
                    <property name="repeatIteration" value="0" />
                  </properties>
                </test-case>
                <test-case id="1090" name="Test_Flatten3DIndex_MaxCoordinate_ReturnsLastIndex" fullname="TimeSurvivor.Voxel.Core.Tests.VoxelMathTests.Test_Flatten3DIndex_MaxCoordinate_ReturnsLastIndex" methodname="Test_Flatten3DIndex_MaxCoordinate_ReturnsLastIndex" classname="TimeSurvivor.Voxel.Core.Tests.VoxelMathTests" runstate="Runnable" seed="1927440882" result="Passed" start-time="2025-11-22 15:35:21Z" end-time="2025-11-22 15:35:21Z" duration="0.000076" asserts="0">
                  <properties>
                    <property name="retryIteration" value="0" />
                    <property name="repeatIteration" value="0" />
                  </properties>
                </test-case>
                <test-case id="1088" name="Test_Flatten3DIndex_Origin_ReturnsZero" fullname="TimeSurvivor.Voxel.Core.Tests.VoxelMathTests.Test_Flatten3DIndex_Origin_ReturnsZero" methodname="Test_Flatten3DIndex_Origin_ReturnsZero" classname="TimeSurvivor.Voxel.Core.Tests.VoxelMathTests" runstate="Runnable" seed="982620798" result="Passed" start-time="2025-11-22 15:35:21Z" end-time="2025-11-22 15:35:21Z" duration="0.000068" asserts="0">
                  <properties>
                    <property name="retryIteration" value="0" />
                    <property name="repeatIteration" value="0" />
                  </properties>
                </test-case>
                <test-case id="1089" name="Test_Flatten3DIndex_XYZOrdering_IsCorrect" fullname="TimeSurvivor.Voxel.Core.Tests.VoxelMathTests.Test_Flatten3DIndex_XYZOrdering_IsCorrect" methodname="Test_Flatten3DIndex_XYZOrdering_IsCorrect" classname="TimeSurvivor.Voxel.Core.Tests.VoxelMathTests" runstate="Runnable" seed="1092768183" result="Passed" start-time="2025-11-22 15:35:21Z" end-time="2025-11-22 15:35:21Z" duration="0.000106" asserts="0">
                  <properties>
                    <property name="retryIteration" value="0" />
                    <property name="repeatIteration" value="0" />
                  </properties>
                </test-case>
                <test-case id="1096" name="Test_IsValidLocalCoord_BoundaryValues_ReturnsCorrectly" fullname="TimeSurvivor.Voxel.Core.Tests.VoxelMathTests.Test_IsValidLocalCoord_BoundaryValues_ReturnsCorrectly" methodname="Test_IsValidLocalCoord_BoundaryValues_ReturnsCorrectly" classname="TimeSurvivor.Voxel.Core.Tests.VoxelMathTests" runstate="Runnable" seed="127548767" result="Passed" start-time="2025-11-22 15:35:21Z" end-time="2025-11-22 15:35:21Z" duration="0.000318" asserts="0">
                  <properties>
                    <property name="retryIteration" value="0" />
                    <property name="repeatIteration" value="0" />
                  </properties>
                </test-case>
                <test-case id="1095" name="Test_IsValidLocalCoord_OutOfBounds_ReturnsFalse" fullname="TimeSurvivor.Voxel.Core.Tests.VoxelMathTests.Test_IsValidLocalCoord_OutOfBounds_ReturnsFalse" methodname="Test_IsValidLocalCoord_OutOfBounds_ReturnsFalse" classname="TimeSurvivor.Voxel.Core.Tests.VoxelMathTests" runstate="Runnable" seed="1642114483" result="Passed" start-time="2025-11-22 15:35:21Z" end-time="2025-11-22 15:35:21Z" duration="0.000866" asserts="0">
                  <properties>
                    <property name="retryIteration" value="0" />
                    <property name="repeatIteration" value="0" />
                  </properties>
                </test-case>
                <test-case id="1094" name="Test_IsValidLocalCoord_WithinBounds_ReturnsTrue" fullname="TimeSurvivor.Voxel.Core.Tests.VoxelMathTests.Test_IsValidLocalCoord_WithinBounds_ReturnsTrue" methodname="Test_IsValidLocalCoord_WithinBounds_ReturnsTrue" classname="TimeSurvivor.Voxel.Core.Tests.VoxelMathTests" runstate="Runnable" seed="1415063837" result="Passed" start-time="2025-11-22 15:35:21Z" end-time="2025-11-22 15:35:21Z" duration="0.000264" asserts="0">
                  <properties>
                    <property name="retryIteration" value="0" />
                    <property name="repeatIteration" value="0" />
                  </properties>
                </test-case>
                <test-case id="1093" name="Test_Unflatten3DIndex_LastIndex_ReturnsMaxCoordinates" fullname="TimeSurvivor.Voxel.Core.Tests.VoxelMathTests.Test_Unflatten3DIndex_LastIndex_ReturnsMaxCoordinates" methodname="Test_Unflatten3DIndex_LastIndex_ReturnsMaxCoordinates" classname="TimeSurvivor.Voxel.Core.Tests.VoxelMathTests" runstate="Runnable" seed="1979421155" result="Passed" start-time="2025-11-22 15:35:21Z" end-time="2025-11-22 15:35:21Z" duration="0.000251" asserts="0">
                  <properties>
                    <property name="retryIteration" value="0" />
                    <property name="repeatIteration" value="0" />
                  </properties>
                </test-case>
                <test-case id="1092" name="Test_Unflatten3DIndex_RoundTrip_ReturnsOriginalCoordinate" fullname="TimeSurvivor.Voxel.Core.Tests.VoxelMathTests.Test_Unflatten3DIndex_RoundTrip_ReturnsOriginalCoordinate" methodname="Test_Unflatten3DIndex_RoundTrip_ReturnsOriginalCoordinate" classname="TimeSurvivor.Voxel.Core.Tests.VoxelMathTests" runstate="Runnable" seed="301358510" result="Passed" start-time="2025-11-22 15:35:21Z" end-time="2025-11-22 15:35:21Z" duration="0.000235" asserts="0">
                  <properties>
                    <property name="retryIteration" value="0" />
                    <property name="repeatIteration" value="0" />
                  </properties>
                </test-case>
                <test-case id="1091" name="Test_Unflatten3DIndex_Zero_ReturnsOrigin" fullname="TimeSurvivor.Voxel.Core.Tests.VoxelMathTests.Test_Unflatten3DIndex_Zero_ReturnsOrigin" methodname="Test_Unflatten3DIndex_Zero_ReturnsOrigin" classname="TimeSurvivor.Voxel.Core.Tests.VoxelMathTests" runstate="Runnable" seed="1688432594" result="Passed" start-time="2025-11-22 15:35:21Z" end-time="2025-11-22 15:35:21Z" duration="0.000112" asserts="0">
                  <properties>
                    <property name="retryIteration" value="0" />
                    <property name="repeatIteration" value="0" />
                  </properties>
                </test-case>
                <test-case id="1087" name="Test_VoxelCoordToWorld_OriginVoxel_ReturnsHalfVoxelSize" fullname="TimeSurvivor.Voxel.Core.Tests.VoxelMathTests.Test_VoxelCoordToWorld_OriginVoxel_ReturnsHalfVoxelSize" methodname="Test_VoxelCoordToWorld_OriginVoxel_ReturnsHalfVoxelSize" classname="TimeSurvivor.Voxel.Core.Tests.VoxelMathTests" runstate="Runnable" seed="631200676" result="Passed" start-time="2025-11-22 15:35:21Z" end-time="2025-11-22 15:35:21Z" duration="0.000328" asserts="0">
                  <properties>
                    <property name="retryIteration" value="0" />
                    <property name="repeatIteration" value="0" />
                  </properties>
                </test-case>
                <test-case id="1086" name="Test_VoxelCoordToWorld_ReturnsVoxelCenter" fullname="TimeSurvivor.Voxel.Core.Tests.VoxelMathTests.Test_VoxelCoordToWorld_ReturnsVoxelCenter" methodname="Test_VoxelCoordToWorld_ReturnsVoxelCenter" classname="TimeSurvivor.Voxel.Core.Tests.VoxelMathTests" runstate="Runnable" seed="1053548115" result="Passed" start-time="2025-11-22 15:35:21Z" end-time="2025-11-22 15:35:21Z" duration="0.000149" asserts="0">
                  <properties>
                    <property name="retryIteration" value="0" />
                    <property name="repeatIteration" value="0" />
                  </properties>
                </test-case>
                <test-case id="1101" name="Test_VoxelToLocalCoord_NegativeGlobalCoord_ReturnsCorrectLocal" fullname="TimeSurvivor.Voxel.Core.Tests.VoxelMathTests.Test_VoxelToLocalCoord_NegativeGlobalCoord_ReturnsCorrectLocal" methodname="Test_VoxelToLocalCoord_NegativeGlobalCoord_ReturnsCorrectLocal" classname="TimeSurvivor.Voxel.Core.Tests.VoxelMathTests" runstate="Runnable" seed="1737577014" result="Passed" start-time="2025-11-22 15:35:21Z" end-time="2025-11-22 15:35:21Z" duration="0.000370" asserts="0">
                  <properties>
                    <property name="retryIteration" value="0" />
                    <property name="repeatIteration" value="0" />
                  </properties>
                </test-case>
                <test-case id="1100" name="Test_VoxelToLocalCoord_PositiveGlobalCoord_ReturnsCorrectLocal" fullname="TimeSurvivor.Voxel.Core.Tests.VoxelMathTests.Test_VoxelToLocalCoord_PositiveGlobalCoord_ReturnsCorrectLocal" methodname="Test_VoxelToLocalCoord_PositiveGlobalCoord_ReturnsCorrectLocal" classname="TimeSurvivor.Voxel.Core.Tests.VoxelMathTests" runstate="Runnable" seed="1899482831" result="Passed" start-time="2025-11-22 15:35:21Z" end-time="2025-11-22 15:35:21Z" duration="0.000301" asserts="0">
                  <properties>
                    <property name="retryIteration" value="0" />
                    <property name="repeatIteration" value="0" />
                  </properties>
                </test-case>
                <test-case id="1082" name="Test_WorldToChunkCoord_ChunkBoundary_ReturnsCorrectChunk" fullname="TimeSurvivor.Voxel.Core.Tests.VoxelMathTests.Test_WorldToChunkCoord_ChunkBoundary_ReturnsCorrectChunk" methodname="Test_WorldToChunkCoord_ChunkBoundary_ReturnsCorrectChunk" classname="TimeSurvivor.Voxel.Core.Tests.VoxelMathTests" runstate="Runnable" seed="871412057" result="Passed" start-time="2025-11-22 15:35:21Z" end-time="2025-11-22 15:35:21Z" duration="0.000416" asserts="0">
                  <properties>
                    <property name="retryIteration" value="0" />
                    <property name="repeatIteration" value="0" />
                  </properties>
                </test-case>
                <test-case id="1081" name="Test_WorldToChunkCoord_NegativeCoordinates_ReturnsCorrectChunk" fullname="TimeSurvivor.Voxel.Core.Tests.VoxelMathTests.Test_WorldToChunkCoord_NegativeCoordinates_ReturnsCorrectChunk" methodname="Test_WorldToChunkCoord_NegativeCoordinates_ReturnsCorrectChunk" classname="TimeSurvivor.Voxel.Core.Tests.VoxelMathTests" runstate="Runnable" seed="614547778" result="Passed" start-time="2025-11-22 15:35:21Z" end-time="2025-11-22 15:35:21Z" duration="0.000301" asserts="0">
                  <properties>
                    <property name="retryIteration" value="0" />
                    <property name="repeatIteration" value="0" />
                  </properties>
                </test-case>
                <test-case id="1080" name="Test_WorldToChunkCoord_PositiveCoordinates_ReturnsCorrectChunk" fullname="TimeSurvivor.Voxel.Core.Tests.VoxelMathTests.Test_WorldToChunkCoord_PositiveCoordinates_ReturnsCorrectChunk" methodname="Test_WorldToChunkCoord_PositiveCoordinates_ReturnsCorrectChunk" classname="TimeSurvivor.Voxel.Core.Tests.VoxelMathTests" runstate="Runnable" seed="1618549821" result="Passed" start-time="2025-11-22 15:35:21Z" end-time="2025-11-22 15:35:21Z" duration="0.000636" asserts="0">
                  <properties>
                    <property name="retryIteration" value="0" />
                    <property name="repeatIteration" value="0" />
                  </properties>
                </test-case>
                <test-case id="1097" name="Test_WorldToVoxelCoord_PositiveCoordinates_ReturnsCorrect" fullname="TimeSurvivor.Voxel.Core.Tests.VoxelMathTests.Test_WorldToVoxelCoord_PositiveCoordinates_ReturnsCorrect" methodname="Test_WorldToVoxelCoord_PositiveCoordinates_ReturnsCorrect" classname="TimeSurvivor.Voxel.Core.Tests.VoxelMathTests" runstate="Runnable" seed="1977770587" result="Passed" start-time="2025-11-22 15:35:21Z" end-time="2025-11-22 15:35:21Z" duration="0.000398" asserts="0">
                  <properties>
                    <property name="retryIteration" value="0" />
                    <property name="repeatIteration" value="0" />
                  </properties>
                </test-case>
              </test-suite>
            </test-suite>
          </test-suite>
        </test-suite>
      </test-suite>
    </test-suite>
    <test-suite type="Assembly" id="1113" name="TimeSurvivor.Voxel.Rendering.Tests.dll" fullname="/Users/etherny/Documents/work/games/TimeSurvivorGame/Library/ScriptAssemblies/TimeSurvivor.Voxel.Rendering.Tests.dll" runstate="Runnable" testcasecount="5" result="Passed" start-time="2025-11-22 15:35:21Z" end-time="2025-11-22 15:35:27Z" duration="6.859316" total="5" passed="5" failed="0" inconclusive="0" skipped="0" asserts="0">
      <properties>
        <property name="_PID" value="57713" />
        <property name="_APPDOMAIN" value="Unity Child Domain" />
        <property name="platform" value="EditMode" />
        <property name="EditorOnly" value="True" />
      </properties>
      <test-suite type="TestSuite" id="1114" name="TimeSurvivor" fullname="TimeSurvivor" runstate="Runnable" testcasecount="5" result="Passed" start-time="2025-11-22 15:35:21Z" end-time="2025-11-22 15:35:27Z" duration="6.858496" total="5" passed="5" failed="0" inconclusive="0" skipped="0" asserts="0">
        <properties />
        <test-suite type="TestSuite" id="1115" name="Voxel" fullname="TimeSurvivor.Voxel" runstate="Runnable" testcasecount="5" result="Passed" start-time="2025-11-22 15:35:21Z" end-time="2025-11-22 15:35:27Z" duration="6.857785" total="5" passed="5" failed="0" inconclusive="0" skipped="0" asserts="0">
          <properties />
          <test-suite type="TestSuite" id="1116" name="Rendering" fullname="TimeSurvivor.Voxel.Rendering" runstate="Runnable" testcasecount="5" result="Passed" start-time="2025-11-22 15:35:21Z" end-time="2025-11-22 15:35:27Z" duration="6.857208" total="5" passed="5" failed="0" inconclusive="0" skipped="0" asserts="0">
            <properties />
            <test-suite type="TestSuite" id="1117" name="Tests" fullname="TimeSurvivor.Voxel.Rendering.Tests" runstate="Runnable" testcasecount="5" result="Passed" start-time="2025-11-22 15:35:21Z" end-time="2025-11-22 15:35:27Z" duration="6.856659" total="5" passed="5" failed="0" inconclusive="0" skipped="0" asserts="0">
              <properties />
              <test-suite type="TestFixture" id="1107" name="GreedyMeshingJobTests" fullname="TimeSurvivor.Voxel.Rendering.Tests.GreedyMeshingJobTests" classname="TimeSurvivor.Voxel.Rendering.Tests.GreedyMeshingJobTests" runstate="Runnable" testcasecount="5" result="Passed" start-time="2025-11-22 15:35:21Z" end-time="2025-11-22 15:35:27Z" duration="6.855764" total="5" passed="5" failed="0" inconclusive="0" skipped="0" asserts="0">
                <properties />
                <test-case id="1109" name="FlatPlaneTest" fullname="TimeSurvivor.Voxel.Rendering.Tests.GreedyMeshingJobTests.FlatPlaneTest" methodname="FlatPlaneTest" classname="TimeSurvivor.Voxel.Rendering.Tests.GreedyMeshingJobTests" runstate="Runnable" seed="1202510523" result="Passed" start-time="2025-11-22 15:35:21Z" end-time="2025-11-22 15:35:21Z" duration="0.082016" asserts="0">
                  <properties>
                    <property name="retryIteration" value="0" />
                    <property name="repeatIteration" value="0" />
                  </properties>
                </test-case>
                <test-case id="1111" name="OutputValidityTest" fullname="TimeSurvivor.Voxel.Rendering.Tests.GreedyMeshingJobTests.OutputValidityTest" methodname="OutputValidityTest" classname="TimeSurvivor.Voxel.Rendering.Tests.GreedyMeshingJobTests" runstate="Runnable" seed="168784212" result="Passed" start-time="2025-11-22 15:35:21Z" end-time="2025-11-22 15:35:26Z" duration="5.630081" asserts="0">
                  <properties>
                    <property name="retryIteration" value="0" />
                    <property name="repeatIteration" value="0" />
                  </properties>
                </test-case>
                <test-case id="1110" name="PerformanceTest" fullname="TimeSurvivor.Voxel.Rendering.Tests.GreedyMeshingJobTests.PerformanceTest" methodname="PerformanceTest" classname="TimeSurvivor.Voxel.Rendering.Tests.GreedyMeshingJobTests" runstate="Runnable" seed="661302438" result="Passed" start-time="2025-11-22 15:35:26Z" end-time="2025-11-22 15:35:27Z" duration="1.116284" asserts="0">
                  <properties>
                    <property name="retryIteration" value="0" />
                    <property name="repeatIteration" value="0" />
                  </properties>
                  <output><![CDATA[[GreedyMeshingJobTests] Performance: 7.370ms avg (Editor mode), 5332 vertices
]]></output>
                </test-case>
                <test-case id="1108" name="SingleCubeTest" fullname="TimeSurvivor.Voxel.Rendering.Tests.GreedyMeshingJobTests.SingleCubeTest" methodname="SingleCubeTest" classname="TimeSurvivor.Voxel.Rendering.Tests.GreedyMeshingJobTests" runstate="Runnable" seed="1051520479" result="Passed" start-time="2025-11-22 15:35:27Z" end-time="2025-11-22 15:35:27Z" duration="0.009309" asserts="0">
                  <properties>
                    <property name="retryIteration" value="0" />
                    <property name="repeatIteration" value="0" />
                  </properties>
                </test-case>
                <test-case id="1112" name="VerticesLimitTest" fullname="TimeSurvivor.Voxel.Rendering.Tests.GreedyMeshingJobTests.VerticesLimitTest" methodname="VerticesLimitTest" classname="TimeSurvivor.Voxel.Rendering.Tests.GreedyMeshingJobTests" runstate="Runnable" seed="571747839" result="Passed" start-time="2025-11-22 15:35:27Z" end-time="2025-11-22 15:35:27Z" duration="0.014672" asserts="0">
                  <properties>
                    <property name="retryIteration" value="0" />
                    <property name="repeatIteration" value="0" />
                  </properties>
                  <output><![CDATA[[GreedyMeshingJobTests] Worst-case (16³ checkerboard): 49152 vertices, Realistic (64³ terrain): 5332 vertices
]]></output>
                </test-case>
              </test-suite>
            </test-suite>
          </test-suite>
        </test-suite>
      </test-suite>
    </test-suite>
    <test-suite type="Assembly" id="1159" name="TimeSurvivor.Voxel.Terrain.Tests.dll" fullname="/Users/etherny/Documents/work/games/TimeSurvivorGame/Library/ScriptAssemblies/TimeSurvivor.Voxel.Terrain.Tests.dll" runstate="Runnable" testcasecount="36" result="Failed" site="Child" start-time="2025-11-22 15:35:27Z" end-time="2025-11-22 15:35:29Z" duration="1.737271" total="36" passed="16" failed="20" inconclusive="0" skipped="0" asserts="0">
      <properties>
        <property name="_PID" value="57713" />
        <property name="_APPDOMAIN" value="Unity Child Domain" />
        <property name="platform" value="EditMode" />
        <property name="EditorOnly" value="True" />
      </properties>
      <failure>
        <message><![CDATA[One or more child tests had errors]]></message>
      </failure>
      <test-suite type="TestSuite" id="1160" name="TimeSurvivor" fullname="TimeSurvivor" runstate="Runnable" testcasecount="36" result="Failed" site="Child" start-time="2025-11-22 15:35:27Z" end-time="2025-11-22 15:35:29Z" duration="1.726162" total="36" passed="16" failed="20" inconclusive="0" skipped="0" asserts="0">
        <properties />
        <failure>
          <message><![CDATA[One or more child tests had errors]]></message>
        </failure>
        <test-suite type="TestSuite" id="1161" name="Voxel" fullname="TimeSurvivor.Voxel" runstate="Runnable" testcasecount="36" result="Failed" site="Child" start-time="2025-11-22 15:35:27Z" end-time="2025-11-22 15:35:29Z" duration="1.725585" total="36" passed="16" failed="20" inconclusive="0" skipped="0" asserts="0">
          <properties />
          <failure>
            <message><![CDATA[One or more child tests had errors]]></message>
          </failure>
          <test-suite type="TestSuite" id="1162" name="Terrain" fullname="TimeSurvivor.Voxel.Terrain" runstate="Runnable" testcasecount="36" result="Failed" site="Child" start-time="2025-11-22 15:35:27Z" end-time="2025-11-22 15:35:29Z" duration="1.724965" total="36" passed="16" failed="20" inconclusive="0" skipped="0" asserts="0">
            <properties />
            <failure>
              <message><![CDATA[One or more child tests had errors]]></message>
            </failure>
[...]
  at Unity.Jobs.LowLevel.Unsafe.JobsUtility.ScheduleParallelFor (Unity.Jobs.LowLevel.Unsafe.JobsUtility+JobScheduleParameters& parameters, System.Int32 arrayLength, System.Int32 innerloopBatchCount) <0x38eb3e6c0 + 0x00067> in <ca678e8562574911a4b05a3e0a6fcc6f>:0 
  at Unity.Jobs.IJobParallelForExtensions.Schedule[T] (T jobData, System.Int32 arrayLength, System.Int32 innerloopBatchCount, Unity.Jobs.JobHandle dependsOn) [0x00016] in /Users/bokken/build/output/unity/unity/Runtime/Jobs/Managed/IJobParallelFor.cs:70 
  at TimeSurvivor.Voxel.Terrain.Tests.ProceduralTerrainGenerationJobValidationTests.GenerateChunk_ShouldHaveHorizontalLayers () [0x00024] in /Users/etherny/Documents/work/games/TimeSurvivorGame/Assets/lib/voxel-terrain/Tests/Runtime/ProceduralTerrainGenerationJobValidationTests.cs:264 
  at (wrapper managed-to-native) System.Reflection.RuntimeMethodInfo.InternalInvoke(System.Reflection.RuntimeMethodInfo,object,object[],System.Exception&)
  at System.Reflection.RuntimeMethodInfo.Invoke (System.Object obj, System.Reflection.BindingFlags invokeAttr, System.Reflection.Binder binder, System.Object[] parameters, System.Globalization.CultureInfo culture) [0x0006a] in <3c470575843b432e876313222d20c5ed>:0 ]]></stack-trace>
                  </failure>
                </test-case>
                <test-case id="1145" name="GenerateChunk_ShouldHaveVisibleGrassSurface" fullname="TimeSurvivor.Voxel.Terrain.Tests.ProceduralTerrainGenerationJobValidationTests.GenerateChunk_ShouldHaveVisibleGrassSurface" methodname="GenerateChunk_ShouldHaveVisibleGrassSurface" classname="TimeSurvivor.Voxel.Terrain.Tests.ProceduralTerrainGenerationJobValidationTests" runstate="Runnable" seed="202005275" result="Failed" label="Error" start-time="2025-11-22 15:35:29Z" end-time="2025-11-22 15:35:29Z" duration="0.000269" asserts="0">
                  <properties>
                    <property name="retryIteration" value="0" />
                    <property name="repeatIteration" value="0" />
                  </properties>
                  <failure>
                    <message><![CDATA[System.InvalidOperationException : The UNKNOWN_OBJECT_TYPE ProceduralTerrainGenerationJob.Heightmap has not been assigned or constructed. All containers must be valid when scheduling a job.]]></message>
                    <stack-trace><![CDATA[  at (wrapper managed-to-native) Unity.Jobs.LowLevel.Unsafe.JobsUtility.ScheduleParallelFor_Injected(Unity.Jobs.LowLevel.Unsafe.JobsUtility/JobScheduleParameters&,int,int,Unity.Jobs.JobHandle&)
  at Unity.Jobs.LowLevel.Unsafe.JobsUtility.ScheduleParallelFor (Unity.Jobs.LowLevel.Unsafe.JobsUtility+JobScheduleParameters& parameters, System.Int32 arrayLength, System.Int32 innerloopBatchCount) <0x38eb3e6c0 + 0x00067> in <ca678e8562574911a4b05a3e0a6fcc6f>:0 
  at Unity.Jobs.IJobParallelForExtensions.Schedule[T] (T jobData, System.Int32 arrayLength, System.Int32 innerloopBatchCount, Unity.Jobs.JobHandle dependsOn) [0x00016] in /Users/bokken/build/output/unity/unity/Runtime/Jobs/Managed/IJobParallelFor.cs:70 
  at TimeSurvivor.Voxel.Terrain.Tests.ProceduralTerrainGenerationJobValidationTests.GenerateChunk_ShouldHaveVisibleGrassSurface () [0x00024] in /Users/etherny/Documents/work/games/TimeSurvivorGame/Assets/lib/voxel-terrain/Tests/Runtime/ProceduralTerrainGenerationJobValidationTests.cs:197 
  at (wrapper managed-to-native) System.Reflection.RuntimeMethodInfo.InternalInvoke(System.Reflection.RuntimeMethodInfo,object,object[],System.Exception&)
  at System.Reflection.RuntimeMethodInfo.Invoke (System.Object obj, System.Reflection.BindingFlags invokeAttr, System.Reflection.Binder binder, System.Object[] parameters, System.Globalization.CultureInfo culture) [0x0006a] in <3c470575843b432e876313222d20c5ed>:0 ]]></stack-trace>
                  </failure>
                </test-case>
                <test-case id="1149" name="GenerateChunk_ShouldNotBeUniformCube" fullname="TimeSurvivor.Voxel.Terrain.Tests.ProceduralTerrainGenerationJobValidationTests.GenerateChunk_ShouldNotBeUniformCube" methodname="GenerateChunk_ShouldNotBeUniformCube" classname="TimeSurvivor.Voxel.Terrain.Tests.ProceduralTerrainGenerationJobValidationTests" runstate="Runnable" seed="2117089574" result="Failed" label="Error" start-time="2025-11-22 15:35:29Z" end-time="2025-11-22 15:35:29Z" duration="0.000411" asserts="0">
                  <properties>
                    <property name="retryIteration" value="0" />
                    <property name="repeatIteration" value="0" />
                  </properties>
                  <failure>
                    <message><![CDATA[System.InvalidOperationException : The UNKNOWN_OBJECT_TYPE ProceduralTerrainGenerationJob.Heightmap has not been assigned or constructed. All containers must be valid when scheduling a job.]]></message>
                    <stack-trace><![CDATA[  at (wrapper managed-to-native) Unity.Jobs.LowLevel.Unsafe.JobsUtility.ScheduleParallelFor_Injected(Unity.Jobs.LowLevel.Unsafe.JobsUtility/JobScheduleParameters&,int,int,Unity.Jobs.JobHandle&)
  at Unity.Jobs.LowLevel.Unsafe.JobsUtility.ScheduleParallelFor (Unity.Jobs.LowLevel.Unsafe.JobsUtility+JobScheduleParameters& parameters, System.Int32 arrayLength, System.Int32 innerloopBatchCount) <0x38eb3e6c0 + 0x00067> in <ca678e8562574911a4b05a3e0a6fcc6f>:0 
  at Unity.Jobs.IJobParallelForExtensions.Schedule[T] (T jobData, System.Int32 arrayLength, System.Int32 innerloopBatchCount, Unity.Jobs.JobHandle dependsOn) [0x00016] in /Users/bokken/build/output/unity/unity/Runtime/Jobs/Managed/IJobParallelFor.cs:70 
  at TimeSurvivor.Voxel.Terrain.Tests.ProceduralTerrainGenerationJobValidationTests.GenerateChunk_ShouldNotBeUniformCube () [0x00024] in /Users/etherny/Documents/work/games/TimeSurvivorGame/Assets/lib/voxel-terrain/Tests/Runtime/ProceduralTerrainGenerationJobValidationTests.cs:483 
  at (wrapper managed-to-native) System.Reflection.RuntimeMethodInfo.InternalInvoke(System.Reflection.RuntimeMethodInfo,object,object[],System.Exception&)
  at System.Reflection.RuntimeMethodInfo.Invoke (System.Object obj, System.Reflection.BindingFlags invokeAttr, System.Reflection.Binder binder, System.Object[] parameters, System.Globalization.CultureInfo culture) [0x0006a] in <3c470575843b432e876313222d20c5ed>:0 ]]></stack-trace>
                  </failure>
                </test-case>
                <test-case id="1144" name="GenerateChunk_ShouldProduceVariedVoxelTypes" fullname="TimeSurvivor.Voxel.Terrain.Tests.ProceduralTerrainGenerationJobValidationTests.GenerateChunk_ShouldProduceVariedVoxelTypes" methodname="GenerateChunk_ShouldProduceVariedVoxelTypes" classname="TimeSurvivor.Voxel.Terrain.Tests.ProceduralTerrainGenerationJobValidationTests" runstate="Runnable" seed="223750639" result="Failed" label="Error" start-time="2025-11-22 15:35:29Z" end-time="2025-11-22 15:35:29Z" duration="0.000297" asserts="0">
                  <properties>
                    <property name="retryIteration" value="0" />
                    <property name="repeatIteration" value="0" />
                  </properties>
                  <failure>
                    <message><![CDATA[System.InvalidOperationException : The UNKNOWN_OBJECT_TYPE ProceduralTerrainGenerationJob.Heightmap has not been assigned or constructed. All containers must be valid when scheduling a job.]]></message>
                    <stack-trace><![CDATA[  at (wrapper managed-to-native) Unity.Jobs.LowLevel.Unsafe.JobsUtility.ScheduleParallelFor_Injected(Unity.Jobs.LowLevel.Unsafe.JobsUtility/JobScheduleParameters&,int,int,Unity.Jobs.JobHandle&)
  at Unity.Jobs.LowLevel.Unsafe.JobsUtility.ScheduleParallelFor (Unity.Jobs.LowLevel.Unsafe.JobsUtility+JobScheduleParameters& parameters, System.Int32 arrayLength, System.Int32 innerloopBatchCount) <0x38eb3e6c0 + 0x00067> in <ca678e8562574911a4b05a3e0a6fcc6f>:0 
  at Unity.Jobs.IJobParallelForExtensions.Schedule[T] (T jobData, System.Int32 arrayLength, System.Int32 innerloopBatchCount, Unity.Jobs.JobHandle dependsOn) [0x00016] in /Users/bokken/build/output/unity/unity/Runtime/Jobs/Managed/IJobParallelFor.cs:70 
  at TimeSurvivor.Voxel.Terrain.Tests.ProceduralTerrainGenerationJobValidationTests.GenerateChunk_ShouldProduceVariedVoxelTypes () [0x00024] in /Users/etherny/Documents/work/games/TimeSurvivorGame/Assets/lib/voxel-terrain/Tests/Runtime/ProceduralTerrainGenerationJobValidationTests.cs:139 
  at (wrapper managed-to-native) System.Reflection.RuntimeMethodInfo.InternalInvoke(System.Reflection.RuntimeMethodInfo,object,object[],System.Exception&)
  at System.Reflection.RuntimeMethodInfo.Invoke (System.Object obj, System.Reflection.BindingFlags invokeAttr, System.Reflection.Binder binder, System.Object[] parameters, System.Globalization.CultureInfo culture) [0x0006a] in <3c470575843b432e876313222d20c5ed>:0 ]]></stack-trace>
                  </failure>
                </test-case>
                <test-case id="1147" name="GenerateChunk_WaterShouldOnlyBeInValleys" fullname="TimeSurvivor.Voxel.Terrain.Tests.ProceduralTerrainGenerationJobValidationTests.GenerateChunk_WaterShouldOnlyBeInValleys" methodname="GenerateChunk_WaterShouldOnlyBeInValleys" classname="TimeSurvivor.Voxel.Terrain.Tests.ProceduralTerrainGenerationJobValidationTests" runstate="Runnable" seed="1224184808" result="Failed" label="Error" start-time="2025-11-22 15:35:29Z" end-time="2025-11-22 15:35:29Z" duration="0.000251" asserts="0">
                  <properties>
                    <property name="retryIteration" value="0" />
                    <property name="repeatIteration" value="0" />
                  </properties>
                  <failure>
                    <message><![CDATA[System.InvalidOperationException : The UNKNOWN_OBJECT_TYPE ProceduralTerrainGenerationJob.Heightmap has not been assigned or constructed. All containers must be valid when scheduling a job.]]></message>
                    <stack-trace><![CDATA[  at (wrapper managed-to-native) Unity.Jobs.LowLevel.Unsafe.JobsUtility.ScheduleParallelFor_Injected(Unity.Jobs.LowLevel.Unsafe.JobsUtility/JobScheduleParameters&,int,int,Unity.Jobs.JobHandle&)
  at Unity.Jobs.LowLevel.Unsafe.JobsUtility.ScheduleParallelFor (Unity.Jobs.LowLevel.Unsafe.JobsUtility+JobScheduleParameters& parameters, System.Int32 arrayLength, System.Int32 innerloopBatchCount) <0x38eb3e6c0 + 0x00067> in <ca678e8562574911a4b05a3e0a6fcc6f>:0 
  at Unity.Jobs.IJobParallelForExtensions.Schedule[T] (T jobData, System.Int32 arrayLength, System.Int32 innerloopBatchCount, Unity.Jobs.JobHandle dependsOn) [0x00016] in /Users/bokken/build/output/unity/unity/Runtime/Jobs/Managed/IJobParallelFor.cs:70 
  at TimeSurvivor.Voxel.Terrain.Tests.ProceduralTerrainGenerationJobValidationTests.GenerateChunk_WaterShouldOnlyBeInValleys () [0x00024] in /Users/etherny/Documents/work/games/TimeSurvivorGame/Assets/lib/voxel-terrain/Tests/Runtime/ProceduralTerrainGenerationJobValidationTests.cs:336 
  at (wrapper managed-to-native) System.Reflection.RuntimeMethodInfo.InternalInvoke(System.Reflection.RuntimeMethodInfo,object,object[],System.Exception&)
  at System.Reflection.RuntimeMethodInfo.Invoke (System.Object obj, System.Reflection.BindingFlags invokeAttr, System.Reflection.Binder binder, System.Object[] parameters, System.Globalization.CultureInfo culture) [0x0006a] in <3c470575843b432e876313222d20c5ed>:0 ]]></stack-trace>
                  </failure>
                </test-case>
                <test-case id="1153" name="HeightmapMode_BackwardCompatibility_NoHeightmap" fullname="TimeSurvivor.Voxel.Terrain.Tests.ProceduralTerrainGenerationJobValidationTests.HeightmapMode_BackwardCompatibility_NoHeightmap" methodname="HeightmapMode_BackwardCompatibility_NoHeightmap" classname="TimeSurvivor.Voxel.Terrain.Tests.ProceduralTerrainGenerationJobValidationTests" runstate="Runnable" seed="2029525665" result="Failed" label="Error" start-time="2025-11-22 15:35:29Z" end-time="2025-11-22 15:35:29Z" duration="0.000233" asserts="0">
                  <properties>
                    <property name="retryIteration" value="0" />
                    <property name="repeatIteration" value="0" />
                  </properties>
                  <failure>
                    <message><![CDATA[System.InvalidOperationException : The UNKNOWN_OBJECT_TYPE ProceduralTerrainGenerationJob.Heightmap has not been assigned or constructed. All containers must be valid when scheduling a job.]]></message>
                    <stack-trace><![CDATA[  at (wrapper managed-to-native) Unity.Jobs.LowLevel.Unsafe.JobsUtility.ScheduleParallelFor_Injected(Unity.Jobs.LowLevel.Unsafe.JobsUtility/JobScheduleParameters&,int,int,Unity.Jobs.JobHandle&)
  at Unity.Jobs.LowLevel.Unsafe.JobsUtility.ScheduleParallelFor (Unity.Jobs.LowLevel.Unsafe.JobsUtility+JobScheduleParameters& parameters, System.Int32 arrayLength, System.Int32 innerloopBatchCount) <0x38eb3e6c0 + 0x00067> in <ca678e8562574911a4b05a3e0a6fcc6f>:0 
  at Unity.Jobs.IJobParallelForExtensions.Schedule[T] (T jobData, System.Int32 arrayLength, System.Int32 innerloopBatchCount, Unity.Jobs.JobHandle dependsOn) [0x00016] in /Users/bokken/build/output/unity/unity/Runtime/Jobs/Managed/IJobParallelFor.cs:70 
  at TimeSurvivor.Voxel.Terrain.Tests.ProceduralTerrainGenerationJobValidationTests.HeightmapMode_BackwardCompatibility_NoHeightmap () [0x000d1] in /Users/etherny/Documents/work/games/TimeSurvivorGame/Assets/lib/voxel-terrain/Tests/Runtime/ProceduralTerrainGenerationJobValidationTests.cs:851 
  at (wrapper managed-to-native) System.Reflection.RuntimeMethodInfo.InternalInvoke(System.Reflection.RuntimeMethodInfo,object,object[],System.Exception&)
  at System.Reflection.RuntimeMethodInfo.Invoke (System.Object obj, System.Reflection.BindingFlags invokeAttr, System.Reflection.Binder binder, System.Object[] parameters, System.Globalization.CultureInfo culture) [0x0006a] in <3c470575843b432e876313222d20c5ed>:0 ]]></stack-trace>
                  </failure>
                </test-case>
                <test-case id="1152" name="HeightmapMode_ChunkBordersShouldBeContinuous" fullname="TimeSurvivor.Voxel.Terrain.Tests.ProceduralTerrainGenerationJobValidationTests.HeightmapMode_ChunkBordersShouldBeContinuous" methodname="HeightmapMode_ChunkBordersShouldBeContinuous" classname="TimeSurvivor.Voxel.Terrain.Tests.ProceduralTerrainGenerationJobValidationTests" runstate="Runnable" seed="1616700066" result="Passed" start-time="2025-11-22 15:35:29Z" end-time="2025-11-22 15:35:29Z" duration="0.002692" asserts="0">
                  <properties>
                    <property name="retryIteration" value="0" />
                    <property name="repeatIteration" value="0" />
                  </properties>
                  <output><![CDATA[Border continuity: 4093/4096 voxels match (99.93%)
SUCCESS: Chunk borders are continuous with heightmap mode
]]></output>
                </test-case>
                <test-case id="1150" name="HeightmapMode_ShouldGenerateCorrectLayers" fullname="TimeSurvivor.Voxel.Terrain.Tests.ProceduralTerrainGenerationJobValidationTests.HeightmapMode_ShouldGenerateCorrectLayers" methodname="HeightmapMode_ShouldGenerateCorrectLayers" classname="TimeSurvivor.Voxel.Terrain.Tests.ProceduralTerrainGenerationJobValidationTests" runstate="Runnable" seed="1778422374" result="Passed" start-time="2025-11-22 15:35:29Z" end-time="2025-11-22 15:35:29Z" duration="0.000996" asserts="0">
                  <properties>
                    <property name="retryIteration" value="0" />
                    <property name="repeatIteration" value="0" />
                  </properties>
                  <output><![CDATA[SUCCESS: Heightmap mode generates correct horizontal layers (Grass > Dirt > Stone)
]]></output>
                </test-case>
                <test-case id="1151" name="HeightmapMode_ShouldGenerateWater" fullname="TimeSurvivor.Voxel.Terrain.Tests.ProceduralTerrainGenerationJobValidationTests.HeightmapMode_ShouldGenerateWater" methodname="HeightmapMode_ShouldGenerateWater" classname="TimeSurvivor.Voxel.Terrain.Tests.ProceduralTerrainGenerationJobValidationTests" runstate="Runnable" seed="887924719" result="Passed" start-time="2025-11-22 15:35:29Z" end-time="2025-11-22 15:35:29Z" duration="0.000874" asserts="0">
                  <properties>
                    <property name="retryIteration" value="0" />
                    <property name="repeatIteration" value="0" />
                  </properties>
                  <output><![CDATA[SUCCESS: Heightmap mode generates water in valleys below water level
]]></output>
                </test-case>
              </test-suite>
              <test-suite type="TestFixture" id="1154" name="SimplexNoise3DTests" fullname="TimeSurvivor.Voxel.Terrain.Tests.SimplexNoise3DTests" classname="TimeSurvivor.Voxel.Terrain.Tests.SimplexNoise3DTests" runstate="Runnable" testcasecount="4" result="Passed" start-time="2025-11-22 15:35:29Z" end-time="2025-11-22 15:35:29Z" duration="0.028131" total="4" passed="4" failed="0" inconclusive="0" skipped="0" asserts="0">
                <properties />
                <test-case id="1158" name="Test_Continuity" fullname="TimeSurvivor.Voxel.Terrain.Tests.SimplexNoise3DTests.Test_Continuity" methodname="Test_Continuity" classname="TimeSurvivor.Voxel.Terrain.Tests.SimplexNoise3DTests" runstate="Runnable" seed="827981762" result="Passed" start-time="2025-11-22 15:35:29Z" end-time="2025-11-22 15:35:29Z" duration="0.005163" asserts="0">
                  <properties>
                    <property name="retryIteration" value="0" />
                    <property name="repeatIteration" value="0" />
                  </properties>
                </test-case>
                <test-case id="1155" name="Test_Determinism" fullname="TimeSurvivor.Voxel.Terrain.Tests.SimplexNoise3DTests.Test_Determinism" methodname="Test_Determinism" classname="TimeSurvivor.Voxel.Terrain.Tests.SimplexNoise3DTests" runstate="Runnable" seed="867776210" result="Passed" start-time="2025-11-22 15:35:29Z" end-time="2025-11-22 15:35:29Z" duration="0.000149" asserts="0">
                  <properties>
                    <property name="retryIteration" value="0" />
                    <property name="repeatIteration" value="0" />
                  </properties>
                </test-case>
                <test-case id="1157" name="Test_Performance" fullname="TimeSurvivor.Voxel.Terrain.Tests.SimplexNoise3DTests.Test_Performance" methodname="Test_Performance" classname="TimeSurvivor.Voxel.Terrain.Tests.SimplexNoise3DTests" runstate="Runnable" seed="108889862" result="Passed" start-time="2025-11-22 15:35:29Z" end-time="2025-11-22 15:35:29Z" duration="0.002046" asserts="0">
                  <properties>
                    <property name="retryIteration" value="0" />
                    <property name="repeatIteration" value="0" />
                  </properties>
                  <output><![CDATA[SimplexNoise3D.MultiOctave (4 octaves) average execution time: 105.44 ns
Target: <300ns (Burst-compiled build), Measured: 105.44 ns
]]></output>
                </test-case>
                <test-case id="1156" name="Test_Range" fullname="TimeSurvivor.Voxel.Terrain.Tests.SimplexNoise3DTests.Test_Range" methodname="Test_Range" classname="TimeSurvivor.Voxel.Terrain.Tests.SimplexNoise3DTests" runstate="Runnable" seed="750242916" result="Passed" start-time="2025-11-22 15:35:29Z" end-time="2025-11-22 15:35:29Z" duration="0.019670" asserts="0">
                  <properties>
                    <property name="retryIteration" value="0" />
                    <property name="repeatIteration" value="0" />
                  </properties>
                  <output><![CDATA[Saving results to: /Users/etherny/Library/Application Support/DefaultCompany/TimeSurvivorGame/TestResults.xml
]]></output>
                </test-case>
              </test-suite>
            </test-suite>
          </test-suite>
        </test-suite>
      </test-suite>
    </test-suite>
  </test-suite>
</test-run>