<?xml version="1.0" encoding="utf-8"?>
<test-run id="2" testcasecount="0" result="Passed" total="0" passed="0" failed="0" inconclusive="0" skipped="0" asserts="0" engine-version="3.5.0.0" clr-version="4.0.30319.42000" start-time="2025-11-22 15:29:47Z" end-time="2025-11-22 15:29:47Z" duration="0.0022907">
  <test-suite type="TestSuite" id="1000" name="TimeSurvivorGame" fullname="TimeSurvivorGame" runstate="Runnable" testcasecount="117" result="Passed" start-time="2025-11-22 15:29:47Z" end-time="2025-11-22 15:29:47Z" duration="0.002291" total="0" passed="0" failed="0" inconclusive="0" skipped="0" asserts="0">
    <properties>
      <property name="platform" value="EditMode" />
    </properties>
  </test-suite>
</test-run>