<?xml version="1.0" encoding="utf-8"?>
<test-run id="2" testcasecount="85" result="Passed" total="85" passed="85" failed="0" inconclusive="0" skipped="0" asserts="0" engine-version="3.5.0.0" clr-version="4.0.30319.42000" start-time="2025-11-21 15:57:29Z" end-time="2025-11-21 15:57:33Z" duration="3.8128949">
  <test-suite type="TestSuite" id="1000" name="TimeSurvivorGame" fullname="TimeSurvivorGame" runstate="Runnable" testcasecount="85" result="Passed" start-time="2025-11-21 15:57:29Z" end-time="2025-11-21 15:57:33Z" duration="3.812895" total="85" passed="85" failed="0" inconclusive="0" skipped="0" asserts="0">
    <properties>
      <property name="platform" value="EditMode" />
    </properties>
    <test-suite type="Assembly" id="1082" name="TimeSurvivor.Voxel.Core.Tests.dll" fullname="/Users/etherny/Documents/work/games/TimeSurvivorGame/Library/ScriptAssemblies/TimeSurvivor.Voxel.Core.Tests.dll" runstate="Runnable" testcasecount="76" result="Passed" start-time="2025-11-21 15:57:29Z" end-time="2025-11-21 15:57:29Z" duration="0.056827" total="76" passed="76" failed="0" inconclusive="0" skipped="0" asserts="0">
      <properties>
        <property name="_PID" value="63716" />
        <property name="_APPDOMAIN" value="Unity Child Domain" />
        <property name="platform" value="EditMode" />
        <property name="EditorOnly" value="True" />
      </properties>
      <test-suite type="TestSuite" id="1083" name="TimeSurvivor" fullname="TimeSurvivor" runstate="Runnable" testcasecount="76" result="Passed" start-time="2025-11-21 15:57:29Z" end-time="2025-11-21 15:57:29Z" duration="0.055811" total="76" passed="76" failed="0" inconclusive="0" skipped="0" asserts="0">
        <properties />
        <test-suite type="TestSuite" id="1084" name="Voxel" fullname="TimeSurvivor.Voxel" runstate="Runnable" testcasecount="76" result="Passed" start-time="2025-11-21 15:57:29Z" end-time="2025-11-21 15:57:29Z" duration="0.055090" total="76" passed="76" failed="0" inconclusive="0" skipped="0" asserts="0">
          <properties />
          <test-suite type="TestSuite" id="1085" name="Core" fullname="TimeSurvivor.Voxel.Core" runstate="Runnable" testcasecount="76" result="Passed" start-time="2025-11-21 15:57:29Z" end-time="2025-11-21 15:57:29Z" duration="0.054308" total="76" passed="76" failed="0" inconclusive="0" skipped="0" asserts="0">
            <properties />
            <test-suite type="TestSuite" id="1086" name="Tests" fullname="TimeSurvivor.Voxel.Core.Tests" runstate="Runnable" testcasecount="76" result="Passed" start-time="2025-11-21 15:57:29Z" end-time="2025-11-21 15:57:29Z" duration="0.053392" total="76" passed="76" failed="0" inconclusive="0" skipped="0" asserts="0">
              <properties />
              <test-suite type="TestFixture" id="1001" name="ChunkCoordTests" fullname="TimeSurvivor.Voxel.Core.Tests.ChunkCoordTests" classname="TimeSurvivor.Voxel.Core.Tests.ChunkCoordTests" runstate="Runnable" testcasecount="13" result="Passed" start-time="2025-11-21 15:57:29Z" end-time="2025-11-21 15:57:29Z" duration="0.027057" total="13" passed="13" failed="0" inconclusive="0" skipped="0" asserts="0">
                <properties />
                <test-case id="1008" name="Test_AdditionOperator_PositiveOffset_ReturnsCorrectCoord" fullname="TimeSurvivor.Voxel.Core.Tests.ChunkCoordTests.Test_AdditionOperator_PositiveOffset_ReturnsCorrectCoord" methodname="Test_AdditionOperator_PositiveOffset_ReturnsCorrectCoord" classname="TimeSurvivor.Voxel.Core.Tests.ChunkCoordTests" runstate="Runnable" seed="1436885694" result="Passed" start-time="2025-11-21 15:57:29Z" end-time="2025-11-21 15:57:29Z" duration="0.010921" asserts="0">
                  <properties>
                    <property name="retryIteration" value="0" />
                    <property name="repeatIteration" value="0" />
                  </properties>
                </test-case>
                <test-case id="1003" name="Test_Constructor_Int3Parameter_CreatesCorrectCoord" fullname="TimeSurvivor.Voxel.Core.Tests.ChunkCoordTests.Test_Constructor_Int3Parameter_CreatesCorrectCoord" methodname="Test_Constructor_Int3Parameter_CreatesCorrectCoord" classname="TimeSurvivor.Voxel.Core.Tests.ChunkCoordTests" runstate="Runnable" seed="684323827" result="Passed" start-time="2025-11-21 15:57:29Z" end-time="2025-11-21 15:57:29Z" duration="0.000416" asserts="0">
                  <properties>
                    <property name="retryIteration" value="0" />
                    <property name="repeatIteration" value="0" />
                  </properties>
                </test-case>
                <test-case id="1002" name="Test_Constructor_IntParameters_CreatesCorrectCoord" fullname="TimeSurvivor.Voxel.Core.Tests.ChunkCoordTests.Test_Constructor_IntParameters_CreatesCorrectCoord" methodname="Test_Constructor_IntParameters_CreatesCorrectCoord" classname="TimeSurvivor.Voxel.Core.Tests.ChunkCoordTests" runstate="Runnable" seed="228553689" result="Passed" start-time="2025-11-21 15:57:29Z" end-time="2025-11-21 15:57:29Z" duration="0.000194" asserts="0">
                  <properties>
                    <property name="retryIteration" value="0" />
                    <property name="repeatIteration" value="0" />
                  </properties>
                </test-case>
                <test-case id="1012" name="Test_Constructor_NegativeCoordinates_WorksCorrectly" fullname="TimeSurvivor.Voxel.Core.Tests.ChunkCoordTests.Test_Constructor_NegativeCoordinates_WorksCorrectly" methodname="Test_Constructor_NegativeCoordinates_WorksCorrectly" classname="TimeSurvivor.Voxel.Core.Tests.ChunkCoordTests" runstate="Runnable" seed="215950289" result="Passed" start-time="2025-11-21 15:57:29Z" end-time="2025-11-21 15:57:29Z" duration="0.000124" asserts="0">
                  <properties>
                    <property name="retryIteration" value="0" />
                    <property name="repeatIteration" value="0" />
                  </properties>
                </test-case>
                <test-case id="1005" name="Test_Equals_DifferentCoordinates_ReturnsFalse" fullname="TimeSurvivor.Voxel.Core.Tests.ChunkCoordTests.Test_Equals_DifferentCoordinates_ReturnsFalse" methodname="Test_Equals_DifferentCoordinates_ReturnsFalse" classname="TimeSurvivor.Voxel.Core.Tests.ChunkCoordTests" runstate="Runnable" seed="624348872" result="Passed" start-time="2025-11-21 15:57:29Z" end-time="2025-11-21 15:57:29Z" duration="0.000190" asserts="0">
                  <properties>
                    <property name="retryIteration" value="0" />
                    <property name="repeatIteration" value="0" />
                  </properties>
                </test-case>
                <test-case id="1014" name="Test_Equals_ObjectOverload_WorksCorrectly" fullname="TimeSurvivor.Voxel.Core.Tests.ChunkCoordTests.Test_Equals_ObjectOverload_WorksCorrectly" methodname="Test_Equals_ObjectOverload_WorksCorrectly" classname="TimeSurvivor.Voxel.Core.Tests.ChunkCoordTests" runstate="Runnable" seed="111076286" result="Passed" start-time="2025-11-21 15:57:29Z" end-time="2025-11-21 15:57:29Z" duration="0.000151" asserts="0">
                  <properties>
                    <property name="retryIteration" value="0" />
                    <property name="repeatIteration" value="0" />
                  </properties>
                </test-case>
                <test-case id="1004" name="Test_Equals_SameCoordinates_ReturnsTrue" fullname="TimeSurvivor.Voxel.Core.Tests.ChunkCoordTests.Test_Equals_SameCoordinates_ReturnsTrue" methodname="Test_Equals_SameCoordinates_ReturnsTrue" classname="TimeSurvivor.Voxel.Core.Tests.ChunkCoordTests" runstate="Runnable" seed="1793022805" result="Passed" start-time="2025-11-21 15:57:29Z" end-time="2025-11-21 15:57:29Z" duration="0.000177" asserts="0">
                  <properties>
                    <property name="retryIteration" value="0" />
                    <property name="repeatIteration" value="0" />
                  </properties>
                </test-case>
                <test-case id="1006" name="Test_EqualsOperator_SameCoordinates_ReturnsTrue" fullname="TimeSurvivor.Voxel.Core.Tests.ChunkCoordTests.Test_EqualsOperator_SameCoordinates_ReturnsTrue" methodname="Test_EqualsOperator_SameCoordinates_ReturnsTrue" classname="TimeSurvivor.Voxel.Core.Tests.ChunkCoordTests" runstate="Runnable" seed="1258763651" result="Passed" start-time="2025-11-21 15:57:29Z" end-time="2025-11-21 15:57:29Z" duration="0.000124" asserts="0">
                  <properties>
                    <property name="retryIteration" value="0" />
                    <property name="repeatIteration" value="0" />
                  </properties>
                </test-case>
                <test-case id="1010" name="Test_GetHashCode_EqualCoords_ReturnsSameHash" fullname="TimeSurvivor.Voxel.Core.Tests.ChunkCoordTests.Test_GetHashCode_EqualCoords_ReturnsSameHash" methodname="Test_GetHashCode_EqualCoords_ReturnsSameHash" classname="TimeSurvivor.Voxel.Core.Tests.ChunkCoordTests" runstate="Runnable" seed="1601825605" result="Passed" start-time="2025-11-21 15:57:29Z" end-time="2025-11-21 15:57:29Z" duration="0.000111" asserts="0">
                  <properties>
                    <property name="retryIteration" value="0" />
                    <property name="repeatIteration" value="0" />
                  </properties>
                </test-case>
                <test-case id="1007" name="Test_NotEqualsOperator_DifferentCoordinates_ReturnsTrue" fullname="TimeSurvivor.Voxel.Core.Tests.ChunkCoordTests.Test_NotEqualsOperator_DifferentCoordinates_ReturnsTrue" methodname="Test_NotEqualsOperator_DifferentCoordinates_ReturnsTrue" classname="TimeSurvivor.Voxel.Core.Tests.ChunkCoordTests" runstate="Runnable" seed="1391154374" result="Passed" start-time="2025-11-21 15:57:29Z" end-time="2025-11-21 15:57:29Z" duration="0.000096" asserts="0">
                  <properties>
                    <property name="retryIteration" value="0" />
                    <property name="repeatIteration" value="0" />
                  </properties>
                </test-case>
                <test-case id="1013" name="Test_Operators_NegativeCoordinates_WorksCorrectly" fullname="TimeSurvivor.Voxel.Core.Tests.ChunkCoordTests.Test_Operators_NegativeCoordinates_WorksCorrectly" methodname="Test_Operators_NegativeCoordinates_WorksCorrectly" classname="TimeSurvivor.Voxel.Core.Tests.ChunkCoordTests" runstate="Runnable" seed="1769490430" result="Passed" start-time="2025-11-21 15:57:29Z" end-time="2025-11-21 15:57:29Z" duration="0.000275" asserts="0">
                  <properties>
                    <property name="retryIteration" value="0" />
                    <property name="repeatIteration" value="0" />
                  </properties>
                </test-case>
                <test-case id="1009" name="Test_SubtractionOperator_PositiveOffset_ReturnsCorrectCoord" fullname="TimeSurvivor.Voxel.Core.Tests.ChunkCoordTests.Test_SubtractionOperator_PositiveOffset_ReturnsCorrectCoord" methodname="Test_SubtractionOperator_PositiveOffset_ReturnsCorrectCoord" classname="TimeSurvivor.Voxel.Core.Tests.ChunkCoordTests" runstate="Runnable" seed="1561393688" result="Passed" start-time="2025-11-21 15:57:29Z" end-time="2025-11-21 15:57:29Z" duration="0.000131" asserts="0">
                  <properties>
                    <property name="retryIteration" value="0" />
                    <property name="repeatIteration" value="0" />
                  </properties>
                </test-case>
                <test-case id="1011" name="Test_ToString_ReturnsFormattedString" fullname="TimeSurvivor.Voxel.Core.Tests.ChunkCoordTests.Test_ToString_ReturnsFormattedString" methodname="Test_ToString_ReturnsFormattedString" classname="TimeSurvivor.Voxel.Core.Tests.ChunkCoordTests" runstate="Runnable" seed="1125729337" result="Passed" start-time="2025-11-21 15:57:29Z" end-time="2025-11-21 15:57:29Z" duration="0.000192" asserts="0">
                  <properties>
                    <property name="retryIteration" value="0" />
                    <property name="repeatIteration" value="0" />
                  </properties>
                </test-case>
              </test-suite>
              <test-suite type="TestFixture" id="1015" name="MacroVoxelDataTests" fullname="TimeSurvivor.Voxel.Core.Tests.MacroVoxelDataTests" classname="TimeSurvivor.Voxel.Core.Tests.MacroVoxelDataTests" runstate="Runnable" testcasecount="10" result="Passed" start-time="2025-11-21 15:57:29Z" end-time="2025-11-21 15:57:29Z" duration="0.004369" total="10" passed="10" failed="0" inconclusive="0" skipped="0" asserts="0">
                <properties />
                <test-case id="1022" name="Test_Constructor_AllVoxelTypes_StoredCorrectly" fullname="TimeSurvivor.Voxel.Core.Tests.MacroVoxelDataTests.Test_Constructor_AllVoxelTypes_StoredCorrectly" methodname="Test_Constructor_AllVoxelTypes_StoredCorrectly" classname="TimeSurvivor.Voxel.Core.Tests.MacroVoxelDataTests" runstate="Runnable" seed="870385562" result="Passed" start-time="2025-11-21 15:57:29Z" end-time="2025-11-21 15:57:29Z" duration="0.000770" asserts="0">
                  <properties>
                    <property name="retryIteration" value="0" />
                    <property name="repeatIteration" value="0" />
                  </properties>
                </test-case>
                <test-case id="1020" name="Test_Constructor_DefaultMetadata_StoresTypeCorrectly" fullname="TimeSurvivor.Voxel.Core.Tests.MacroVoxelDataTests.Test_Constructor_DefaultMetadata_StoresTypeCorrectly" methodname="Test_Constructor_DefaultMetadata_StoresTypeCorrectly" classname="TimeSurvivor.Voxel.Core.Tests.MacroVoxelDataTests" runstate="Runnable" seed="26917396" result="Passed" start-time="2025-11-21 15:57:29Z" end-time="2025-11-21 15:57:29Z" duration="0.000253" asserts="0">
                  <properties>
                    <property name="retryIteration" value="0" />
                    <property name="repeatIteration" value="0" />
                  </properties>
                </test-case>
                <test-case id="1021" name="Test_Constructor_WithMetadata_StoresBothValues" fullname="TimeSurvivor.Voxel.Core.Tests.MacroVoxelDataTests.Test_Constructor_WithMetadata_StoresBothValues" methodname="Test_Constructor_WithMetadata_StoresBothValues" classname="TimeSurvivor.Voxel.Core.Tests.MacroVoxelDataTests" runstate="Runnable" seed="1300348267" result="Passed" start-time="2025-11-21 15:57:29Z" end-time="2025-11-21 15:57:29Z" duration="0.000111" asserts="0">
                  <properties>
                    <property name="retryIteration" value="0" />
                    <property name="repeatIteration" value="0" />
                  </properties>
                </test-case>
                <test-case id="1016" name="Test_IsSolid_AirVoxel_ReturnsFalse" fullname="TimeSurvivor.Voxel.Core.Tests.MacroVoxelDataTests.Test_IsSolid_AirVoxel_ReturnsFalse" methodname="Test_IsSolid_AirVoxel_ReturnsFalse" classname="TimeSurvivor.Voxel.Core.Tests.MacroVoxelDataTests" runstate="Runnable" seed="1290580722" result="Passed" start-time="2025-11-21 15:57:29Z" end-time="2025-11-21 15:57:29Z" duration="0.000104" asserts="0">
                  <properties>
                    <property name="retryIteration" value="0" />
                    <property name="repeatIteration" value="0" />
                  </properties>
                </test-case>
                <test-case id="1017" name="Test_IsSolid_SolidVoxelTypes_ReturnsTrue" fullname="TimeSurvivor.Voxel.Core.Tests.MacroVoxelDataTests.Test_IsSolid_SolidVoxelTypes_ReturnsTrue" methodname="Test_IsSolid_SolidVoxelTypes_ReturnsTrue" classname="TimeSurvivor.Voxel.Core.Tests.MacroVoxelDataTests" runstate="Runnable" seed="1462547212" result="Passed" start-time="2025-11-21 15:57:29Z" end-time="2025-11-21 15:57:29Z" duration="0.000121" asserts="0">
                  <properties>
                    <property name="retryIteration" value="0" />
                    <property name="repeatIteration" value="0" />
                  </properties>
                </test-case>
                <test-case id="1019" name="Test_IsTransparent_OpaqueVoxelTypes_ReturnsFalse" fullname="TimeSurvivor.Voxel.Core.Tests.MacroVoxelDataTests.Test_IsTransparent_OpaqueVoxelTypes_ReturnsFalse" methodname="Test_IsTransparent_OpaqueVoxelTypes_ReturnsFalse" classname="TimeSurvivor.Voxel.Core.Tests.MacroVoxelDataTests" runstate="Runnable" seed="1058723780" result="Passed" start-time="2025-11-21 15:57:29Z" end-time="2025-11-21 15:57:29Z" duration="0.000123" asserts="0">
                  <properties>
                    <property name="retryIteration" value="0" />
                    <property name="repeatIteration" value="0" />
                  </properties>
                </test-case>
                <test-case id="1018" name="Test_IsTransparent_WaterAndLeaves_ReturnsTrue" fullname="TimeSurvivor.Voxel.Core.Tests.MacroVoxelDataTests.Test_IsTransparent_WaterAndLeaves_ReturnsTrue" methodname="Test_IsTransparent_WaterAndLeaves_ReturnsTrue" classname="TimeSurvivor.Voxel.Core.Tests.MacroVoxelDataTests" runstate="Runnable" seed="184878979" result="Passed" start-time="2025-11-21 15:57:29Z" end-time="2025-11-21 15:57:29Z" duration="0.000093" asserts="0">
                  <properties>
                    <property name="retryIteration" value="0" />
                    <property name="repeatIteration" value="0" />
                  </properties>
                </test-case>
                <test-case id="1025" name="Test_LeavesVoxel_IsSolidAndTransparent" fullname="TimeSurvivor.Voxel.Core.Tests.MacroVoxelDataTests.Test_LeavesVoxel_IsSolidAndTransparent" methodname="Test_LeavesVoxel_IsSolidAndTransparent" classname="TimeSurvivor.Voxel.Core.Tests.MacroVoxelDataTests" runstate="Runnable" seed="1927706097" result="Passed" start-time="2025-11-21 15:57:29Z" end-time="2025-11-21 15:57:29Z" duration="0.000095" asserts="0">
                  <properties>
                    <property name="retryIteration" value="0" />
                    <property name="repeatIteration" value="0" />
                  </properties>
                </test-case>
                <test-case id="1023" name="Test_Metadata_MaxValue_StoredCorrectly" fullname="TimeSurvivor.Voxel.Core.Tests.MacroVoxelDataTests.Test_Metadata_MaxValue_StoredCorrectly" methodname="Test_Metadata_MaxValue_StoredCorrectly" classname="TimeSurvivor.Voxel.Core.Tests.MacroVoxelDataTests" runstate="Runnable" seed="55949816" result="Passed" start-time="2025-11-21 15:57:29Z" end-time="2025-11-21 15:57:29Z" duration="0.000079" asserts="0">
                  <properties>
                    <property name="retryIteration" value="0" />
                    <property name="repeatIteration" value="0" />
                  </properties>
                </test-case>
                <test-case id="1024" name="Test_WaterVoxel_IsSolidAndTransparent" fullname="TimeSurvivor.Voxel.Core.Tests.MacroVoxelDataTests.Test_WaterVoxel_IsSolidAndTransparent" methodname="Test_WaterVoxel_IsSolidAndTransparent" classname="TimeSurvivor.Voxel.Core.Tests.MacroVoxelDataTests" runstate="Runnable" seed="403014773" result="Passed" start-time="2025-11-21 15:57:29Z" end-time="2025-11-21 15:57:29Z" duration="0.000086" asserts="0">
                  <properties>
                    <property name="retryIteration" value="0" />
                    <property name="repeatIteration" value="0" />
                  </properties>
                </test-case>
              </test-suite>
              <test-suite type="TestFixture" id="1026" name="MicroVoxelDataTests" fullname="TimeSurvivor.Voxel.Core.Tests.MicroVoxelDataTests" classname="TimeSurvivor.Voxel.Core.Tests.MicroVoxelDataTests" runstate="Runnable" testcasecount="16" result="Passed" start-time="2025-11-21 15:57:29Z" end-time="2025-11-21 15:57:29Z" duration="0.004366" total="16" passed="16" failed="0" inconclusive="0" skipped="0" asserts="0">
                <properties />
                <test-case id="1038" name="Test_Constructor_CustomHealth_StoresCorrectly" fullname="TimeSurvivor.Voxel.Core.Tests.MicroVoxelDataTests.Test_Constructor_CustomHealth_StoresCorrectly" methodname="Test_Constructor_CustomHealth_StoresCorrectly" classname="TimeSurvivor.Voxel.Core.Tests.MicroVoxelDataTests" runstate="Runnable" seed="1324783987" result="Passed" start-time="2025-11-21 15:57:29Z" end-time="2025-11-21 15:57:29Z" duration="0.000293" asserts="0">
                  <properties>
                    <property name="retryIteration" value="0" />
                    <property name="repeatIteration" value="0" />
                  </properties>
                </test-case>
                <test-case id="1037" name="Test_Constructor_DefaultHealth_SetsMaxHealth" fullname="TimeSurvivor.Voxel.Core.Tests.MicroVoxelDataTests.Test_Constructor_DefaultHealth_SetsMaxHealth" methodname="Test_Constructor_DefaultHealth_SetsMaxHealth" classname="TimeSurvivor.Voxel.Core.Tests.MicroVoxelDataTests" runstate="Runnable" seed="899296473" result="Passed" start-time="2025-11-21 15:57:29Z" end-time="2025-11-21 15:57:29Z" duration="0.000123" asserts="0">
                  <properties>
                    <property name="retryIteration" value="0" />
                    <property name="repeatIteration" value="0" />
                  </properties>
                </test-case>
                <test-case id="1039" name="Test_Constructor_WithAllParameters_StoresAllValues" fullname="TimeSurvivor.Voxel.Core.Tests.MicroVoxelDataTests.Test_Constructor_WithAllParameters_StoresAllValues" methodname="Test_Constructor_WithAllParameters_StoresAllValues" classname="TimeSurvivor.Voxel.Core.Tests.MicroVoxelDataTests" runstate="Runnable" seed="1327936090" result="Passed" start-time="2025-11-21 15:57:29Z" end-time="2025-11-21 15:57:29Z" duration="0.000125" asserts="0">
                  <properties>
                    <property name="retryIteration" value="0" />
                    <property name="repeatIteration" value="0" />
                  </properties>
                </test-case>
                <test-case id="1031" name="Test_IsDestroyed_PositiveHealth_ReturnsFalse" fullname="TimeSurvivor.Voxel.Core.Tests.MicroVoxelDataTests.Test_IsDestroyed_PositiveHealth_ReturnsFalse" methodname="Test_IsDestroyed_PositiveHealth_ReturnsFalse" classname="TimeSurvivor.Voxel.Core.Tests.MicroVoxelDataTests" runstate="Runnable" seed="634285142" result="Passed" start-time="2025-11-21 15:57:29Z" end-time="2025-11-21 15:57:29Z" duration="0.000098" asserts="0">
                  <properties>
                    <property name="retryIteration" value="0" />
                    <property name="repeatIteration" value="0" />
                  </properties>
                </test-case>
                <test-case id="1030" name="Test_IsDestroyed_ZeroHealth_ReturnsTrue" fullname="TimeSurvivor.Voxel.Core.Tests.MicroVoxelDataTests.Test_IsDestroyed_ZeroHealth_ReturnsTrue" methodname="Test_IsDestroyed_ZeroHealth_ReturnsTrue" classname="TimeSurvivor.Voxel.Core.Tests.MicroVoxelDataTests" runstate="Runnable" seed="1241524772" result="Passed" start-time="2025-11-21 15:57:29Z" end-time="2025-11-21 15:57:29Z" duration="0.000082" asserts="0">
                  <properties>
                    <property name="retryIteration" value="0" />
                    <property name="repeatIteration" value="0" />
                  </properties>
                </test-case>
                <test-case id="1027" name="Test_IsSolid_AirVoxel_ReturnsFalse" fullname="TimeSurvivor.Voxel.Core.Tests.MicroVoxelDataTests.Test_IsSolid_AirVoxel_ReturnsFalse" methodname="Test_IsSolid_AirVoxel_ReturnsFalse" classname="TimeSurvivor.Voxel.Core.Tests.MicroVoxelDataTests" runstate="Runnable" seed="302855542" result="Passed" start-time="2025-11-21 15:57:29Z" end-time="2025-11-21 15:57:29Z" duration="0.000085" asserts="0">
                  <properties>
                    <property name="retryIteration" value="0" />
                    <property name="repeatIteration" value="0" />
                  </properties>
                </test-case>
                <test-case id="1028" name="Test_IsSolid_HealthyVoxel_ReturnsTrue" fullname="TimeSurvivor.Voxel.Core.Tests.MicroVoxelDataTests.Test_IsSolid_HealthyVoxel_ReturnsTrue" methodname="Test_IsSolid_HealthyVoxel_ReturnsTrue" classname="TimeSurvivor.Voxel.Core.Tests.MicroVoxelDataTests" runstate="Runnable" seed="397156712" result="Passed" start-time="2025-11-21 15:57:29Z" end-time="2025-11-21 15:57:29Z" duration="0.000064" asserts="0">
                  <properties>
                    <property name="retryIteration" value="0" />
                    <property name="repeatIteration" value="0" />
                  </properties>
                </test-case>
                <test-case id="1042" name="Test_IsSolid_MinimumHealth_ReturnsTrue" fullname="TimeSurvivor.Voxel.Core.Tests.MicroVoxelDataTests.Test_IsSolid_MinimumHealth_ReturnsTrue" methodname="Test_IsSolid_MinimumHealth_ReturnsTrue" classname="TimeSurvivor.Voxel.Core.Tests.MicroVoxelDataTests" runstate="Runnable" seed="891852619" result="Passed" start-time="2025-11-21 15:57:29Z" end-time="2025-11-21 15:57:29Z" duration="0.000076" asserts="0">
                  <properties>
                    <property name="retryIteration" value="0" />
                    <property name="repeatIteration" value="0" />
                  </properties>
                </test-case>
                <test-case id="1029" name="Test_IsSolid_ZeroHealth_ReturnsFalse" fullname="TimeSurvivor.Voxel.Core.Tests.MicroVoxelDataTests.Test_IsSolid_ZeroHealth_ReturnsFalse" methodname="Test_IsSolid_ZeroHealth_ReturnsFalse" classname="TimeSurvivor.Voxel.Core.Tests.MicroVoxelDataTests" runstate="Runnable" seed="674092829" result="Passed" start-time="2025-11-21 15:57:29Z" end-time="2025-11-21 15:57:29Z" duration="0.000068" asserts="0">
                  <properties>
                    <property name="retryIteration" value="0" />
                    <property name="repeatIteration" value="0" />
                  </properties>
                </test-case>
                <test-case id="1033" name="Test_WithDamage_ExactDamage_ConvertsToAir" fullname="TimeSurvivor.Voxel.Core.Tests.MicroVoxelDataTests.Test_WithDamage_ExactDamage_ConvertsToAir" methodname="Test_WithDamage_ExactDamage_ConvertsToAir" classname="TimeSurvivor.Voxel.Core.Tests.MicroVoxelDataTests" runstate="Runnable" seed="1278771355" result="Passed" start-time="2025-11-21 15:57:29Z" end-time="2025-11-21 15:57:29Z" duration="0.000180" asserts="0">
                  <properties>
                    <property name="retryIteration" value="0" />
                    <property name="repeatIteration" value="0" />
                  </properties>
                </test-case>
                <test-case id="1036" name="Test_WithDamage_MetadataPreservedOnDestruction" fullname="TimeSurvivor.Voxel.Core.Tests.MicroVoxelDataTests.Test_WithDamage_MetadataPreservedOnDestruction" methodname="Test_WithDamage_MetadataPreservedOnDestruction" classname="TimeSurvivor.Voxel.Core.Tests.MicroVoxelDataTests" runstate="Runnable" seed="1904489568" result="Passed" start-time="2025-11-21 15:57:29Z" end-time="2025-11-21 15:57:29Z" duration="0.000110" asserts="0">
                  <properties>
                    <property name="retryIteration" value="0" />
                    <property name="repeatIteration" value="0" />
                  </properties>
                </test-case>
                <test-case id="1040" name="Test_WithDamage_OneHealthPoint_ConvertsToAir" fullname="TimeSurvivor.Voxel.Core.Tests.MicroVoxelDataTests.Test_WithDamage_OneHealthPoint_ConvertsToAir" methodname="Test_WithDamage_OneHealthPoint_ConvertsToAir" classname="TimeSurvivor.Voxel.Core.Tests.MicroVoxelDataTests" runstate="Runnable" seed="266679859" result="Passed" start-time="2025-11-21 15:57:29Z" end-time="2025-11-21 15:57:29Z" duration="0.000094" asserts="0">
                  <properties>
                    <property name="retryIteration" value="0" />
                    <property name="repeatIteration" value="0" />
                  </properties>
                </test-case>
                <test-case id="1034" name="Test_WithDamage_Overkill_ConvertsToAirWithZeroHealth" fullname="TimeSurvivor.Voxel.Core.Tests.MicroVoxelDataTests.Test_WithDamage_Overkill_ConvertsToAirWithZeroHealth" methodname="Test_WithDamage_Overkill_ConvertsToAirWithZeroHealth" classname="TimeSurvivor.Voxel.Core.Tests.MicroVoxelDataTests" runstate="Runnable" seed="401801962" result="Passed" start-time="2025-11-21 15:57:29Z" end-time="2025-11-21 15:57:29Z" duration="0.000130" asserts="0">
                  <properties>
                    <property name="retryIteration" value="0" />
                    <property name="repeatIteration" value="0" />
                  </properties>
                </test-case>
                <test-case id="1032" name="Test_WithDamage_PartialDamage_ReturnsNewVoxelWithReducedHealth" fullname="TimeSurvivor.Voxel.Core.Tests.MicroVoxelDataTests.Test_WithDamage_PartialDamage_ReturnsNewVoxelWithReducedHealth" methodname="Test_WithDamage_PartialDamage_ReturnsNewVoxelWithReducedHealth" classname="TimeSurvivor.Voxel.Core.Tests.MicroVoxelDataTests" runstate="Runnable" seed="1603595736" result="Passed" start-time="2025-11-21 15:57:29Z" end-time="2025-11-21 15:57:29Z" duration="0.000114" asserts="0">
                  <properties>
                    <property name="retryIteration" value="0" />
                    <property name="repeatIteration" value="0" />
                  </properties>
                </test-case>
                <test-case id="1035" name="Test_WithDamage_PreservesMetadata" fullname="TimeSurvivor.Voxel.Core.Tests.MicroVoxelDataTests.Test_WithDamage_PreservesMetadata" methodname="Test_WithDamage_PreservesMetadata" classname="TimeSurvivor.Voxel.Core.Tests.MicroVoxelDataTests" runstate="Runnable" seed="566584660" result="Passed" start-time="2025-11-21 15:57:29Z" end-time="2025-11-21 15:57:29Z" duration="0.000079" asserts="0">
                  <properties>
                    <property name="retryIteration" value="0" />
                    <property name="repeatIteration" value="0" />
                  </properties>
                </test-case>
                <test-case id="1041" name="Test_WithDamage_ZeroDamage_ReturnsUnchangedCopy" fullname="TimeSurvivor.Voxel.Core.Tests.MicroVoxelDataTests.Test_WithDamage_ZeroDamage_ReturnsUnchangedCopy" methodname="Test_WithDamage_ZeroDamage_ReturnsUnchangedCopy" classname="TimeSurvivor.Voxel.Core.Tests.MicroVoxelDataTests" runstate="Runnable" seed="971705324" result="Passed" start-time="2025-11-21 15:57:29Z" end-time="2025-11-21 15:57:29Z" duration="0.000088" asserts="0">
                  <properties>
                    <property name="retryIteration" value="0" />
                    <property name="repeatIteration" value="0" />
                  </properties>
                </test-case>
              </test-suite>
              <test-suite type="TestFixture" id="1043" name="VoxelConfigurationTests" fullname="TimeSurvivor.Voxel.Core.Tests.VoxelConfigurationTests" classname="TimeSurvivor.Voxel.Core.Tests.VoxelConfigurationTests" runstate="Runnable" testcasecount="15" result="Passed" start-time="2025-11-21 15:57:29Z" end-time="2025-11-21 15:57:29Z" duration="0.008003" total="15" passed="15" failed="0" inconclusive="0" skipped="0" asserts="0">
                <properties />
                <test-case id="1045" name="Test_ChunkVolume_DifferentSizes_ReturnsCorrectVolumes" fullname="TimeSurvivor.Voxel.Core.Tests.VoxelConfigurationTests.Test_ChunkVolume_DifferentSizes_ReturnsCorrectVolumes" methodname="Test_ChunkVolume_DifferentSizes_ReturnsCorrectVolumes" classname="TimeSurvivor.Voxel.Core.Tests.VoxelConfigurationTests" runstate="Runnable" seed="798006711" result="Passed" start-time="2025-11-21 15:57:29Z" end-time="2025-11-21 15:57:29Z" duration="0.000379" asserts="0">
                  <properties>
                    <property name="retryIteration" value="0" />
                    <property name="repeatIteration" value="0" />
                  </properties>
                </test-case>
                <test-case id="1044" name="Test_ChunkVolume_ReturnsCorrectVolume" fullname="TimeSurvivor.Voxel.Core.Tests.VoxelConfigurationTests.Test_ChunkVolume_ReturnsCorrectVolume" methodname="Test_ChunkVolume_ReturnsCorrectVolume" classname="TimeSurvivor.Voxel.Core.Tests.VoxelConfigurationTests" runstate="Runnable" seed="369214179" result="Passed" start-time="2025-11-21 15:57:29Z" end-time="2025-11-21 15:57:29Z" duration="0.000093" asserts="0">
                  <properties>
                    <property name="retryIteration" value="0" />
                    <property name="repeatIteration" value="0" />
                  </properties>
                </test-case>
                <test-case id="1058" name="Test_ChunkWorldSize_ScalesWithChunkSize" fullname="TimeSurvivor.Voxel.Core.Tests.VoxelConfigurationTests.Test_ChunkWorldSize_ScalesWithChunkSize" methodname="Test_ChunkWorldSize_ScalesWithChunkSize" classname="TimeSurvivor.Voxel.Core.Tests.VoxelConfigurationTests" runstate="Runnable" seed="1407750373" result="Passed" start-time="2025-11-21 15:57:29Z" end-time="2025-11-21 15:57:29Z" duration="0.000560" asserts="0">
                  <properties>
                    <property name="retryIteration" value="0" />
                    <property name="repeatIteration" value="0" />
                  </properties>
                </test-case>
                <test-case id="1057" name="Test_ChunkWorldSize_ScalesWithVoxelSize" fullname="TimeSurvivor.Voxel.Core.Tests.VoxelConfigurationTests.Test_ChunkWorldSize_ScalesWithVoxelSize" methodname="Test_ChunkWorldSize_ScalesWithVoxelSize" classname="TimeSurvivor.Voxel.Core.Tests.VoxelConfigurationTests" runstate="Runnable" seed="1799670476" result="Passed" start-time="2025-11-21 15:57:29Z" end-time="2025-11-21 15:57:29Z" duration="0.000111" asserts="0">
                  <properties>
                    <property name="retryIteration" value="0" />
                    <property name="repeatIteration" value="0" />
                  </properties>
                </test-case>
                <test-case id="1048" name="Test_ChunkWorldSizes_MacroLargerThanMicro" fullname="TimeSurvivor.Voxel.Core.Tests.VoxelConfigurationTests.Test_ChunkWorldSizes_MacroLargerThanMicro" methodname="Test_ChunkWorldSizes_MacroLargerThanMicro" classname="TimeSurvivor.Voxel.Core.Tests.VoxelConfigurationTests" runstate="Runnable" seed="611422911" result="Passed" start-time="2025-11-21 15:57:29Z" end-time="2025-11-21 15:57:29Z" duration="0.001740" asserts="0">
                  <properties>
                    <property name="retryIteration" value="0" />
                    <property name="repeatIteration" value="0" />
                  </properties>
                </test-case>
                <test-case id="1050" name="Test_CreateTestConfig_CustomValues_ArePreserved" fullname="TimeSurvivor.Voxel.Core.Tests.VoxelConfigurationTests.Test_CreateTestConfig_CustomValues_ArePreserved" methodname="Test_CreateTestConfig_CustomValues_ArePreserved" classname="TimeSurvivor.Voxel.Core.Tests.VoxelConfigurationTests" runstate="Runnable" seed="1727153678" result="Passed" start-time="2025-11-21 15:57:29Z" end-time="2025-11-21 15:57:29Z" duration="0.000170" asserts="0">
                  <properties>
                    <property name="retryIteration" value="0" />
                    <property name="repeatIteration" value="0" />
                  </properties>
                </test-case>
                <test-case id="1049" name="Test_CreateTestConfig_DefaultValues_AreSet" fullname="TimeSurvivor.Voxel.Core.Tests.VoxelConfigurationTests.Test_CreateTestConfig_DefaultValues_AreSet" methodname="Test_CreateTestConfig_DefaultValues_AreSet" classname="TimeSurvivor.Voxel.Core.Tests.VoxelConfigurationTests" runstate="Runnable" seed="250652596" result="Passed" start-time="2025-11-21 15:57:29Z" end-time="2025-11-21 15:57:29Z" duration="0.000171" asserts="0">
                  <properties>
                    <property name="retryIteration" value="0" />
                    <property name="repeatIteration" value="0" />
                  </properties>
                </test-case>
                <test-case id="1046" name="Test_MacroChunkWorldSize_ReturnsCorrectSize" fullname="TimeSurvivor.Voxel.Core.Tests.VoxelConfigurationTests.Test_MacroChunkWorldSize_ReturnsCorrectSize" methodname="Test_MacroChunkWorldSize_ReturnsCorrectSize" classname="TimeSurvivor.Voxel.Core.Tests.VoxelConfigurationTests" runstate="Runnable" seed="2132122507" result="Passed" start-time="2025-11-21 15:57:29Z" end-time="2025-11-21 15:57:29Z" duration="0.000089" asserts="0">
                  <properties>
                    <property name="retryIteration" value="0" />
                    <property name="repeatIteration" value="0" />
                  </properties>
                </test-case>
                <test-case id="1047" name="Test_MicroChunkWorldSize_ReturnsCorrectSize" fullname="TimeSurvivor.Voxel.Core.Tests.VoxelConfigurationTests.Test_MicroChunkWorldSize_ReturnsCorrectSize" methodname="Test_MicroChunkWorldSize_ReturnsCorrectSize" classname="TimeSurvivor.Voxel.Core.Tests.VoxelConfigurationTests" runstate="Runnable" seed="2108910420" result="Passed" start-time="2025-11-21 15:57:29Z" end-time="2025-11-21 15:57:29Z" duration="0.000079" asserts="0">
                  <properties>
                    <property name="retryIteration" value="0" />
                    <property name="repeatIteration" value="0" />
                  </properties>
                </test-case>
                <test-case id="1053" name="Test_VoxelConfiguration_DeterministicSeed_IsSet" fullname="TimeSurvivor.Voxel.Core.Tests.VoxelConfigurationTests.Test_VoxelConfiguration_DeterministicSeed_IsSet" methodname="Test_VoxelConfiguration_DeterministicSeed_IsSet" classname="TimeSurvivor.Voxel.Core.Tests.VoxelConfigurationTests" runstate="Runnable" seed="996094104" result="Passed" start-time="2025-11-21 15:57:29Z" end-time="2025-11-21 15:57:29Z" duration="0.000188" asserts="0">
                  <properties>
                    <property name="retryIteration" value="0" />
                    <property name="repeatIteration" value="0" />
                  </properties>
                </test-case>
                <test-case id="1051" name="Test_VoxelConfiguration_IsScriptableObject" fullname="TimeSurvivor.Voxel.Core.Tests.VoxelConfigurationTests.Test_VoxelConfiguration_IsScriptableObject" methodname="Test_VoxelConfiguration_IsScriptableObject" classname="TimeSurvivor.Voxel.Core.Tests.VoxelConfigurationTests" runstate="Runnable" seed="1735444098" result="Passed" start-time="2025-11-21 15:57:29Z" end-time="2025-11-21 15:57:29Z" duration="0.001565" asserts="0">
                  <properties>
                    <property name="retryIteration" value="0" />
                    <property name="repeatIteration" value="0" />
                  </properties>
                </test-case>
                <test-case id="1055" name="Test_VoxelConfiguration_MaxCachedChunks_IsPositive" fullname="TimeSurvivor.Voxel.Core.Tests.VoxelConfigurationTests.Test_VoxelConfiguration_MaxCachedChunks_IsPositive" methodname="Test_VoxelConfiguration_MaxCachedChunks_IsPositive" classname="TimeSurvivor.Voxel.Core.Tests.VoxelConfigurationTests" runstate="Runnable" seed="856616717" result="Passed" start-time="2025-11-21 15:57:29Z" end-time="2025-11-21 15:57:29Z" duration="0.000102" asserts="0">
                  <properties>
                    <property name="retryIteration" value="0" />
                    <property name="repeatIteration" value="0" />
                  </properties>
                </test-case>
                <test-case id="1052" name="Test_VoxelConfiguration_PowerOfTwoChunkSize_CalculatesCorrectly" fullname="TimeSurvivor.Voxel.Core.Tests.VoxelConfigurationTests.Test_VoxelConfiguration_PowerOfTwoChunkSize_CalculatesCorrectly" methodname="Test_VoxelConfiguration_PowerOfTwoChunkSize_CalculatesCorrectly" classname="TimeSurvivor.Voxel.Core.Tests.VoxelConfigurationTests" runstate="Runnable" seed="1554845236" result="Passed" start-time="2025-11-21 15:57:29Z" end-time="2025-11-21 15:57:29Z" duration="0.000146" asserts="0">
                  <properties>
                    <property name="retryIteration" value="0" />
                    <property name="repeatIteration" value="0" />
                  </properties>
                </test-case>
                <test-case id="1054" name="Test_VoxelConfiguration_RenderDistance_IsPositive" fullname="TimeSurvivor.Voxel.Core.Tests.VoxelConfigurationTests.Test_VoxelConfiguration_RenderDistance_IsPositive" methodname="Test_VoxelConfiguration_RenderDistance_IsPositive" classname="TimeSurvivor.Voxel.Core.Tests.VoxelConfigurationTests" runstate="Runnable" seed="25762120" result="Passed" start-time="2025-11-21 15:57:29Z" end-time="2025-11-21 15:57:29Z" duration="0.000074" asserts="0">
                  <properties>
                    <property name="retryIteration" value="0" />
                    <property name="repeatIteration" value="0" />
                  </properties>
                </test-case>
                <test-case id="1056" name="Test_VoxelSizes_MicroSmallerThanMacro" fullname="TimeSurvivor.Voxel.Core.Tests.VoxelConfigurationTests.Test_VoxelSizes_MicroSmallerThanMacro" methodname="Test_VoxelSizes_MicroSmallerThanMacro" classname="TimeSurvivor.Voxel.Core.Tests.VoxelConfigurationTests" runstate="Runnable" seed="217157476" result="Passed" start-time="2025-11-21 15:57:29Z" end-time="2025-11-21 15:57:29Z" duration="0.000124" asserts="0">
                  <properties>
                    <property name="retryIteration" value="0" />
                    <property name="repeatIteration" value="0" />
                  </properties>
                </test-case>
              </test-suite>
              <test-suite type="TestFixture" id="1059" name="VoxelMathTests" fullname="TimeSurvivor.Voxel.Core.Tests.VoxelMathTests" classname="TimeSurvivor.Voxel.Core.Tests.VoxelMathTests" runstate="Runnable" testcasecount="22" result="Passed" start-time="2025-11-21 15:57:29Z" end-time="2025-11-21 15:57:29Z" duration="0.007305" total="22" passed="22" failed="0" inconclusive="0" skipped="0" asserts="0">
                <properties />
                <test-case id="1064" name="Test_ChunkCoordToWorld_NegativeChunk_ReturnsCorrectWorldPos" fullname="TimeSurvivor.Voxel.Core.Tests.VoxelMathTests.Test_ChunkCoordToWorld_NegativeChunk_ReturnsCorrectWorldPos" methodname="Test_ChunkCoordToWorld_NegativeChunk_ReturnsCorrectWorldPos" classname="TimeSurvivor.Voxel.Core.Tests.VoxelMathTests" runstate="Runnable" seed="814806152" result="Passed" start-time="2025-11-21 15:57:29Z" end-time="2025-11-21 15:57:29Z" duration="0.000406" asserts="0">
                  <properties>
                    <property name="retryIteration" value="0" />
                    <property name="repeatIteration" value="0" />
                  </properties>
                </test-case>
                <test-case id="1063" name="Test_ChunkCoordToWorld_PositiveChunk_ReturnsCorrectWorldPos" fullname="TimeSurvivor.Voxel.Core.Tests.VoxelMathTests.Test_ChunkCoordToWorld_PositiveChunk_ReturnsCorrectWorldPos" methodname="Test_ChunkCoordToWorld_PositiveChunk_ReturnsCorrectWorldPos" classname="TimeSurvivor.Voxel.Core.Tests.VoxelMathTests" runstate="Runnable" seed="426951341" result="Passed" start-time="2025-11-21 15:57:29Z" end-time="2025-11-21 15:57:29Z" duration="0.000144" asserts="0">
                  <properties>
                    <property name="retryIteration" value="0" />
                    <property name="repeatIteration" value="0" />
                  </properties>
                </test-case>
                <test-case id="1065" name="Test_ChunkCoordToWorld_RoundTrip_ReturnsOriginalChunk" fullname="TimeSurvivor.Voxel.Core.Tests.VoxelMathTests.Test_ChunkCoordToWorld_RoundTrip_ReturnsOriginalChunk" methodname="Test_ChunkCoordToWorld_RoundTrip_ReturnsOriginalChunk" classname="TimeSurvivor.Voxel.Core.Tests.VoxelMathTests" runstate="Runnable" seed="1938732817" result="Passed" start-time="2025-11-21 15:57:29Z" end-time="2025-11-21 15:57:29Z" duration="0.000396" asserts="0">
                  <properties>
                    <property name="retryIteration" value="0" />
                    <property name="repeatIteration" value="0" />
                  </properties>
                </test-case>
                <test-case id="1079" name="Test_ChunkDistanceSquared_ReturnsCorrectSquaredDistance" fullname="TimeSurvivor.Voxel.Core.Tests.VoxelMathTests.Test_ChunkDistanceSquared_ReturnsCorrectSquaredDistance" methodname="Test_ChunkDistanceSquared_ReturnsCorrectSquaredDistance" classname="TimeSurvivor.Voxel.Core.Tests.VoxelMathTests" runstate="Runnable" seed="758955074" result="Passed" start-time="2025-11-21 15:57:29Z" end-time="2025-11-21 15:57:29Z" duration="0.000169" asserts="0">
                  <properties>
                    <property name="retryIteration" value="0" />
                    <property name="repeatIteration" value="0" />
                  </properties>
                </test-case>
                <test-case id="1078" name="Test_ChunkManhattanDistance_ReturnsCorrectDistance" fullname="TimeSurvivor.Voxel.Core.Tests.VoxelMathTests.Test_ChunkManhattanDistance_ReturnsCorrectDistance" methodname="Test_ChunkManhattanDistance_ReturnsCorrectDistance" classname="TimeSurvivor.Voxel.Core.Tests.VoxelMathTests" runstate="Runnable" seed="1558851783" result="Passed" start-time="2025-11-21 15:57:29Z" end-time="2025-11-21 15:57:29Z" duration="0.000235" asserts="0">
                  <properties>
                    <property name="retryIteration" value="0" />
                    <property name="repeatIteration" value="0" />
                  </properties>
                </test-case>
                <test-case id="1070" name="Test_Flatten3DIndex_MaxCoordinate_ReturnsLastIndex" fullname="TimeSurvivor.Voxel.Core.Tests.VoxelMathTests.Test_Flatten3DIndex_MaxCoordinate_ReturnsLastIndex" methodname="Test_Flatten3DIndex_MaxCoordinate_ReturnsLastIndex" classname="TimeSurvivor.Voxel.Core.Tests.VoxelMathTests" runstate="Runnable" seed="451305529" result="Passed" start-time="2025-11-21 15:57:29Z" end-time="2025-11-21 15:57:29Z" duration="0.000105" asserts="0">
                  <properties>
                    <property name="retryIteration" value="0" />
                    <property name="repeatIteration" value="0" />
                  </properties>
                </test-case>
                <test-case id="1068" name="Test_Flatten3DIndex_Origin_ReturnsZero" fullname="TimeSurvivor.Voxel.Core.Tests.VoxelMathTests.Test_Flatten3DIndex_Origin_ReturnsZero" methodname="Test_Flatten3DIndex_Origin_ReturnsZero" classname="TimeSurvivor.Voxel.Core.Tests.VoxelMathTests" runstate="Runnable" seed="448529862" result="Passed" start-time="2025-11-21 15:57:29Z" end-time="2025-11-21 15:57:29Z" duration="0.000083" asserts="0">
                  <properties>
                    <property name="retryIteration" value="0" />
                    <property name="repeatIteration" value="0" />
                  </properties>
                </test-case>
                <test-case id="1069" name="Test_Flatten3DIndex_XYZOrdering_IsCorrect" fullname="TimeSurvivor.Voxel.Core.Tests.VoxelMathTests.Test_Flatten3DIndex_XYZOrdering_IsCorrect" methodname="Test_Flatten3DIndex_XYZOrdering_IsCorrect" classname="TimeSurvivor.Voxel.Core.Tests.VoxelMathTests" runstate="Runnable" seed="172939715" result="Passed" start-time="2025-11-21 15:57:29Z" end-time="2025-11-21 15:57:29Z" duration="0.000118" asserts="0">
                  <properties>
                    <property name="retryIteration" value="0" />
                    <property name="repeatIteration" value="0" />
                  </properties>
                </test-case>
                <test-case id="1076" name="Test_IsValidLocalCoord_BoundaryValues_ReturnsCorrectly" fullname="TimeSurvivor.Voxel.Core.Tests.VoxelMathTests.Test_IsValidLocalCoord_BoundaryValues_ReturnsCorrectly" methodname="Test_IsValidLocalCoord_BoundaryValues_ReturnsCorrectly" classname="TimeSurvivor.Voxel.Core.Tests.VoxelMathTests" runstate="Runnable" seed="274340471" result="Passed" start-time="2025-11-21 15:57:29Z" end-time="2025-11-21 15:57:29Z" duration="0.000279" asserts="0">
                  <properties>
                    <property name="retryIteration" value="0" />
                    <property name="repeatIteration" value="0" />
                  </properties>
                </test-case>
                <test-case id="1075" name="Test_IsValidLocalCoord_OutOfBounds_ReturnsFalse" fullname="TimeSurvivor.Voxel.Core.Tests.VoxelMathTests.Test_IsValidLocalCoord_OutOfBounds_ReturnsFalse" methodname="Test_IsValidLocalCoord_OutOfBounds_ReturnsFalse" classname="TimeSurvivor.Voxel.Core.Tests.VoxelMathTests" runstate="Runnable" seed="1052702848" result="Passed" start-time="2025-11-21 15:57:29Z" end-time="2025-11-21 15:57:29Z" duration="0.000345" asserts="0">
                  <properties>
                    <property name="retryIteration" value="0" />
                    <property name="repeatIteration" value="0" />
                  </properties>
                </test-case>
                <test-case id="1074" name="Test_IsValidLocalCoord_WithinBounds_ReturnsTrue" fullname="TimeSurvivor.Voxel.Core.Tests.VoxelMathTests.Test_IsValidLocalCoord_WithinBounds_ReturnsTrue" methodname="Test_IsValidLocalCoord_WithinBounds_ReturnsTrue" classname="TimeSurvivor.Voxel.Core.Tests.VoxelMathTests" runstate="Runnable" seed="1921220847" result="Passed" start-time="2025-11-21 15:57:29Z" end-time="2025-11-21 15:57:29Z" duration="0.000075" asserts="0">
                  <properties>
                    <property name="retryIteration" value="0" />
                    <property name="repeatIteration" value="0" />
                  </properties>
                </test-case>
                <test-case id="1073" name="Test_Unflatten3DIndex_LastIndex_ReturnsMaxCoordinates" fullname="TimeSurvivor.Voxel.Core.Tests.VoxelMathTests.Test_Unflatten3DIndex_LastIndex_ReturnsMaxCoordinates" methodname="Test_Unflatten3DIndex_LastIndex_ReturnsMaxCoordinates" classname="TimeSurvivor.Voxel.Core.Tests.VoxelMathTests" runstate="Runnable" seed="466872826" result="Passed" start-time="2025-11-21 15:57:29Z" end-time="2025-11-21 15:57:29Z" duration="0.000130" asserts="0">
                  <properties>
                    <property name="retryIteration" value="0" />
                    <property name="repeatIteration" value="0" />
                  </properties>
                </test-case>
                <test-case id="1072" name="Test_Unflatten3DIndex_RoundTrip_ReturnsOriginalCoordinate" fullname="TimeSurvivor.Voxel.Core.Tests.VoxelMathTests.Test_Unflatten3DIndex_RoundTrip_ReturnsOriginalCoordinate" methodname="Test_Unflatten3DIndex_RoundTrip_ReturnsOriginalCoordinate" classname="TimeSurvivor.Voxel.Core.Tests.VoxelMathTests" runstate="Runnable" seed="1480983018" result="Passed" start-time="2025-11-21 15:57:29Z" end-time="2025-11-21 15:57:29Z" duration="0.000084" asserts="0">
                  <properties>
                    <property name="retryIteration" value="0" />
                    <property name="repeatIteration" value="0" />
                  </properties>
                </test-case>
                <test-case id="1071" name="Test_Unflatten3DIndex_Zero_ReturnsOrigin" fullname="TimeSurvivor.Voxel.Core.Tests.VoxelMathTests.Test_Unflatten3DIndex_Zero_ReturnsOrigin" methodname="Test_Unflatten3DIndex_Zero_ReturnsOrigin" classname="TimeSurvivor.Voxel.Core.Tests.VoxelMathTests" runstate="Runnable" seed="1728501793" result="Passed" start-time="2025-11-21 15:57:29Z" end-time="2025-11-21 15:57:29Z" duration="0.000074" asserts="0">
                  <properties>
                    <property name="retryIteration" value="0" />
                    <property name="repeatIteration" value="0" />
                  </properties>
                </test-case>
                <test-case id="1067" name="Test_VoxelCoordToWorld_OriginVoxel_ReturnsHalfVoxelSize" fullname="TimeSurvivor.Voxel.Core.Tests.VoxelMathTests.Test_VoxelCoordToWorld_OriginVoxel_ReturnsHalfVoxelSize" methodname="Test_VoxelCoordToWorld_OriginVoxel_ReturnsHalfVoxelSize" classname="TimeSurvivor.Voxel.Core.Tests.VoxelMathTests" runstate="Runnable" seed="972397335" result="Passed" start-time="2025-11-21 15:57:29Z" end-time="2025-11-21 15:57:29Z" duration="0.000178" asserts="0">
                  <properties>
                    <property name="retryIteration" value="0" />
                    <property name="repeatIteration" value="0" />
                  </properties>
                </test-case>
                <test-case id="1066" name="Test_VoxelCoordToWorld_ReturnsVoxelCenter" fullname="TimeSurvivor.Voxel.Core.Tests.VoxelMathTests.Test_VoxelCoordToWorld_ReturnsVoxelCenter" methodname="Test_VoxelCoordToWorld_ReturnsVoxelCenter" classname="TimeSurvivor.Voxel.Core.Tests.VoxelMathTests" runstate="Runnable" seed="2058140047" result="Passed" start-time="2025-11-21 15:57:29Z" end-time="2025-11-21 15:57:29Z" duration="0.000109" asserts="0">
                  <properties>
                    <property name="retryIteration" value="0" />
                    <property name="repeatIteration" value="0" />
                  </properties>
                </test-case>
                <test-case id="1081" name="Test_VoxelToLocalCoord_NegativeGlobalCoord_ReturnsCorrectLocal" fullname="TimeSurvivor.Voxel.Core.Tests.VoxelMathTests.Test_VoxelToLocalCoord_NegativeGlobalCoord_ReturnsCorrectLocal" methodname="Test_VoxelToLocalCoord_NegativeGlobalCoord_ReturnsCorrectLocal" classname="TimeSurvivor.Voxel.Core.Tests.VoxelMathTests" runstate="Runnable" seed="46402748" result="Passed" start-time="2025-11-21 15:57:29Z" end-time="2025-11-21 15:57:29Z" duration="0.000311" asserts="0">
                  <properties>
                    <property name="retryIteration" value="0" />
                    <property name="repeatIteration" value="0" />
                  </properties>
                </test-case>
                <test-case id="1080" name="Test_VoxelToLocalCoord_PositiveGlobalCoord_ReturnsCorrectLocal" fullname="TimeSurvivor.Voxel.Core.Tests.VoxelMathTests.Test_VoxelToLocalCoord_PositiveGlobalCoord_ReturnsCorrectLocal" methodname="Test_VoxelToLocalCoord_PositiveGlobalCoord_ReturnsCorrectLocal" classname="TimeSurvivor.Voxel.Core.Tests.VoxelMathTests" runstate="Runnable" seed="2013419514" result="Passed" start-time="2025-11-21 15:57:29Z" end-time="2025-11-21 15:57:29Z" duration="0.000117" asserts="0">
                  <properties>
                    <property name="retryIteration" value="0" />
                    <property name="repeatIteration" value="0" />
                  </properties>
                </test-case>
                <test-case id="1062" name="Test_WorldToChunkCoord_ChunkBoundary_ReturnsCorrectChunk" fullname="TimeSurvivor.Voxel.Core.Tests.VoxelMathTests.Test_WorldToChunkCoord_ChunkBoundary_ReturnsCorrectChunk" methodname="Test_WorldToChunkCoord_ChunkBoundary_ReturnsCorrectChunk" classname="TimeSurvivor.Voxel.Core.Tests.VoxelMathTests" runstate="Runnable" seed="331878376" result="Passed" start-time="2025-11-21 15:57:29Z" end-time="2025-11-21 15:57:29Z" duration="0.000113" asserts="0">
                  <properties>
                    <property name="retryIteration" value="0" />
                    <property name="repeatIteration" value="0" />
                  </properties>
                </test-case>
                <test-case id="1061" name="Test_WorldToChunkCoord_NegativeCoordinates_ReturnsCorrectChunk" fullname="TimeSurvivor.Voxel.Core.Tests.VoxelMathTests.Test_WorldToChunkCoord_NegativeCoordinates_ReturnsCorrectChunk" methodname="Test_WorldToChunkCoord_NegativeCoordinates_ReturnsCorrectChunk" classname="TimeSurvivor.Voxel.Core.Tests.VoxelMathTests" runstate="Runnable" seed="784437503" result="Passed" start-time="2025-11-21 15:57:29Z" end-time="2025-11-21 15:57:29Z" duration="0.000130" asserts="0">
                  <properties>
                    <property name="retryIteration" value="0" />
                    <property name="repeatIteration" value="0" />
                  </properties>
                </test-case>
                <test-case id="1060" name="Test_WorldToChunkCoord_PositiveCoordinates_ReturnsCorrectChunk" fullname="TimeSurvivor.Voxel.Core.Tests.VoxelMathTests.Test_WorldToChunkCoord_PositiveCoordinates_ReturnsCorrectChunk" methodname="Test_WorldToChunkCoord_PositiveCoordinates_ReturnsCorrectChunk" classname="TimeSurvivor.Voxel.Core.Tests.VoxelMathTests" runstate="Runnable" seed="202198428" result="Passed" start-time="2025-11-21 15:57:29Z" end-time="2025-11-21 15:57:29Z" duration="0.000136" asserts="0">
                  <properties>
                    <property name="retryIteration" value="0" />
                    <property name="repeatIteration" value="0" />
                  </properties>
                </test-case>
                <test-case id="1077" name="Test_WorldToVoxelCoord_PositiveCoordinates_ReturnsCorrect" fullname="TimeSurvivor.Voxel.Core.Tests.VoxelMathTests.Test_WorldToVoxelCoord_PositiveCoordinates_ReturnsCorrect" methodname="Test_WorldToVoxelCoord_PositiveCoordinates_ReturnsCorrect" classname="TimeSurvivor.Voxel.Core.Tests.VoxelMathTests" runstate="Runnable" seed="1704334311" result="Passed" start-time="2025-11-21 15:57:29Z" end-time="2025-11-21 15:57:29Z" duration="0.000154" asserts="0">
                  <properties>
                    <property name="retryIteration" value="0" />
                    <property name="repeatIteration" value="0" />
                  </properties>
                </test-case>
              </test-suite>
            </test-suite>
          </test-suite>
        </test-suite>
      </test-suite>
    </test-suite>
    <test-suite type="Assembly" id="1098" name="TimeSurvivor.Voxel.Terrain.Tests.dll" fullname="/Users/etherny/Documents/work/games/TimeSurvivorGame/Library/ScriptAssemblies/TimeSurvivor.Voxel.Terrain.Tests.dll" runstate="Runnable" testcasecount="9" result="Passed" start-time="2025-11-21 15:57:29Z" end-time="2025-11-21 15:57:33Z" duration="3.749723" total="9" passed="9" failed="0" inconclusive="0" skipped="0" asserts="0">
      <properties>
        <property name="_PID" value="63716" />
        <property name="_APPDOMAIN" value="Unity Child Domain" />
        <property name="platform" value="EditMode" />
        <property name="EditorOnly" value="True" />
      </properties>
      <test-suite type="TestSuite" id="1099" name="TimeSurvivor" fullname="TimeSurvivor" runstate="Runnable" testcasecount="9" result="Passed" start-time="2025-11-21 15:57:29Z" end-time="2025-11-21 15:57:33Z" duration="3.749207" total="9" passed="9" failed="0" inconclusive="0" skipped="0" asserts="0">
        <properties />
        <test-suite type="TestSuite" id="1100" name="Voxel" fullname="TimeSurvivor.Voxel" runstate="Runnable" testcasecount="9" result="Passed" start-time="2025-11-21 15:57:29Z" end-time="2025-11-21 15:57:33Z" duration="3.748863" total="9" passed="9" failed="0" inconclusive="0" skipped="0" asserts="0">
          <properties />
          <test-suite type="TestSuite" id="1101" name="Terrain" fullname="TimeSurvivor.Voxel.Terrain" runstate="Runnable" testcasecount="9" result="Passed" start-time="2025-11-21 15:57:29Z" end-time="2025-11-21 15:57:33Z" duration="3.748514" total="9" passed="9" failed="0" inconclusive="0" skipped="0" asserts="0">
            <properties />
            <test-suite type="TestSuite" id="1102" name="Tests" fullname="TimeSurvivor.Voxel.Terrain.Tests" runstate="Runnable" testcasecount="9" result="Passed" start-time="2025-11-21 15:57:29Z" end-time="2025-11-21 15:57:33Z" duration="3.748135" total="9" passed="9" failed="0" inconclusive="0" skipped="0" asserts="0">
              <properties />
              <test-suite type="TestFixture" id="1087" name="ProceduralTerrainGenerationJobTests" fullname="TimeSurvivor.Voxel.Terrain.Tests.ProceduralTerrainGenerationJobTests" classname="TimeSurvivor.Voxel.Terrain.Tests.ProceduralTerrainGenerationJobTests" runstate="Runnable" testcasecount="5" result="Passed" start-time="2025-11-21 15:57:29Z" end-time="2025-11-21 15:57:33Z" duration="3.707697" total="5" passed="5" failed="0" inconclusive="0" skipped="0" asserts="0">
                <properties />
                <test-case id="1088" name="GenerateCompleteChunk_Generates262144Voxels" fullname="TimeSurvivor.Voxel.Terrain.Tests.ProceduralTerrainGenerationJobTests.GenerateCompleteChunk_Generates262144Voxels" methodname="GenerateCompleteChunk_Generates262144Voxels" classname="TimeSurvivor.Voxel.Terrain.Tests.ProceduralTerrainGenerationJobTests" runstate="Runnable" seed="1825194984" result="Passed" start-time="2025-11-21 15:57:29Z" end-time="2025-11-21 15:57:31Z" duration="1.364301" asserts="0">
                  <properties>
                    <property name="retryIteration" value="0" />
                    <property name="repeatIteration" value="0" />
                  </properties>
                  <output><![CDATA[Generated 262144 voxels, 246032 solid (93.85%)
]]></output>
                </test-case>
                <test-case id="1092" name="GenerateTerrain_AdjacentChunks_ShareSameBorderVoxels" fullname="TimeSurvivor.Voxel.Terrain.Tests.ProceduralTerrainGenerationJobTests.GenerateTerrain_AdjacentChunks_ShareSameBorderVoxels" methodname="GenerateTerrain_AdjacentChunks_ShareSameBorderVoxels" classname="TimeSurvivor.Voxel.Terrain.Tests.ProceduralTerrainGenerationJobTests" runstate="Runnable" seed="1882895838" result="Passed" start-time="2025-11-21 15:57:31Z" end-time="2025-11-21 15:57:31Z" duration="0.010104" asserts="0">
                  <properties>
                    <property name="retryIteration" value="0" />
                    <property name="repeatIteration" value="0" />
                  </properties>
                  <output><![CDATA[Border mismatch at (y=23, z=0): chunk1[x=63]=Air, chunk2[x=0]=Grass
Border mismatch at (y=13, z=1): chunk1[x=63]=Grass, chunk2[x=0]=Air
Border mismatch at (y=18, z=1): chunk1[x=63]=Grass, chunk2[x=0]=Air
Border mismatch at (y=12, z=2): chunk1[x=63]=Grass, chunk2[x=0]=Air
Border mismatch at (y=11, z=4): chunk1[x=63]=Grass, chunk2[x=0]=Air
Border continuity verified: 4066 voxels matched out of 4096 (99.27% match rate, 0.73% mismatch)
]]></output>
                </test-case>
                <test-case id="1091" name="GenerateTerrain_AllVoxelTypes_AreValid" fullname="TimeSurvivor.Voxel.Terrain.Tests.ProceduralTerrainGenerationJobTests.GenerateTerrain_AllVoxelTypes_AreValid" methodname="GenerateTerrain_AllVoxelTypes_AreValid" classname="TimeSurvivor.Voxel.Terrain.Tests.ProceduralTerrainGenerationJobTests" runstate="Runnable" seed="1041425896" result="Passed" start-time="2025-11-21 15:57:31Z" end-time="2025-11-21 15:57:32Z" duration="1.096832" asserts="0">
                  <properties>
                    <property name="retryIteration" value="0" />
                    <property name="repeatIteration" value="0" />
                  </properties>
                  <output><![CDATA[VoxelType.Air found in terrain
VoxelType.Grass found in terrain
VoxelType.Dirt found in terrain
VoxelType.Stone found in terrain
]]></output>
                </test-case>
                <test-case id="1090" name="GenerateTerrain_Performance_LessThan0_3Milliseconds" fullname="TimeSurvivor.Voxel.Terrain.Tests.ProceduralTerrainGenerationJobTests.GenerateTerrain_Performance_LessThan0_3Milliseconds" methodname="GenerateTerrain_Performance_LessThan0_3Milliseconds" classname="TimeSurvivor.Voxel.Terrain.Tests.ProceduralTerrainGenerationJobTests" runstate="Runnable" seed="1752343239" result="Passed" start-time="2025-11-21 15:57:32Z" end-time="2025-11-21 15:57:32Z" duration="0.389726" asserts="0">
                  <properties>
                    <property name="retryIteration" value="0" />
                    <property name="repeatIteration" value="0" />
                  </properties>
                  <output><![CDATA[ProceduralTerrainGenerationJob average execution time: 3.5277 ms per chunk
Target: <0.3ms (Burst-compiled build), Measured: 3.5277 ms
Voxels per chunk: 262144, Voxels/ms: 74310
]]></output>
                </test-case>
                <test-case id="1089" name="GenerateTerrain_SameSeed_ProducesIdenticalResults" fullname="TimeSurvivor.Voxel.Terrain.Tests.ProceduralTerrainGenerationJobTests.GenerateTerrain_SameSeed_ProducesIdenticalResults" methodname="GenerateTerrain_SameSeed_ProducesIdenticalResults" classname="TimeSurvivor.Voxel.Terrain.Tests.ProceduralTerrainGenerationJobTests" runstate="Runnable" seed="2085992259" result="Passed" start-time="2025-11-21 15:57:32Z" end-time="2025-11-21 15:57:33Z" duration="0.845217" asserts="0">
                  <properties>
                    <property name="retryIteration" value="0" />
                    <property name="repeatIteration" value="0" />
                  </properties>
                  <output><![CDATA[Same seed: 100% identical. Different seeds: 26.03% different
]]></output>
                </test-case>
              </test-suite>
              <test-suite type="TestFixture" id="1093" name="SimplexNoise3DTests" fullname="TimeSurvivor.Voxel.Terrain.Tests.SimplexNoise3DTests" classname="TimeSurvivor.Voxel.Terrain.Tests.SimplexNoise3DTests" runstate="Runnable" testcasecount="4" result="Passed" start-time="2025-11-21 15:57:33Z" end-time="2025-11-21 15:57:33Z" duration="0.039870" total="4" passed="4" failed="0" inconclusive="0" skipped="0" asserts="0">
                <properties />
                <test-case id="1097" name="Test_Continuity" fullname="TimeSurvivor.Voxel.Terrain.Tests.SimplexNoise3DTests.Test_Continuity" methodname="Test_Continuity" classname="TimeSurvivor.Voxel.Terrain.Tests.SimplexNoise3DTests" runstate="Runnable" seed="254453541" result="Passed" start-time="2025-11-21 15:57:33Z" end-time="2025-11-21 15:57:33Z" duration="0.006194" asserts="0">
                  <properties>
                    <property name="retryIteration" value="0" />
                    <property name="repeatIteration" value="0" />
                  </properties>
                </test-case>
                <test-case id="1094" name="Test_Determinism" fullname="TimeSurvivor.Voxel.Terrain.Tests.SimplexNoise3DTests.Test_Determinism" methodname="Test_Determinism" classname="TimeSurvivor.Voxel.Terrain.Tests.SimplexNoise3DTests" runstate="Runnable" seed="1918200272" result="Passed" start-time="2025-11-21 15:57:33Z" end-time="2025-11-21 15:57:33Z" duration="0.000426" asserts="0">
                  <properties>
                    <property name="retryIteration" value="0" />
                    <property name="repeatIteration" value="0" />
                  </properties>
                </test-case>
                <test-case id="1096" name="Test_Performance" fullname="TimeSurvivor.Voxel.Terrain.Tests.SimplexNoise3DTests.Test_Performance" methodname="Test_Performance" classname="TimeSurvivor.Voxel.Terrain.Tests.SimplexNoise3DTests" runstate="Runnable" seed="617836104" result="Passed" start-time="2025-11-21 15:57:33Z" end-time="2025-11-21 15:57:33Z" duration="0.002142" asserts="0">
                  <properties>
                    <property name="retryIteration" value="0" />
                    <property name="repeatIteration" value="0" />
                  </properties>
                  <output><![CDATA[SimplexNoise3D.MultiOctave (4 octaves) average execution time: 106.75 ns
Target: <300ns (Burst-compiled build), Measured: 106.75 ns
]]></output>
                </test-case>
                <test-case id="1095" name="Test_Range" fullname="TimeSurvivor.Voxel.Terrain.Tests.SimplexNoise3DTests.Test_Range" methodname="Test_Range" classname="TimeSurvivor.Voxel.Terrain.Tests.SimplexNoise3DTests" runstate="Runnable" seed="651554079" result="Passed" start-time="2025-11-21 15:57:33Z" end-time="2025-11-21 15:57:33Z" duration="0.019553" asserts="0">
                  <properties>
                    <property name="retryIteration" value="0" />
                    <property name="repeatIteration" value="0" />
                  </properties>
                  <output><![CDATA[Saving results to: /Users/etherny/Library/Application Support/DefaultCompany/TimeSurvivorGame/TestResults.xml
]]></output>
                </test-case>
              </test-suite>
            </test-suite>
          </test-suite>
        </test-suite>
      </test-suite>
    </test-suite>
  </test-suite>
</test-run>