<?xml version="1.0" encoding="utf-8"?>
<test-run id="2" testcasecount="17" result="Failed(Child)" total="17" passed="11" failed="6" inconclusive="0" skipped="0" asserts="0" engine-version="3.5.0.0" clr-version="4.0.30319.42000" start-time="2025-11-22 02:34:32Z" end-time="2025-11-22 02:34:33Z" duration="0.0802563">
  <test-suite type="TestSuite" id="1028" name="TimeSurvivorGame" fullname="TimeSurvivorGame" runstate="Runnable" testcasecount="17" result="Failed" site="Child" start-time="2025-11-22 02:34:32Z" end-time="2025-11-22 02:34:33Z" duration="0.080256" total="17" passed="11" failed="6" inconclusive="0" skipped="0" asserts="0">
    <properties>
      <property name="platform" value="PlayMode" />
    </properties>
    <failure>
      <message><![CDATA[One or more child tests had errors]]></message>
    </failure>
    <test-suite type="Assembly" id="1020" name="TimeSurvivor.Voxel.Streaming.Tests.dll" fullname="/Users/etherny/Documents/work/games/TimeSurvivorGame/Library/ScriptAssemblies/TimeSurvivor.Voxel.Streaming.Tests.dll" runstate="Runnable" testcasecount="17" result="Failed" site="Child" start-time="2025-11-22 02:34:32Z" end-time="2025-11-22 02:34:33Z" duration="0.074100" total="17" passed="11" failed="6" inconclusive="0" skipped="0" asserts="0">
      <properties>
        <property name="_PID" value="21916" />
        <property name="_APPDOMAIN" value="Unity Child Domain" />
        <property name="platform" value="PlayMode" />
        <property name="EditorOnly" value="False" />
      </properties>
      <failure>
        <message><![CDATA[One or more child tests had errors]]></message>
      </failure>
      <test-suite type="TestSuite" id="1021" name="TimeSurvivor" fullname="TimeSurvivor" runstate="Runnable" testcasecount="17" result="Failed" site="Child" start-time="2025-11-22 02:34:32Z" end-time="2025-11-22 02:34:33Z" duration="0.072985" total="17" passed="11" failed="6" inconclusive="0" skipped="0" asserts="0">
        <properties />
        <failure>
          <message><![CDATA[One or more child tests had errors]]></message>
        </failure>
        <test-suite type="TestSuite" id="1022" name="Voxel" fullname="TimeSurvivor.Voxel" runstate="Runnable" testcasecount="17" result="Failed" site="Child" start-time="2025-11-22 02:34:32Z" end-time="2025-11-22 02:34:33Z" duration="0.072285" total="17" passed="11" failed="6" inconclusive="0" skipped="0" asserts="0">
          <properties />
          <failure>
            <message><![CDATA[One or more child tests had errors]]></message>
          </failure>
          <test-suite type="TestSuite" id="1023" name="Streaming" fullname="TimeSurvivor.Voxel.Streaming" runstate="Runnable" testcasecount="17" result="Failed" site="Child" start-time="2025-11-22 02:34:32Z" end-time="2025-11-22 02:34:33Z" duration="0.071582" total="17" passed="11" failed="6" inconclusive="0" skipped="0" asserts="0">
            <properties />
            <failure>
              <message><![CDATA[One or more child tests had errors]]></message>
            </failure>
            <test-suite type="TestSuite" id="1024" name="Tests" fullname="TimeSurvivor.Voxel.Streaming.Tests" runstate="Runnable" testcasecount="17" result="Failed" site="Child" start-time="2025-11-22 02:34:32Z" end-time="2025-11-22 02:34:33Z" duration="0.070871" total="17" passed="11" failed="6" inconclusive="0" skipped="0" asserts="0">
              <properties />
              <failure>
                <message><![CDATA[One or more child tests had errors]]></message>
              </failure>
              <test-suite type="TestFixture" id="1001" name="LRUCacheTests" fullname="TimeSurvivor.Voxel.Streaming.Tests.LRUCacheTests" classname="TimeSurvivor.Voxel.Streaming.Tests.LRUCacheTests" runstate="Runnable" testcasecount="10" result="Passed" start-time="2025-11-22 02:34:32Z" end-time="2025-11-22 02:34:32Z" duration="0.041593" total="10" passed="10" failed="0" inconclusive="0" skipped="0" asserts="0">
                <properties />
                <test-case id="1009" name="ChunkCache_WithChunkCoord_WorksCorrectly" fullname="TimeSurvivor.Voxel.Streaming.Tests.LRUCacheTests.ChunkCache_WithChunkCoord_WorksCorrectly" methodname="ChunkCache_WithChunkCoord_WorksCorrectly" classname="TimeSurvivor.Voxel.Streaming.Tests.LRUCacheTests" runstate="Runnable" seed="644997800" result="Passed" start-time="2025-11-22 02:34:32Z" end-time="2025-11-22 02:34:32Z" duration="0.011956" asserts="0">
                  <properties>
                    <property name="retryIteration" value="0" />
                    <property name="repeatIteration" value="0" />
                  </properties>
                </test-case>
                <test-case id="1011" name="LRUCache_Clear_RemovesAllItems" fullname="TimeSurvivor.Voxel.Streaming.Tests.LRUCacheTests.LRUCache_Clear_RemovesAllItems" methodname="LRUCache_Clear_RemovesAllItems" classname="TimeSurvivor.Voxel.Streaming.Tests.LRUCacheTests" runstate="Runnable" seed="1235885761" result="Passed" start-time="2025-11-22 02:34:32Z" end-time="2025-11-22 02:34:32Z" duration="0.001819" asserts="0">
                  <properties>
                    <property name="retryIteration" value="0" />
                    <property name="repeatIteration" value="0" />
                  </properties>
                </test-case>
                <test-case id="1005" name="LRUCache_ConcurrentAccess_IsThreadSafe" fullname="TimeSurvivor.Voxel.Streaming.Tests.LRUCacheTests.LRUCache_ConcurrentAccess_IsThreadSafe" methodname="LRUCache_ConcurrentAccess_IsThreadSafe" classname="TimeSurvivor.Voxel.Streaming.Tests.LRUCacheTests" runstate="Runnable" seed="1120240841" result="Passed" start-time="2025-11-22 02:34:32Z" end-time="2025-11-22 02:34:32Z" duration="0.013420" asserts="0">
                  <properties>
                    <property name="retryIteration" value="0" />
                    <property name="repeatIteration" value="0" />
                  </properties>
                </test-case>
                <test-case id="1006" name="LRUCache_EvictionHandler_IsCalledOnEviction" fullname="TimeSurvivor.Voxel.Streaming.Tests.LRUCacheTests.LRUCache_EvictionHandler_IsCalledOnEviction" methodname="LRUCache_EvictionHandler_IsCalledOnEviction" classname="TimeSurvivor.Voxel.Streaming.Tests.LRUCacheTests" runstate="Runnable" seed="624381862" result="Passed" start-time="2025-11-22 02:34:32Z" end-time="2025-11-22 02:34:32Z" duration="0.000384" asserts="0">
                  <properties>
                    <property name="retryIteration" value="0" />
                    <property name="repeatIteration" value="0" />
                  </properties>
                </test-case>
                <test-case id="1003" name="LRUCache_Operations_CompleteInConstantTime" fullname="TimeSurvivor.Voxel.Streaming.Tests.LRUCacheTests.LRUCache_Operations_CompleteInConstantTime" methodname="LRUCache_Operations_CompleteInConstantTime" classname="TimeSurvivor.Voxel.Streaming.Tests.LRUCacheTests" runstate="Runnable" seed="608549359" result="Passed" start-time="2025-11-22 02:34:32Z" end-time="2025-11-22 02:34:32Z" duration="0.001493" asserts="0">
                  <properties>
                    <property name="retryIteration" value="0" />
                    <property name="repeatIteration" value="0" />
                  </properties>
                </test-case>
                <test-case id="1010" name="LRUCache_Remove_RemovesItemCorrectly" fullname="TimeSurvivor.Voxel.Streaming.Tests.LRUCacheTests.LRUCache_Remove_RemovesItemCorrectly" methodname="LRUCache_Remove_RemovesItemCorrectly" classname="TimeSurvivor.Voxel.Streaming.Tests.LRUCacheTests" runstate="Runnable" seed="61282790" result="Passed" start-time="2025-11-22 02:34:32Z" end-time="2025-11-22 02:34:32Z" duration="0.000164" asserts="0">
                  <properties>
                    <property name="retryIteration" value="0" />
                    <property name="repeatIteration" value="0" />
                  </properties>
                </test-case>
                <test-case id="1008" name="LRUCache_ResetStatistics_ClearsAllCounters" fullname="TimeSurvivor.Voxel.Streaming.Tests.LRUCacheTests.LRUCache_ResetStatistics_ClearsAllCounters" methodname="LRUCache_ResetStatistics_ClearsAllCounters" classname="TimeSurvivor.Voxel.Streaming.Tests.LRUCacheTests" runstate="Runnable" seed="666989976" result="Passed" start-time="2025-11-22 02:34:32Z" end-time="2025-11-22 02:34:32Z" duration="0.000529" asserts="0">
                  <properties>
                    <property name="retryIteration" value="0" />
                    <property name="repeatIteration" value="0" />
                  </properties>
                </test-case>
                <test-case id="1007" name="LRUCache_Statistics_TrackCorrectly" fullname="TimeSurvivor.Voxel.Streaming.Tests.LRUCacheTests.LRUCache_Statistics_TrackCorrectly" methodname="LRUCache_Statistics_TrackCorrectly" classname="TimeSurvivor.Voxel.Streaming.Tests.LRUCacheTests" runstate="Runnable" seed="1710320218" result="Passed" start-time="2025-11-22 02:34:32Z" end-time="2025-11-22 02:34:32Z" duration="0.000180" asserts="0">
                  <properties>
                    <property name="retryIteration" value="0" />
                    <property name="repeatIteration" value="0" />
                  </properties>
                </test-case>
                <test-case id="1002" name="LRUCache_WhenAtCapacity_EvictsLeastRecentlyUsedItem" fullname="TimeSurvivor.Voxel.Streaming.Tests.LRUCacheTests.LRUCache_WhenAtCapacity_EvictsLeastRecentlyUsedItem" methodname="LRUCache_WhenAtCapacity_EvictsLeastRecentlyUsedItem" classname="TimeSurvivor.Voxel.Streaming.Tests.LRUCacheTests" runstate="Runnable" seed="150894110" result="Passed" start-time="2025-11-22 02:34:32Z" end-time="2025-11-22 02:34:32Z" duration="0.000130" asserts="0">
                  <properties>
                    <property name="retryIteration" value="0" />
                    <property name="repeatIteration" value="0" />
                  </properties>
                </test-case>
                <test-case id="1004" name="LRUCache_WithRealisticAccessPattern_AchievesTargetHitRate" fullname="TimeSurvivor.Voxel.Streaming.Tests.LRUCacheTests.LRUCache_WithRealisticAccessPattern_AchievesTargetHitRate" methodname="LRUCache_WithRealisticAccessPattern_AchievesTargetHitRate" classname="TimeSurvivor.Voxel.Streaming.Tests.LRUCacheTests" runstate="Runnable" seed="1793703614" result="Passed" start-time="2025-11-22 02:34:32Z" end-time="2025-11-22 02:34:32Z" duration="0.001220" asserts="0">
                  <properties>
                    <property name="retryIteration" value="0" />
                    <property name="repeatIteration" value="0" />
                  </properties>
                </test-case>
              </test-suite>
              <test-suite type="TestFixture" id="1012" name="ProceduralTerrainStreamerTests" fullname="TimeSurvivor.Voxel.Streaming.Tests.ProceduralTerrainStreamerTests" classname="TimeSurvivor.Voxel.Streaming.Tests.ProceduralTerrainStreamerTests" runstate="Runnable" testcasecount="7" result="Failed" site="Child" start-time="2025-11-22 02:34:32Z" end-time="2025-11-22 02:34:33Z" duration="0.027681" total="7" passed="1" failed="6" inconclusive="0" skipped="0" asserts="0">
                <properties />
                <failure>
                  <message><![CDATA[One or more child tests had errors]]></message>
                </failure>
                <test-case id="1016" name="CacheHit_LoadsFasterThanGeneration" fullname="TimeSurvivor.Voxel.Streaming.Tests.ProceduralTerrainStreamerTests.CacheHit_LoadsFasterThanGeneration" methodname="CacheHit_LoadsFasterThanGeneration" classname="TimeSurvivor.Voxel.Streaming.Tests.ProceduralTerrainStreamerTests" runstate="Runnable" seed="79667108" result="Failed" start-time="2025-11-22 02:34:33Z" end-time="2025-11-22 02:34:33Z" duration="0.014034" asserts="0">
                  <properties>
                    <property name="_JOINTYPE" value="UnityCombinatorial" />
                    <property name="retryIteration" value="0" />
                    <property name="repeatIteration" value="0" />
                  </properties>
                  <failure>
                    <message><![CDATA[Unhandled log message: '[Exception] NullReferenceException: Object reference not set to an instance of an object'. Use UnityEngine.TestTools.LogAssert.Expect]]></message>
                    <stack-trace><![CDATA[TimeSurvivor.Voxel.Streaming.ProceduralTerrainStreamer.ProcessLoadQueue (System.Single startTime) (at Assets/lib/voxel-streaming/Runtime/Streaming/ProceduralTerrainStreamer.cs:350)
TimeSurvivor.Voxel.Streaming.ProceduralTerrainStreamer.Update () (at Assets/lib/voxel-streaming/Runtime/Streaming/ProceduralTerrainStreamer.cs:163)

]]></stack-trace>
                  </failure>
                  <output><![CDATA[VoxelConfiguration not assigned to ProceduralTerrainStreamer
NullReferenceException: Object reference not set to an instance of an object
TimeSurvivor.Voxel.Streaming.ProceduralTerrainStreamer.ProcessLoadQueue (System.Single startTime) (at Assets/lib/voxel-streaming/Runtime/Streaming/ProceduralTerrainStreamer.cs:350)
TimeSurvivor.Voxel.Streaming.ProceduralTerrainStreamer.Update () (at Assets/lib/voxel-streaming/Runtime/Streaming/ProceduralTerrainStreamer.cs:163)

]]></output>
                </test-case>
                <test-case id="1014" name="ChunkLoading_RespectsDistanceThreshold" fullname="TimeSurvivor.Voxel.Streaming.Tests.ProceduralTerrainStreamerTests.ChunkLoading_RespectsDistanceThreshold" methodname="ChunkLoading_RespectsDistanceThreshold" classname="TimeSurvivor.Voxel.Streaming.Tests.ProceduralTerrainStreamerTests" runstate="Runnable" seed="1572647661" result="Failed" start-time="2025-11-22 02:34:33Z" end-time="2025-11-22 02:34:33Z" duration="0.001758" asserts="0">
                  <properties>
                    <property name="_JOINTYPE" value="UnityCombinatorial" />
                    <property name="retryIteration" value="0" />
                    <property name="repeatIteration" value="0" />
                  </properties>
                  <failure>
                    <message><![CDATA[Unhandled log message: '[Exception] NullReferenceException: Object reference not set to an instance of an object'. Use UnityEngine.TestTools.LogAssert.Expect]]></message>
                    <stack-trace><![CDATA[TimeSurvivor.Voxel.Streaming.ProceduralTerrainStreamer.ProcessLoadQueue (System.Single startTime) (at Assets/lib/voxel-streaming/Runtime/Streaming/ProceduralTerrainStreamer.cs:350)
TimeSurvivor.Voxel.Streaming.ProceduralTerrainStreamer.Update () (at Assets/lib/voxel-streaming/Runtime/Streaming/ProceduralTerrainStreamer.cs:163)

]]></stack-trace>
                  </failure>
                  <output><![CDATA[VoxelConfiguration not assigned to ProceduralTerrainStreamer
NullReferenceException: Object reference not set to an instance of an object
TimeSurvivor.Voxel.Streaming.ProceduralTerrainStreamer.ProcessLoadQueue (System.Single startTime) (at Assets/lib/voxel-streaming/Runtime/Streaming/ProceduralTerrainStreamer.cs:350)
TimeSurvivor.Voxel.Streaming.ProceduralTerrainStreamer.Update () (at Assets/lib/voxel-streaming/Runtime/Streaming/ProceduralTerrainStreamer.cs:163)

]]></output>
                </test-case>
                <test-case id="1018" name="ClearAll_RemovesAllChunks" fullname="TimeSurvivor.Voxel.Streaming.Tests.ProceduralTerrainStreamerTests.ClearAll_RemovesAllChunks" methodname="ClearAll_RemovesAllChunks" classname="TimeSurvivor.Voxel.Streaming.Tests.ProceduralTerrainStreamerTests" runstate="Runnable" seed="690708412" result="Failed" start-time="2025-11-22 02:34:33Z" end-time="2025-11-22 02:34:33Z" duration="0.001743" asserts="0">
                  <properties>
                    <property name="_JOINTYPE" value="UnityCombinatorial" />
                    <property name="retryIteration" value="0" />
                    <property name="repeatIteration" value="0" />
                  </properties>
                  <failure>
                    <message><![CDATA[Unhandled log message: '[Exception] NullReferenceException: Object reference not set to an instance of an object'. Use UnityEngine.TestTools.LogAssert.Expect]]></message>
                    <stack-trace><![CDATA[TimeSurvivor.Voxel.Streaming.ProceduralTerrainStreamer.ProcessLoadQueue (System.Single startTime) (at Assets/lib/voxel-streaming/Runtime/Streaming/ProceduralTerrainStreamer.cs:350)
TimeSurvivor.Voxel.Streaming.ProceduralTerrainStreamer.Update () (at Assets/lib/voxel-streaming/Runtime/Streaming/ProceduralTerrainStreamer.cs:163)

]]></stack-trace>
                  </failure>
                  <output><![CDATA[VoxelConfiguration not assigned to ProceduralTerrainStreamer
NullReferenceException: Object reference not set to an instance of an object
TimeSurvivor.Voxel.Streaming.ProceduralTerrainStreamer.ProcessLoadQueue (System.Single startTime) (at Assets/lib/voxel-streaming/Runtime/Streaming/ProceduralTerrainStreamer.cs:350)
TimeSurvivor.Voxel.Streaming.ProceduralTerrainStreamer.Update () (at Assets/lib/voxel-streaming/Runtime/Streaming/ProceduralTerrainStreamer.cs:163)

]]></output>
                </test-case>
                <test-case id="1019" name="GetStatistics_ReturnsFormattedString" fullname="TimeSurvivor.Voxel.Streaming.Tests.ProceduralTerrainStreamerTests.GetStatistics_ReturnsFormattedString" methodname="GetStatistics_ReturnsFormattedString" classname="TimeSurvivor.Voxel.Streaming.Tests.ProceduralTerrainStreamerTests" runstate="Runnable" seed="1358251817" result="Passed" start-time="2025-11-22 02:34:33Z" end-time="2025-11-22 02:34:33Z" duration="0.002178" asserts="0">
                  <properties>
                    <property name="retryIteration" value="0" />
                    <property name="repeatIteration" value="0" />
                  </properties>
                  <output><![CDATA[VoxelConfiguration not assigned to ProceduralTerrainStreamer
]]></output>
                </test-case>
                <test-case id="1015" name="Hysteresis_PreventsChunkThrashing" fullname="TimeSurvivor.Voxel.Streaming.Tests.ProceduralTerrainStreamerTests.Hysteresis_PreventsChunkThrashing" methodname="Hysteresis_PreventsChunkThrashing" classname="TimeSurvivor.Voxel.Streaming.Tests.ProceduralTerrainStreamerTests" runstate="Runnable" seed="1201739555" result="Failed" start-time="2025-11-22 02:34:33Z" end-time="2025-11-22 02:34:33Z" duration="0.001426" asserts="0">
                  <properties>
                    <property name="_JOINTYPE" value="UnityCombinatorial" />
                    <property name="retryIteration" value="0" />
                    <property name="repeatIteration" value="0" />
                  </properties>
                  <failure>
                    <message><![CDATA[Unhandled log message: '[Exception] NullReferenceException: Object reference not set to an instance of an object'. Use UnityEngine.TestTools.LogAssert.Expect]]></message>
                    <stack-trace><![CDATA[TimeSurvivor.Voxel.Streaming.ProceduralTerrainStreamer.ProcessLoadQueue (System.Single startTime) (at Assets/lib/voxel-streaming/Runtime/Streaming/ProceduralTerrainStreamer.cs:350)
TimeSurvivor.Voxel.Streaming.ProceduralTerrainStreamer.Update () (at Assets/lib/voxel-streaming/Runtime/Streaming/ProceduralTerrainStreamer.cs:163)

]]></stack-trace>
                  </failure>
                  <output><![CDATA[VoxelConfiguration not assigned to ProceduralTerrainStreamer
NullReferenceException: Object reference not set to an instance of an object
TimeSurvivor.Voxel.Streaming.ProceduralTerrainStreamer.ProcessLoadQueue (System.Single startTime) (at Assets/lib/voxel-streaming/Runtime/Streaming/ProceduralTerrainStreamer.cs:350)
TimeSurvivor.Voxel.Streaming.ProceduralTerrainStreamer.Update () (at Assets/lib/voxel-streaming/Runtime/Streaming/ProceduralTerrainStreamer.cs:163)

]]></output>
                </test-case>
                <test-case id="1017" name="LoadBudget_RespectedPerFrame" fullname="TimeSurvivor.Voxel.Streaming.Tests.ProceduralTerrainStreamerTests.LoadBudget_RespectedPerFrame" methodname="LoadBudget_RespectedPerFrame" classname="TimeSurvivor.Voxel.Streaming.Tests.ProceduralTerrainStreamerTests" runstate="Runnable" seed="1905083049" result="Failed" start-time="2025-11-22 02:34:33Z" end-time="2025-11-22 02:34:33Z" duration="0.001652" asserts="0">
                  <properties>
                    <property name="_JOINTYPE" value="UnityCombinatorial" />
                    <property name="retryIteration" value="0" />
                    <property name="repeatIteration" value="0" />
                  </properties>
                  <failure>
                    <message><![CDATA[Unhandled log message: '[Exception] NullReferenceException: Object reference not set to an instance of an object'. Use UnityEngine.TestTools.LogAssert.Expect]]></message>
                    <stack-trace><![CDATA[TimeSurvivor.Voxel.Streaming.ProceduralTerrainStreamer.ProcessLoadQueue (System.Single startTime) (at Assets/lib/voxel-streaming/Runtime/Streaming/ProceduralTerrainStreamer.cs:350)
TimeSurvivor.Voxel.Streaming.ProceduralTerrainStreamer.Update () (at Assets/lib/voxel-streaming/Runtime/Streaming/ProceduralTerrainStreamer.cs:163)

]]></stack-trace>
                  </failure>
                  <output><![CDATA[VoxelConfiguration not assigned to ProceduralTerrainStreamer
NullReferenceException: Object reference not set to an instance of an object
TimeSurvivor.Voxel.Streaming.ProceduralTerrainStreamer.ProcessLoadQueue (System.Single startTime) (at Assets/lib/voxel-streaming/Runtime/Streaming/ProceduralTerrainStreamer.cs:350)
TimeSurvivor.Voxel.Streaming.ProceduralTerrainStreamer.Update () (at Assets/lib/voxel-streaming/Runtime/Streaming/ProceduralTerrainStreamer.cs:163)

]]></output>
                </test-case>
                <test-case id="1013" name="PlayerMovement_TriggersChunkLoading" fullname="TimeSurvivor.Voxel.Streaming.Tests.ProceduralTerrainStreamerTests.PlayerMovement_TriggersChunkLoading" methodname="PlayerMovement_TriggersChunkLoading" classname="TimeSurvivor.Voxel.Streaming.Tests.ProceduralTerrainStreamerTests" runstate="Runnable" seed="1501098537" result="Failed" start-time="2025-11-22 02:34:33Z" end-time="2025-11-22 02:34:33Z" duration="0.001618" asserts="0">
                  <properties>
                    <property name="_JOINTYPE" value="UnityCombinatorial" />
                    <property name="retryIteration" value="0" />
                    <property name="repeatIteration" value="0" />
                  </properties>
                  <failure>
                    <message><![CDATA[Unhandled log message: '[Exception] NullReferenceException: Object reference not set to an instance of an object'. Use UnityEngine.TestTools.LogAssert.Expect]]></message>
                    <stack-trace><![CDATA[TimeSurvivor.Voxel.Streaming.ProceduralTerrainStreamer.ProcessLoadQueue (System.Single startTime) (at Assets/lib/voxel-streaming/Runtime/Streaming/ProceduralTerrainStreamer.cs:350)
TimeSurvivor.Voxel.Streaming.ProceduralTerrainStreamer.Update () (at Assets/lib/voxel-streaming/Runtime/Streaming/ProceduralTerrainStreamer.cs:163)

]]></stack-trace>
                  </failure>
                  <output><![CDATA[VoxelConfiguration not assigned to ProceduralTerrainStreamer
NullReferenceException: Object reference not set to an instance of an object
TimeSurvivor.Voxel.Streaming.ProceduralTerrainStreamer.ProcessLoadQueue (System.Single startTime) (at Assets/lib/voxel-streaming/Runtime/Streaming/ProceduralTerrainStreamer.cs:350)
TimeSurvivor.Voxel.Streaming.ProceduralTerrainStreamer.Update () (at Assets/lib/voxel-streaming/Runtime/Streaming/ProceduralTerrainStreamer.cs:163)

Saving results to: /Users/etherny/Library/Application Support/DefaultCompany/TimeSurvivorGame/TestResults.xml
]]></output>
                </test-case>
              </test-suite>
            </test-suite>
          </test-suite>
        </test-suite>
      </test-suite>
    </test-suite>
  </test-suite>
</test-run>