<?xml version="1.0" encoding="utf-8"?>
<test-run id="2" testcasecount="127" result="Failed(Child)" total="127" passed="107" failed="20" inconclusive="0" skipped="0" asserts="0" engine-version="3.5.0.0" clr-version="4.0.30319.42000" start-time="2025-11-22 01:30:36Z" end-time="2025-11-22 01:30:45Z" duration="8.9932366">
  <test-suite type="TestSuite" id="1000" name="TimeSurvivorGame" fullname="TimeSurvivorGame" runstate="Runnable" testcasecount="127" result="Failed" site="Child" start-time="2025-11-22 01:30:36Z" end-time="2025-11-22 01:30:45Z" duration="8.993237" total="127" passed="107" failed="20" inconclusive="0" skipped="0" asserts="0">
    <properties>
      <property name="platform" value="EditMode" />
    </properties>
    <failure>
      <message><![CDATA[One or more child tests had errors]]></message>
    </failure>
    <test-suite type="Assembly" id="1082" name="TimeSurvivor.Voxel.Core.Tests.dll" fullname="/Users/etherny/Documents/work/games/TimeSurvivorGame/Library/ScriptAssemblies/TimeSurvivor.Voxel.Core.Tests.dll" runstate="Runnable" testcasecount="76" result="Passed" start-time="2025-11-22 01:30:36Z" end-time="2025-11-22 01:30:36Z" duration="0.080070" total="76" passed="76" failed="0" inconclusive="0" skipped="0" asserts="0">
      <properties>
        <property name="_PID" value="10198" />
        <property name="_APPDOMAIN" value="Unity Child Domain" />
        <property name="platform" value="EditMode" />
        <property name="EditorOnly" value="True" />
      </properties>
      <test-suite type="TestSuite" id="1083" name="TimeSurvivor" fullname="TimeSurvivor" runstate="Runnable" testcasecount="76" result="Passed" start-time="2025-11-22 01:30:36Z" end-time="2025-11-22 01:30:36Z" duration="0.078644" total="76" passed="76" failed="0" inconclusive="0" skipped="0" asserts="0">
        <properties />
        <test-suite type="TestSuite" id="1084" name="Voxel" fullname="TimeSurvivor.Voxel" runstate="Runnable" testcasecount="76" result="Passed" start-time="2025-11-22 01:30:36Z" end-time="2025-11-22 01:30:36Z" duration="0.077767" total="76" passed="76" failed="0" inconclusive="0" skipped="0" asserts="0">
          <properties />
          <test-suite type="TestSuite" id="1085" name="Core" fullname="TimeSurvivor.Voxel.Core" runstate="Runnable" testcasecount="76" result="Passed" start-time="2025-11-22 01:30:36Z" end-time="2025-11-22 01:30:36Z" duration="0.076667" total="76" passed="76" failed="0" inconclusive="0" skipped="0" asserts="0">
            <properties />
            <test-suite type="TestSuite" id="1086" name="Tests" fullname="TimeSurvivor.Voxel.Core.Tests" runstate="Runnable" testcasecount="76" result="Passed" start-time="2025-11-22 01:30:36Z" end-time="2025-11-22 01:30:36Z" duration="0.075370" total="76" passed="76" failed="0" inconclusive="0" skipped="0" asserts="0">
              <properties />
              <test-suite type="TestFixture" id="1001" name="ChunkCoordTests" fullname="TimeSurvivor.Voxel.Core.Tests.ChunkCoordTests" classname="TimeSurvivor.Voxel.Core.Tests.ChunkCoordTests" runstate="Runnable" testcasecount="13" result="Passed" start-time="2025-11-22 01:30:36Z" end-time="2025-11-22 01:30:36Z" duration="0.023967" total="13" passed="13" failed="0" inconclusive="0" skipped="0" asserts="0">
                <properties />
                <test-case id="1008" name="Test_AdditionOperator_PositiveOffset_ReturnsCorrectCoord" fullname="TimeSurvivor.Voxel.Core.Tests.ChunkCoordTests.Test_AdditionOperator_PositiveOffset_ReturnsCorrectCoord" methodname="Test_AdditionOperator_PositiveOffset_ReturnsCorrectCoord" classname="TimeSurvivor.Voxel.Core.Tests.ChunkCoordTests" runstate="Runnable" seed="177143040" result="Passed" start-time="2025-11-22 01:30:36Z" end-time="2025-11-22 01:30:36Z" duration="0.008480" asserts="0">
                  <properties>
                    <property name="retryIteration" value="0" />
                    <property name="repeatIteration" value="0" />
                  </properties>
                </test-case>
                <test-case id="1003" name="Test_Constructor_Int3Parameter_CreatesCorrectCoord" fullname="TimeSurvivor.Voxel.Core.Tests.ChunkCoordTests.Test_Constructor_Int3Parameter_CreatesCorrectCoord" methodname="Test_Constructor_Int3Parameter_CreatesCorrectCoord" classname="TimeSurvivor.Voxel.Core.Tests.ChunkCoordTests" runstate="Runnable" seed="1909499424" result="Passed" start-time="2025-11-22 01:30:36Z" end-time="2025-11-22 01:30:36Z" duration="0.000582" asserts="0">
                  <properties>
                    <property name="retryIteration" value="0" />
                    <property name="repeatIteration" value="0" />
                  </properties>
                </test-case>
                <test-case id="1002" name="Test_Constructor_IntParameters_CreatesCorrectCoord" fullname="TimeSurvivor.Voxel.Core.Tests.ChunkCoordTests.Test_Constructor_IntParameters_CreatesCorrectCoord" methodname="Test_Constructor_IntParameters_CreatesCorrectCoord" classname="TimeSurvivor.Voxel.Core.Tests.ChunkCoordTests" runstate="Runnable" seed="2073420830" result="Passed" start-time="2025-11-22 01:30:36Z" end-time="2025-11-22 01:30:36Z" duration="0.000224" asserts="0">
                  <properties>
                    <property name="retryIteration" value="0" />
                    <property name="repeatIteration" value="0" />
                  </properties>
                </test-case>
                <test-case id="1012" name="Test_Constructor_NegativeCoordinates_WorksCorrectly" fullname="TimeSurvivor.Voxel.Core.Tests.ChunkCoordTests.Test_Constructor_NegativeCoordinates_WorksCorrectly" methodname="Test_Constructor_NegativeCoordinates_WorksCorrectly" classname="TimeSurvivor.Voxel.Core.Tests.ChunkCoordTests" runstate="Runnable" seed="410181315" result="Passed" start-time="2025-11-22 01:30:36Z" end-time="2025-11-22 01:30:36Z" duration="0.000124" asserts="0">
                  <properties>
                    <property name="retryIteration" value="0" />
                    <property name="repeatIteration" value="0" />
                  </properties>
                </test-case>
                <test-case id="1005" name="Test_Equals_DifferentCoordinates_ReturnsFalse" fullname="TimeSurvivor.Voxel.Core.Tests.ChunkCoordTests.Test_Equals_DifferentCoordinates_ReturnsFalse" methodname="Test_Equals_DifferentCoordinates_ReturnsFalse" classname="TimeSurvivor.Voxel.Core.Tests.ChunkCoordTests" runstate="Runnable" seed="258511473" result="Passed" start-time="2025-11-22 01:30:36Z" end-time="2025-11-22 01:30:36Z" duration="0.000199" asserts="0">
                  <properties>
                    <property name="retryIteration" value="0" />
                    <property name="repeatIteration" value="0" />
                  </properties>
                </test-case>
                <test-case id="1014" name="Test_Equals_ObjectOverload_WorksCorrectly" fullname="TimeSurvivor.Voxel.Core.Tests.ChunkCoordTests.Test_Equals_ObjectOverload_WorksCorrectly" methodname="Test_Equals_ObjectOverload_WorksCorrectly" classname="TimeSurvivor.Voxel.Core.Tests.ChunkCoordTests" runstate="Runnable" seed="1517428122" result="Passed" start-time="2025-11-22 01:30:36Z" end-time="2025-11-22 01:30:36Z" duration="0.000200" asserts="0">
                  <properties>
                    <property name="retryIteration" value="0" />
                    <property name="repeatIteration" value="0" />
                  </properties>
                </test-case>
                <test-case id="1004" name="Test_Equals_SameCoordinates_ReturnsTrue" fullname="TimeSurvivor.Voxel.Core.Tests.ChunkCoordTests.Test_Equals_SameCoordinates_ReturnsTrue" methodname="Test_Equals_SameCoordinates_ReturnsTrue" classname="TimeSurvivor.Voxel.Core.Tests.ChunkCoordTests" runstate="Runnable" seed="1475062911" result="Passed" start-time="2025-11-22 01:30:36Z" end-time="2025-11-22 01:30:36Z" duration="0.000091" asserts="0">
                  <properties>
                    <property name="retryIteration" value="0" />
                    <property name="repeatIteration" value="0" />
                  </properties>
                </test-case>
                <test-case id="1006" name="Test_EqualsOperator_SameCoordinates_ReturnsTrue" fullname="TimeSurvivor.Voxel.Core.Tests.ChunkCoordTests.Test_EqualsOperator_SameCoordinates_ReturnsTrue" methodname="Test_EqualsOperator_SameCoordinates_ReturnsTrue" classname="TimeSurvivor.Voxel.Core.Tests.ChunkCoordTests" runstate="Runnable" seed="1173714634" result="Passed" start-time="2025-11-22 01:30:36Z" end-time="2025-11-22 01:30:36Z" duration="0.000181" asserts="0">
                  <properties>
                    <property name="retryIteration" value="0" />
                    <property name="repeatIteration" value="0" />
                  </properties>
                </test-case>
                <test-case id="1010" name="Test_GetHashCode_EqualCoords_ReturnsSameHash" fullname="TimeSurvivor.Voxel.Core.Tests.ChunkCoordTests.Test_GetHashCode_EqualCoords_ReturnsSameHash" methodname="Test_GetHashCode_EqualCoords_ReturnsSameHash" classname="TimeSurvivor.Voxel.Core.Tests.ChunkCoordTests" runstate="Runnable" seed="1569270087" result="Passed" start-time="2025-11-22 01:30:36Z" end-time="2025-11-22 01:30:36Z" duration="0.000144" asserts="0">
                  <properties>
                    <property name="retryIteration" value="0" />
                    <property name="repeatIteration" value="0" />
                  </properties>
                </test-case>
                <test-case id="1007" name="Test_NotEqualsOperator_DifferentCoordinates_ReturnsTrue" fullname="TimeSurvivor.Voxel.Core.Tests.ChunkCoordTests.Test_NotEqualsOperator_DifferentCoordinates_ReturnsTrue" methodname="Test_NotEqualsOperator_DifferentCoordinates_ReturnsTrue" classname="TimeSurvivor.Voxel.Core.Tests.ChunkCoordTests" runstate="Runnable" seed="1385928983" result="Passed" start-time="2025-11-22 01:30:36Z" end-time="2025-11-22 01:30:36Z" duration="0.000136" asserts="0">
                  <properties>
                    <property name="retryIteration" value="0" />
                    <property name="repeatIteration" value="0" />
                  </properties>
                </test-case>
                <test-case id="1013" name="Test_Operators_NegativeCoordinates_WorksCorrectly" fullname="TimeSurvivor.Voxel.Core.Tests.ChunkCoordTests.Test_Operators_NegativeCoordinates_WorksCorrectly" methodname="Test_Operators_NegativeCoordinates_WorksCorrectly" classname="TimeSurvivor.Voxel.Core.Tests.ChunkCoordTests" runstate="Runnable" seed="1194518865" result="Passed" start-time="2025-11-22 01:30:36Z" end-time="2025-11-22 01:30:36Z" duration="0.000377" asserts="0">
                  <properties>
                    <property name="retryIteration" value="0" />
                    <property name="repeatIteration" value="0" />
                  </properties>
                </test-case>
                <test-case id="1009" name="Test_SubtractionOperator_PositiveOffset_ReturnsCorrectCoord" fullname="TimeSurvivor.Voxel.Core.Tests.ChunkCoordTests.Test_SubtractionOperator_PositiveOffset_ReturnsCorrectCoord" methodname="Test_SubtractionOperator_PositiveOffset_ReturnsCorrectCoord" classname="TimeSurvivor.Voxel.Core.Tests.ChunkCoordTests" runstate="Runnable" seed="1556614569" result="Passed" start-time="2025-11-22 01:30:36Z" end-time="2025-11-22 01:30:36Z" duration="0.000232" asserts="0">
                  <properties>
                    <property name="retryIteration" value="0" />
                    <property name="repeatIteration" value="0" />
                  </properties>
                </test-case>
                <test-case id="1011" name="Test_ToString_ReturnsFormattedString" fullname="TimeSurvivor.Voxel.Core.Tests.ChunkCoordTests.Test_ToString_ReturnsFormattedString" methodname="Test_ToString_ReturnsFormattedString" classname="TimeSurvivor.Voxel.Core.Tests.ChunkCoordTests" runstate="Runnable" seed="1866209709" result="Passed" start-time="2025-11-22 01:30:36Z" end-time="2025-11-22 01:30:36Z" duration="0.000277" asserts="0">
                  <properties>
                    <property name="retryIteration" value="0" />
                    <property name="repeatIteration" value="0" />
                  </properties>
                </test-case>
              </test-suite>
              <test-suite type="TestFixture" id="1015" name="MacroVoxelDataTests" fullname="TimeSurvivor.Voxel.Core.Tests.MacroVoxelDataTests" classname="TimeSurvivor.Voxel.Core.Tests.MacroVoxelDataTests" runstate="Runnable" testcasecount="10" result="Passed" start-time="2025-11-22 01:30:36Z" end-time="2025-11-22 01:30:36Z" duration="0.006927" total="10" passed="10" failed="0" inconclusive="0" skipped="0" asserts="0">
                <properties />
                <test-case id="1022" name="Test_Constructor_AllVoxelTypes_StoredCorrectly" fullname="TimeSurvivor.Voxel.Core.Tests.MacroVoxelDataTests.Test_Constructor_AllVoxelTypes_StoredCorrectly" methodname="Test_Constructor_AllVoxelTypes_StoredCorrectly" classname="TimeSurvivor.Voxel.Core.Tests.MacroVoxelDataTests" runstate="Runnable" seed="402427589" result="Passed" start-time="2025-11-22 01:30:36Z" end-time="2025-11-22 01:30:36Z" duration="0.001144" asserts="0">
                  <properties>
                    <property name="retryIteration" value="0" />
                    <property name="repeatIteration" value="0" />
                  </properties>
                </test-case>
                <test-case id="1020" name="Test_Constructor_DefaultMetadata_StoresTypeCorrectly" fullname="TimeSurvivor.Voxel.Core.Tests.MacroVoxelDataTests.Test_Constructor_DefaultMetadata_StoresTypeCorrectly" methodname="Test_Constructor_DefaultMetadata_StoresTypeCorrectly" classname="TimeSurvivor.Voxel.Core.Tests.MacroVoxelDataTests" runstate="Runnable" seed="1938116334" result="Passed" start-time="2025-11-22 01:30:36Z" end-time="2025-11-22 01:30:36Z" duration="0.000406" asserts="0">
                  <properties>
                    <property name="retryIteration" value="0" />
                    <property name="repeatIteration" value="0" />
                  </properties>
                </test-case>
                <test-case id="1021" name="Test_Constructor_WithMetadata_StoresBothValues" fullname="TimeSurvivor.Voxel.Core.Tests.MacroVoxelDataTests.Test_Constructor_WithMetadata_StoresBothValues" methodname="Test_Constructor_WithMetadata_StoresBothValues" classname="TimeSurvivor.Voxel.Core.Tests.MacroVoxelDataTests" runstate="Runnable" seed="652554775" result="Passed" start-time="2025-11-22 01:30:36Z" end-time="2025-11-22 01:30:36Z" duration="0.000241" asserts="0">
                  <properties>
                    <property name="retryIteration" value="0" />
                    <property name="repeatIteration" value="0" />
                  </properties>
                </test-case>
                <test-case id="1016" name="Test_IsSolid_AirVoxel_ReturnsFalse" fullname="TimeSurvivor.Voxel.Core.Tests.MacroVoxelDataTests.Test_IsSolid_AirVoxel_ReturnsFalse" methodname="Test_IsSolid_AirVoxel_ReturnsFalse" classname="TimeSurvivor.Voxel.Core.Tests.MacroVoxelDataTests" runstate="Runnable" seed="1325179642" result="Passed" start-time="2025-11-22 01:30:36Z" end-time="2025-11-22 01:30:36Z" duration="0.000126" asserts="0">
                  <properties>
                    <property name="retryIteration" value="0" />
                    <property name="repeatIteration" value="0" />
                  </properties>
                </test-case>
                <test-case id="1017" name="Test_IsSolid_SolidVoxelTypes_ReturnsTrue" fullname="TimeSurvivor.Voxel.Core.Tests.MacroVoxelDataTests.Test_IsSolid_SolidVoxelTypes_ReturnsTrue" methodname="Test_IsSolid_SolidVoxelTypes_ReturnsTrue" classname="TimeSurvivor.Voxel.Core.Tests.MacroVoxelDataTests" runstate="Runnable" seed="1449882535" result="Passed" start-time="2025-11-22 01:30:36Z" end-time="2025-11-22 01:30:36Z" duration="0.000141" asserts="0">
                  <properties>
                    <property name="retryIteration" value="0" />
                    <property name="repeatIteration" value="0" />
                  </properties>
                </test-case>
                <test-case id="1019" name="Test_IsTransparent_OpaqueVoxelTypes_ReturnsFalse" fullname="TimeSurvivor.Voxel.Core.Tests.MacroVoxelDataTests.Test_IsTransparent_OpaqueVoxelTypes_ReturnsFalse" methodname="Test_IsTransparent_OpaqueVoxelTypes_ReturnsFalse" classname="TimeSurvivor.Voxel.Core.Tests.MacroVoxelDataTests" runstate="Runnable" seed="1582609757" result="Passed" start-time="2025-11-22 01:30:36Z" end-time="2025-11-22 01:30:36Z" duration="0.000201" asserts="0">
                  <properties>
                    <property name="retryIteration" value="0" />
                    <property name="repeatIteration" value="0" />
                  </properties>
                </test-case>
                <test-case id="1018" name="Test_IsTransparent_WaterAndLeaves_ReturnsTrue" fullname="TimeSurvivor.Voxel.Core.Tests.MacroVoxelDataTests.Test_IsTransparent_WaterAndLeaves_ReturnsTrue" methodname="Test_IsTransparent_WaterAndLeaves_ReturnsTrue" classname="TimeSurvivor.Voxel.Core.Tests.MacroVoxelDataTests" runstate="Runnable" seed="2041158564" result="Passed" start-time="2025-11-22 01:30:36Z" end-time="2025-11-22 01:30:36Z" duration="0.000102" asserts="0">
                  <properties>
                    <property name="retryIteration" value="0" />
                    <property name="repeatIteration" value="0" />
                  </properties>
                </test-case>
                <test-case id="1025" name="Test_LeavesVoxel_IsSolidAndTransparent" fullname="TimeSurvivor.Voxel.Core.Tests.MacroVoxelDataTests.Test_LeavesVoxel_IsSolidAndTransparent" methodname="Test_LeavesVoxel_IsSolidAndTransparent" classname="TimeSurvivor.Voxel.Core.Tests.MacroVoxelDataTests" runstate="Runnable" seed="696408433" result="Passed" start-time="2025-11-22 01:30:36Z" end-time="2025-11-22 01:30:36Z" duration="0.000155" asserts="0">
                  <properties>
                    <property name="retryIteration" value="0" />
                    <property name="repeatIteration" value="0" />
                  </properties>
                </test-case>
                <test-case id="1023" name="Test_Metadata_MaxValue_StoredCorrectly" fullname="TimeSurvivor.Voxel.Core.Tests.MacroVoxelDataTests.Test_Metadata_MaxValue_StoredCorrectly" methodname="Test_Metadata_MaxValue_StoredCorrectly" classname="TimeSurvivor.Voxel.Core.Tests.MacroVoxelDataTests" runstate="Runnable" seed="1717222120" result="Passed" start-time="2025-11-22 01:30:36Z" end-time="2025-11-22 01:30:36Z" duration="0.000116" asserts="0">
                  <properties>
                    <property name="retryIteration" value="0" />
                    <property name="repeatIteration" value="0" />
                  </properties>
                </test-case>
                <test-case id="1024" name="Test_WaterVoxel_IsSolidAndTransparent" fullname="TimeSurvivor.Voxel.Core.Tests.MacroVoxelDataTests.Test_WaterVoxel_IsSolidAndTransparent" methodname="Test_WaterVoxel_IsSolidAndTransparent" classname="TimeSurvivor.Voxel.Core.Tests.MacroVoxelDataTests" runstate="Runnable" seed="1927689701" result="Passed" start-time="2025-11-22 01:30:36Z" end-time="2025-11-22 01:30:36Z" duration="0.000115" asserts="0">
                  <properties>
                    <property name="retryIteration" value="0" />
                    <property name="repeatIteration" value="0" />
                  </properties>
                </test-case>
              </test-suite>
              <test-suite type="TestFixture" id="1026" name="MicroVoxelDataTests" fullname="TimeSurvivor.Voxel.Core.Tests.MicroVoxelDataTests" classname="TimeSurvivor.Voxel.Core.Tests.MicroVoxelDataTests" runstate="Runnable" testcasecount="16" result="Passed" start-time="2025-11-22 01:30:36Z" end-time="2025-11-22 01:30:36Z" duration="0.006590" total="16" passed="16" failed="0" inconclusive="0" skipped="0" asserts="0">
                <properties />
                <test-case id="1038" name="Test_Constructor_CustomHealth_StoresCorrectly" fullname="TimeSurvivor.Voxel.Core.Tests.MicroVoxelDataTests.Test_Constructor_CustomHealth_StoresCorrectly" methodname="Test_Constructor_CustomHealth_StoresCorrectly" classname="TimeSurvivor.Voxel.Core.Tests.MicroVoxelDataTests" runstate="Runnable" seed="1363278710" result="Passed" start-time="2025-11-22 01:30:36Z" end-time="2025-11-22 01:30:36Z" duration="0.000299" asserts="0">
                  <properties>
                    <property name="retryIteration" value="0" />
                    <property name="repeatIteration" value="0" />
                  </properties>
                </test-case>
                <test-case id="1037" name="Test_Constructor_DefaultHealth_SetsMaxHealth" fullname="TimeSurvivor.Voxel.Core.Tests.MicroVoxelDataTests.Test_Constructor_DefaultHealth_SetsMaxHealth" methodname="Test_Constructor_DefaultHealth_SetsMaxHealth" classname="TimeSurvivor.Voxel.Core.Tests.MicroVoxelDataTests" runstate="Runnable" seed="1945382311" result="Passed" start-time="2025-11-22 01:30:36Z" end-time="2025-11-22 01:30:36Z" duration="0.000161" asserts="0">
                  <properties>
                    <property name="retryIteration" value="0" />
                    <property name="repeatIteration" value="0" />
                  </properties>
                </test-case>
                <test-case id="1039" name="Test_Constructor_WithAllParameters_StoresAllValues" fullname="TimeSurvivor.Voxel.Core.Tests.MicroVoxelDataTests.Test_Constructor_WithAllParameters_StoresAllValues" methodname="Test_Constructor_WithAllParameters_StoresAllValues" classname="TimeSurvivor.Voxel.Core.Tests.MicroVoxelDataTests" runstate="Runnable" seed="1888481359" result="Passed" start-time="2025-11-22 01:30:36Z" end-time="2025-11-22 01:30:36Z" duration="0.000152" asserts="0">
                  <properties>
                    <property name="retryIteration" value="0" />
                    <property name="repeatIteration" value="0" />
                  </properties>
                </test-case>
                <test-case id="1031" name="Test_IsDestroyed_PositiveHealth_ReturnsFalse" fullname="TimeSurvivor.Voxel.Core.Tests.MicroVoxelDataTests.Test_IsDestroyed_PositiveHealth_ReturnsFalse" methodname="Test_IsDestroyed_PositiveHealth_ReturnsFalse" classname="TimeSurvivor.Voxel.Core.Tests.MicroVoxelDataTests" runstate="Runnable" seed="216329307" result="Passed" start-time="2025-11-22 01:30:36Z" end-time="2025-11-22 01:30:36Z" duration="0.000105" asserts="0">
                  <properties>
                    <property name="retryIteration" value="0" />
                    <property name="repeatIteration" value="0" />
                  </properties>
                </test-case>
                <test-case id="1030" name="Test_IsDestroyed_ZeroHealth_ReturnsTrue" fullname="TimeSurvivor.Voxel.Core.Tests.MicroVoxelDataTests.Test_IsDestroyed_ZeroHealth_ReturnsTrue" methodname="Test_IsDestroyed_ZeroHealth_ReturnsTrue" classname="TimeSurvivor.Voxel.Core.Tests.MicroVoxelDataTests" runstate="Runnable" seed="681594899" result="Passed" start-time="2025-11-22 01:30:36Z" end-time="2025-11-22 01:30:36Z" duration="0.000080" asserts="0">
                  <properties>
                    <property name="retryIteration" value="0" />
                    <property name="repeatIteration" value="0" />
                  </properties>
                </test-case>
                <test-case id="1027" name="Test_IsSolid_AirVoxel_ReturnsFalse" fullname="TimeSurvivor.Voxel.Core.Tests.MicroVoxelDataTests.Test_IsSolid_AirVoxel_ReturnsFalse" methodname="Test_IsSolid_AirVoxel_ReturnsFalse" classname="TimeSurvivor.Voxel.Core.Tests.MicroVoxelDataTests" runstate="Runnable" seed="1257951638" result="Passed" start-time="2025-11-22 01:30:36Z" end-time="2025-11-22 01:30:36Z" duration="0.000103" asserts="0">
                  <properties>
                    <property name="retryIteration" value="0" />
                    <property name="repeatIteration" value="0" />
                  </properties>
                </test-case>
                <test-case id="1028" name="Test_IsSolid_HealthyVoxel_ReturnsTrue" fullname="TimeSurvivor.Voxel.Core.Tests.MicroVoxelDataTests.Test_IsSolid_HealthyVoxel_ReturnsTrue" methodname="Test_IsSolid_HealthyVoxel_ReturnsTrue" classname="TimeSurvivor.Voxel.Core.Tests.MicroVoxelDataTests" runstate="Runnable" seed="1202399579" result="Passed" start-time="2025-11-22 01:30:36Z" end-time="2025-11-22 01:30:36Z" duration="0.000093" asserts="0">
                  <properties>
                    <property name="retryIteration" value="0" />
                    <property name="repeatIteration" value="0" />
                  </properties>
                </test-case>
                <test-case id="1042" name="Test_IsSolid_MinimumHealth_ReturnsTrue" fullname="TimeSurvivor.Voxel.Core.Tests.MicroVoxelDataTests.Test_IsSolid_MinimumHealth_ReturnsTrue" methodname="Test_IsSolid_MinimumHealth_ReturnsTrue" classname="TimeSurvivor.Voxel.Core.Tests.MicroVoxelDataTests" runstate="Runnable" seed="1301315263" result="Passed" start-time="2025-11-22 01:30:36Z" end-time="2025-11-22 01:30:36Z" duration="0.000096" asserts="0">
                  <properties>
                    <property name="retryIteration" value="0" />
                    <property name="repeatIteration" value="0" />
                  </properties>
                </test-case>
                <test-case id="1029" name="Test_IsSolid_ZeroHealth_ReturnsFalse" fullname="TimeSurvivor.Voxel.Core.Tests.MicroVoxelDataTests.Test_IsSolid_ZeroHealth_ReturnsFalse" methodname="Test_IsSolid_ZeroHealth_ReturnsFalse" classname="TimeSurvivor.Voxel.Core.Tests.MicroVoxelDataTests" runstate="Runnable" seed="2014685166" result="Passed" start-time="2025-11-22 01:30:36Z" end-time="2025-11-22 01:30:36Z" duration="0.000149" asserts="0">
                  <properties>
                    <property name="retryIteration" value="0" />
                    <property name="repeatIteration" value="0" />
                  </properties>
                </test-case>
                <test-case id="1033" name="Test_WithDamage_ExactDamage_ConvertsToAir" fullname="TimeSurvivor.Voxel.Core.Tests.MicroVoxelDataTests.Test_WithDamage_ExactDamage_ConvertsToAir" methodname="Test_WithDamage_ExactDamage_ConvertsToAir" classname="TimeSurvivor.Voxel.Core.Tests.MicroVoxelDataTests" runstate="Runnable" seed="277914245" result="Passed" start-time="2025-11-22 01:30:36Z" end-time="2025-11-22 01:30:36Z" duration="0.000219" asserts="0">
                  <properties>
                    <property name="retryIteration" value="0" />
                    <property name="repeatIteration" value="0" />
                  </properties>
                </test-case>
                <test-case id="1036" name="Test_WithDamage_MetadataPreservedOnDestruction" fullname="TimeSurvivor.Voxel.Core.Tests.MicroVoxelDataTests.Test_WithDamage_MetadataPreservedOnDestruction" methodname="Test_WithDamage_MetadataPreservedOnDestruction" classname="TimeSurvivor.Voxel.Core.Tests.MicroVoxelDataTests" runstate="Runnable" seed="1906485511" result="Passed" start-time="2025-11-22 01:30:36Z" end-time="2025-11-22 01:30:36Z" duration="0.000164" asserts="0">
                  <properties>
                    <property name="retryIteration" value="0" />
                    <property name="repeatIteration" value="0" />
                  </properties>
                </test-case>
                <test-case id="1040" name="Test_WithDamage_OneHealthPoint_ConvertsToAir" fullname="TimeSurvivor.Voxel.Core.Tests.MicroVoxelDataTests.Test_WithDamage_OneHealthPoint_ConvertsToAir" methodname="Test_WithDamage_OneHealthPoint_ConvertsToAir" classname="TimeSurvivor.Voxel.Core.Tests.MicroVoxelDataTests" runstate="Runnable" seed="2046361812" result="Passed" start-time="2025-11-22 01:30:36Z" end-time="2025-11-22 01:30:36Z" duration="0.000110" asserts="0">
                  <properties>
                    <property name="retryIteration" value="0" />
                    <property name="repeatIteration" value="0" />
                  </properties>
                </test-case>
                <test-case id="1034" name="Test_WithDamage_Overkill_ConvertsToAirWithZeroHealth" fullname="TimeSurvivor.Voxel.Core.Tests.MicroVoxelDataTests.Test_WithDamage_Overkill_ConvertsToAirWithZeroHealth" methodname="Test_WithDamage_Overkill_ConvertsToAirWithZeroHealth" classname="TimeSurvivor.Voxel.Core.Tests.MicroVoxelDataTests" runstate="Runnable" seed="1919378522" result="Passed" start-time="2025-11-22 01:30:36Z" end-time="2025-11-22 01:30:36Z" duration="0.000142" asserts="0">
                  <properties>
                    <property name="retryIteration" value="0" />
                    <property name="repeatIteration" value="0" />
                  </properties>
                </test-case>
                <test-case id="1032" name="Test_WithDamage_PartialDamage_ReturnsNewVoxelWithReducedHealth" fullname="TimeSurvivor.Voxel.Core.Tests.MicroVoxelDataTests.Test_WithDamage_PartialDamage_ReturnsNewVoxelWithReducedHealth" methodname="Test_WithDamage_PartialDamage_ReturnsNewVoxelWithReducedHealth" classname="TimeSurvivor.Voxel.Core.Tests.MicroVoxelDataTests" runstate="Runnable" seed="1110700738" result="Passed" start-time="2025-11-22 01:30:36Z" end-time="2025-11-22 01:30:36Z" duration="0.000188" asserts="0">
                  <properties>
                    <property name="retryIteration" value="0" />
                    <property name="repeatIteration" value="0" />
                  </properties>
                </test-case>
                <test-case id="1035" name="Test_WithDamage_PreservesMetadata" fullname="TimeSurvivor.Voxel.Core.Tests.MicroVoxelDataTests.Test_WithDamage_PreservesMetadata" methodname="Test_WithDamage_PreservesMetadata" classname="TimeSurvivor.Voxel.Core.Tests.MicroVoxelDataTests" runstate="Runnable" seed="954682634" result="Passed" start-time="2025-11-22 01:30:36Z" end-time="2025-11-22 01:30:36Z" duration="0.000151" asserts="0">
                  <properties>
                    <property name="retryIteration" value="0" />
                    <property name="repeatIteration" value="0" />
                  </properties>
                </test-case>
                <test-case id="1041" name="Test_WithDamage_ZeroDamage_ReturnsUnchangedCopy" fullname="TimeSurvivor.Voxel.Core.Tests.MicroVoxelDataTests.Test_WithDamage_ZeroDamage_ReturnsUnchangedCopy" methodname="Test_WithDamage_ZeroDamage_ReturnsUnchangedCopy" classname="TimeSurvivor.Voxel.Core.Tests.MicroVoxelDataTests" runstate="Runnable" seed="296443562" result="Passed" start-time="2025-11-22 01:30:36Z" end-time="2025-11-22 01:30:36Z" duration="0.000368" asserts="0">
                  <properties>
                    <property name="retryIteration" value="0" />
                    <property name="repeatIteration" value="0" />
                  </properties>
                </test-case>
              </test-suite>
              <test-suite type="TestFixture" id="1043" name="VoxelConfigurationTests" fullname="TimeSurvivor.Voxel.Core.Tests.VoxelConfigurationTests" classname="TimeSurvivor.Voxel.Core.Tests.VoxelConfigurationTests" runstate="Runnable" testcasecount="15" result="Passed" start-time="2025-11-22 01:30:36Z" end-time="2025-11-22 01:30:36Z" duration="0.018522" total="15" passed="15" failed="0" inconclusive="0" skipped="0" asserts="0">
                <properties />
                <test-case id="1045" name="Test_ChunkVolume_DifferentSizes_ReturnsCorrectVolumes" fullname="TimeSurvivor.Voxel.Core.Tests.VoxelConfigurationTests.Test_ChunkVolume_DifferentSizes_ReturnsCorrectVolumes" methodname="Test_ChunkVolume_DifferentSizes_ReturnsCorrectVolumes" classname="TimeSurvivor.Voxel.Core.Tests.VoxelConfigurationTests" runstate="Runnable" seed="2140927112" result="Passed" start-time="2025-11-22 01:30:36Z" end-time="2025-11-22 01:30:36Z" duration="0.001185" asserts="0">
                  <properties>
                    <property name="retryIteration" value="0" />
                    <property name="repeatIteration" value="0" />
                  </properties>
                </test-case>
                <test-case id="1044" name="Test_ChunkVolume_ReturnsCorrectVolume" fullname="TimeSurvivor.Voxel.Core.Tests.VoxelConfigurationTests.Test_ChunkVolume_ReturnsCorrectVolume" methodname="Test_ChunkVolume_ReturnsCorrectVolume" classname="TimeSurvivor.Voxel.Core.Tests.VoxelConfigurationTests" runstate="Runnable" seed="1347559761" result="Passed" start-time="2025-11-22 01:30:36Z" end-time="2025-11-22 01:30:36Z" duration="0.000284" asserts="0">
                  <properties>
                    <property name="retryIteration" value="0" />
                    <property name="repeatIteration" value="0" />
                  </properties>
                </test-case>
                <test-case id="1058" name="Test_ChunkWorldSize_ScalesWithChunkSize" fullname="TimeSurvivor.Voxel.Core.Tests.VoxelConfigurationTests.Test_ChunkWorldSize_ScalesWithChunkSize" methodname="Test_ChunkWorldSize_ScalesWithChunkSize" classname="TimeSurvivor.Voxel.Core.Tests.VoxelConfigurationTests" runstate="Runnable" seed="2072888904" result="Passed" start-time="2025-11-22 01:30:36Z" end-time="2025-11-22 01:30:36Z" duration="0.001025" asserts="0">
                  <properties>
                    <property name="retryIteration" value="0" />
                    <property name="repeatIteration" value="0" />
                  </properties>
                </test-case>
                <test-case id="1057" name="Test_ChunkWorldSize_ScalesWithVoxelSize" fullname="TimeSurvivor.Voxel.Core.Tests.VoxelConfigurationTests.Test_ChunkWorldSize_ScalesWithVoxelSize" methodname="Test_ChunkWorldSize_ScalesWithVoxelSize" classname="TimeSurvivor.Voxel.Core.Tests.VoxelConfigurationTests" runstate="Runnable" seed="1060781272" result="Passed" start-time="2025-11-22 01:30:36Z" end-time="2025-11-22 01:30:36Z" duration="0.000827" asserts="0">
                  <properties>
                    <property name="retryIteration" value="0" />
                    <property name="repeatIteration" value="0" />
                  </properties>
                </test-case>
                <test-case id="1048" name="Test_ChunkWorldSizes_MacroLargerThanMicro" fullname="TimeSurvivor.Voxel.Core.Tests.VoxelConfigurationTests.Test_ChunkWorldSizes_MacroLargerThanMicro" methodname="Test_ChunkWorldSizes_MacroLargerThanMicro" classname="TimeSurvivor.Voxel.Core.Tests.VoxelConfigurationTests" runstate="Runnable" seed="613354423" result="Passed" start-time="2025-11-22 01:30:36Z" end-time="2025-11-22 01:30:36Z" duration="0.002971" asserts="0">
                  <properties>
                    <property name="retryIteration" value="0" />
                    <property name="repeatIteration" value="0" />
                  </properties>
                </test-case>
                <test-case id="1050" name="Test_CreateTestConfig_CustomValues_ArePreserved" fullname="TimeSurvivor.Voxel.Core.Tests.VoxelConfigurationTests.Test_CreateTestConfig_CustomValues_ArePreserved" methodname="Test_CreateTestConfig_CustomValues_ArePreserved" classname="TimeSurvivor.Voxel.Core.Tests.VoxelConfigurationTests" runstate="Runnable" seed="1583350478" result="Passed" start-time="2025-11-22 01:30:36Z" end-time="2025-11-22 01:30:36Z" duration="0.000395" asserts="0">
                  <properties>
                    <property name="retryIteration" value="0" />
                    <property name="repeatIteration" value="0" />
                  </properties>
                </test-case>
                <test-case id="1049" name="Test_CreateTestConfig_DefaultValues_AreSet" fullname="TimeSurvivor.Voxel.Core.Tests.VoxelConfigurationTests.Test_CreateTestConfig_DefaultValues_AreSet" methodname="Test_CreateTestConfig_DefaultValues_AreSet" classname="TimeSurvivor.Voxel.Core.Tests.VoxelConfigurationTests" runstate="Runnable" seed="1198087666" result="Passed" start-time="2025-11-22 01:30:36Z" end-time="2025-11-22 01:30:36Z" duration="0.000393" asserts="0">
                  <properties>
                    <property name="retryIteration" value="0" />
                    <property name="repeatIteration" value="0" />
                  </properties>
                </test-case>
                <test-case id="1046" name="Test_MacroChunkWorldSize_ReturnsCorrectSize" fullname="TimeSurvivor.Voxel.Core.Tests.VoxelConfigurationTests.Test_MacroChunkWorldSize_ReturnsCorrectSize" methodname="Test_MacroChunkWorldSize_ReturnsCorrectSize" classname="TimeSurvivor.Voxel.Core.Tests.VoxelConfigurationTests" runstate="Runnable" seed="1140339481" result="Passed" start-time="2025-11-22 01:30:36Z" end-time="2025-11-22 01:30:36Z" duration="0.000108" asserts="0">
                  <properties>
                    <property name="retryIteration" value="0" />
                    <property name="repeatIteration" value="0" />
                  </properties>
                </test-case>
                <test-case id="1047" name="Test_MicroChunkWorldSize_ReturnsCorrectSize" fullname="TimeSurvivor.Voxel.Core.Tests.VoxelConfigurationTests.Test_MicroChunkWorldSize_ReturnsCorrectSize" methodname="Test_MicroChunkWorldSize_ReturnsCorrectSize" classname="TimeSurvivor.Voxel.Core.Tests.VoxelConfigurationTests" runstate="Runnable" seed="2069177433" result="Passed" start-time="2025-11-22 01:30:36Z" end-time="2025-11-22 01:30:36Z" duration="0.000182" asserts="0">
                  <properties>
                    <property name="retryIteration" value="0" />
                    <property name="repeatIteration" value="0" />
                  </properties>
                </test-case>
                <test-case id="1053" name="Test_VoxelConfiguration_DeterministicSeed_IsSet" fullname="TimeSurvivor.Voxel.Core.Tests.VoxelConfigurationTests.Test_VoxelConfiguration_DeterministicSeed_IsSet" methodname="Test_VoxelConfiguration_DeterministicSeed_IsSet" classname="TimeSurvivor.Voxel.Core.Tests.VoxelConfigurationTests" runstate="Runnable" seed="1795923506" result="Passed" start-time="2025-11-22 01:30:36Z" end-time="2025-11-22 01:30:36Z" duration="0.000174" asserts="0">
                  <properties>
                    <property name="retryIteration" value="0" />
                    <property name="repeatIteration" value="0" />
                  </properties>
                </test-case>
                <test-case id="1051" name="Test_VoxelConfiguration_IsScriptableObject" fullname="TimeSurvivor.Voxel.Core.Tests.VoxelConfigurationTests.Test_VoxelConfiguration_IsScriptableObject" methodname="Test_VoxelConfiguration_IsScriptableObject" classname="TimeSurvivor.Voxel.Core.Tests.VoxelConfigurationTests" runstate="Runnable" seed="31832916" result="Passed" start-time="2025-11-22 01:30:36Z" end-time="2025-11-22 01:30:36Z" duration="0.002183" asserts="0">
                  <properties>
                    <property name="retryIteration" value="0" />
                    <property name="repeatIteration" value="0" />
                  </properties>
                </test-case>
                <test-case id="1055" name="Test_VoxelConfiguration_MaxCachedChunks_IsPositive" fullname="TimeSurvivor.Voxel.Core.Tests.VoxelConfigurationTests.Test_VoxelConfiguration_MaxCachedChunks_IsPositive" methodname="Test_VoxelConfiguration_MaxCachedChunks_IsPositive" classname="TimeSurvivor.Voxel.Core.Tests.VoxelConfigurationTests" runstate="Runnable" seed="305050260" result="Passed" start-time="2025-11-22 01:30:36Z" end-time="2025-11-22 01:30:36Z" duration="0.000232" asserts="0">
                  <properties>
                    <property name="retryIteration" value="0" />
                    <property name="repeatIteration" value="0" />
                  </properties>
                </test-case>
                <test-case id="1052" name="Test_VoxelConfiguration_PowerOfTwoChunkSize_CalculatesCorrectly" fullname="TimeSurvivor.Voxel.Core.Tests.VoxelConfigurationTests.Test_VoxelConfiguration_PowerOfTwoChunkSize_CalculatesCorrectly" methodname="Test_VoxelConfiguration_PowerOfTwoChunkSize_CalculatesCorrectly" classname="TimeSurvivor.Voxel.Core.Tests.VoxelConfigurationTests" runstate="Runnable" seed="226142876" result="Passed" start-time="2025-11-22 01:30:36Z" end-time="2025-11-22 01:30:36Z" duration="0.000393" asserts="0">
                  <properties>
                    <property name="retryIteration" value="0" />
                    <property name="repeatIteration" value="0" />
                  </properties>
                </test-case>
                <test-case id="1054" name="Test_VoxelConfiguration_RenderDistance_IsPositive" fullname="TimeSurvivor.Voxel.Core.Tests.VoxelConfigurationTests.Test_VoxelConfiguration_RenderDistance_IsPositive" methodname="Test_VoxelConfiguration_RenderDistance_IsPositive" classname="TimeSurvivor.Voxel.Core.Tests.VoxelConfigurationTests" runstate="Runnable" seed="1383075963" result="Passed" start-time="2025-11-22 01:30:36Z" end-time="2025-11-22 01:30:36Z" duration="0.000184" asserts="0">
                  <properties>
                    <property name="retryIteration" value="0" />
                    <property name="repeatIteration" value="0" />
                  </properties>
                </test-case>
                <test-case id="1056" name="Test_VoxelSizes_MicroSmallerThanMacro" fullname="TimeSurvivor.Voxel.Core.Tests.VoxelConfigurationTests.Test_VoxelSizes_MicroSmallerThanMacro" methodname="Test_VoxelSizes_MicroSmallerThanMacro" classname="TimeSurvivor.Voxel.Core.Tests.VoxelConfigurationTests" runstate="Runnable" seed="238977329" result="Passed" start-time="2025-11-22 01:30:36Z" end-time="2025-11-22 01:30:36Z" duration="0.000291" asserts="0">
                  <properties>
                    <property name="retryIteration" value="0" />
                    <property name="repeatIteration" value="0" />
                  </properties>
                </test-case>
              </test-suite>
              <test-suite type="TestFixture" id="1059" name="VoxelMathTests" fullname="TimeSurvivor.Voxel.Core.Tests.VoxelMathTests" classname="TimeSurvivor.Voxel.Core.Tests.VoxelMathTests" runstate="Runnable" testcasecount="22" result="Passed" start-time="2025-11-22 01:30:36Z" end-time="2025-11-22 01:30:36Z" duration="0.015447" total="22" passed="22" failed="0" inconclusive="0" skipped="0" asserts="0">
                <properties />
                <test-case id="1064" name="Test_ChunkCoordToWorld_NegativeChunk_ReturnsCorrectWorldPos" fullname="TimeSurvivor.Voxel.Core.Tests.VoxelMathTests.Test_ChunkCoordToWorld_NegativeChunk_ReturnsCorrectWorldPos" methodname="Test_ChunkCoordToWorld_NegativeChunk_ReturnsCorrectWorldPos" classname="TimeSurvivor.Voxel.Core.Tests.VoxelMathTests" runstate="Runnable" seed="1153709624" result="Passed" start-time="2025-11-22 01:30:36Z" end-time="2025-11-22 01:30:36Z" duration="0.000430" asserts="0">
                  <properties>
                    <property name="retryIteration" value="0" />
                    <property name="repeatIteration" value="0" />
                  </properties>
                </test-case>
                <test-case id="1063" name="Test_ChunkCoordToWorld_PositiveChunk_ReturnsCorrectWorldPos" fullname="TimeSurvivor.Voxel.Core.Tests.VoxelMathTests.Test_ChunkCoordToWorld_PositiveChunk_ReturnsCorrectWorldPos" methodname="Test_ChunkCoordToWorld_PositiveChunk_ReturnsCorrectWorldPos" classname="TimeSurvivor.Voxel.Core.Tests.VoxelMathTests" runstate="Runnable" seed="809248036" result="Passed" start-time="2025-11-22 01:30:36Z" end-time="2025-11-22 01:30:36Z" duration="0.000233" asserts="0">
                  <properties>
                    <property name="retryIteration" value="0" />
                    <property name="repeatIteration" value="0" />
                  </properties>
                </test-case>
                <test-case id="1065" name="Test_ChunkCoordToWorld_RoundTrip_ReturnsOriginalChunk" fullname="TimeSurvivor.Voxel.Core.Tests.VoxelMathTests.Test_ChunkCoordToWorld_RoundTrip_ReturnsOriginalChunk" methodname="Test_ChunkCoordToWorld_RoundTrip_ReturnsOriginalChunk" classname="TimeSurvivor.Voxel.Core.Tests.VoxelMathTests" runstate="Runnable" seed="549803613" result="Passed" start-time="2025-11-22 01:30:36Z" end-time="2025-11-22 01:30:36Z" duration="0.000560" asserts="0">
                  <properties>
                    <property name="retryIteration" value="0" />
                    <property name="repeatIteration" value="0" />
                  </properties>
                </test-case>
                <test-case id="1079" name="Test_ChunkDistanceSquared_ReturnsCorrectSquaredDistance" fullname="TimeSurvivor.Voxel.Core.Tests.VoxelMathTests.Test_ChunkDistanceSquared_ReturnsCorrectSquaredDistance" methodname="Test_ChunkDistanceSquared_ReturnsCorrectSquaredDistance" classname="TimeSurvivor.Voxel.Core.Tests.VoxelMathTests" runstate="Runnable" seed="2021787655" result="Passed" start-time="2025-11-22 01:30:36Z" end-time="2025-11-22 01:30:36Z" duration="0.000356" asserts="0">
                  <properties>
                    <property name="retryIteration" value="0" />
                    <property name="repeatIteration" value="0" />
                  </properties>
                </test-case>
                <test-case id="1078" name="Test_ChunkManhattanDistance_ReturnsCorrectDistance" fullname="TimeSurvivor.Voxel.Core.Tests.VoxelMathTests.Test_ChunkManhattanDistance_ReturnsCorrectDistance" methodname="Test_ChunkManhattanDistance_ReturnsCorrectDistance" classname="TimeSurvivor.Voxel.Core.Tests.VoxelMathTests" runstate="Runnable" seed="792458107" result="Passed" start-time="2025-11-22 01:30:36Z" end-time="2025-11-22 01:30:36Z" duration="0.000568" asserts="0">
                  <properties>
                    <property name="retryIteration" value="0" />
                    <property name="repeatIteration" value="0" />
                  </properties>
                </test-case>
                <test-case id="1070" name="Test_Flatten3DIndex_MaxCoordinate_ReturnsLastIndex" fullname="TimeSurvivor.Voxel.Core.Tests.VoxelMathTests.Test_Flatten3DIndex_MaxCoordinate_ReturnsLastIndex" methodname="Test_Flatten3DIndex_MaxCoordinate_ReturnsLastIndex" classname="TimeSurvivor.Voxel.Core.Tests.VoxelMathTests" runstate="Runnable" seed="1606222075" result="Passed" start-time="2025-11-22 01:30:36Z" end-time="2025-11-22 01:30:36Z" duration="0.000853" asserts="0">
                  <properties>
                    <property name="retryIteration" value="0" />
                    <property name="repeatIteration" value="0" />
                  </properties>
                </test-case>
                <test-case id="1068" name="Test_Flatten3DIndex_Origin_ReturnsZero" fullname="TimeSurvivor.Voxel.Core.Tests.VoxelMathTests.Test_Flatten3DIndex_Origin_ReturnsZero" methodname="Test_Flatten3DIndex_Origin_ReturnsZero" classname="TimeSurvivor.Voxel.Core.Tests.VoxelMathTests" runstate="Runnable" seed="1322843277" result="Passed" start-time="2025-11-22 01:30:36Z" end-time="2025-11-22 01:30:36Z" duration="0.000228" asserts="0">
                  <properties>
                    <property name="retryIteration" value="0" />
                    <property name="repeatIteration" value="0" />
                  </properties>
                </test-case>
                <test-case id="1069" name="Test_Flatten3DIndex_XYZOrdering_IsCorrect" fullname="TimeSurvivor.Voxel.Core.Tests.VoxelMathTests.Test_Flatten3DIndex_XYZOrdering_IsCorrect" methodname="Test_Flatten3DIndex_XYZOrdering_IsCorrect" classname="TimeSurvivor.Voxel.Core.Tests.VoxelMathTests" runstate="Runnable" seed="1344487551" result="Passed" start-time="2025-11-22 01:30:36Z" end-time="2025-11-22 01:30:36Z" duration="0.000296" asserts="0">
                  <properties>
                    <property name="retryIteration" value="0" />
                    <property name="repeatIteration" value="0" />
                  </properties>
                </test-case>
                <test-case id="1076" name="Test_IsValidLocalCoord_BoundaryValues_ReturnsCorrectly" fullname="TimeSurvivor.Voxel.Core.Tests.VoxelMathTests.Test_IsValidLocalCoord_BoundaryValues_ReturnsCorrectly" methodname="Test_IsValidLocalCoord_BoundaryValues_ReturnsCorrectly" classname="TimeSurvivor.Voxel.Core.Tests.VoxelMathTests" runstate="Runnable" seed="753693679" result="Passed" start-time="2025-11-22 01:30:36Z" end-time="2025-11-22 01:30:36Z" duration="0.000562" asserts="0">
                  <properties>
                    <property name="retryIteration" value="0" />
                    <property name="repeatIteration" value="0" />
                  </properties>
                </test-case>
                <test-case id="1075" name="Test_IsValidLocalCoord_OutOfBounds_ReturnsFalse" fullname="TimeSurvivor.Voxel.Core.Tests.VoxelMathTests.Test_IsValidLocalCoord_OutOfBounds_ReturnsFalse" methodname="Test_IsValidLocalCoord_OutOfBounds_ReturnsFalse" classname="TimeSurvivor.Voxel.Core.Tests.VoxelMathTests" runstate="Runnable" seed="505989632" result="Passed" start-time="2025-11-22 01:30:36Z" end-time="2025-11-22 01:30:36Z" duration="0.000567" asserts="0">
                  <properties>
                    <property name="retryIteration" value="0" />
                    <property name="repeatIteration" value="0" />
                  </properties>
                </test-case>
                <test-case id="1074" name="Test_IsValidLocalCoord_WithinBounds_ReturnsTrue" fullname="TimeSurvivor.Voxel.Core.Tests.VoxelMathTests.Test_IsValidLocalCoord_WithinBounds_ReturnsTrue" methodname="Test_IsValidLocalCoord_WithinBounds_ReturnsTrue" classname="TimeSurvivor.Voxel.Core.Tests.VoxelMathTests" runstate="Runnable" seed="772171652" result="Passed" start-time="2025-11-22 01:30:36Z" end-time="2025-11-22 01:30:36Z" duration="0.000138" asserts="0">
                  <properties>
                    <property name="retryIteration" value="0" />
                    <property name="repeatIteration" value="0" />
                  </properties>
                </test-case>
                <test-case id="1073" name="Test_Unflatten3DIndex_LastIndex_ReturnsMaxCoordinates" fullname="TimeSurvivor.Voxel.Core.Tests.VoxelMathTests.Test_Unflatten3DIndex_LastIndex_ReturnsMaxCoordinates" methodname="Test_Unflatten3DIndex_LastIndex_ReturnsMaxCoordinates" classname="TimeSurvivor.Voxel.Core.Tests.VoxelMathTests" runstate="Runnable" seed="199754123" result="Passed" start-time="2025-11-22 01:30:36Z" end-time="2025-11-22 01:30:36Z" duration="0.000155" asserts="0">
                  <properties>
                    <property name="retryIteration" value="0" />
                    <property name="repeatIteration" value="0" />
                  </properties>
                </test-case>
                <test-case id="1072" name="Test_Unflatten3DIndex_RoundTrip_ReturnsOriginalCoordinate" fullname="TimeSurvivor.Voxel.Core.Tests.VoxelMathTests.Test_Unflatten3DIndex_RoundTrip_ReturnsOriginalCoordinate" methodname="Test_Unflatten3DIndex_RoundTrip_ReturnsOriginalCoordinate" classname="TimeSurvivor.Voxel.Core.Tests.VoxelMathTests" runstate="Runnable" seed="535317589" result="Passed" start-time="2025-11-22 01:30:36Z" end-time="2025-11-22 01:30:36Z" duration="0.000112" asserts="0">
                  <properties>
                    <property name="retryIteration" value="0" />
                    <property name="repeatIteration" value="0" />
                  </properties>
                </test-case>
                <test-case id="1071" name="Test_Unflatten3DIndex_Zero_ReturnsOrigin" fullname="TimeSurvivor.Voxel.Core.Tests.VoxelMathTests.Test_Unflatten3DIndex_Zero_ReturnsOrigin" methodname="Test_Unflatten3DIndex_Zero_ReturnsOrigin" classname="TimeSurvivor.Voxel.Core.Tests.VoxelMathTests" runstate="Runnable" seed="1920953207" result="Passed" start-time="2025-11-22 01:30:36Z" end-time="2025-11-22 01:30:36Z" duration="0.000090" asserts="0">
                  <properties>
                    <property name="retryIteration" value="0" />
                    <property name="repeatIteration" value="0" />
                  </properties>
                </test-case>
                <test-case id="1067" name="Test_VoxelCoordToWorld_OriginVoxel_ReturnsHalfVoxelSize" fullname="TimeSurvivor.Voxel.Core.Tests.VoxelMathTests.Test_VoxelCoordToWorld_OriginVoxel_ReturnsHalfVoxelSize" methodname="Test_VoxelCoordToWorld_OriginVoxel_ReturnsHalfVoxelSize" classname="TimeSurvivor.Voxel.Core.Tests.VoxelMathTests" runstate="Runnable" seed="2083438648" result="Passed" start-time="2025-11-22 01:30:36Z" end-time="2025-11-22 01:30:36Z" duration="0.000195" asserts="0">
                  <properties>
                    <property name="retryIteration" value="0" />
                    <property name="repeatIteration" value="0" />
                  </properties>
                </test-case>
                <test-case id="1066" name="Test_VoxelCoordToWorld_ReturnsVoxelCenter" fullname="TimeSurvivor.Voxel.Core.Tests.VoxelMathTests.Test_VoxelCoordToWorld_ReturnsVoxelCenter" methodname="Test_VoxelCoordToWorld_ReturnsVoxelCenter" classname="TimeSurvivor.Voxel.Core.Tests.VoxelMathTests" runstate="Runnable" seed="1695874019" result="Passed" start-time="2025-11-22 01:30:36Z" end-time="2025-11-22 01:30:36Z" duration="0.000117" asserts="0">
                  <properties>
                    <property name="retryIteration" value="0" />
                    <property name="repeatIteration" value="0" />
                  </properties>
                </test-case>
                <test-case id="1081" name="Test_VoxelToLocalCoord_NegativeGlobalCoord_ReturnsCorrectLocal" fullname="TimeSurvivor.Voxel.Core.Tests.VoxelMathTests.Test_VoxelToLocalCoord_NegativeGlobalCoord_ReturnsCorrectLocal" methodname="Test_VoxelToLocalCoord_NegativeGlobalCoord_ReturnsCorrectLocal" classname="TimeSurvivor.Voxel.Core.Tests.VoxelMathTests" runstate="Runnable" seed="1626920502" result="Passed" start-time="2025-11-22 01:30:36Z" end-time="2025-11-22 01:30:36Z" duration="0.000296" asserts="0">
                  <properties>
                    <property name="retryIteration" value="0" />
                    <property name="repeatIteration" value="0" />
                  </properties>
                </test-case>
                <test-case id="1080" name="Test_VoxelToLocalCoord_PositiveGlobalCoord_ReturnsCorrectLocal" fullname="TimeSurvivor.Voxel.Core.Tests.VoxelMathTests.Test_VoxelToLocalCoord_PositiveGlobalCoord_ReturnsCorrectLocal" methodname="Test_VoxelToLocalCoord_PositiveGlobalCoord_ReturnsCorrectLocal" classname="TimeSurvivor.Voxel.Core.Tests.VoxelMathTests" runstate="Runnable" seed="154915098" result="Passed" start-time="2025-11-22 01:30:36Z" end-time="2025-11-22 01:30:36Z" duration="0.000117" asserts="0">
                  <properties>
                    <property name="retryIteration" value="0" />
                    <property name="repeatIteration" value="0" />
                  </properties>
                </test-case>
                <test-case id="1062" name="Test_WorldToChunkCoord_ChunkBoundary_ReturnsCorrectChunk" fullname="TimeSurvivor.Voxel.Core.Tests.VoxelMathTests.Test_WorldToChunkCoord_ChunkBoundary_ReturnsCorrectChunk" methodname="Test_WorldToChunkCoord_ChunkBoundary_ReturnsCorrectChunk" classname="TimeSurvivor.Voxel.Core.Tests.VoxelMathTests" runstate="Runnable" seed="345919511" result="Passed" start-time="2025-11-22 01:30:36Z" end-time="2025-11-22 01:30:36Z" duration="0.000133" asserts="0">
                  <properties>
                    <property name="retryIteration" value="0" />
                    <property name="repeatIteration" value="0" />
                  </properties>
                </test-case>
                <test-case id="1061" name="Test_WorldToChunkCoord_NegativeCoordinates_ReturnsCorrectChunk" fullname="TimeSurvivor.Voxel.Core.Tests.VoxelMathTests.Test_WorldToChunkCoord_NegativeCoordinates_ReturnsCorrectChunk" methodname="Test_WorldToChunkCoord_NegativeCoordinates_ReturnsCorrectChunk" classname="TimeSurvivor.Voxel.Core.Tests.VoxelMathTests" runstate="Runnable" seed="1418919802" result="Passed" start-time="2025-11-22 01:30:36Z" end-time="2025-11-22 01:30:36Z" duration="0.000133" asserts="0">
                  <properties>
                    <property name="retryIteration" value="0" />
                    <property name="repeatIteration" value="0" />
                  </properties>
                </test-case>
                <test-case id="1060" name="Test_WorldToChunkCoord_PositiveCoordinates_ReturnsCorrectChunk" fullname="TimeSurvivor.Voxel.Core.Tests.VoxelMathTests.Test_WorldToChunkCoord_PositiveCoordinates_ReturnsCorrectChunk" methodname="Test_WorldToChunkCoord_PositiveCoordinates_ReturnsCorrectChunk" classname="TimeSurvivor.Voxel.Core.Tests.VoxelMathTests" runstate="Runnable" seed="1034078898" result="Passed" start-time="2025-11-22 01:30:36Z" end-time="2025-11-22 01:30:36Z" duration="0.000118" asserts="0">
                  <properties>
                    <property name="retryIteration" value="0" />
                    <property name="repeatIteration" value="0" />
                  </properties>
                </test-case>
                <test-case id="1077" name="Test_WorldToVoxelCoord_PositiveCoordinates_ReturnsCorrect" fullname="TimeSurvivor.Voxel.Core.Tests.VoxelMathTests.Test_WorldToVoxelCoord_PositiveCoordinates_ReturnsCorrect" methodname="Test_WorldToVoxelCoord_PositiveCoordinates_ReturnsCorrect" classname="TimeSurvivor.Voxel.Core.Tests.VoxelMathTests" runstate="Runnable" seed="326138934" result="Passed" start-time="2025-11-22 01:30:36Z" end-time="2025-11-22 01:30:36Z" duration="0.000153" asserts="0">
                  <properties>
                    <property name="retryIteration" value="0" />
                    <property name="repeatIteration" value="0" />
                  </properties>
                </test-case>
              </test-suite>
            </test-suite>
          </test-suite>
        </test-suite>
      </test-suite>
    </test-suite>
    <test-suite type="Assembly" id="1093" name="TimeSurvivor.Voxel.Rendering.Tests.dll" fullname="/Users/etherny/Documents/work/games/TimeSurvivorGame/Library/ScriptAssemblies/TimeSurvivor.Voxel.Rendering.Tests.dll" runstate="Runnable" testcasecount="5" result="Passed" start-time="2025-11-22 01:30:36Z" end-time="2025-11-22 01:30:43Z" duration="7.450431" total="5" passed="5" failed="0" inconclusive="0" skipped="0" asserts="0">
      <properties>
        <property name="_PID" value="10198" />
        <property name="_APPDOMAIN" value="Unity Child Domain" />
        <property name="platform" value="EditMode" />
        <property name="EditorOnly" value="True" />
      </properties>
      <test-suite type="TestSuite" id="1094" name="TimeSurvivor" fullname="TimeSurvivor" runstate="Runnable" testcasecount="5" result="Passed" start-time="2025-11-22 01:30:36Z" end-time="2025-11-22 01:30:43Z" duration="7.449815" total="5" passed="5" failed="0" inconclusive="0" skipped="0" asserts="0">
        <properties />
        <test-suite type="TestSuite" id="1095" name="Voxel" fullname="TimeSurvivor.Voxel" runstate="Runnable" testcasecount="5" result="Passed" start-time="2025-11-22 01:30:36Z" end-time="2025-11-22 01:30:43Z" duration="7.449311" total="5" passed="5" failed="0" inconclusive="0" skipped="0" asserts="0">
          <properties />
          <test-suite type="TestSuite" id="1096" name="Rendering" fullname="TimeSurvivor.Voxel.Rendering" runstate="Runnable" testcasecount="5" result="Passed" start-time="2025-11-22 01:30:36Z" end-time="2025-11-22 01:30:43Z" duration="7.448952" total="5" passed="5" failed="0" inconclusive="0" skipped="0" asserts="0">
            <properties />
            <test-suite type="TestSuite" id="1097" name="Tests" fullname="TimeSurvivor.Voxel.Rendering.Tests" runstate="Runnable" testcasecount="5" result="Passed" start-time="2025-11-22 01:30:36Z" end-time="2025-11-22 01:30:43Z" duration="7.448506" total="5" passed="5" failed="0" inconclusive="0" skipped="0" asserts="0">
              <properties />
              <test-suite type="TestFixture" id="1087" name="GreedyMeshingJobTests" fullname="TimeSurvivor.Voxel.Rendering.Tests.GreedyMeshingJobTests" classname="TimeSurvivor.Voxel.Rendering.Tests.GreedyMeshingJobTests" runstate="Runnable" testcasecount="5" result="Passed" start-time="2025-11-22 01:30:36Z" end-time="2025-11-22 01:30:43Z" duration="7.447987" total="5" passed="5" failed="0" inconclusive="0" skipped="0" asserts="0">
                <properties />
                <test-case id="1089" name="FlatPlaneTest" fullname="TimeSurvivor.Voxel.Rendering.Tests.GreedyMeshingJobTests.FlatPlaneTest" methodname="FlatPlaneTest" classname="TimeSurvivor.Voxel.Rendering.Tests.GreedyMeshingJobTests" runstate="Runnable" seed="2048592266" result="Passed" start-time="2025-11-22 01:30:36Z" end-time="2025-11-22 01:30:36Z" duration="0.110671" asserts="0">
                  <properties>
                    <property name="retryIteration" value="0" />
                    <property name="repeatIteration" value="0" />
                  </properties>
                </test-case>
                <test-case id="1091" name="OutputValidityTest" fullname="TimeSurvivor.Voxel.Rendering.Tests.GreedyMeshingJobTests.OutputValidityTest" methodname="OutputValidityTest" classname="TimeSurvivor.Voxel.Rendering.Tests.GreedyMeshingJobTests" runstate="Runnable" seed="1630838292" result="Passed" start-time="2025-11-22 01:30:36Z" end-time="2025-11-22 01:30:42Z" duration="6.163892" asserts="0">
                  <properties>
                    <property name="retryIteration" value="0" />
                    <property name="repeatIteration" value="0" />
                  </properties>
                </test-case>
                <test-case id="1090" name="PerformanceTest" fullname="TimeSurvivor.Voxel.Rendering.Tests.GreedyMeshingJobTests.PerformanceTest" methodname="PerformanceTest" classname="TimeSurvivor.Voxel.Rendering.Tests.GreedyMeshingJobTests" runstate="Runnable" seed="1416542099" result="Passed" start-time="2025-11-22 01:30:42Z" end-time="2025-11-22 01:30:43Z" duration="1.145596" asserts="0">
                  <properties>
                    <property name="retryIteration" value="0" />
                    <property name="repeatIteration" value="0" />
                  </properties>
                  <output><![CDATA[[GreedyMeshingJobTests] Performance: 7.577ms avg (Editor mode), 5332 vertices
]]></output>
                </test-case>
                <test-case id="1088" name="SingleCubeTest" fullname="TimeSurvivor.Voxel.Rendering.Tests.GreedyMeshingJobTests.SingleCubeTest" methodname="SingleCubeTest" classname="TimeSurvivor.Voxel.Rendering.Tests.GreedyMeshingJobTests" runstate="Runnable" seed="1589926528" result="Passed" start-time="2025-11-22 01:30:43Z" end-time="2025-11-22 01:30:43Z" duration="0.008827" asserts="0">
                  <properties>
                    <property name="retryIteration" value="0" />
                    <property name="repeatIteration" value="0" />
                  </properties>
                </test-case>
                <test-case id="1092" name="VerticesLimitTest" fullname="TimeSurvivor.Voxel.Rendering.Tests.GreedyMeshingJobTests.VerticesLimitTest" methodname="VerticesLimitTest" classname="TimeSurvivor.Voxel.Rendering.Tests.GreedyMeshingJobTests" runstate="Runnable" seed="2056231324" result="Passed" start-time="2025-11-22 01:30:43Z" end-time="2025-11-22 01:30:43Z" duration="0.014996" asserts="0">
                  <properties>
                    <property name="retryIteration" value="0" />
                    <property name="repeatIteration" value="0" />
                  </properties>
                  <output><![CDATA[[GreedyMeshingJobTests] Worst-case (16³ checkerboard): 49152 vertices, Realistic (64³ terrain): 5332 vertices
]]></output>
                </test-case>
              </test-suite>
            </test-suite>
          </test-suite>
        </test-suite>
      </test-suite>
    </test-suite>
    <test-suite type="Assembly" id="1109" name="TimeSurvivor.Voxel.Streaming.Tests.dll" fullname="/Users/etherny/Documents/work/games/TimeSurvivorGame/Library/ScriptAssemblies/TimeSurvivor.Voxel.Streaming.Tests.dll" runstate="Runnable" testcasecount="10" result="Passed" start-time="2025-11-22 01:30:43Z" end-time="2025-11-22 01:30:43Z" duration="0.034768" total="10" passed="10" failed="0" inconclusive="0" skipped="0" asserts="0">
      <properties>
        <property name="_PID" value="10198" />
        <property name="_APPDOMAIN" value="Unity Child Domain" />
        <property name="platform" value="EditMode" />
        <property name="EditorOnly" value="True" />
      </properties>
      <test-suite type="TestSuite" id="1110" name="TimeSurvivor" fullname="TimeSurvivor" runstate="Runnable" testcasecount="10" result="Passed" start-time="2025-11-22 01:30:43Z" end-time="2025-11-22 01:30:43Z" duration="0.022992" total="10" passed="10" failed="0" inconclusive="0" skipped="0" asserts="0">
        <properties />
        <test-suite type="TestSuite" id="1111" name="Voxel" fullname="TimeSurvivor.Voxel" runstate="Runnable" testcasecount="10" result="Passed" start-time="2025-11-22 01:30:43Z" end-time="2025-11-22 01:30:43Z" duration="0.022553" total="10" passed="10" failed="0" inconclusive="0" skipped="0" asserts="0">
          <properties />
          <test-suite type="TestSuite" id="1112" name="Streaming" fullname="TimeSurvivor.Voxel.Streaming" runstate="Runnable" testcasecount="10" result="Passed" start-time="2025-11-22 01:30:43Z" end-time="2025-11-22 01:30:43Z" duration="0.022162" total="10" passed="10" failed="0" inconclusive="0" skipped="0" asserts="0">
            <properties />
            <test-suite type="TestSuite" id="1113" name="Tests" fullname="TimeSurvivor.Voxel.Streaming.Tests" runstate="Runnable" testcasecount="10" result="Passed" start-time="2025-11-22 01:30:43Z" end-time="2025-11-22 01:30:43Z" duration="0.021714" total="10" passed="10" failed="0" inconclusive="0" skipped="0" asserts="0">
              <properties />
              <test-suite type="TestFixture" id="1098" name="LRUCacheTests" fullname="TimeSurvivor.Voxel.Streaming.Tests.LRUCacheTests" classname="TimeSurvivor.Voxel.Streaming.Tests.LRUCacheTests" runstate="Runnable" testcasecount="10" result="Passed" start-time="2025-11-22 01:30:43Z" end-time="2025-11-22 01:30:43Z" duration="0.021254" total="10" passed="10" failed="0" inconclusive="0" skipped="0" asserts="0">
                <properties />
                <test-case id="1106" name="ChunkCache_WithChunkCoord_WorksCorrectly" fullname="TimeSurvivor.Voxel.Streaming.Tests.LRUCacheTests.ChunkCache_WithChunkCoord_WorksCorrectly" methodname="ChunkCache_WithChunkCoord_WorksCorrectly" classname="TimeSurvivor.Voxel.Streaming.Tests.LRUCacheTests" runstate="Runnable" seed="128257409" result="Passed" start-time="2025-11-22 01:30:43Z" end-time="2025-11-22 01:30:43Z" duration="0.003002" asserts="0">
                  <properties>
                    <property name="retryIteration" value="0" />
                    <property name="repeatIteration" value="0" />
                  </properties>
                </test-case>
                <test-case id="1108" name="LRUCache_Clear_RemovesAllItems" fullname="TimeSurvivor.Voxel.Streaming.Tests.LRUCacheTests.LRUCache_Clear_RemovesAllItems" methodname="LRUCache_Clear_RemovesAllItems" classname="TimeSurvivor.Voxel.Streaming.Tests.LRUCacheTests" runstate="Runnable" seed="1902125179" result="Passed" start-time="2025-11-22 01:30:43Z" end-time="2025-11-22 01:30:43Z" duration="0.001425" asserts="0">
                  <properties>
                    <property name="retryIteration" value="0" />
                    <property name="repeatIteration" value="0" />
                  </properties>
                </test-case>
                <test-case id="1102" name="LRUCache_ConcurrentAccess_IsThreadSafe" fullname="TimeSurvivor.Voxel.Streaming.Tests.LRUCacheTests.LRUCache_ConcurrentAccess_IsThreadSafe" methodname="LRUCache_ConcurrentAccess_IsThreadSafe" classname="TimeSurvivor.Voxel.Streaming.Tests.LRUCacheTests" runstate="Runnable" seed="1772324129" result="Passed" start-time="2025-11-22 01:30:43Z" end-time="2025-11-22 01:30:43Z" duration="0.012042" asserts="0">
                  <properties>
                    <property name="retryIteration" value="0" />
                    <property name="repeatIteration" value="0" />
                  </properties>
                </test-case>
                <test-case id="1103" name="LRUCache_EvictionHandler_IsCalledOnEviction" fullname="TimeSurvivor.Voxel.Streaming.Tests.LRUCacheTests.LRUCache_EvictionHandler_IsCalledOnEviction" methodname="LRUCache_EvictionHandler_IsCalledOnEviction" classname="TimeSurvivor.Voxel.Streaming.Tests.LRUCacheTests" runstate="Runnable" seed="434387836" result="Passed" start-time="2025-11-22 01:30:43Z" end-time="2025-11-22 01:30:43Z" duration="0.000375" asserts="0">
                  <properties>
                    <property name="retryIteration" value="0" />
                    <property name="repeatIteration" value="0" />
                  </properties>
                </test-case>
                <test-case id="1100" name="LRUCache_Operations_CompleteInConstantTime" fullname="TimeSurvivor.Voxel.Streaming.Tests.LRUCacheTests.LRUCache_Operations_CompleteInConstantTime" methodname="LRUCache_Operations_CompleteInConstantTime" classname="TimeSurvivor.Voxel.Streaming.Tests.LRUCacheTests" runstate="Runnable" seed="882105173" result="Passed" start-time="2025-11-22 01:30:43Z" end-time="2025-11-22 01:30:43Z" duration="0.000921" asserts="0">
                  <properties>
                    <property name="retryIteration" value="0" />
                    <property name="repeatIteration" value="0" />
                  </properties>
                </test-case>
                <test-case id="1107" name="LRUCache_Remove_RemovesItemCorrectly" fullname="TimeSurvivor.Voxel.Streaming.Tests.LRUCacheTests.LRUCache_Remove_RemovesItemCorrectly" methodname="LRUCache_Remove_RemovesItemCorrectly" classname="TimeSurvivor.Voxel.Streaming.Tests.LRUCacheTests" runstate="Runnable" seed="1136370903" result="Passed" start-time="2025-11-22 01:30:43Z" end-time="2025-11-22 01:30:43Z" duration="0.000145" asserts="0">
                  <properties>
                    <property name="retryIteration" value="0" />
                    <property name="repeatIteration" value="0" />
                  </properties>
                </test-case>
                <test-case id="1105" name="LRUCache_ResetStatistics_ClearsAllCounters" fullname="TimeSurvivor.Voxel.Streaming.Tests.LRUCacheTests.LRUCache_ResetStatistics_ClearsAllCounters" methodname="LRUCache_ResetStatistics_ClearsAllCounters" classname="TimeSurvivor.Voxel.Streaming.Tests.LRUCacheTests" runstate="Runnable" seed="126016711" result="Passed" start-time="2025-11-22 01:30:43Z" end-time="2025-11-22 01:30:43Z" duration="0.000316" asserts="0">
                  <properties>
                    <property name="retryIteration" value="0" />
                    <property name="repeatIteration" value="0" />
                  </properties>
                </test-case>
                <test-case id="1104" name="LRUCache_Statistics_TrackCorrectly" fullname="TimeSurvivor.Voxel.Streaming.Tests.LRUCacheTests.LRUCache_Statistics_TrackCorrectly" methodname="LRUCache_Statistics_TrackCorrectly" classname="TimeSurvivor.Voxel.Streaming.Tests.LRUCacheTests" runstate="Runnable" seed="1137924457" result="Passed" start-time="2025-11-22 01:30:43Z" end-time="2025-11-22 01:30:43Z" duration="0.000170" asserts="0">
                  <properties>
                    <property name="retryIteration" value="0" />
                    <property name="repeatIteration" value="0" />
                  </properties>
                </test-case>
                <test-case id="1099" name="LRUCache_WhenAtCapacity_EvictsLeastRecentlyUsedItem" fullname="TimeSurvivor.Voxel.Streaming.Tests.LRUCacheTests.LRUCache_WhenAtCapacity_EvictsLeastRecentlyUsedItem" methodname="LRUCache_WhenAtCapacity_EvictsLeastRecentlyUsedItem" classname="TimeSurvivor.Voxel.Streaming.Tests.LRUCacheTests" runstate="Runnable" seed="1398883261" result="Passed" start-time="2025-11-22 01:30:43Z" end-time="2025-11-22 01:30:43Z" duration="0.000127" asserts="0">
                  <properties>
                    <property name="retryIteration" value="0" />
                    <property name="repeatIteration" value="0" />
                  </properties>
                </test-case>
                <test-case id="1101" name="LRUCache_WithRealisticAccessPattern_AchievesTargetHitRate" fullname="TimeSurvivor.Voxel.Streaming.Tests.LRUCacheTests.LRUCache_WithRealisticAccessPattern_AchievesTargetHitRate" methodname="LRUCache_WithRealisticAccessPattern_AchievesTargetHitRate" classname="TimeSurvivor.Voxel.Streaming.Tests.LRUCacheTests" runstate="Runnable" seed="719173632" result="Passed" start-time="2025-11-22 01:30:43Z" end-time="2025-11-22 01:30:43Z" duration="0.000849" asserts="0">
                  <properties>
                    <property name="retryIteration" value="0" />
                    <property name="repeatIteration" value="0" />
                  </properties>
                </test-case>
              </test-suite>
            </test-suite>
          </test-suite>
        </test-suite>
      </test-suite>
    </test-suite>
    <test-suite type="Assembly" id="1155" name="TimeSurvivor.Voxel.Terrain.Tests.dll" fullname="/Users/etherny/Documents/work/games/TimeSurvivorGame/Library/ScriptAssemblies/TimeSurvivor.Voxel.Terrain.Tests.dll" runstate="Runnable" testcasecount="36" result="Failed" site="Child" start-time="2025-11-22 01:30:43Z" end-time="2025-11-22 01:30:45Z" duration="1.421622" total="36" passed="16" failed="20" inconclusive="0" skipped="0" asserts="0">
      <properties>
        <property name="_PID" value="10198" />
        <property name="_APPDOMAIN" value="Unity Child Domain" />
        <property name="platform" value="EditMode" />
        <property name="EditorOnly" value="True" />
      </properties>
      <failure>
        <message><![CDATA[One or more child tests had errors]]></message>
      </failure>
      <test-suite type="TestSuite" id="1156" name="TimeSurvivor" fullname="TimeSurvivor" runstate="Runnable" testcasecount="36" result="Failed" site="Child" start-time="2025-11-22 01:30:43Z" end-time="2025-11-22 01:30:45Z" duration="1.420763" total="36" passed="16" failed="20" inconclusive="0" skipped="0" asserts="0">
        <properties />
        <failure>
          <message><![CDATA[One or more child tests had errors]]></message>
        </failure>
        <test-suite type="TestSuite" id="1157" name="Voxel" fullname="TimeSurvivor.Voxel" runstate="Runnable" testcasecount="36" result="Failed" site="Child" start-time="2025-11-22 01:30:43Z" end-time="2025-11-22 01:30:45Z" duration="1.420245" total="36" passed="16" failed="20" inconclusive="0" skipped="0" asserts="0">
          <properties />
          <failure>
            <message><![CDATA[One or more child tests had errors]]></message>
          </failure>
          <test-suite type="TestSuite" id="1158" name="Terrain" fullname="TimeSurvivor.Voxel.Terrain" runstate="Runnable" testcasecount="36" result="Failed" site="Child" start-time="2025-11-22 01:30:43Z" end-time="2025-11-22 01:30:45Z" duration="1.419750" total="36" passed="16" failed="20" inconclusive="0" skipped="0" asserts="0">
            <properties />
            <failure>
              <message><![CDATA[One or more child tests had errors]]></message>
            </failure>
            <test-suite type="TestSuite" id="1159" name="Tests" fullname="TimeSurvivor.Voxel.Terrain.Tests" runstate="Runnable" testcasecount="36" result="Failed" site="Child" start-time="2025-11-22 01:30:43Z" end-time="2025-11-22 01:30:45Z" duration="1.419150" total="36" passed="16" failed="20" inconclusive="0" skipped="0" asserts="0">
              <properties />
              <failure>
                <message><![CDATA[One or more child tests had errors]]></message>
              </failure>
              <test-suite type="TestFixture" id="1114" name="MinecraftHeightmapGeneratorTests" fullname="TimeSurvivor.Voxel.Terrain.Tests.MinecraftHeightmapGeneratorTests" classname="TimeSurvivor.Voxel.Terrain.Tests.MinecraftHeightmapGeneratorTests" runstate="Runnable" testcasecount="10" result="Failed" site="Child" start-time="2025-11-22 01:30:43Z" end-time="2025-11-22 01:30:43Z" duration="0.345736" total="10" passed="7" failed="3" inconclusive="0" skipped="0" asserts="0">
                <properties />
                <failure>
                  <message><![CDATA[One or more child tests had errors]]></message>
                </failure>
                <test-case id="1120" name="Test_Dispose_CanBeCalledMultipleTimes" fullname="TimeSurvivor.Voxel.Terrain.Tests.MinecraftHeightmapGeneratorTests.Test_Dispose_CanBeCalledMultipleTimes" methodname="Test_Dispose_CanBeCalledMultipleTimes" classname="TimeSurvivor.Voxel.Terrain.Tests.MinecraftHeightmapGeneratorTests" runstate="Runnable" seed="364704819" result="Passed" start-time="2025-11-22 01:30:43Z" end-time="2025-11-22 01:30:43Z" duration="0.004669" asserts="0">
                  <properties>
                    <property name="retryIteration" value="0" />
                    <property name="repeatIteration" value="0" />
                  </properties>
                  <reason>
                    <message><![CDATA[Dispose() can be called multiple times safely]]></message>
                  </reason>
                </test-case>
                <test-case id="1119" name="Test_Dispose_FreesMemory" fullname="TimeSurvivor.Voxel.Terrain.Tests.MinecraftHeightmapGeneratorTests.Test_Dispose_FreesMemory" methodname="Test_Dispose_FreesMemory" classname="TimeSurvivor.Voxel.Terrain.Tests.MinecraftHeightmapGeneratorTests" runstate="Runnable" seed="1860383367" result="Failed" start-time="2025-11-22 01:30:43Z" end-time="2025-11-22 01:30:43Z" duration="0.001780" asserts="0">
                  <properties>
                    <property name="retryIteration" value="0" />
                    <property name="repeatIteration" value="0" />
                  </properties>
                  <failure>
                    <message><![CDATA[  Heightmap NativeArray should be disposed
  Expected: False
  But was:  True
]]></message>
                    <stack-trace><![CDATA[at TimeSurvivor.Voxel.Terrain.Tests.MinecraftHeightmapGeneratorTests.Test_Dispose_FreesMemory () [0x00043] in /Users/etherny/Documents/work/games/TimeSurvivorGame/Assets/lib/voxel-terrain/Tests/Runtime/MinecraftHeightmapGeneratorTests.cs:163
]]></stack-trace>
                  </failure>
                </test-case>
                <test-case id="1124" name="Test_GenerateHeightmap_CanBeCalledMultipleTimes" fullname="TimeSurvivor.Voxel.Terrain.Tests.MinecraftHeightmapGeneratorTests.Test_GenerateHeightmap_CanBeCalledMultipleTimes" methodname="Test_GenerateHeightmap_CanBeCalledMultipleTimes" classname="TimeSurvivor.Voxel.Terrain.Tests.MinecraftHeightmapGeneratorTests" runstate="Runnable" seed="2010257191" result="Passed" start-time="2025-11-22 01:30:43Z" end-time="2025-11-22 01:30:43Z" duration="0.006356" asserts="0">
                  <properties>
                    <property name="retryIteration" value="0" />
                    <property name="repeatIteration" value="0" />
                  </properties>
                </test-case>
[...]
  at Unity.Jobs.LowLevel.Unsafe.JobsUtility.ScheduleParallelFor (Unity.Jobs.LowLevel.Unsafe.JobsUtility+JobScheduleParameters& parameters, System.Int32 arrayLength, System.Int32 innerloopBatchCount) <0x38d754b00 + 0x00067> in <ca678e8562574911a4b05a3e0a6fcc6f>:0 
  at Unity.Jobs.IJobParallelForExtensions.Schedule[T] (T jobData, System.Int32 arrayLength, System.Int32 innerloopBatchCount, Unity.Jobs.JobHandle dependsOn) [0x00016] in /Users/bokken/build/output/unity/unity/Runtime/Jobs/Managed/IJobParallelFor.cs:70 
  at TimeSurvivor.Voxel.Terrain.Tests.ProceduralTerrainGenerationJobValidationTests.GenerateChunk_ShouldHaveHorizontalLayers () [0x00024] in /Users/etherny/Documents/work/games/TimeSurvivorGame/Assets/lib/voxel-terrain/Tests/Runtime/ProceduralTerrainGenerationJobValidationTests.cs:264 
  at (wrapper managed-to-native) System.Reflection.RuntimeMethodInfo.InternalInvoke(System.Reflection.RuntimeMethodInfo,object,object[],System.Exception&)
  at System.Reflection.RuntimeMethodInfo.Invoke (System.Object obj, System.Reflection.BindingFlags invokeAttr, System.Reflection.Binder binder, System.Object[] parameters, System.Globalization.CultureInfo culture) [0x0006a] in <3c470575843b432e876313222d20c5ed>:0 ]]></stack-trace>
                  </failure>
                </test-case>
                <test-case id="1141" name="GenerateChunk_ShouldHaveVisibleGrassSurface" fullname="TimeSurvivor.Voxel.Terrain.Tests.ProceduralTerrainGenerationJobValidationTests.GenerateChunk_ShouldHaveVisibleGrassSurface" methodname="GenerateChunk_ShouldHaveVisibleGrassSurface" classname="TimeSurvivor.Voxel.Terrain.Tests.ProceduralTerrainGenerationJobValidationTests" runstate="Runnable" seed="81617286" result="Failed" label="Error" start-time="2025-11-22 01:30:44Z" end-time="2025-11-22 01:30:44Z" duration="0.000258" asserts="0">
                  <properties>
                    <property name="retryIteration" value="0" />
                    <property name="repeatIteration" value="0" />
                  </properties>
                  <failure>
                    <message><![CDATA[System.InvalidOperationException : The UNKNOWN_OBJECT_TYPE ProceduralTerrainGenerationJob.Heightmap has not been assigned or constructed. All containers must be valid when scheduling a job.]]></message>
                    <stack-trace><![CDATA[  at (wrapper managed-to-native) Unity.Jobs.LowLevel.Unsafe.JobsUtility.ScheduleParallelFor_Injected(Unity.Jobs.LowLevel.Unsafe.JobsUtility/JobScheduleParameters&,int,int,Unity.Jobs.JobHandle&)
  at Unity.Jobs.LowLevel.Unsafe.JobsUtility.ScheduleParallelFor (Unity.Jobs.LowLevel.Unsafe.JobsUtility+JobScheduleParameters& parameters, System.Int32 arrayLength, System.Int32 innerloopBatchCount) <0x38d754b00 + 0x00067> in <ca678e8562574911a4b05a3e0a6fcc6f>:0 
  at Unity.Jobs.IJobParallelForExtensions.Schedule[T] (T jobData, System.Int32 arrayLength, System.Int32 innerloopBatchCount, Unity.Jobs.JobHandle dependsOn) [0x00016] in /Users/bokken/build/output/unity/unity/Runtime/Jobs/Managed/IJobParallelFor.cs:70 
  at TimeSurvivor.Voxel.Terrain.Tests.ProceduralTerrainGenerationJobValidationTests.GenerateChunk_ShouldHaveVisibleGrassSurface () [0x00024] in /Users/etherny/Documents/work/games/TimeSurvivorGame/Assets/lib/voxel-terrain/Tests/Runtime/ProceduralTerrainGenerationJobValidationTests.cs:197 
  at (wrapper managed-to-native) System.Reflection.RuntimeMethodInfo.InternalInvoke(System.Reflection.RuntimeMethodInfo,object,object[],System.Exception&)
  at System.Reflection.RuntimeMethodInfo.Invoke (System.Object obj, System.Reflection.BindingFlags invokeAttr, System.Reflection.Binder binder, System.Object[] parameters, System.Globalization.CultureInfo culture) [0x0006a] in <3c470575843b432e876313222d20c5ed>:0 ]]></stack-trace>
                  </failure>
                </test-case>
                <test-case id="1145" name="GenerateChunk_ShouldNotBeUniformCube" fullname="TimeSurvivor.Voxel.Terrain.Tests.ProceduralTerrainGenerationJobValidationTests.GenerateChunk_ShouldNotBeUniformCube" methodname="GenerateChunk_ShouldNotBeUniformCube" classname="TimeSurvivor.Voxel.Terrain.Tests.ProceduralTerrainGenerationJobValidationTests" runstate="Runnable" seed="1533102766" result="Failed" label="Error" start-time="2025-11-22 01:30:44Z" end-time="2025-11-22 01:30:44Z" duration="0.000432" asserts="0">
                  <properties>
                    <property name="retryIteration" value="0" />
                    <property name="repeatIteration" value="0" />
                  </properties>
                  <failure>
                    <message><![CDATA[System.InvalidOperationException : The UNKNOWN_OBJECT_TYPE ProceduralTerrainGenerationJob.Heightmap has not been assigned or constructed. All containers must be valid when scheduling a job.]]></message>
                    <stack-trace><![CDATA[  at (wrapper managed-to-native) Unity.Jobs.LowLevel.Unsafe.JobsUtility.ScheduleParallelFor_Injected(Unity.Jobs.LowLevel.Unsafe.JobsUtility/JobScheduleParameters&,int,int,Unity.Jobs.JobHandle&)
  at Unity.Jobs.LowLevel.Unsafe.JobsUtility.ScheduleParallelFor (Unity.Jobs.LowLevel.Unsafe.JobsUtility+JobScheduleParameters& parameters, System.Int32 arrayLength, System.Int32 innerloopBatchCount) <0x38d754b00 + 0x00067> in <ca678e8562574911a4b05a3e0a6fcc6f>:0 
  at Unity.Jobs.IJobParallelForExtensions.Schedule[T] (T jobData, System.Int32 arrayLength, System.Int32 innerloopBatchCount, Unity.Jobs.JobHandle dependsOn) [0x00016] in /Users/bokken/build/output/unity/unity/Runtime/Jobs/Managed/IJobParallelFor.cs:70 
  at TimeSurvivor.Voxel.Terrain.Tests.ProceduralTerrainGenerationJobValidationTests.GenerateChunk_ShouldNotBeUniformCube () [0x00024] in /Users/etherny/Documents/work/games/TimeSurvivorGame/Assets/lib/voxel-terrain/Tests/Runtime/ProceduralTerrainGenerationJobValidationTests.cs:483 
  at (wrapper managed-to-native) System.Reflection.RuntimeMethodInfo.InternalInvoke(System.Reflection.RuntimeMethodInfo,object,object[],System.Exception&)
  at System.Reflection.RuntimeMethodInfo.Invoke (System.Object obj, System.Reflection.BindingFlags invokeAttr, System.Reflection.Binder binder, System.Object[] parameters, System.Globalization.CultureInfo culture) [0x0006a] in <3c470575843b432e876313222d20c5ed>:0 ]]></stack-trace>
                  </failure>
                </test-case>
                <test-case id="1140" name="GenerateChunk_ShouldProduceVariedVoxelTypes" fullname="TimeSurvivor.Voxel.Terrain.Tests.ProceduralTerrainGenerationJobValidationTests.GenerateChunk_ShouldProduceVariedVoxelTypes" methodname="GenerateChunk_ShouldProduceVariedVoxelTypes" classname="TimeSurvivor.Voxel.Terrain.Tests.ProceduralTerrainGenerationJobValidationTests" runstate="Runnable" seed="2092156895" result="Failed" label="Error" start-time="2025-11-22 01:30:44Z" end-time="2025-11-22 01:30:44Z" duration="0.000381" asserts="0">
                  <properties>
                    <property name="retryIteration" value="0" />
                    <property name="repeatIteration" value="0" />
                  </properties>
                  <failure>
                    <message><![CDATA[System.InvalidOperationException : The UNKNOWN_OBJECT_TYPE ProceduralTerrainGenerationJob.Heightmap has not been assigned or constructed. All containers must be valid when scheduling a job.]]></message>
                    <stack-trace><![CDATA[  at (wrapper managed-to-native) Unity.Jobs.LowLevel.Unsafe.JobsUtility.ScheduleParallelFor_Injected(Unity.Jobs.LowLevel.Unsafe.JobsUtility/JobScheduleParameters&,int,int,Unity.Jobs.JobHandle&)
  at Unity.Jobs.LowLevel.Unsafe.JobsUtility.ScheduleParallelFor (Unity.Jobs.LowLevel.Unsafe.JobsUtility+JobScheduleParameters& parameters, System.Int32 arrayLength, System.Int32 innerloopBatchCount) <0x38d754b00 + 0x00067> in <ca678e8562574911a4b05a3e0a6fcc6f>:0 
  at Unity.Jobs.IJobParallelForExtensions.Schedule[T] (T jobData, System.Int32 arrayLength, System.Int32 innerloopBatchCount, Unity.Jobs.JobHandle dependsOn) [0x00016] in /Users/bokken/build/output/unity/unity/Runtime/Jobs/Managed/IJobParallelFor.cs:70 
  at TimeSurvivor.Voxel.Terrain.Tests.ProceduralTerrainGenerationJobValidationTests.GenerateChunk_ShouldProduceVariedVoxelTypes () [0x00024] in /Users/etherny/Documents/work/games/TimeSurvivorGame/Assets/lib/voxel-terrain/Tests/Runtime/ProceduralTerrainGenerationJobValidationTests.cs:139 
  at (wrapper managed-to-native) System.Reflection.RuntimeMethodInfo.InternalInvoke(System.Reflection.RuntimeMethodInfo,object,object[],System.Exception&)
  at System.Reflection.RuntimeMethodInfo.Invoke (System.Object obj, System.Reflection.BindingFlags invokeAttr, System.Reflection.Binder binder, System.Object[] parameters, System.Globalization.CultureInfo culture) [0x0006a] in <3c470575843b432e876313222d20c5ed>:0 ]]></stack-trace>
                  </failure>
                </test-case>
                <test-case id="1143" name="GenerateChunk_WaterShouldOnlyBeInValleys" fullname="TimeSurvivor.Voxel.Terrain.Tests.ProceduralTerrainGenerationJobValidationTests.GenerateChunk_WaterShouldOnlyBeInValleys" methodname="GenerateChunk_WaterShouldOnlyBeInValleys" classname="TimeSurvivor.Voxel.Terrain.Tests.ProceduralTerrainGenerationJobValidationTests" runstate="Runnable" seed="1849345696" result="Failed" label="Error" start-time="2025-11-22 01:30:44Z" end-time="2025-11-22 01:30:44Z" duration="0.000359" asserts="0">
                  <properties>
                    <property name="retryIteration" value="0" />
                    <property name="repeatIteration" value="0" />
                  </properties>
                  <failure>
                    <message><![CDATA[System.InvalidOperationException : The UNKNOWN_OBJECT_TYPE ProceduralTerrainGenerationJob.Heightmap has not been assigned or constructed. All containers must be valid when scheduling a job.]]></message>
                    <stack-trace><![CDATA[  at (wrapper managed-to-native) Unity.Jobs.LowLevel.Unsafe.JobsUtility.ScheduleParallelFor_Injected(Unity.Jobs.LowLevel.Unsafe.JobsUtility/JobScheduleParameters&,int,int,Unity.Jobs.JobHandle&)
  at Unity.Jobs.LowLevel.Unsafe.JobsUtility.ScheduleParallelFor (Unity.Jobs.LowLevel.Unsafe.JobsUtility+JobScheduleParameters& parameters, System.Int32 arrayLength, System.Int32 innerloopBatchCount) <0x38d754b00 + 0x00067> in <ca678e8562574911a4b05a3e0a6fcc6f>:0 
  at Unity.Jobs.IJobParallelForExtensions.Schedule[T] (T jobData, System.Int32 arrayLength, System.Int32 innerloopBatchCount, Unity.Jobs.JobHandle dependsOn) [0x00016] in /Users/bokken/build/output/unity/unity/Runtime/Jobs/Managed/IJobParallelFor.cs:70 
  at TimeSurvivor.Voxel.Terrain.Tests.ProceduralTerrainGenerationJobValidationTests.GenerateChunk_WaterShouldOnlyBeInValleys () [0x00024] in /Users/etherny/Documents/work/games/TimeSurvivorGame/Assets/lib/voxel-terrain/Tests/Runtime/ProceduralTerrainGenerationJobValidationTests.cs:336 
  at (wrapper managed-to-native) System.Reflection.RuntimeMethodInfo.InternalInvoke(System.Reflection.RuntimeMethodInfo,object,object[],System.Exception&)
  at System.Reflection.RuntimeMethodInfo.Invoke (System.Object obj, System.Reflection.BindingFlags invokeAttr, System.Reflection.Binder binder, System.Object[] parameters, System.Globalization.CultureInfo culture) [0x0006a] in <3c470575843b432e876313222d20c5ed>:0 ]]></stack-trace>
                  </failure>
                </test-case>
                <test-case id="1149" name="HeightmapMode_BackwardCompatibility_NoHeightmap" fullname="TimeSurvivor.Voxel.Terrain.Tests.ProceduralTerrainGenerationJobValidationTests.HeightmapMode_BackwardCompatibility_NoHeightmap" methodname="HeightmapMode_BackwardCompatibility_NoHeightmap" classname="TimeSurvivor.Voxel.Terrain.Tests.ProceduralTerrainGenerationJobValidationTests" runstate="Runnable" seed="402024750" result="Failed" label="Error" start-time="2025-11-22 01:30:44Z" end-time="2025-11-22 01:30:44Z" duration="0.000294" asserts="0">
                  <properties>
                    <property name="retryIteration" value="0" />
                    <property name="repeatIteration" value="0" />
                  </properties>
                  <failure>
                    <message><![CDATA[System.InvalidOperationException : The UNKNOWN_OBJECT_TYPE ProceduralTerrainGenerationJob.Heightmap has not been assigned or constructed. All containers must be valid when scheduling a job.]]></message>
                    <stack-trace><![CDATA[  at (wrapper managed-to-native) Unity.Jobs.LowLevel.Unsafe.JobsUtility.ScheduleParallelFor_Injected(Unity.Jobs.LowLevel.Unsafe.JobsUtility/JobScheduleParameters&,int,int,Unity.Jobs.JobHandle&)
  at Unity.Jobs.LowLevel.Unsafe.JobsUtility.ScheduleParallelFor (Unity.Jobs.LowLevel.Unsafe.JobsUtility+JobScheduleParameters& parameters, System.Int32 arrayLength, System.Int32 innerloopBatchCount) <0x38d754b00 + 0x00067> in <ca678e8562574911a4b05a3e0a6fcc6f>:0 
  at Unity.Jobs.IJobParallelForExtensions.Schedule[T] (T jobData, System.Int32 arrayLength, System.Int32 innerloopBatchCount, Unity.Jobs.JobHandle dependsOn) [0x00016] in /Users/bokken/build/output/unity/unity/Runtime/Jobs/Managed/IJobParallelFor.cs:70 
  at TimeSurvivor.Voxel.Terrain.Tests.ProceduralTerrainGenerationJobValidationTests.HeightmapMode_BackwardCompatibility_NoHeightmap () [0x000d1] in /Users/etherny/Documents/work/games/TimeSurvivorGame/Assets/lib/voxel-terrain/Tests/Runtime/ProceduralTerrainGenerationJobValidationTests.cs:851 
  at (wrapper managed-to-native) System.Reflection.RuntimeMethodInfo.InternalInvoke(System.Reflection.RuntimeMethodInfo,object,object[],System.Exception&)
  at System.Reflection.RuntimeMethodInfo.Invoke (System.Object obj, System.Reflection.BindingFlags invokeAttr, System.Reflection.Binder binder, System.Object[] parameters, System.Globalization.CultureInfo culture) [0x0006a] in <3c470575843b432e876313222d20c5ed>:0 ]]></stack-trace>
                  </failure>
                </test-case>
                <test-case id="1148" name="HeightmapMode_ChunkBordersShouldBeContinuous" fullname="TimeSurvivor.Voxel.Terrain.Tests.ProceduralTerrainGenerationJobValidationTests.HeightmapMode_ChunkBordersShouldBeContinuous" methodname="HeightmapMode_ChunkBordersShouldBeContinuous" classname="TimeSurvivor.Voxel.Terrain.Tests.ProceduralTerrainGenerationJobValidationTests" runstate="Runnable" seed="1531007320" result="Passed" start-time="2025-11-22 01:30:44Z" end-time="2025-11-22 01:30:44Z" duration="0.003113" asserts="0">
                  <properties>
                    <property name="retryIteration" value="0" />
                    <property name="repeatIteration" value="0" />
                  </properties>
                  <output><![CDATA[Border continuity: 4093/4096 voxels match (99.93%)
SUCCESS: Chunk borders are continuous with heightmap mode
]]></output>
                </test-case>
                <test-case id="1146" name="HeightmapMode_ShouldGenerateCorrectLayers" fullname="TimeSurvivor.Voxel.Terrain.Tests.ProceduralTerrainGenerationJobValidationTests.HeightmapMode_ShouldGenerateCorrectLayers" methodname="HeightmapMode_ShouldGenerateCorrectLayers" classname="TimeSurvivor.Voxel.Terrain.Tests.ProceduralTerrainGenerationJobValidationTests" runstate="Runnable" seed="1904478088" result="Passed" start-time="2025-11-22 01:30:44Z" end-time="2025-11-22 01:30:44Z" duration="0.001142" asserts="0">
                  <properties>
                    <property name="retryIteration" value="0" />
                    <property name="repeatIteration" value="0" />
                  </properties>
                  <output><![CDATA[SUCCESS: Heightmap mode generates correct horizontal layers (Grass > Dirt > Stone)
]]></output>
                </test-case>
                <test-case id="1147" name="HeightmapMode_ShouldGenerateWater" fullname="TimeSurvivor.Voxel.Terrain.Tests.ProceduralTerrainGenerationJobValidationTests.HeightmapMode_ShouldGenerateWater" methodname="HeightmapMode_ShouldGenerateWater" classname="TimeSurvivor.Voxel.Terrain.Tests.ProceduralTerrainGenerationJobValidationTests" runstate="Runnable" seed="1255504966" result="Passed" start-time="2025-11-22 01:30:44Z" end-time="2025-11-22 01:30:44Z" duration="0.000887" asserts="0">
                  <properties>
                    <property name="retryIteration" value="0" />
                    <property name="repeatIteration" value="0" />
                  </properties>
                  <output><![CDATA[SUCCESS: Heightmap mode generates water in valleys below water level
]]></output>
                </test-case>
              </test-suite>
              <test-suite type="TestFixture" id="1150" name="SimplexNoise3DTests" fullname="TimeSurvivor.Voxel.Terrain.Tests.SimplexNoise3DTests" classname="TimeSurvivor.Voxel.Terrain.Tests.SimplexNoise3DTests" runstate="Runnable" testcasecount="4" result="Passed" start-time="2025-11-22 01:30:44Z" end-time="2025-11-22 01:30:45Z" duration="0.029385" total="4" passed="4" failed="0" inconclusive="0" skipped="0" asserts="0">
                <properties />
                <test-case id="1154" name="Test_Continuity" fullname="TimeSurvivor.Voxel.Terrain.Tests.SimplexNoise3DTests.Test_Continuity" methodname="Test_Continuity" classname="TimeSurvivor.Voxel.Terrain.Tests.SimplexNoise3DTests" runstate="Runnable" seed="570509406" result="Passed" start-time="2025-11-22 01:30:44Z" end-time="2025-11-22 01:30:44Z" duration="0.005752" asserts="0">
                  <properties>
                    <property name="retryIteration" value="0" />
                    <property name="repeatIteration" value="0" />
                  </properties>
                </test-case>
                <test-case id="1151" name="Test_Determinism" fullname="TimeSurvivor.Voxel.Terrain.Tests.SimplexNoise3DTests.Test_Determinism" methodname="Test_Determinism" classname="TimeSurvivor.Voxel.Terrain.Tests.SimplexNoise3DTests" runstate="Runnable" seed="931998241" result="Passed" start-time="2025-11-22 01:30:44Z" end-time="2025-11-22 01:30:44Z" duration="0.000192" asserts="0">
                  <properties>
                    <property name="retryIteration" value="0" />
                    <property name="repeatIteration" value="0" />
                  </properties>
                </test-case>
                <test-case id="1153" name="Test_Performance" fullname="TimeSurvivor.Voxel.Terrain.Tests.SimplexNoise3DTests.Test_Performance" methodname="Test_Performance" classname="TimeSurvivor.Voxel.Terrain.Tests.SimplexNoise3DTests" runstate="Runnable" seed="596489940" result="Passed" start-time="2025-11-22 01:30:44Z" end-time="2025-11-22 01:30:44Z" duration="0.002015" asserts="0">
                  <properties>
                    <property name="retryIteration" value="0" />
                    <property name="repeatIteration" value="0" />
                  </properties>
                  <output><![CDATA[SimplexNoise3D.MultiOctave (4 octaves) average execution time: 102.83 ns
Target: <300ns (Burst-compiled build), Measured: 102.83 ns
]]></output>
                </test-case>
                <test-case id="1152" name="Test_Range" fullname="TimeSurvivor.Voxel.Terrain.Tests.SimplexNoise3DTests.Test_Range" methodname="Test_Range" classname="TimeSurvivor.Voxel.Terrain.Tests.SimplexNoise3DTests" runstate="Runnable" seed="1557853898" result="Passed" start-time="2025-11-22 01:30:44Z" end-time="2025-11-22 01:30:45Z" duration="0.019905" asserts="0">
                  <properties>
                    <property name="retryIteration" value="0" />
                    <property name="repeatIteration" value="0" />
                  </properties>
                  <output><![CDATA[Saving results to: /Users/etherny/Library/Application Support/DefaultCompany/TimeSurvivorGame/TestResults.xml
]]></output>
                </test-case>
              </test-suite>
            </test-suite>
          </test-suite>
        </test-suite>
      </test-suite>
    </test-suite>
  </test-suite>
</test-run>