<?xml version="1.0" encoding="utf-8"?>
<test-run id="2" testcasecount="4" result="Failed(Child)" total="4" passed="3" failed="1" inconclusive="0" skipped="0" asserts="0" engine-version="3.5.0.0" clr-version="4.0.30319.42000" start-time="2025-11-21 09:23:02Z" end-time="2025-11-21 09:23:02Z" duration="0.1501319">
  <test-suite type="TestSuite" id="1000" name="TimeSurvivorGame" fullname="TimeSurvivorGame" runstate="Runnable" testcasecount="4" result="Failed" site="Child" start-time="2025-11-21 09:23:02Z" end-time="2025-11-21 09:23:02Z" duration="0.150132" total="4" passed="3" failed="1" inconclusive="0" skipped="0" asserts="0">
    <properties>
      <property name="platform" value="EditMode" />
    </properties>
    <failure>
      <message><![CDATA[One or more child tests had errors]]></message>
    </failure>
    <test-suite type="Assembly" id="1006" name="TimeSurvivor.Voxel.Terrain.Tests.dll" fullname="/Users/etherny/Documents/work/games/TimeSurvivorGame/Library/ScriptAssemblies/TimeSurvivor.Voxel.Terrain.Tests.dll" runstate="Runnable" testcasecount="4" result="Failed" site="Child" start-time="2025-11-21 09:23:02Z" end-time="2025-11-21 09:23:02Z" duration="0.144595" total="4" passed="3" failed="1" inconclusive="0" skipped="0" asserts="0">
      <properties>
        <property name="_PID" value="9218" />
        <property name="_APPDOMAIN" value="Unity Child Domain" />
        <property name="platform" value="EditMode" />
        <property name="EditorOnly" value="True" />
      </properties>
      <failure>
        <message><![CDATA[One or more child tests had errors]]></message>
      </failure>
      <test-suite type="TestSuite" id="1007" name="TimeSurvivor" fullname="TimeSurvivor" runstate="Runnable" testcasecount="4" result="Failed" site="Child" start-time="2025-11-21 09:23:02Z" end-time="2025-11-21 09:23:02Z" duration="0.143698" total="4" passed="3" failed="1" inconclusive="0" skipped="0" asserts="0">
        <properties />
        <failure>
          <message><![CDATA[One or more child tests had errors]]></message>
        </failure>
        <test-suite type="TestSuite" id="1008" name="Voxel" fullname="TimeSurvivor.Voxel" runstate="Runnable" testcasecount="4" result="Failed" site="Child" start-time="2025-11-21 09:23:02Z" end-time="2025-11-21 09:23:02Z" duration="0.143021" total="4" passed="3" failed="1" inconclusive="0" skipped="0" asserts="0">
          <properties />
          <failure>
            <message><![CDATA[One or more child tests had errors]]></message>
          </failure>
          <test-suite type="TestSuite" id="1009" name="Terrain" fullname="TimeSurvivor.Voxel.Terrain" runstate="Runnable" testcasecount="4" result="Failed" site="Child" start-time="2025-11-21 09:23:02Z" end-time="2025-11-21 09:23:02Z" duration="0.142286" total="4" passed="3" failed="1" inconclusive="0" skipped="0" asserts="0">
            <properties />
            <failure>
              <message><![CDATA[One or more child tests had errors]]></message>
            </failure>
            <test-suite type="TestSuite" id="1010" name="Tests" fullname="TimeSurvivor.Voxel.Terrain.Tests" runstate="Runnable" testcasecount="4" result="Failed" site="Child" start-time="2025-11-21 09:23:02Z" end-time="2025-11-21 09:23:02Z" duration="0.141701" total="4" passed="3" failed="1" inconclusive="0" skipped="0" asserts="0">
              <properties />
              <failure>
                <message><![CDATA[One or more child tests had errors]]></message>
              </failure>
              <test-suite type="TestFixture" id="1001" name="SimplexNoise3DTests" fullname="TimeSurvivor.Voxel.Terrain.Tests.SimplexNoise3DTests" classname="TimeSurvivor.Voxel.Terrain.Tests.SimplexNoise3DTests" runstate="Runnable" testcasecount="4" result="Failed" site="Child" start-time="2025-11-21 09:23:02Z" end-time="2025-11-21 09:23:02Z" duration="0.140722" total="4" passed="3" failed="1" inconclusive="0" skipped="0" asserts="0">
                <properties />
                <failure>
                  <message><![CDATA[One or more child tests had errors]]></message>
                </failure>
                <test-case id="1005" name="Test_Continuity" fullname="TimeSurvivor.Voxel.Terrain.Tests.SimplexNoise3DTests.Test_Continuity" methodname="Test_Continuity" classname="TimeSurvivor.Voxel.Terrain.Tests.SimplexNoise3DTests" runstate="Runnable" seed="1191754184" result="Passed" start-time="2025-11-21 09:23:02Z" end-time="2025-11-21 09:23:02Z" duration="0.037799" asserts="0">
                  <properties>
                    <property name="retryIteration" value="0" />
                    <property name="repeatIteration" value="0" />
                  </properties>
                </test-case>
                <test-case id="1002" name="Test_Determinism" fullname="TimeSurvivor.Voxel.Terrain.Tests.SimplexNoise3DTests.Test_Determinism" methodname="Test_Determinism" classname="TimeSurvivor.Voxel.Terrain.Tests.SimplexNoise3DTests" runstate="Runnable" seed="1642273188" result="Passed" start-time="2025-11-21 09:23:02Z" end-time="2025-11-21 09:23:02Z" duration="0.002882" asserts="0">
                  <properties>
                    <property name="retryIteration" value="0" />
                    <property name="repeatIteration" value="0" />
                  </properties>
                </test-case>
                <test-case id="1004" name="Test_Performance" fullname="TimeSurvivor.Voxel.Terrain.Tests.SimplexNoise3DTests.Test_Performance" methodname="Test_Performance" classname="TimeSurvivor.Voxel.Terrain.Tests.SimplexNoise3DTests" runstate="Runnable" seed="1165173926" result="Failed" start-time="2025-11-21 09:23:02Z" end-time="2025-11-21 09:23:02Z" duration="0.050004" asserts="0">
                  <properties>
                    <property name="retryIteration" value="0" />
                    <property name="repeatIteration" value="0" />
                  </properties>
                  <failure>
                    <message><![CDATA[  MultiOctave (4 octaves) exceeded Editor performance threshold. Measured: 4409.09ns, Editor threshold: 3000ns. Note: Burst-compiled builds should achieve <300ns.
  Expected: less than or equal to 3000.0d
  But was:  4409.0900000000011d
]]></message>
                    <stack-trace><![CDATA[at TimeSurvivor.Voxel.Terrain.Tests.SimplexNoise3DTests.Test_Performance () [0x000e8] in /Users/etherny/Documents/work/games/TimeSurvivorGame/Assets/lib/voxel-terrain/Tests/Runtime/SimplexNoise3DTests.cs:141
]]></stack-trace>
                  </failure>
                  <output><![CDATA[SimplexNoise3D.MultiOctave (4 octaves) average execution time: 4409.09 ns
Target: <300ns (Burst-compiled build), Measured: 4409.09 ns
]]></output>
                </test-case>
                <test-case id="1003" name="Test_Range" fullname="TimeSurvivor.Voxel.Terrain.Tests.SimplexNoise3DTests.Test_Range" methodname="Test_Range" classname="TimeSurvivor.Voxel.Terrain.Tests.SimplexNoise3DTests" runstate="Runnable" seed="724279728" result="Passed" start-time="2025-11-21 09:23:02Z" end-time="2025-11-21 09:23:02Z" duration="0.038129" asserts="0">
                  <properties>
                    <property name="retryIteration" value="0" />
                    <property name="repeatIteration" value="0" />
                  </properties>
                  <output><![CDATA[Saving results to: /Users/etherny/Library/Application Support/DefaultCompany/TimeSurvivorGame/TestResults.xml
]]></output>
                </test-case>
              </test-suite>
            </test-suite>
          </test-suite>
        </test-suite>
      </test-suite>
    </test-suite>
  </test-suite>
</test-run>