<?xml version="1.0" encoding="utf-8"?>
<test-run id="2" testcasecount="112" result="Failed(Child)" total="112" passed="90" failed="22" inconclusive="0" skipped="0" asserts="0" engine-version="3.5.0.0" clr-version="4.0.30319.42000" start-time="2025-11-21 20:59:55Z" end-time="2025-11-21 20:59:57Z" duration="1.7750333">
  <test-suite type="TestSuite" id="1000" name="TimeSurvivorGame" fullname="TimeSurvivorGame" runstate="Runnable" testcasecount="112" result="Failed" site="Child" start-time="2025-11-21 20:59:55Z" end-time="2025-11-21 20:59:57Z" duration="1.775033" total="112" passed="90" failed="22" inconclusive="0" skipped="0" asserts="0">
    <properties>
      <property name="platform" value="EditMode" />
    </properties>
    <failure>
      <message><![CDATA[One or more child tests had errors]]></message>
    </failure>
    <test-suite type="Assembly" id="1082" name="TimeSurvivor.Voxel.Core.Tests.dll" fullname="/Users/etherny/Documents/work/games/TimeSurvivorGame/Library/ScriptAssemblies/TimeSurvivor.Voxel.Core.Tests.dll" runstate="Runnable" testcasecount="76" result="Passed" start-time="2025-11-21 20:59:55Z" end-time="2025-11-21 20:59:55Z" duration="0.080869" total="76" passed="76" failed="0" inconclusive="0" skipped="0" asserts="0">
      <properties>
        <property name="_PID" value="84617" />
        <property name="_APPDOMAIN" value="Unity Child Domain" />
        <property name="platform" value="EditMode" />
        <property name="EditorOnly" value="True" />
      </properties>
      <test-suite type="TestSuite" id="1083" name="TimeSurvivor" fullname="TimeSurvivor" runstate="Runnable" testcasecount="76" result="Passed" start-time="2025-11-21 20:59:55Z" end-time="2025-11-21 20:59:55Z" duration="0.078746" total="76" passed="76" failed="0" inconclusive="0" skipped="0" asserts="0">
        <properties />
        <test-suite type="TestSuite" id="1084" name="Voxel" fullname="TimeSurvivor.Voxel" runstate="Runnable" testcasecount="76" result="Passed" start-time="2025-11-21 20:59:55Z" end-time="2025-11-21 20:59:55Z" duration="0.077520" total="76" passed="76" failed="0" inconclusive="0" skipped="0" asserts="0">
          <properties />
          <test-suite type="TestSuite" id="1085" name="Core" fullname="TimeSurvivor.Voxel.Core" runstate="Runnable" testcasecount="76" result="Passed" start-time="2025-11-21 20:59:55Z" end-time="2025-11-21 20:59:55Z" duration="0.076086" total="76" passed="76" failed="0" inconclusive="0" skipped="0" asserts="0">
            <properties />
            <test-suite type="TestSuite" id="1086" name="Tests" fullname="TimeSurvivor.Voxel.Core.Tests" runstate="Runnable" testcasecount="76" result="Passed" start-time="2025-11-21 20:59:55Z" end-time="2025-11-21 20:59:55Z" duration="0.073989" total="76" passed="76" failed="0" inconclusive="0" skipped="0" asserts="0">
              <properties />
              <test-suite type="TestFixture" id="1001" name="ChunkCoordTests" fullname="TimeSurvivor.Voxel.Core.Tests.ChunkCoordTests" classname="TimeSurvivor.Voxel.Core.Tests.ChunkCoordTests" runstate="Runnable" testcasecount="13" result="Passed" start-time="2025-11-21 20:59:55Z" end-time="2025-11-21 20:59:55Z" duration="0.030756" total="13" passed="13" failed="0" inconclusive="0" skipped="0" asserts="0">
                <properties />
                <test-case id="1008" name="Test_AdditionOperator_PositiveOffset_ReturnsCorrectCoord" fullname="TimeSurvivor.Voxel.Core.Tests.ChunkCoordTests.Test_AdditionOperator_PositiveOffset_ReturnsCorrectCoord" methodname="Test_AdditionOperator_PositiveOffset_ReturnsCorrectCoord" classname="TimeSurvivor.Voxel.Core.Tests.ChunkCoordTests" runstate="Runnable" seed="407939133" result="Passed" start-time="2025-11-21 20:59:55Z" end-time="2025-11-21 20:59:55Z" duration="0.009466" asserts="0">
                  <properties>
                    <property name="retryIteration" value="0" />
                    <property name="repeatIteration" value="0" />
                  </properties>
                </test-case>
                <test-case id="1003" name="Test_Constructor_Int3Parameter_CreatesCorrectCoord" fullname="TimeSurvivor.Voxel.Core.Tests.ChunkCoordTests.Test_Constructor_Int3Parameter_CreatesCorrectCoord" methodname="Test_Constructor_Int3Parameter_CreatesCorrectCoord" classname="TimeSurvivor.Voxel.Core.Tests.ChunkCoordTests" runstate="Runnable" seed="1633973393" result="Passed" start-time="2025-11-21 20:59:55Z" end-time="2025-11-21 20:59:55Z" duration="0.000515" asserts="0">
                  <properties>
                    <property name="retryIteration" value="0" />
                    <property name="repeatIteration" value="0" />
                  </properties>
                </test-case>
                <test-case id="1002" name="Test_Constructor_IntParameters_CreatesCorrectCoord" fullname="TimeSurvivor.Voxel.Core.Tests.ChunkCoordTests.Test_Constructor_IntParameters_CreatesCorrectCoord" methodname="Test_Constructor_IntParameters_CreatesCorrectCoord" classname="TimeSurvivor.Voxel.Core.Tests.ChunkCoordTests" runstate="Runnable" seed="924490187" result="Passed" start-time="2025-11-21 20:59:55Z" end-time="2025-11-21 20:59:55Z" duration="0.000442" asserts="0">
                  <properties>
                    <property name="retryIteration" value="0" />
                    <property name="repeatIteration" value="0" />
                  </properties>
                </test-case>
                <test-case id="1012" name="Test_Constructor_NegativeCoordinates_WorksCorrectly" fullname="TimeSurvivor.Voxel.Core.Tests.ChunkCoordTests.Test_Constructor_NegativeCoordinates_WorksCorrectly" methodname="Test_Constructor_NegativeCoordinates_WorksCorrectly" classname="TimeSurvivor.Voxel.Core.Tests.ChunkCoordTests" runstate="Runnable" seed="1876757702" result="Passed" start-time="2025-11-21 20:59:55Z" end-time="2025-11-21 20:59:55Z" duration="0.000225" asserts="0">
                  <properties>
                    <property name="retryIteration" value="0" />
                    <property name="repeatIteration" value="0" />
                  </properties>
                </test-case>
                <test-case id="1005" name="Test_Equals_DifferentCoordinates_ReturnsFalse" fullname="TimeSurvivor.Voxel.Core.Tests.ChunkCoordTests.Test_Equals_DifferentCoordinates_ReturnsFalse" methodname="Test_Equals_DifferentCoordinates_ReturnsFalse" classname="TimeSurvivor.Voxel.Core.Tests.ChunkCoordTests" runstate="Runnable" seed="1115353527" result="Passed" start-time="2025-11-21 20:59:55Z" end-time="2025-11-21 20:59:55Z" duration="0.000228" asserts="0">
                  <properties>
                    <property name="retryIteration" value="0" />
                    <property name="repeatIteration" value="0" />
                  </properties>
                </test-case>
                <test-case id="1014" name="Test_Equals_ObjectOverload_WorksCorrectly" fullname="TimeSurvivor.Voxel.Core.Tests.ChunkCoordTests.Test_Equals_ObjectOverload_WorksCorrectly" methodname="Test_Equals_ObjectOverload_WorksCorrectly" classname="TimeSurvivor.Voxel.Core.Tests.ChunkCoordTests" runstate="Runnable" seed="124348460" result="Passed" start-time="2025-11-21 20:59:55Z" end-time="2025-11-21 20:59:55Z" duration="0.000247" asserts="0">
                  <properties>
                    <property name="retryIteration" value="0" />
                    <property name="repeatIteration" value="0" />
                  </properties>
                </test-case>
                <test-case id="1004" name="Test_Equals_SameCoordinates_ReturnsTrue" fullname="TimeSurvivor.Voxel.Core.Tests.ChunkCoordTests.Test_Equals_SameCoordinates_ReturnsTrue" methodname="Test_Equals_SameCoordinates_ReturnsTrue" classname="TimeSurvivor.Voxel.Core.Tests.ChunkCoordTests" runstate="Runnable" seed="1401029002" result="Passed" start-time="2025-11-21 20:59:55Z" end-time="2025-11-21 20:59:55Z" duration="0.000139" asserts="0">
                  <properties>
                    <property name="retryIteration" value="0" />
                    <property name="repeatIteration" value="0" />
                  </properties>
                </test-case>
                <test-case id="1006" name="Test_EqualsOperator_SameCoordinates_ReturnsTrue" fullname="TimeSurvivor.Voxel.Core.Tests.ChunkCoordTests.Test_EqualsOperator_SameCoordinates_ReturnsTrue" methodname="Test_EqualsOperator_SameCoordinates_ReturnsTrue" classname="TimeSurvivor.Voxel.Core.Tests.ChunkCoordTests" runstate="Runnable" seed="1306315832" result="Passed" start-time="2025-11-21 20:59:55Z" end-time="2025-11-21 20:59:55Z" duration="0.000193" asserts="0">
                  <properties>
                    <property name="retryIteration" value="0" />
                    <property name="repeatIteration" value="0" />
                  </properties>
                </test-case>
                <test-case id="1010" name="Test_GetHashCode_EqualCoords_ReturnsSameHash" fullname="TimeSurvivor.Voxel.Core.Tests.ChunkCoordTests.Test_GetHashCode_EqualCoords_ReturnsSameHash" methodname="Test_GetHashCode_EqualCoords_ReturnsSameHash" classname="TimeSurvivor.Voxel.Core.Tests.ChunkCoordTests" runstate="Runnable" seed="1594824715" result="Passed" start-time="2025-11-21 20:59:55Z" end-time="2025-11-21 20:59:55Z" duration="0.000191" asserts="0">
                  <properties>
                    <property name="retryIteration" value="0" />
                    <property name="repeatIteration" value="0" />
                  </properties>
                </test-case>
                <test-case id="1007" name="Test_NotEqualsOperator_DifferentCoordinates_ReturnsTrue" fullname="TimeSurvivor.Voxel.Core.Tests.ChunkCoordTests.Test_NotEqualsOperator_DifferentCoordinates_ReturnsTrue" methodname="Test_NotEqualsOperator_DifferentCoordinates_ReturnsTrue" classname="TimeSurvivor.Voxel.Core.Tests.ChunkCoordTests" runstate="Runnable" seed="1022085106" result="Passed" start-time="2025-11-21 20:59:55Z" end-time="2025-11-21 20:59:55Z" duration="0.000165" asserts="0">
                  <properties>
                    <property name="retryIteration" value="0" />
                    <property name="repeatIteration" value="0" />
                  </properties>
                </test-case>
                <test-case id="1013" name="Test_Operators_NegativeCoordinates_WorksCorrectly" fullname="TimeSurvivor.Voxel.Core.Tests.ChunkCoordTests.Test_Operators_NegativeCoordinates_WorksCorrectly" methodname="Test_Operators_NegativeCoordinates_WorksCorrectly" classname="TimeSurvivor.Voxel.Core.Tests.ChunkCoordTests" runstate="Runnable" seed="2129008793" result="Passed" start-time="2025-11-21 20:59:55Z" end-time="2025-11-21 20:59:55Z" duration="0.000354" asserts="0">
                  <properties>
                    <property name="retryIteration" value="0" />
                    <property name="repeatIteration" value="0" />
                  </properties>
                </test-case>
                <test-case id="1009" name="Test_SubtractionOperator_PositiveOffset_ReturnsCorrectCoord" fullname="TimeSurvivor.Voxel.Core.Tests.ChunkCoordTests.Test_SubtractionOperator_PositiveOffset_ReturnsCorrectCoord" methodname="Test_SubtractionOperator_PositiveOffset_ReturnsCorrectCoord" classname="TimeSurvivor.Voxel.Core.Tests.ChunkCoordTests" runstate="Runnable" seed="446065347" result="Passed" start-time="2025-11-21 20:59:55Z" end-time="2025-11-21 20:59:55Z" duration="0.000474" asserts="0">
                  <properties>
                    <property name="retryIteration" value="0" />
                    <property name="repeatIteration" value="0" />
                  </properties>
                </test-case>
                <test-case id="1011" name="Test_ToString_ReturnsFormattedString" fullname="TimeSurvivor.Voxel.Core.Tests.ChunkCoordTests.Test_ToString_ReturnsFormattedString" methodname="Test_ToString_ReturnsFormattedString" classname="TimeSurvivor.Voxel.Core.Tests.ChunkCoordTests" runstate="Runnable" seed="1266842650" result="Passed" start-time="2025-11-21 20:59:55Z" end-time="2025-11-21 20:59:55Z" duration="0.000306" asserts="0">
                  <properties>
                    <property name="retryIteration" value="0" />
                    <property name="repeatIteration" value="0" />
                  </properties>
                </test-case>
              </test-suite>
              <test-suite type="TestFixture" id="1015" name="MacroVoxelDataTests" fullname="TimeSurvivor.Voxel.Core.Tests.MacroVoxelDataTests" classname="TimeSurvivor.Voxel.Core.Tests.MacroVoxelDataTests" runstate="Runnable" testcasecount="10" result="Passed" start-time="2025-11-21 20:59:55Z" end-time="2025-11-21 20:59:55Z" duration="0.011778" total="10" passed="10" failed="0" inconclusive="0" skipped="0" asserts="0">
                <properties />
                <test-case id="1022" name="Test_Constructor_AllVoxelTypes_StoredCorrectly" fullname="TimeSurvivor.Voxel.Core.Tests.MacroVoxelDataTests.Test_Constructor_AllVoxelTypes_StoredCorrectly" methodname="Test_Constructor_AllVoxelTypes_StoredCorrectly" classname="TimeSurvivor.Voxel.Core.Tests.MacroVoxelDataTests" runstate="Runnable" seed="1226077904" result="Passed" start-time="2025-11-21 20:59:55Z" end-time="2025-11-21 20:59:55Z" duration="0.001373" asserts="0">
                  <properties>
                    <property name="retryIteration" value="0" />
                    <property name="repeatIteration" value="0" />
                  </properties>
                </test-case>
                <test-case id="1020" name="Test_Constructor_DefaultMetadata_StoresTypeCorrectly" fullname="TimeSurvivor.Voxel.Core.Tests.MacroVoxelDataTests.Test_Constructor_DefaultMetadata_StoresTypeCorrectly" methodname="Test_Constructor_DefaultMetadata_StoresTypeCorrectly" classname="TimeSurvivor.Voxel.Core.Tests.MacroVoxelDataTests" runstate="Runnable" seed="830291048" result="Passed" start-time="2025-11-21 20:59:55Z" end-time="2025-11-21 20:59:55Z" duration="0.000467" asserts="0">
                  <properties>
                    <property name="retryIteration" value="0" />
                    <property name="repeatIteration" value="0" />
                  </properties>
                </test-case>
                <test-case id="1021" name="Test_Constructor_WithMetadata_StoresBothValues" fullname="TimeSurvivor.Voxel.Core.Tests.MacroVoxelDataTests.Test_Constructor_WithMetadata_StoresBothValues" methodname="Test_Constructor_WithMetadata_StoresBothValues" classname="TimeSurvivor.Voxel.Core.Tests.MacroVoxelDataTests" runstate="Runnable" seed="1171626568" result="Passed" start-time="2025-11-21 20:59:55Z" end-time="2025-11-21 20:59:55Z" duration="0.000249" asserts="0">
                  <properties>
                    <property name="retryIteration" value="0" />
                    <property name="repeatIteration" value="0" />
                  </properties>
                </test-case>
                <test-case id="1016" name="Test_IsSolid_AirVoxel_ReturnsFalse" fullname="TimeSurvivor.Voxel.Core.Tests.MacroVoxelDataTests.Test_IsSolid_AirVoxel_ReturnsFalse" methodname="Test_IsSolid_AirVoxel_ReturnsFalse" classname="TimeSurvivor.Voxel.Core.Tests.MacroVoxelDataTests" runstate="Runnable" seed="902396922" result="Passed" start-time="2025-11-21 20:59:55Z" end-time="2025-11-21 20:59:55Z" duration="0.000362" asserts="0">
                  <properties>
                    <property name="retryIteration" value="0" />
                    <property name="repeatIteration" value="0" />
                  </properties>
                </test-case>
                <test-case id="1017" name="Test_IsSolid_SolidVoxelTypes_ReturnsTrue" fullname="TimeSurvivor.Voxel.Core.Tests.MacroVoxelDataTests.Test_IsSolid_SolidVoxelTypes_ReturnsTrue" methodname="Test_IsSolid_SolidVoxelTypes_ReturnsTrue" classname="TimeSurvivor.Voxel.Core.Tests.MacroVoxelDataTests" runstate="Runnable" seed="184041346" result="Passed" start-time="2025-11-21 20:59:55Z" end-time="2025-11-21 20:59:55Z" duration="0.000293" asserts="0">
                  <properties>
                    <property name="retryIteration" value="0" />
                    <property name="repeatIteration" value="0" />
                  </properties>
                </test-case>
                <test-case id="1019" name="Test_IsTransparent_OpaqueVoxelTypes_ReturnsFalse" fullname="TimeSurvivor.Voxel.Core.Tests.MacroVoxelDataTests.Test_IsTransparent_OpaqueVoxelTypes_ReturnsFalse" methodname="Test_IsTransparent_OpaqueVoxelTypes_ReturnsFalse" classname="TimeSurvivor.Voxel.Core.Tests.MacroVoxelDataTests" runstate="Runnable" seed="301375444" result="Passed" start-time="2025-11-21 20:59:55Z" end-time="2025-11-21 20:59:55Z" duration="0.000261" asserts="0">
                  <properties>
                    <property name="retryIteration" value="0" />
                    <property name="repeatIteration" value="0" />
                  </properties>
                </test-case>
                <test-case id="1018" name="Test_IsTransparent_WaterAndLeaves_ReturnsTrue" fullname="TimeSurvivor.Voxel.Core.Tests.MacroVoxelDataTests.Test_IsTransparent_WaterAndLeaves_ReturnsTrue" methodname="Test_IsTransparent_WaterAndLeaves_ReturnsTrue" classname="TimeSurvivor.Voxel.Core.Tests.MacroVoxelDataTests" runstate="Runnable" seed="119774728" result="Passed" start-time="2025-11-21 20:59:55Z" end-time="2025-11-21 20:59:55Z" duration="0.000248" asserts="0">
                  <properties>
                    <property name="retryIteration" value="0" />
                    <property name="repeatIteration" value="0" />
                  </properties>
                </test-case>
                <test-case id="1025" name="Test_LeavesVoxel_IsSolidAndTransparent" fullname="TimeSurvivor.Voxel.Core.Tests.MacroVoxelDataTests.Test_LeavesVoxel_IsSolidAndTransparent" methodname="Test_LeavesVoxel_IsSolidAndTransparent" classname="TimeSurvivor.Voxel.Core.Tests.MacroVoxelDataTests" runstate="Runnable" seed="631481457" result="Passed" start-time="2025-11-21 20:59:55Z" end-time="2025-11-21 20:59:55Z" duration="0.000151" asserts="0">
                  <properties>
                    <property name="retryIteration" value="0" />
                    <property name="repeatIteration" value="0" />
                  </properties>
                </test-case>
                <test-case id="1023" name="Test_Metadata_MaxValue_StoredCorrectly" fullname="TimeSurvivor.Voxel.Core.Tests.MacroVoxelDataTests.Test_Metadata_MaxValue_StoredCorrectly" methodname="Test_Metadata_MaxValue_StoredCorrectly" classname="TimeSurvivor.Voxel.Core.Tests.MacroVoxelDataTests" runstate="Runnable" seed="1099373133" result="Passed" start-time="2025-11-21 20:59:55Z" end-time="2025-11-21 20:59:55Z" duration="0.000277" asserts="0">
                  <properties>
                    <property name="retryIteration" value="0" />
                    <property name="repeatIteration" value="0" />
                  </properties>
                </test-case>
                <test-case id="1024" name="Test_WaterVoxel_IsSolidAndTransparent" fullname="TimeSurvivor.Voxel.Core.Tests.MacroVoxelDataTests.Test_WaterVoxel_IsSolidAndTransparent" methodname="Test_WaterVoxel_IsSolidAndTransparent" classname="TimeSurvivor.Voxel.Core.Tests.MacroVoxelDataTests" runstate="Runnable" seed="1130541541" result="Passed" start-time="2025-11-21 20:59:55Z" end-time="2025-11-21 20:59:55Z" duration="0.000157" asserts="0">
                  <properties>
                    <property name="retryIteration" value="0" />
                    <property name="repeatIteration" value="0" />
                  </properties>
                </test-case>
              </test-suite>
              <test-suite type="TestFixture" id="1026" name="MicroVoxelDataTests" fullname="TimeSurvivor.Voxel.Core.Tests.MicroVoxelDataTests" classname="TimeSurvivor.Voxel.Core.Tests.MicroVoxelDataTests" runstate="Runnable" testcasecount="16" result="Passed" start-time="2025-11-21 20:59:55Z" end-time="2025-11-21 20:59:55Z" duration="0.009023" total="16" passed="16" failed="0" inconclusive="0" skipped="0" asserts="0">
                <properties />
                <test-case id="1038" name="Test_Constructor_CustomHealth_StoresCorrectly" fullname="TimeSurvivor.Voxel.Core.Tests.MicroVoxelDataTests.Test_Constructor_CustomHealth_StoresCorrectly" methodname="Test_Constructor_CustomHealth_StoresCorrectly" classname="TimeSurvivor.Voxel.Core.Tests.MicroVoxelDataTests" runstate="Runnable" seed="420481619" result="Passed" start-time="2025-11-21 20:59:55Z" end-time="2025-11-21 20:59:55Z" duration="0.000314" asserts="0">
                  <properties>
                    <property name="retryIteration" value="0" />
                    <property name="repeatIteration" value="0" />
                  </properties>
                </test-case>
                <test-case id="1037" name="Test_Constructor_DefaultHealth_SetsMaxHealth" fullname="TimeSurvivor.Voxel.Core.Tests.MicroVoxelDataTests.Test_Constructor_DefaultHealth_SetsMaxHealth" methodname="Test_Constructor_DefaultHealth_SetsMaxHealth" classname="TimeSurvivor.Voxel.Core.Tests.MicroVoxelDataTests" runstate="Runnable" seed="2027570933" result="Passed" start-time="2025-11-21 20:59:55Z" end-time="2025-11-21 20:59:55Z" duration="0.000162" asserts="0">
                  <properties>
                    <property name="retryIteration" value="0" />
                    <property name="repeatIteration" value="0" />
                  </properties>
                </test-case>
                <test-case id="1039" name="Test_Constructor_WithAllParameters_StoresAllValues" fullname="TimeSurvivor.Voxel.Core.Tests.MicroVoxelDataTests.Test_Constructor_WithAllParameters_StoresAllValues" methodname="Test_Constructor_WithAllParameters_StoresAllValues" classname="TimeSurvivor.Voxel.Core.Tests.MicroVoxelDataTests" runstate="Runnable" seed="1608417696" result="Passed" start-time="2025-11-21 20:59:55Z" end-time="2025-11-21 20:59:55Z" duration="0.000226" asserts="0">
                  <properties>
                    <property name="retryIteration" value="0" />
                    <property name="repeatIteration" value="0" />
                  </properties>
                </test-case>
                <test-case id="1031" name="Test_IsDestroyed_PositiveHealth_ReturnsFalse" fullname="TimeSurvivor.Voxel.Core.Tests.MicroVoxelDataTests.Test_IsDestroyed_PositiveHealth_ReturnsFalse" methodname="Test_IsDestroyed_PositiveHealth_ReturnsFalse" classname="TimeSurvivor.Voxel.Core.Tests.MicroVoxelDataTests" runstate="Runnable" seed="1178191635" result="Passed" start-time="2025-11-21 20:59:55Z" end-time="2025-11-21 20:59:55Z" duration="0.000165" asserts="0">
                  <properties>
                    <property name="retryIteration" value="0" />
                    <property name="repeatIteration" value="0" />
                  </properties>
                </test-case>
                <test-case id="1030" name="Test_IsDestroyed_ZeroHealth_ReturnsTrue" fullname="TimeSurvivor.Voxel.Core.Tests.MicroVoxelDataTests.Test_IsDestroyed_ZeroHealth_ReturnsTrue" methodname="Test_IsDestroyed_ZeroHealth_ReturnsTrue" classname="TimeSurvivor.Voxel.Core.Tests.MicroVoxelDataTests" runstate="Runnable" seed="1806530325" result="Passed" start-time="2025-11-21 20:59:55Z" end-time="2025-11-21 20:59:55Z" duration="0.000095" asserts="0">
                  <properties>
                    <property name="retryIteration" value="0" />
                    <property name="repeatIteration" value="0" />
                  </properties>
                </test-case>
                <test-case id="1027" name="Test_IsSolid_AirVoxel_ReturnsFalse" fullname="TimeSurvivor.Voxel.Core.Tests.MicroVoxelDataTests.Test_IsSolid_AirVoxel_ReturnsFalse" methodname="Test_IsSolid_AirVoxel_ReturnsFalse" classname="TimeSurvivor.Voxel.Core.Tests.MicroVoxelDataTests" runstate="Runnable" seed="349123857" result="Passed" start-time="2025-11-21 20:59:55Z" end-time="2025-11-21 20:59:55Z" duration="0.000150" asserts="0">
                  <properties>
                    <property name="retryIteration" value="0" />
                    <property name="repeatIteration" value="0" />
                  </properties>
                </test-case>
                <test-case id="1028" name="Test_IsSolid_HealthyVoxel_ReturnsTrue" fullname="TimeSurvivor.Voxel.Core.Tests.MicroVoxelDataTests.Test_IsSolid_HealthyVoxel_ReturnsTrue" methodname="Test_IsSolid_HealthyVoxel_ReturnsTrue" classname="TimeSurvivor.Voxel.Core.Tests.MicroVoxelDataTests" runstate="Runnable" seed="1951581572" result="Passed" start-time="2025-11-21 20:59:55Z" end-time="2025-11-21 20:59:55Z" duration="0.000182" asserts="0">
                  <properties>
                    <property name="retryIteration" value="0" />
                    <property name="repeatIteration" value="0" />
                  </properties>
                </test-case>
                <test-case id="1042" name="Test_IsSolid_MinimumHealth_ReturnsTrue" fullname="TimeSurvivor.Voxel.Core.Tests.MicroVoxelDataTests.Test_IsSolid_MinimumHealth_ReturnsTrue" methodname="Test_IsSolid_MinimumHealth_ReturnsTrue" classname="TimeSurvivor.Voxel.Core.Tests.MicroVoxelDataTests" runstate="Runnable" seed="1092008944" result="Passed" start-time="2025-11-21 20:59:55Z" end-time="2025-11-21 20:59:55Z" duration="0.000106" asserts="0">
                  <properties>
                    <property name="retryIteration" value="0" />
                    <property name="repeatIteration" value="0" />
                  </properties>
                </test-case>
                <test-case id="1029" name="Test_IsSolid_ZeroHealth_ReturnsFalse" fullname="TimeSurvivor.Voxel.Core.Tests.MicroVoxelDataTests.Test_IsSolid_ZeroHealth_ReturnsFalse" methodname="Test_IsSolid_ZeroHealth_ReturnsFalse" classname="TimeSurvivor.Voxel.Core.Tests.MicroVoxelDataTests" runstate="Runnable" seed="54246613" result="Passed" start-time="2025-11-21 20:59:55Z" end-time="2025-11-21 20:59:55Z" duration="0.000131" asserts="0">
                  <properties>
                    <property name="retryIteration" value="0" />
                    <property name="repeatIteration" value="0" />
                  </properties>
                </test-case>
                <test-case id="1033" name="Test_WithDamage_ExactDamage_ConvertsToAir" fullname="TimeSurvivor.Voxel.Core.Tests.MicroVoxelDataTests.Test_WithDamage_ExactDamage_ConvertsToAir" methodname="Test_WithDamage_ExactDamage_ConvertsToAir" classname="TimeSurvivor.Voxel.Core.Tests.MicroVoxelDataTests" runstate="Runnable" seed="210543320" result="Passed" start-time="2025-11-21 20:59:55Z" end-time="2025-11-21 20:59:55Z" duration="0.000267" asserts="0">
                  <properties>
                    <property name="retryIteration" value="0" />
                    <property name="repeatIteration" value="0" />
                  </properties>
                </test-case>
                <test-case id="1036" name="Test_WithDamage_MetadataPreservedOnDestruction" fullname="TimeSurvivor.Voxel.Core.Tests.MicroVoxelDataTests.Test_WithDamage_MetadataPreservedOnDestruction" methodname="Test_WithDamage_MetadataPreservedOnDestruction" classname="TimeSurvivor.Voxel.Core.Tests.MicroVoxelDataTests" runstate="Runnable" seed="1471550902" result="Passed" start-time="2025-11-21 20:59:55Z" end-time="2025-11-21 20:59:55Z" duration="0.000153" asserts="0">
                  <properties>
                    <property name="retryIteration" value="0" />
                    <property name="repeatIteration" value="0" />
                  </properties>
                </test-case>
                <test-case id="1040" name="Test_WithDamage_OneHealthPoint_ConvertsToAir" fullname="TimeSurvivor.Voxel.Core.Tests.MicroVoxelDataTests.Test_WithDamage_OneHealthPoint_ConvertsToAir" methodname="Test_WithDamage_OneHealthPoint_ConvertsToAir" classname="TimeSurvivor.Voxel.Core.Tests.MicroVoxelDataTests" runstate="Runnable" seed="271396903" result="Passed" start-time="2025-11-21 20:59:55Z" end-time="2025-11-21 20:59:55Z" duration="0.000151" asserts="0">
                  <properties>
                    <property name="retryIteration" value="0" />
                    <property name="repeatIteration" value="0" />
                  </properties>
                </test-case>
                <test-case id="1034" name="Test_WithDamage_Overkill_ConvertsToAirWithZeroHealth" fullname="TimeSurvivor.Voxel.Core.Tests.MicroVoxelDataTests.Test_WithDamage_Overkill_ConvertsToAirWithZeroHealth" methodname="Test_WithDamage_Overkill_ConvertsToAirWithZeroHealth" classname="TimeSurvivor.Voxel.Core.Tests.MicroVoxelDataTests" runstate="Runnable" seed="1661054806" result="Passed" start-time="2025-11-21 20:59:55Z" end-time="2025-11-21 20:59:55Z" duration="0.000187" asserts="0">
                  <properties>
                    <property name="retryIteration" value="0" />
                    <property name="repeatIteration" value="0" />
                  </properties>
                </test-case>
                <test-case id="1032" name="Test_WithDamage_PartialDamage_ReturnsNewVoxelWithReducedHealth" fullname="TimeSurvivor.Voxel.Core.Tests.MicroVoxelDataTests.Test_WithDamage_PartialDamage_ReturnsNewVoxelWithReducedHealth" methodname="Test_WithDamage_PartialDamage_ReturnsNewVoxelWithReducedHealth" classname="TimeSurvivor.Voxel.Core.Tests.MicroVoxelDataTests" runstate="Runnable" seed="1555126168" result="Passed" start-time="2025-11-21 20:59:55Z" end-time="2025-11-21 20:59:55Z" duration="0.000267" asserts="0">
                  <properties>
                    <property name="retryIteration" value="0" />
                    <property name="repeatIteration" value="0" />
                  </properties>
                </test-case>
                <test-case id="1035" name="Test_WithDamage_PreservesMetadata" fullname="TimeSurvivor.Voxel.Core.Tests.MicroVoxelDataTests.Test_WithDamage_PreservesMetadata" methodname="Test_WithDamage_PreservesMetadata" classname="TimeSurvivor.Voxel.Core.Tests.MicroVoxelDataTests" runstate="Runnable" seed="1685576996" result="Passed" start-time="2025-11-21 20:59:55Z" end-time="2025-11-21 20:59:55Z" duration="0.000134" asserts="0">
                  <properties>
                    <property name="retryIteration" value="0" />
                    <property name="repeatIteration" value="0" />
                  </properties>
                </test-case>
                <test-case id="1041" name="Test_WithDamage_ZeroDamage_ReturnsUnchangedCopy" fullname="TimeSurvivor.Voxel.Core.Tests.MicroVoxelDataTests.Test_WithDamage_ZeroDamage_ReturnsUnchangedCopy" methodname="Test_WithDamage_ZeroDamage_ReturnsUnchangedCopy" classname="TimeSurvivor.Voxel.Core.Tests.MicroVoxelDataTests" runstate="Runnable" seed="1418686994" result="Passed" start-time="2025-11-21 20:59:55Z" end-time="2025-11-21 20:59:55Z" duration="0.000195" asserts="0">
                  <properties>
                    <property name="retryIteration" value="0" />
                    <property name="repeatIteration" value="0" />
                  </properties>
                </test-case>
              </test-suite>
              <test-suite type="TestFixture" id="1043" name="VoxelConfigurationTests" fullname="TimeSurvivor.Voxel.Core.Tests.VoxelConfigurationTests" classname="TimeSurvivor.Voxel.Core.Tests.VoxelConfigurationTests" runstate="Runnable" testcasecount="15" result="Passed" start-time="2025-11-21 20:59:55Z" end-time="2025-11-21 20:59:55Z" duration="0.009462" total="15" passed="15" failed="0" inconclusive="0" skipped="0" asserts="0">
                <properties />
                <test-case id="1045" name="Test_ChunkVolume_DifferentSizes_ReturnsCorrectVolumes" fullname="TimeSurvivor.Voxel.Core.Tests.VoxelConfigurationTests.Test_ChunkVolume_DifferentSizes_ReturnsCorrectVolumes" methodname="Test_ChunkVolume_DifferentSizes_ReturnsCorrectVolumes" classname="TimeSurvivor.Voxel.Core.Tests.VoxelConfigurationTests" runstate="Runnable" seed="966021136" result="Passed" start-time="2025-11-21 20:59:55Z" end-time="2025-11-21 20:59:55Z" duration="0.000427" asserts="0">
                  <properties>
                    <property name="retryIteration" value="0" />
                    <property name="repeatIteration" value="0" />
                  </properties>
                </test-case>
                <test-case id="1044" name="Test_ChunkVolume_ReturnsCorrectVolume" fullname="TimeSurvivor.Voxel.Core.Tests.VoxelConfigurationTests.Test_ChunkVolume_ReturnsCorrectVolume" methodname="Test_ChunkVolume_ReturnsCorrectVolume" classname="TimeSurvivor.Voxel.Core.Tests.VoxelConfigurationTests" runstate="Runnable" seed="2026325036" result="Passed" start-time="2025-11-21 20:59:55Z" end-time="2025-11-21 20:59:55Z" duration="0.000106" asserts="0">
                  <properties>
                    <property name="retryIteration" value="0" />
                    <property name="repeatIteration" value="0" />
                  </properties>
                </test-case>
                <test-case id="1058" name="Test_ChunkWorldSize_ScalesWithChunkSize" fullname="TimeSurvivor.Voxel.Core.Tests.VoxelConfigurationTests.Test_ChunkWorldSize_ScalesWithChunkSize" methodname="Test_ChunkWorldSize_ScalesWithChunkSize" classname="TimeSurvivor.Voxel.Core.Tests.VoxelConfigurationTests" runstate="Runnable" seed="1599640399" result="Passed" start-time="2025-11-21 20:59:55Z" end-time="2025-11-21 20:59:55Z" duration="0.000566" asserts="0">
                  <properties>
                    <property name="retryIteration" value="0" />
                    <property name="repeatIteration" value="0" />
                  </properties>
                </test-case>
                <test-case id="1057" name="Test_ChunkWorldSize_ScalesWithVoxelSize" fullname="TimeSurvivor.Voxel.Core.Tests.VoxelConfigurationTests.Test_ChunkWorldSize_ScalesWithVoxelSize" methodname="Test_ChunkWorldSize_ScalesWithVoxelSize" classname="TimeSurvivor.Voxel.Core.Tests.VoxelConfigurationTests" runstate="Runnable" seed="167163134" result="Passed" start-time="2025-11-21 20:59:55Z" end-time="2025-11-21 20:59:55Z" duration="0.000127" asserts="0">
                  <properties>
                    <property name="retryIteration" value="0" />
                    <property name="repeatIteration" value="0" />
                  </properties>
                </test-case>
                <test-case id="1048" name="Test_ChunkWorldSizes_MacroLargerThanMicro" fullname="TimeSurvivor.Voxel.Core.Tests.VoxelConfigurationTests.Test_ChunkWorldSizes_MacroLargerThanMicro" methodname="Test_ChunkWorldSizes_MacroLargerThanMicro" classname="TimeSurvivor.Voxel.Core.Tests.VoxelConfigurationTests" runstate="Runnable" seed="1821582349" result="Passed" start-time="2025-11-21 20:59:55Z" end-time="2025-11-21 20:59:55Z" duration="0.001804" asserts="0">
                  <properties>
                    <property name="retryIteration" value="0" />
                    <property name="repeatIteration" value="0" />
                  </properties>
                </test-case>
                <test-case id="1050" name="Test_CreateTestConfig_CustomValues_ArePreserved" fullname="TimeSurvivor.Voxel.Core.Tests.VoxelConfigurationTests.Test_CreateTestConfig_CustomValues_ArePreserved" methodname="Test_CreateTestConfig_CustomValues_ArePreserved" classname="TimeSurvivor.Voxel.Core.Tests.VoxelConfigurationTests" runstate="Runnable" seed="1699018627" result="Passed" start-time="2025-11-21 20:59:55Z" end-time="2025-11-21 20:59:55Z" duration="0.000173" asserts="0">
                  <properties>
                    <property name="retryIteration" value="0" />
                    <property name="repeatIteration" value="0" />
                  </properties>
                </test-case>
                <test-case id="1049" name="Test_CreateTestConfig_DefaultValues_AreSet" fullname="TimeSurvivor.Voxel.Core.Tests.VoxelConfigurationTests.Test_CreateTestConfig_DefaultValues_AreSet" methodname="Test_CreateTestConfig_DefaultValues_AreSet" classname="TimeSurvivor.Voxel.Core.Tests.VoxelConfigurationTests" runstate="Runnable" seed="1573714300" result="Passed" start-time="2025-11-21 20:59:55Z" end-time="2025-11-21 20:59:55Z" duration="0.000180" asserts="0">
                  <properties>
                    <property name="retryIteration" value="0" />
                    <property name="repeatIteration" value="0" />
                  </properties>
                </test-case>
                <test-case id="1046" name="Test_MacroChunkWorldSize_ReturnsCorrectSize" fullname="TimeSurvivor.Voxel.Core.Tests.VoxelConfigurationTests.Test_MacroChunkWorldSize_ReturnsCorrectSize" methodname="Test_MacroChunkWorldSize_ReturnsCorrectSize" classname="TimeSurvivor.Voxel.Core.Tests.VoxelConfigurationTests" runstate="Runnable" seed="914848401" result="Passed" start-time="2025-11-21 20:59:55Z" end-time="2025-11-21 20:59:55Z" duration="0.000131" asserts="0">
                  <properties>
                    <property name="retryIteration" value="0" />
                    <property name="repeatIteration" value="0" />
                  </properties>
                </test-case>
                <test-case id="1047" name="Test_MicroChunkWorldSize_ReturnsCorrectSize" fullname="TimeSurvivor.Voxel.Core.Tests.VoxelConfigurationTests.Test_MicroChunkWorldSize_ReturnsCorrectSize" methodname="Test_MicroChunkWorldSize_ReturnsCorrectSize" classname="TimeSurvivor.Voxel.Core.Tests.VoxelConfigurationTests" runstate="Runnable" seed="1794289534" result="Passed" start-time="2025-11-21 20:59:55Z" end-time="2025-11-21 20:59:55Z" duration="0.000102" asserts="0">
                  <properties>
                    <property name="retryIteration" value="0" />
                    <property name="repeatIteration" value="0" />
                  </properties>
                </test-case>
                <test-case id="1053" name="Test_VoxelConfiguration_DeterministicSeed_IsSet" fullname="TimeSurvivor.Voxel.Core.Tests.VoxelConfigurationTests.Test_VoxelConfiguration_DeterministicSeed_IsSet" methodname="Test_VoxelConfiguration_DeterministicSeed_IsSet" classname="TimeSurvivor.Voxel.Core.Tests.VoxelConfigurationTests" runstate="Runnable" seed="1202427007" result="Passed" start-time="2025-11-21 20:59:55Z" end-time="2025-11-21 20:59:55Z" duration="0.000092" asserts="0">
                  <properties>
                    <property name="retryIteration" value="0" />
                    <property name="repeatIteration" value="0" />
                  </properties>
                </test-case>
                <test-case id="1051" name="Test_VoxelConfiguration_IsScriptableObject" fullname="TimeSurvivor.Voxel.Core.Tests.VoxelConfigurationTests.Test_VoxelConfiguration_IsScriptableObject" methodname="Test_VoxelConfiguration_IsScriptableObject" classname="TimeSurvivor.Voxel.Core.Tests.VoxelConfigurationTests" runstate="Runnable" seed="1251356971" result="Passed" start-time="2025-11-21 20:59:55Z" end-time="2025-11-21 20:59:55Z" duration="0.001710" asserts="0">
                  <properties>
                    <property name="retryIteration" value="0" />
                    <property name="repeatIteration" value="0" />
                  </properties>
                </test-case>
                <test-case id="1055" name="Test_VoxelConfiguration_MaxCachedChunks_IsPositive" fullname="TimeSurvivor.Voxel.Core.Tests.VoxelConfigurationTests.Test_VoxelConfiguration_MaxCachedChunks_IsPositive" methodname="Test_VoxelConfiguration_MaxCachedChunks_IsPositive" classname="TimeSurvivor.Voxel.Core.Tests.VoxelConfigurationTests" runstate="Runnable" seed="1385169198" result="Passed" start-time="2025-11-21 20:59:55Z" end-time="2025-11-21 20:59:55Z" duration="0.000151" asserts="0">
                  <properties>
                    <property name="retryIteration" value="0" />
                    <property name="repeatIteration" value="0" />
                  </properties>
                </test-case>
                <test-case id="1052" name="Test_VoxelConfiguration_PowerOfTwoChunkSize_CalculatesCorrectly" fullname="TimeSurvivor.Voxel.Core.Tests.VoxelConfigurationTests.Test_VoxelConfiguration_PowerOfTwoChunkSize_CalculatesCorrectly" methodname="Test_VoxelConfiguration_PowerOfTwoChunkSize_CalculatesCorrectly" classname="TimeSurvivor.Voxel.Core.Tests.VoxelConfigurationTests" runstate="Runnable" seed="1867394794" result="Passed" start-time="2025-11-21 20:59:55Z" end-time="2025-11-21 20:59:55Z" duration="0.000171" asserts="0">
                  <properties>
                    <property name="retryIteration" value="0" />
                    <property name="repeatIteration" value="0" />
                  </properties>
                </test-case>
                <test-case id="1054" name="Test_VoxelConfiguration_RenderDistance_IsPositive" fullname="TimeSurvivor.Voxel.Core.Tests.VoxelConfigurationTests.Test_VoxelConfiguration_RenderDistance_IsPositive" methodname="Test_VoxelConfiguration_RenderDistance_IsPositive" classname="TimeSurvivor.Voxel.Core.Tests.VoxelConfigurationTests" runstate="Runnable" seed="1494302395" result="Passed" start-time="2025-11-21 20:59:55Z" end-time="2025-11-21 20:59:55Z" duration="0.000100" asserts="0">
                  <properties>
                    <property name="retryIteration" value="0" />
                    <property name="repeatIteration" value="0" />
                  </properties>
                </test-case>
                <test-case id="1056" name="Test_VoxelSizes_MicroSmallerThanMacro" fullname="TimeSurvivor.Voxel.Core.Tests.VoxelConfigurationTests.Test_VoxelSizes_MicroSmallerThanMacro" methodname="Test_VoxelSizes_MicroSmallerThanMacro" classname="TimeSurvivor.Voxel.Core.Tests.VoxelConfigurationTests" runstate="Runnable" seed="856864081" result="Passed" start-time="2025-11-21 20:59:55Z" end-time="2025-11-21 20:59:55Z" duration="0.000170" asserts="0">
                  <properties>
                    <property name="retryIteration" value="0" />
                    <property name="repeatIteration" value="0" />
                  </properties>
                </test-case>
              </test-suite>
              <test-suite type="TestFixture" id="1059" name="VoxelMathTests" fullname="TimeSurvivor.Voxel.Core.Tests.VoxelMathTests" classname="TimeSurvivor.Voxel.Core.Tests.VoxelMathTests" runstate="Runnable" testcasecount="22" result="Passed" start-time="2025-11-21 20:59:55Z" end-time="2025-11-21 20:59:55Z" duration="0.007931" total="22" passed="22" failed="0" inconclusive="0" skipped="0" asserts="0">
                <properties />
                <test-case id="1064" name="Test_ChunkCoordToWorld_NegativeChunk_ReturnsCorrectWorldPos" fullname="TimeSurvivor.Voxel.Core.Tests.VoxelMathTests.Test_ChunkCoordToWorld_NegativeChunk_ReturnsCorrectWorldPos" methodname="Test_ChunkCoordToWorld_NegativeChunk_ReturnsCorrectWorldPos" classname="TimeSurvivor.Voxel.Core.Tests.VoxelMathTests" runstate="Runnable" seed="117722734" result="Passed" start-time="2025-11-21 20:59:55Z" end-time="2025-11-21 20:59:55Z" duration="0.000394" asserts="0">
                  <properties>
                    <property name="retryIteration" value="0" />
                    <property name="repeatIteration" value="0" />
                  </properties>
                </test-case>
                <test-case id="1063" name="Test_ChunkCoordToWorld_PositiveChunk_ReturnsCorrectWorldPos" fullname="TimeSurvivor.Voxel.Core.Tests.VoxelMathTests.Test_ChunkCoordToWorld_PositiveChunk_ReturnsCorrectWorldPos" methodname="Test_ChunkCoordToWorld_PositiveChunk_ReturnsCorrectWorldPos" classname="TimeSurvivor.Voxel.Core.Tests.VoxelMathTests" runstate="Runnable" seed="1666218061" result="Passed" start-time="2025-11-21 20:59:55Z" end-time="2025-11-21 20:59:55Z" duration="0.000137" asserts="0">
                  <properties>
                    <property name="retryIteration" value="0" />
                    <property name="repeatIteration" value="0" />
                  </properties>
                </test-case>
                <test-case id="1065" name="Test_ChunkCoordToWorld_RoundTrip_ReturnsOriginalChunk" fullname="TimeSurvivor.Voxel.Core.Tests.VoxelMathTests.Test_ChunkCoordToWorld_RoundTrip_ReturnsOriginalChunk" methodname="Test_ChunkCoordToWorld_RoundTrip_ReturnsOriginalChunk" classname="TimeSurvivor.Voxel.Core.Tests.VoxelMathTests" runstate="Runnable" seed="1096685287" result="Passed" start-time="2025-11-21 20:59:55Z" end-time="2025-11-21 20:59:55Z" duration="0.000359" asserts="0">
                  <properties>
                    <property name="retryIteration" value="0" />
                    <property name="repeatIteration" value="0" />
                  </properties>
                </test-case>
                <test-case id="1079" name="Test_ChunkDistanceSquared_ReturnsCorrectSquaredDistance" fullname="TimeSurvivor.Voxel.Core.Tests.VoxelMathTests.Test_ChunkDistanceSquared_ReturnsCorrectSquaredDistance" methodname="Test_ChunkDistanceSquared_ReturnsCorrectSquaredDistance" classname="TimeSurvivor.Voxel.Core.Tests.VoxelMathTests" runstate="Runnable" seed="351448299" result="Passed" start-time="2025-11-21 20:59:55Z" end-time="2025-11-21 20:59:55Z" duration="0.000165" asserts="0">
                  <properties>
                    <property name="retryIteration" value="0" />
                    <property name="repeatIteration" value="0" />
                  </properties>
                </test-case>
                <test-case id="1078" name="Test_ChunkManhattanDistance_ReturnsCorrectDistance" fullname="TimeSurvivor.Voxel.Core.Tests.VoxelMathTests.Test_ChunkManhattanDistance_ReturnsCorrectDistance" methodname="Test_ChunkManhattanDistance_ReturnsCorrectDistance" classname="TimeSurvivor.Voxel.Core.Tests.VoxelMathTests" runstate="Runnable" seed="339230140" result="Passed" start-time="2025-11-21 20:59:55Z" end-time="2025-11-21 20:59:55Z" duration="0.000214" asserts="0">
                  <properties>
                    <property name="retryIteration" value="0" />
                    <property name="repeatIteration" value="0" />
                  </properties>
                </test-case>
                <test-case id="1070" name="Test_Flatten3DIndex_MaxCoordinate_ReturnsLastIndex" fullname="TimeSurvivor.Voxel.Core.Tests.VoxelMathTests.Test_Flatten3DIndex_MaxCoordinate_ReturnsLastIndex" methodname="Test_Flatten3DIndex_MaxCoordinate_ReturnsLastIndex" classname="TimeSurvivor.Voxel.Core.Tests.VoxelMathTests" runstate="Runnable" seed="1397390055" result="Passed" start-time="2025-11-21 20:59:55Z" end-time="2025-11-21 20:59:55Z" duration="0.000103" asserts="0">
                  <properties>
                    <property name="retryIteration" value="0" />
                    <property name="repeatIteration" value="0" />
                  </properties>
                </test-case>
                <test-case id="1068" name="Test_Flatten3DIndex_Origin_ReturnsZero" fullname="TimeSurvivor.Voxel.Core.Tests.VoxelMathTests.Test_Flatten3DIndex_Origin_ReturnsZero" methodname="Test_Flatten3DIndex_Origin_ReturnsZero" classname="TimeSurvivor.Voxel.Core.Tests.VoxelMathTests" runstate="Runnable" seed="2026171474" result="Passed" start-time="2025-11-21 20:59:55Z" end-time="2025-11-21 20:59:55Z" duration="0.000079" asserts="0">
                  <properties>
                    <property name="retryIteration" value="0" />
                    <property name="repeatIteration" value="0" />
                  </properties>
                </test-case>
                <test-case id="1069" name="Test_Flatten3DIndex_XYZOrdering_IsCorrect" fullname="TimeSurvivor.Voxel.Core.Tests.VoxelMathTests.Test_Flatten3DIndex_XYZOrdering_IsCorrect" methodname="Test_Flatten3DIndex_XYZOrdering_IsCorrect" classname="TimeSurvivor.Voxel.Core.Tests.VoxelMathTests" runstate="Runnable" seed="749257593" result="Passed" start-time="2025-11-21 20:59:55Z" end-time="2025-11-21 20:59:55Z" duration="0.000126" asserts="0">
                  <properties>
                    <property name="retryIteration" value="0" />
                    <property name="repeatIteration" value="0" />
                  </properties>
                </test-case>
                <test-case id="1076" name="Test_IsValidLocalCoord_BoundaryValues_ReturnsCorrectly" fullname="TimeSurvivor.Voxel.Core.Tests.VoxelMathTests.Test_IsValidLocalCoord_BoundaryValues_ReturnsCorrectly" methodname="Test_IsValidLocalCoord_BoundaryValues_ReturnsCorrectly" classname="TimeSurvivor.Voxel.Core.Tests.VoxelMathTests" runstate="Runnable" seed="881296017" result="Passed" start-time="2025-11-21 20:59:55Z" end-time="2025-11-21 20:59:55Z" duration="0.000309" asserts="0">
                  <properties>
                    <property name="retryIteration" value="0" />
                    <property name="repeatIteration" value="0" />
                  </properties>
                </test-case>
                <test-case id="1075" name="Test_IsValidLocalCoord_OutOfBounds_ReturnsFalse" fullname="TimeSurvivor.Voxel.Core.Tests.VoxelMathTests.Test_IsValidLocalCoord_OutOfBounds_ReturnsFalse" methodname="Test_IsValidLocalCoord_OutOfBounds_ReturnsFalse" classname="TimeSurvivor.Voxel.Core.Tests.VoxelMathTests" runstate="Runnable" seed="438612510" result="Passed" start-time="2025-11-21 20:59:55Z" end-time="2025-11-21 20:59:55Z" duration="0.000348" asserts="0">
                  <properties>
                    <property name="retryIteration" value="0" />
                    <property name="repeatIteration" value="0" />
                  </properties>
                </test-case>
                <test-case id="1074" name="Test_IsValidLocalCoord_WithinBounds_ReturnsTrue" fullname="TimeSurvivor.Voxel.Core.Tests.VoxelMathTests.Test_IsValidLocalCoord_WithinBounds_ReturnsTrue" methodname="Test_IsValidLocalCoord_WithinBounds_ReturnsTrue" classname="TimeSurvivor.Voxel.Core.Tests.VoxelMathTests" runstate="Runnable" seed="1978500155" result="Passed" start-time="2025-11-21 20:59:55Z" end-time="2025-11-21 20:59:55Z" duration="0.000080" asserts="0">
                  <properties>
                    <property name="retryIteration" value="0" />
                    <property name="repeatIteration" value="0" />
                  </properties>
                </test-case>
                <test-case id="1073" name="Test_Unflatten3DIndex_LastIndex_ReturnsMaxCoordinates" fullname="TimeSurvivor.Voxel.Core.Tests.VoxelMathTests.Test_Unflatten3DIndex_LastIndex_ReturnsMaxCoordinates" methodname="Test_Unflatten3DIndex_LastIndex_ReturnsMaxCoordinates" classname="TimeSurvivor.Voxel.Core.Tests.VoxelMathTests" runstate="Runnable" seed="640814588" result="Passed" start-time="2025-11-21 20:59:55Z" end-time="2025-11-21 20:59:55Z" duration="0.000135" asserts="0">
                  <properties>
                    <property name="retryIteration" value="0" />
                    <property name="repeatIteration" value="0" />
                  </properties>
                </test-case>
                <test-case id="1072" name="Test_Unflatten3DIndex_RoundTrip_ReturnsOriginalCoordinate" fullname="TimeSurvivor.Voxel.Core.Tests.VoxelMathTests.Test_Unflatten3DIndex_RoundTrip_ReturnsOriginalCoordinate" methodname="Test_Unflatten3DIndex_RoundTrip_ReturnsOriginalCoordinate" classname="TimeSurvivor.Voxel.Core.Tests.VoxelMathTests" runstate="Runnable" seed="1253847888" result="Passed" start-time="2025-11-21 20:59:55Z" end-time="2025-11-21 20:59:55Z" duration="0.000091" asserts="0">
                  <properties>
                    <property name="retryIteration" value="0" />
                    <property name="repeatIteration" value="0" />
                  </properties>
                </test-case>
                <test-case id="1071" name="Test_Unflatten3DIndex_Zero_ReturnsOrigin" fullname="TimeSurvivor.Voxel.Core.Tests.VoxelMathTests.Test_Unflatten3DIndex_Zero_ReturnsOrigin" methodname="Test_Unflatten3DIndex_Zero_ReturnsOrigin" classname="TimeSurvivor.Voxel.Core.Tests.VoxelMathTests" runstate="Runnable" seed="420509810" result="Passed" start-time="2025-11-21 20:59:55Z" end-time="2025-11-21 20:59:55Z" duration="0.000083" asserts="0">
                  <properties>
                    <property name="retryIteration" value="0" />
                    <property name="repeatIteration" value="0" />
                  </properties>
                </test-case>
                <test-case id="1067" name="Test_VoxelCoordToWorld_OriginVoxel_ReturnsHalfVoxelSize" fullname="TimeSurvivor.Voxel.Core.Tests.VoxelMathTests.Test_VoxelCoordToWorld_OriginVoxel_ReturnsHalfVoxelSize" methodname="Test_VoxelCoordToWorld_OriginVoxel_ReturnsHalfVoxelSize" classname="TimeSurvivor.Voxel.Core.Tests.VoxelMathTests" runstate="Runnable" seed="111662430" result="Passed" start-time="2025-11-21 20:59:55Z" end-time="2025-11-21 20:59:55Z" duration="0.000185" asserts="0">
                  <properties>
                    <property name="retryIteration" value="0" />
                    <property name="repeatIteration" value="0" />
                  </properties>
                </test-case>
                <test-case id="1066" name="Test_VoxelCoordToWorld_ReturnsVoxelCenter" fullname="TimeSurvivor.Voxel.Core.Tests.VoxelMathTests.Test_VoxelCoordToWorld_ReturnsVoxelCenter" methodname="Test_VoxelCoordToWorld_ReturnsVoxelCenter" classname="TimeSurvivor.Voxel.Core.Tests.VoxelMathTests" runstate="Runnable" seed="259485008" result="Passed" start-time="2025-11-21 20:59:55Z" end-time="2025-11-21 20:59:55Z" duration="0.000115" asserts="0">
                  <properties>
                    <property name="retryIteration" value="0" />
                    <property name="repeatIteration" value="0" />
                  </properties>
                </test-case>
                <test-case id="1081" name="Test_VoxelToLocalCoord_NegativeGlobalCoord_ReturnsCorrectLocal" fullname="TimeSurvivor.Voxel.Core.Tests.VoxelMathTests.Test_VoxelToLocalCoord_NegativeGlobalCoord_ReturnsCorrectLocal" methodname="Test_VoxelToLocalCoord_NegativeGlobalCoord_ReturnsCorrectLocal" classname="TimeSurvivor.Voxel.Core.Tests.VoxelMathTests" runstate="Runnable" seed="1306504139" result="Passed" start-time="2025-11-21 20:59:55Z" end-time="2025-11-21 20:59:55Z" duration="0.000280" asserts="0">
                  <properties>
                    <property name="retryIteration" value="0" />
                    <property name="repeatIteration" value="0" />
                  </properties>
                </test-case>
                <test-case id="1080" name="Test_VoxelToLocalCoord_PositiveGlobalCoord_ReturnsCorrectLocal" fullname="TimeSurvivor.Voxel.Core.Tests.VoxelMathTests.Test_VoxelToLocalCoord_PositiveGlobalCoord_ReturnsCorrectLocal" methodname="Test_VoxelToLocalCoord_PositiveGlobalCoord_ReturnsCorrectLocal" classname="TimeSurvivor.Voxel.Core.Tests.VoxelMathTests" runstate="Runnable" seed="318031418" result="Passed" start-time="2025-11-21 20:59:55Z" end-time="2025-11-21 20:59:55Z" duration="0.000114" asserts="0">
                  <properties>
                    <property name="retryIteration" value="0" />
                    <property name="repeatIteration" value="0" />
                  </properties>
                </test-case>
                <test-case id="1062" name="Test_WorldToChunkCoord_ChunkBoundary_ReturnsCorrectChunk" fullname="TimeSurvivor.Voxel.Core.Tests.VoxelMathTests.Test_WorldToChunkCoord_ChunkBoundary_ReturnsCorrectChunk" methodname="Test_WorldToChunkCoord_ChunkBoundary_ReturnsCorrectChunk" classname="TimeSurvivor.Voxel.Core.Tests.VoxelMathTests" runstate="Runnable" seed="444975932" result="Passed" start-time="2025-11-21 20:59:55Z" end-time="2025-11-21 20:59:55Z" duration="0.000119" asserts="0">
                  <properties>
                    <property name="retryIteration" value="0" />
                    <property name="repeatIteration" value="0" />
                  </properties>
                </test-case>
                <test-case id="1061" name="Test_WorldToChunkCoord_NegativeCoordinates_ReturnsCorrectChunk" fullname="TimeSurvivor.Voxel.Core.Tests.VoxelMathTests.Test_WorldToChunkCoord_NegativeCoordinates_ReturnsCorrectChunk" methodname="Test_WorldToChunkCoord_NegativeCoordinates_ReturnsCorrectChunk" classname="TimeSurvivor.Voxel.Core.Tests.VoxelMathTests" runstate="Runnable" seed="1726288473" result="Passed" start-time="2025-11-21 20:59:55Z" end-time="2025-11-21 20:59:55Z" duration="0.000126" asserts="0">
                  <properties>
                    <property name="retryIteration" value="0" />
                    <property name="repeatIteration" value="0" />
                  </properties>
                </test-case>
                <test-case id="1060" name="Test_WorldToChunkCoord_PositiveCoordinates_ReturnsCorrectChunk" fullname="TimeSurvivor.Voxel.Core.Tests.VoxelMathTests.Test_WorldToChunkCoord_PositiveCoordinates_ReturnsCorrectChunk" methodname="Test_WorldToChunkCoord_PositiveCoordinates_ReturnsCorrectChunk" classname="TimeSurvivor.Voxel.Core.Tests.VoxelMathTests" runstate="Runnable" seed="429685435" result="Passed" start-time="2025-11-21 20:59:55Z" end-time="2025-11-21 20:59:55Z" duration="0.000122" asserts="0">
                  <properties>
                    <property name="retryIteration" value="0" />
                    <property name="repeatIteration" value="0" />
                  </properties>
                </test-case>
                <test-case id="1077" name="Test_WorldToVoxelCoord_PositiveCoordinates_ReturnsCorrect" fullname="TimeSurvivor.Voxel.Core.Tests.VoxelMathTests.Test_WorldToVoxelCoord_PositiveCoordinates_ReturnsCorrect" methodname="Test_WorldToVoxelCoord_PositiveCoordinates_ReturnsCorrect" classname="TimeSurvivor.Voxel.Core.Tests.VoxelMathTests" runstate="Runnable" seed="1011789357" result="Passed" start-time="2025-11-21 20:59:55Z" end-time="2025-11-21 20:59:55Z" duration="0.000147" asserts="0">
                  <properties>
                    <property name="retryIteration" value="0" />
                    <property name="repeatIteration" value="0" />
                  </properties>
                </test-case>
              </test-suite>
            </test-suite>
          </test-suite>
        </test-suite>
      </test-suite>
    </test-suite>
    <test-suite type="Assembly" id="1128" name="TimeSurvivor.Voxel.Terrain.Tests.dll" fullname="/Users/etherny/Documents/work/games/TimeSurvivorGame/Library/ScriptAssemblies/TimeSurvivor.Voxel.Terrain.Tests.dll" runstate="Runnable" testcasecount="36" result="Failed" site="Child" start-time="2025-11-21 20:59:55Z" end-time="2025-11-21 20:59:57Z" duration="1.686929" total="36" passed="14" failed="22" inconclusive="0" skipped="0" asserts="0">
      <properties>
        <property name="_PID" value="84617" />
        <property name="_APPDOMAIN" value="Unity Child Domain" />
        <property name="platform" value="EditMode" />
        <property name="EditorOnly" value="True" />
      </properties>
      <failure>
        <message><![CDATA[One or more child tests had errors]]></message>
      </failure>
      <test-suite type="TestSuite" id="1129" name="TimeSurvivor" fullname="TimeSurvivor" runstate="Runnable" testcasecount="36" result="Failed" site="Child" start-time="2025-11-21 20:59:55Z" end-time="2025-11-21 20:59:57Z" duration="1.686024" total="36" passed="14" failed="22" inconclusive="0" skipped="0" asserts="0">
        <properties />
        <failure>
          <message><![CDATA[One or more child tests had errors]]></message>
        </failure>
        <test-suite type="TestSuite" id="1130" name="Voxel" fullname="TimeSurvivor.Voxel" runstate="Runnable" testcasecount="36" result="Failed" site="Child" start-time="2025-11-21 20:59:55Z" end-time="2025-11-21 20:59:57Z" duration="1.685314" total="36" passed="14" failed="22" inconclusive="0" skipped="0" asserts="0">
          <properties />
          <failure>
            <message><![CDATA[One or more child tests had errors]]></message>
          </failure>
          <test-suite type="TestSuite" id="1131" name="Terrain" fullname="TimeSurvivor.Voxel.Terrain" runstate="Runnable" testcasecount="36" result="Failed" site="Child" start-time="2025-11-21 20:59:55Z" end-time="2025-11-21 20:59:57Z" duration="1.684324" total="36" passed="14" failed="22" inconclusive="0" skipped="0" asserts="0">
            <properties />
            <failure>
              <message><![CDATA[One or more child tests had errors]]></message>
            </failure>
            <test-suite type="TestSuite" id="1132" name="Tests" fullname="TimeSurvivor.Voxel.Terrain.Tests" runstate="Runnable" testcasecount="36" result="Failed" site="Child" start-time="2025-11-21 20:59:55Z" end-time="2025-11-21 20:59:57Z" duration="1.683551" total="36" passed="14" failed="22" inconclusive="0" skipped="0" asserts="0">
              <properties />
              <failure>
                <message><![CDATA[One or more child tests had errors]]></message>
              </failure>
              <test-suite type="TestFixture" id="1087" name="MinecraftHeightmapGeneratorTests" fullname="TimeSurvivor.Voxel.Terrain.Tests.MinecraftHeightmapGeneratorTests" classname="TimeSurvivor.Voxel.Terrain.Tests.MinecraftHeightmapGeneratorTests" runstate="Runnable" testcasecount="10" result="Failed" site="Child" start-time="2025-11-21 20:59:55Z" end-time="2025-11-21 20:59:56Z" duration="1.580852" total="10" passed="7" failed="3" inconclusive="0" skipped="0" asserts="0">
                <properties />
                <failure>
                  <message><![CDATA[One or more child tests had errors]]></message>
                </failure>
                <test-case id="1093" name="Test_Dispose_CanBeCalledMultipleTimes" fullname="TimeSurvivor.Voxel.Terrain.Tests.MinecraftHeightmapGeneratorTests.Test_Dispose_CanBeCalledMultipleTimes" methodname="Test_Dispose_CanBeCalledMultipleTimes" classname="TimeSurvivor.Voxel.Terrain.Tests.MinecraftHeightmapGeneratorTests" runstate="Runnable" seed="1457803919" result="Passed" start-time="2025-11-21 20:59:55Z" end-time="2025-11-21 20:59:55Z" duration="0.013180" asserts="0">
                  <properties>
                    <property name="retryIteration" value="0" />
                    <property name="repeatIteration" value="0" />
                  </properties>
                  <reason>
                    <message><![CDATA[Dispose() can be called multiple times safely]]></message>
                  </reason>
                </test-case>
                <test-case id="1092" name="Test_Dispose_FreesMemory" fullname="TimeSurvivor.Voxel.Terrain.Tests.MinecraftHeightmapGeneratorTests.Test_Dispose_FreesMemory" methodname="Test_Dispose_FreesMemory" classname="TimeSurvivor.Voxel.Terrain.Tests.MinecraftHeightmapGeneratorTests" runstate="Runnable" seed="2137975527" result="Failed" start-time="2025-11-21 20:59:55Z" end-time="2025-11-21 20:59:55Z" duration="0.021320" asserts="0">
                  <properties>
                    <property name="retryIteration" value="0" />
                    <property name="repeatIteration" value="0" />
                  </properties>
                  <failure>
                    <message><![CDATA[  Heightmap NativeArray should be disposed
  Expected: False
  But was:  True
]]></message>
                    <stack-trace><![CDATA[at TimeSurvivor.Voxel.Terrain.Tests.MinecraftHeightmapGeneratorTests.Test_Dispose_FreesMemory () [0x00043] in /Users/etherny/Documents/work/games/TimeSurvivorGame/Assets/lib/voxel-terrain/Tests/Runtime/MinecraftHeightmapGeneratorTests.cs:163
]]></stack-trace>
                  </failure>
                </test-case>
                <test-case id="1097" name="Test_GenerateHeightmap_CanBeCalledMultipleTimes" fullname="TimeSurvivor.Voxel.Terrain.Tests.MinecraftHeightmapGeneratorTests.Test_GenerateHeightmap_CanBeCalledMultipleTimes" methodname="Test_GenerateHeightmap_CanBeCalledMultipleTimes" classname="TimeSurvivor.Voxel.Terrain.Tests.MinecraftHeightmapGeneratorTests" runstate="Runnable" seed="402342097" result="Passed" start-time="2025-11-21 20:59:55Z" end-time="2025-11-21 20:59:55Z" duration="0.035524" asserts="0">
                  <properties>
                    <property name="retryIteration" value="0" />
                    <property name="repeatIteration" value="0" />
                  </properties>
                </test-case>
                <test-case id="1088" name="Test_GenerateHeightmap_IsDeterministic" fullname="TimeSurvivor.Voxel.Terrain.Tests.MinecraftHeightmapGeneratorTests.Test_GenerateHeightmap_IsDeterministic" methodname="Test_GenerateHeightmap_IsDeterministic" classname="TimeSurvivor.Voxel.Terrain.Tests.MinecraftHeightmapGeneratorTests" runstate="Runnable" seed="810379872" result="Passed" start-time="2025-11-21 20:59:55Z" end-time="2025-11-21 20:59:55Z" duration="0.096022" asserts="0">
                  <properties>
                    <property name="retryIteration" value="0" />
                    <property name="repeatIteration" value="0" />
                  </properties>
                </test-case>
                <test-case id="1091" name="Test_GenerateHeightmap_PerformanceUnder100ms" fullname="TimeSurvivor.Voxel.Terrain.Tests.MinecraftHeightmapGeneratorTests.Test_GenerateHeightmap_PerformanceUnder100ms" methodname="Test_GenerateHeightmap_PerformanceUnder100ms" classname="TimeSurvivor.Voxel.Terrain.Tests.MinecraftHeightmapGeneratorTests" runstate="Runnable" seed="1833367970" result="Failed" start-time="2025-11-21 20:59:55Z" end-time="2025-11-21 20:59:56Z" duration="1.357126" asserts="0">
                  <properties>
                    <property name="retryIteration" value="0" />
                    <property name="repeatIteration" value="0" />
                  </properties>
                  <failure>
                    <message><![CDATA[  Heightmap generation should complete in under 100ms
  Expected: less than 100
  But was:  1354
]]></message>
                    <stack-trace><![CDATA[at TimeSurvivor.Voxel.Terrain.Tests.MinecraftHeightmapGeneratorTests.Test_GenerateHeightmap_PerformanceUnder100ms () [0x0005d] in /Users/etherny/Documents/work/games/TimeSurvivorGame/Assets/lib/voxel-terrain/Tests/Runtime/MinecraftHeightmapGeneratorTests.cs:142
]]></stack-trace>
                  </failure>
                  <output><![CDATA[Heightmap generation (20×20 chunks, 1.6M elements): 1354ms
]]></output>
                </test-case>
                <test-case id="1090" name="Test_GetHeightAt_ClampsOutOfBoundsCoordinates" fullname="TimeSurvivor.Voxel.Terrain.Tests.MinecraftHeightmapGeneratorTests.Test_GetHeightAt_ClampsOutOfBoundsCoordinates" methodname="Test_GetHeightAt_ClampsOutOfBoundsCoordinates" classname="TimeSurvivor.Voxel.Terrain.Tests.MinecraftHeightmapGeneratorTests" runstate="Runnable" seed="19962273" result="Passed" start-time="2025-11-21 20:59:56Z" end-time="2025-11-21 20:59:56Z" duration="0.000546" asserts="0">
                  <properties>
                    <property name="retryIteration" value="0" />
                    <property name="repeatIteration" value="0" />
                  </properties>
                </test-case>
                <test-case id="1089" name="Test_GetHeightAt_ReturnsCorrectHeight" fullname="TimeSurvivor.Voxel.Terrain.Tests.MinecraftHeightmapGeneratorTests.Test_GetHeightAt_ReturnsCorrectHeight" methodname="Test_GetHeightAt_ReturnsCorrectHeight" classname="TimeSurvivor.Voxel.Terrain.Tests.MinecraftHeightmapGeneratorTests" runstate="Runnable" seed="458647936" result="Passed" start-time="2025-11-21 20:59:56Z" end-time="2025-11-21 20:59:56Z" duration="0.000263" asserts="0">
                  <properties>
                    <property name="retryIteration" value="0" />
                    <property name="repeatIteration" value="0" />
                  </properties>
                </test-case>
                <test-case id="1094" name="Test_GetHeightAt_ThrowsIfNotGenerated" fullname="TimeSurvivor.Voxel.Terrain.Tests.MinecraftHeightmapGeneratorTests.Test_GetHeightAt_ThrowsIfNotGenerated" methodname="Test_GetHeightAt_ThrowsIfNotGenerated" classname="TimeSurvivor.Voxel.Terrain.Tests.MinecraftHeightmapGeneratorTests" runstate="Runnable" seed="730106489" result="Passed" start-time="2025-11-21 20:59:56Z" end-time="2025-11-21 20:59:56Z" duration="0.000668" asserts="0">
                  <properties>
                    <property name="retryIteration" value="0" />
                    <property name="repeatIteration" value="0" />
                  </properties>
                </test-case>
                <test-case id="1095" name="Test_Heightmap_ThrowsIfDisposed" fullname="TimeSurvivor.Voxel.Terrain.Tests.MinecraftHeightmapGeneratorTests.Test_Heightmap_ThrowsIfDisposed" methodname="Test_Heightmap_ThrowsIfDisposed" classname="TimeSurvivor.Voxel.Terrain.Tests.MinecraftHeightmapGeneratorTests" runstate="Runnable" seed="785703814" result="Failed" start-time="2025-11-21 20:59:56Z" end-time="2025-11-21 20:59:56Z" duration="0.000742" asserts="0">
                  <properties>
                    <property name="retryIteration" value="0" />
                    <property name="repeatIteration" value="0" />
                  </properties>
                  <failure>
                    <message><![CDATA[  Accessing Heightmap after Dispose should throw
  Expected: <System.ObjectDisposedException>
  But was:  <System.InvalidOperationException: Heightmap not generated. Call GenerateHeightmap() first.
  at TimeSurvivor.Voxel.Terrain.MinecraftHeightmapGenerator.get_Heightmap () [0x0000e] in /Users/etherny/Documents/work/games/TimeSurvivorGame/Assets/lib/voxel-terrain/Runtime/Generation/MinecraftHeightmapGenerator.cs:61 
  at TimeSurvivor.Voxel.Terrain.Tests.MinecraftHeightmapGeneratorTests.<Test_Heightmap_ThrowsIfDisposed>b__9_0 () [0x00001] in /Users/etherny/Documents/work/games/TimeSurvivorGame/Assets/lib/voxel-terrain/Tests/Runtime/MinecraftHeightmapGeneratorTests.cs:223 
  at NUnit.Framework.Assert.Throws (NUnit.Framework.Constraints.IResolveConstraint expression, NUnit.Framework.TestDelegate code, System.String message, System.Object[] args) [0x0002f] in <f577cd9686154d6ab10efd7e65e64366>:0 >
]]></message>
                    <stack-trace><![CDATA[at TimeSurvivor.Voxel.Terrain.Tests.MinecraftHeightmapGeneratorTests.Test_Heightmap_ThrowsIfDisposed () [0x00033] in /Users/etherny/Documents/work/games/TimeSurvivorGame/Assets/lib/voxel-terrain/Tests/Runtime/MinecraftHeightmapGeneratorTests.cs:221
]]></stack-trace>
                  </failure>
                </test-case>
                <test-case id="1096" name="Test_HeightmapDimensions_AreCorrect" fullname="TimeSurvivor.Voxel.Terrain.Tests.MinecraftHeightmapGeneratorTests.Test_HeightmapDimensions_AreCorrect" methodname="Test_HeightmapDimensions_AreCorrect" classname="TimeSurvivor.Voxel.Terrain.Tests.MinecraftHeightmapGeneratorTests" runstate="Runnable" seed="1644490919" result="Passed" start-time="2025-11-21 20:59:56Z" end-time="2025-11-21 20:59:56Z" duration="0.049155" asserts="0">
                  <properties>
                    <property name="retryIteration" value="0" />
                    <property name="repeatIteration" value="0" />
                  </properties>
                </test-case>
              </test-suite>
              <test-suite type="TestFixture" id="1098" name="MinecraftTerrainGeneratorTests" fullname="TimeSurvivor.Voxel.Terrain.Tests.MinecraftTerrainGeneratorTests" classname="TimeSurvivor.Voxel.Terrain.Tests.MinecraftTerrainGeneratorTests" runstate="Runnable" testcasecount="7" result="Failed" site="Child" start-time="2025-11-21 20:59:56Z" end-time="2025-11-21 20:59:57Z" duration="0.055454" total="7" passed="0" failed="7" inconclusive="0" skipped="0" asserts="0">
                <properties />
                <failure>
                  <message><![CDATA[One or more child tests had errors]]></message>
                </failure>
                <test-case id="1104" name="Test_ClearTerrain_CanRegenerateAfterClear" fullname="TimeSurvivor.Voxel.Terrain.Tests.MinecraftTerrainGeneratorTests.Test_ClearTerrain_CanRegenerateAfterClear" methodname="Test_ClearTerrain_CanRegenerateAfterClear" classname="TimeSurvivor.Voxel.Terrain.Tests.MinecraftTerrainGeneratorTests" runstate="Runnable" seed="1890677550" result="Failed" start-time="2025-11-21 20:59:56Z" end-time="2025-11-21 20:59:56Z" duration="0.019709" asserts="0">
                  <properties>
                    <property name="_JOINTYPE" value="UnityCombinatorial" />
                    <property name="retryIteration" value="0" />
                    <property name="repeatIteration" value="0" />
                  </properties>
                  <failure>
                    <message><![CDATA[Unhandled log message: '[Exception] InvalidOperationException: The Unity.Collections.NativeArray`1[TimeSurvivor.Voxel.Core.VoxelType] ProceduralTerrainGenerationJob.VoxelData is allocated with Temp memory. Temp memory containers cannot be used when scheduling a job, use TempJob instead.'. Use UnityEngine.TestTools.LogAssert.Expect]]></message>
                    <stack-trace><![CDATA[Unity.Jobs.LowLevel.Unsafe.JobsUtility.ScheduleParallelFor (Unity.Jobs.LowLevel.Unsafe.JobsUtility+JobScheduleParameters& parameters, System.Int32 arrayLength, System.Int32 innerloopBatchCount) <0x3852d51d8 + 0x00067> in <ca678e8562574911a4b05a3e0a6fcc6f>:0
Unity.Jobs.IJobParallelForExtensions.Schedule[T] (T jobData, System.Int32 arrayLength, System.Int32 innerloopBatchCount, Unity.Jobs.JobHandle dependsOn) (at /Users/bokken/build/output/unity/unity/Runtime/Jobs/Managed/IJobParallelFor.cs:70)
TimeSurvivor.Voxel.Terrain.MinecraftTerrainCustomGenerator.Generate (TimeSurvivor.Voxel.Core.ChunkCoord coord, System.Int32 chunkSize, Unity.Collections.Allocator allocator) (at Assets/lib/voxel-terrain/Runtime/Generation/MinecraftTerrainCustomGenerator.cs:101)
TimeSurvivor.Voxel.Terrain.ChunkManager.GenerateChunk (TimeSurvivor.Voxel.Terrain.TerrainChunk chunk) (at Assets/lib/voxel-terrain/Runtime/Chunks/ChunkManager.cs:170)
TimeSurvivor.Voxel.Terrain.ChunkManager.ProcessGenerationQueue () (at Assets/lib/voxel-terrain/Runtime/Chunks/ChunkManager.cs:132)
TimeSurvivor.Voxel.Terrain.MinecraftTerrainGenerator+<GenerateTerrainCoroutine>d__21.MoveNext () (at Assets/lib/voxel-terrain/Runtime/Minecraft/MinecraftTerrainGenerator.cs:199)
UnityEngine.SetupCoroutine.InvokeMoveNext (System.Collections.IEnumerator enumerator, System.IntPtr returnValueAddress) (at /Users/bokken/build/output/unity/unity/Runtime/Export/Scripting/Coroutines.cs:17)
UnityEngine.MonoBehaviour:StartCoroutine(IEnumerator)
TimeSurvivor.Voxel.Terrain.MinecraftTerrainGenerator:GenerateTerrain() (at Assets/lib/voxel-terrain/Runtime/Minecraft/MinecraftTerrainGenerator.cs:92)
TimeSurvivor.Voxel.Terrain.Tests.<Test_ClearTerrain_CanRegenerateAfterClear>d__12:MoveNext() (at Assets/lib/voxel-terrain/Tests/Runtime/MinecraftTerrainGeneratorTests.cs:245)
UnityEditor.EditorApplication:Internal_CallUpdateFunctions() (at /Users/bokken/build/output/unity/unity/Editor/Mono/EditorApplication.cs:384)

]]></stack-trace>
                  </failure>
                  <output><![CDATA[[MinecraftTerrainGenerator] Starting terrain generation...
[MinecraftTerrainGenerator] Generating 2D heightmap...
[MinecraftTerrainGenerator] Heightmap generated: 32×32 elements
[MinecraftTerrainGenerator] ChunkManager created with MinecraftTerrainCustomGenerator
[MinecraftTerrainGenerator] Generating 8 chunks (2×2×2)...
InvalidOperationException: The Unity.Collections.NativeArray`1[TimeSurvivor.Voxel.Core.VoxelType] ProceduralTerrainGenerationJob.VoxelData is allocated with Temp memory. Temp memory containers cannot be used when scheduling a job, use TempJob instead.
Unity.Jobs.LowLevel.Unsafe.JobsUtility.ScheduleParallelFor (Unity.Jobs.LowLevel.Unsafe.JobsUtility+JobScheduleParameters& parameters, System.Int32 arrayLength, System.Int32 innerloopBatchCount) <0x3852d51d8 + 0x00067> in <ca678e8562574911a4b05a3e0a6fcc6f>:0
Unity.Jobs.IJobParallelForExtensions.Schedule[T] (T jobData, System.Int32 arrayLength, System.Int32 innerloopBatchCount, Unity.Jobs.JobHandle dependsOn) (at /Users/bokken/build/output/unity/unity/Runtime/Jobs/Managed/IJobParallelFor.cs:70)
TimeSurvivor.Voxel.Terrain.MinecraftTerrainCustomGenerator.Generate (TimeSurvivor.Voxel.Core.ChunkCoord coord, System.Int32 chunkSize, Unity.Collections.Allocator allocator) (at Assets/lib/voxel-terrain/Runtime/Generation/MinecraftTerrainCustomGenerator.cs:101)
TimeSurvivor.Voxel.Terrain.ChunkManager.GenerateChunk (TimeSurvivor.Voxel.Terrain.TerrainChunk chunk) (at Assets/lib/voxel-terrain/Runtime/Chunks/ChunkManager.cs:170)
TimeSurvivor.Voxel.Terrain.ChunkManager.ProcessGenerationQueue () (at Assets/lib/voxel-terrain/Runtime/Chunks/ChunkManager.cs:132)
TimeSurvivor.Voxel.Terrain.MinecraftTerrainGenerator+<GenerateTerrainCoroutine>d__21.MoveNext () (at Assets/lib/voxel-terrain/Runtime/Minecraft/MinecraftTerrainGenerator.cs:199)
UnityEngine.SetupCoroutine.InvokeMoveNext (System.Collections.IEnumerator enumerator, System.IntPtr returnValueAddress) (at /Users/bokken/build/output/unity/unity/Runtime/Export/Scripting/Coroutines.cs:17)
UnityEngine.MonoBehaviour:StartCoroutine(IEnumerator)
TimeSurvivor.Voxel.Terrain.MinecraftTerrainGenerator:GenerateTerrain() (at Assets/lib/voxel-terrain/Runtime/Minecraft/MinecraftTerrainGenerator.cs:92)
TimeSurvivor.Voxel.Terrain.Tests.<Test_ClearTerrain_CanRegenerateAfterClear>d__12:MoveNext() (at Assets/lib/voxel-terrain/Tests/Runtime/MinecraftTerrainGeneratorTests.cs:245)
UnityEditor.EditorApplication:Internal_CallUpdateFunctions() (at /Users/bokken/build/output/unity/unity/Editor/Mono/EditorApplication.cs:384)

[MinecraftTerrainGenerator] Cannot clear terrain during generation.
]]></output>
                </test-case>
                <test-case id="1103" name="Test_ClearTerrain_CleansUpResources" fullname="TimeSurvivor.Voxel.Terrain.Tests.MinecraftTerrainGeneratorTests.Test_ClearTerrain_CleansUpResources" methodname="Test_ClearTerrain_CleansUpResources" classname="TimeSurvivor.Voxel.Terrain.Tests.MinecraftTerrainGeneratorTests" runstate="Runnable" seed="1383035546" result="Failed" start-time="2025-11-21 20:59:56Z" end-time="2025-11-21 20:59:56Z" duration="0.004909" asserts="0">
                  <properties>
                    <property name="_JOINTYPE" value="UnityCombinatorial" />
                    <property name="retryIteration" value="0" />
                    <property name="repeatIteration" value="0" />
                  </properties>
                  <failure>
                    <message><![CDATA[Unhandled log message: '[Exception] InvalidOperationException: The Unity.Collections.NativeArray`1[TimeSurvivor.Voxel.Core.VoxelType] ProceduralTerrainGenerationJob.VoxelData is allocated with Temp memory. Temp memory containers cannot be used when scheduling a job, use TempJob instead.'. Use UnityEngine.TestTools.LogAssert.Expect]]></message>
                    <stack-trace><![CDATA[Unity.Jobs.LowLevel.Unsafe.JobsUtility.ScheduleParallelFor (Unity.Jobs.LowLevel.Unsafe.JobsUtility+JobScheduleParameters& parameters, System.Int32 arrayLength, System.Int32 innerloopBatchCount) <0x3852d51d8 + 0x00067> in <ca678e8562574911a4b05a3e0a6fcc6f>:0
Unity.Jobs.IJobParallelForExtensions.Schedule[T] (T jobData, System.Int32 arrayLength, System.Int32 innerloopBatchCount, Unity.Jobs.JobHandle dependsOn) (at /Users/bokken/build/output/unity/unity/Runtime/Jobs/Managed/IJobParallelFor.cs:70)
TimeSurvivor.Voxel.Terrain.MinecraftTerrainCustomGenerator.Generate (TimeSurvivor.Voxel.Core.ChunkCoord coord, System.Int32 chunkSize, Unity.Collections.Allocator allocator) (at Assets/lib/voxel-terrain/Runtime/Generation/MinecraftTerrainCustomGenerator.cs:101)
[...]
  at Unity.Jobs.LowLevel.Unsafe.JobsUtility.ScheduleParallelFor (Unity.Jobs.LowLevel.Unsafe.JobsUtility+JobScheduleParameters& parameters, System.Int32 arrayLength, System.Int32 innerloopBatchCount) <0x3852d51d8 + 0x00067> in <ca678e8562574911a4b05a3e0a6fcc6f>:0 
  at Unity.Jobs.IJobParallelForExtensions.Schedule[T] (T jobData, System.Int32 arrayLength, System.Int32 innerloopBatchCount, Unity.Jobs.JobHandle dependsOn) [0x00016] in /Users/bokken/build/output/unity/unity/Runtime/Jobs/Managed/IJobParallelFor.cs:70 
  at TimeSurvivor.Voxel.Terrain.Tests.ProceduralTerrainGenerationJobValidationTests.GenerateChunk_ShouldHaveHorizontalLayers () [0x00024] in /Users/etherny/Documents/work/games/TimeSurvivorGame/Assets/lib/voxel-terrain/Tests/Runtime/ProceduralTerrainGenerationJobValidationTests.cs:264 
  at (wrapper managed-to-native) System.Reflection.RuntimeMethodInfo.InternalInvoke(System.Reflection.RuntimeMethodInfo,object,object[],System.Exception&)
  at System.Reflection.RuntimeMethodInfo.Invoke (System.Object obj, System.Reflection.BindingFlags invokeAttr, System.Reflection.Binder binder, System.Object[] parameters, System.Globalization.CultureInfo culture) [0x0006a] in <3c470575843b432e876313222d20c5ed>:0 ]]></stack-trace>
                  </failure>
                </test-case>
                <test-case id="1114" name="GenerateChunk_ShouldHaveVisibleGrassSurface" fullname="TimeSurvivor.Voxel.Terrain.Tests.ProceduralTerrainGenerationJobValidationTests.GenerateChunk_ShouldHaveVisibleGrassSurface" methodname="GenerateChunk_ShouldHaveVisibleGrassSurface" classname="TimeSurvivor.Voxel.Terrain.Tests.ProceduralTerrainGenerationJobValidationTests" runstate="Runnable" seed="1495528050" result="Failed" label="Error" start-time="2025-11-21 20:59:57Z" end-time="2025-11-21 20:59:57Z" duration="0.000295" asserts="0">
                  <properties>
                    <property name="retryIteration" value="0" />
                    <property name="repeatIteration" value="0" />
                  </properties>
                  <failure>
                    <message><![CDATA[System.InvalidOperationException : The UNKNOWN_OBJECT_TYPE ProceduralTerrainGenerationJob.Heightmap has not been assigned or constructed. All containers must be valid when scheduling a job.]]></message>
                    <stack-trace><![CDATA[  at (wrapper managed-to-native) Unity.Jobs.LowLevel.Unsafe.JobsUtility.ScheduleParallelFor_Injected(Unity.Jobs.LowLevel.Unsafe.JobsUtility/JobScheduleParameters&,int,int,Unity.Jobs.JobHandle&)
  at Unity.Jobs.LowLevel.Unsafe.JobsUtility.ScheduleParallelFor (Unity.Jobs.LowLevel.Unsafe.JobsUtility+JobScheduleParameters& parameters, System.Int32 arrayLength, System.Int32 innerloopBatchCount) <0x3852d51d8 + 0x00067> in <ca678e8562574911a4b05a3e0a6fcc6f>:0 
  at Unity.Jobs.IJobParallelForExtensions.Schedule[T] (T jobData, System.Int32 arrayLength, System.Int32 innerloopBatchCount, Unity.Jobs.JobHandle dependsOn) [0x00016] in /Users/bokken/build/output/unity/unity/Runtime/Jobs/Managed/IJobParallelFor.cs:70 
  at TimeSurvivor.Voxel.Terrain.Tests.ProceduralTerrainGenerationJobValidationTests.GenerateChunk_ShouldHaveVisibleGrassSurface () [0x00024] in /Users/etherny/Documents/work/games/TimeSurvivorGame/Assets/lib/voxel-terrain/Tests/Runtime/ProceduralTerrainGenerationJobValidationTests.cs:197 
  at (wrapper managed-to-native) System.Reflection.RuntimeMethodInfo.InternalInvoke(System.Reflection.RuntimeMethodInfo,object,object[],System.Exception&)
  at System.Reflection.RuntimeMethodInfo.Invoke (System.Object obj, System.Reflection.BindingFlags invokeAttr, System.Reflection.Binder binder, System.Object[] parameters, System.Globalization.CultureInfo culture) [0x0006a] in <3c470575843b432e876313222d20c5ed>:0 ]]></stack-trace>
                  </failure>
                </test-case>
                <test-case id="1118" name="GenerateChunk_ShouldNotBeUniformCube" fullname="TimeSurvivor.Voxel.Terrain.Tests.ProceduralTerrainGenerationJobValidationTests.GenerateChunk_ShouldNotBeUniformCube" methodname="GenerateChunk_ShouldNotBeUniformCube" classname="TimeSurvivor.Voxel.Terrain.Tests.ProceduralTerrainGenerationJobValidationTests" runstate="Runnable" seed="174357273" result="Failed" label="Error" start-time="2025-11-21 20:59:57Z" end-time="2025-11-21 20:59:57Z" duration="0.000496" asserts="0">
                  <properties>
                    <property name="retryIteration" value="0" />
                    <property name="repeatIteration" value="0" />
                  </properties>
                  <failure>
                    <message><![CDATA[System.InvalidOperationException : The UNKNOWN_OBJECT_TYPE ProceduralTerrainGenerationJob.Heightmap has not been assigned or constructed. All containers must be valid when scheduling a job.]]></message>
                    <stack-trace><![CDATA[  at (wrapper managed-to-native) Unity.Jobs.LowLevel.Unsafe.JobsUtility.ScheduleParallelFor_Injected(Unity.Jobs.LowLevel.Unsafe.JobsUtility/JobScheduleParameters&,int,int,Unity.Jobs.JobHandle&)
  at Unity.Jobs.LowLevel.Unsafe.JobsUtility.ScheduleParallelFor (Unity.Jobs.LowLevel.Unsafe.JobsUtility+JobScheduleParameters& parameters, System.Int32 arrayLength, System.Int32 innerloopBatchCount) <0x3852d51d8 + 0x00067> in <ca678e8562574911a4b05a3e0a6fcc6f>:0 
  at Unity.Jobs.IJobParallelForExtensions.Schedule[T] (T jobData, System.Int32 arrayLength, System.Int32 innerloopBatchCount, Unity.Jobs.JobHandle dependsOn) [0x00016] in /Users/bokken/build/output/unity/unity/Runtime/Jobs/Managed/IJobParallelFor.cs:70 
  at TimeSurvivor.Voxel.Terrain.Tests.ProceduralTerrainGenerationJobValidationTests.GenerateChunk_ShouldNotBeUniformCube () [0x00024] in /Users/etherny/Documents/work/games/TimeSurvivorGame/Assets/lib/voxel-terrain/Tests/Runtime/ProceduralTerrainGenerationJobValidationTests.cs:483 
  at (wrapper managed-to-native) System.Reflection.RuntimeMethodInfo.InternalInvoke(System.Reflection.RuntimeMethodInfo,object,object[],System.Exception&)
  at System.Reflection.RuntimeMethodInfo.Invoke (System.Object obj, System.Reflection.BindingFlags invokeAttr, System.Reflection.Binder binder, System.Object[] parameters, System.Globalization.CultureInfo culture) [0x0006a] in <3c470575843b432e876313222d20c5ed>:0 ]]></stack-trace>
                  </failure>
                </test-case>
                <test-case id="1113" name="GenerateChunk_ShouldProduceVariedVoxelTypes" fullname="TimeSurvivor.Voxel.Terrain.Tests.ProceduralTerrainGenerationJobValidationTests.GenerateChunk_ShouldProduceVariedVoxelTypes" methodname="GenerateChunk_ShouldProduceVariedVoxelTypes" classname="TimeSurvivor.Voxel.Terrain.Tests.ProceduralTerrainGenerationJobValidationTests" runstate="Runnable" seed="848861995" result="Failed" label="Error" start-time="2025-11-21 20:59:57Z" end-time="2025-11-21 20:59:57Z" duration="0.000333" asserts="0">
                  <properties>
                    <property name="retryIteration" value="0" />
                    <property name="repeatIteration" value="0" />
                  </properties>
                  <failure>
                    <message><![CDATA[System.InvalidOperationException : The UNKNOWN_OBJECT_TYPE ProceduralTerrainGenerationJob.Heightmap has not been assigned or constructed. All containers must be valid when scheduling a job.]]></message>
                    <stack-trace><![CDATA[  at (wrapper managed-to-native) Unity.Jobs.LowLevel.Unsafe.JobsUtility.ScheduleParallelFor_Injected(Unity.Jobs.LowLevel.Unsafe.JobsUtility/JobScheduleParameters&,int,int,Unity.Jobs.JobHandle&)
  at Unity.Jobs.LowLevel.Unsafe.JobsUtility.ScheduleParallelFor (Unity.Jobs.LowLevel.Unsafe.JobsUtility+JobScheduleParameters& parameters, System.Int32 arrayLength, System.Int32 innerloopBatchCount) <0x3852d51d8 + 0x00067> in <ca678e8562574911a4b05a3e0a6fcc6f>:0 
  at Unity.Jobs.IJobParallelForExtensions.Schedule[T] (T jobData, System.Int32 arrayLength, System.Int32 innerloopBatchCount, Unity.Jobs.JobHandle dependsOn) [0x00016] in /Users/bokken/build/output/unity/unity/Runtime/Jobs/Managed/IJobParallelFor.cs:70 
  at TimeSurvivor.Voxel.Terrain.Tests.ProceduralTerrainGenerationJobValidationTests.GenerateChunk_ShouldProduceVariedVoxelTypes () [0x00024] in /Users/etherny/Documents/work/games/TimeSurvivorGame/Assets/lib/voxel-terrain/Tests/Runtime/ProceduralTerrainGenerationJobValidationTests.cs:139 
  at (wrapper managed-to-native) System.Reflection.RuntimeMethodInfo.InternalInvoke(System.Reflection.RuntimeMethodInfo,object,object[],System.Exception&)
  at System.Reflection.RuntimeMethodInfo.Invoke (System.Object obj, System.Reflection.BindingFlags invokeAttr, System.Reflection.Binder binder, System.Object[] parameters, System.Globalization.CultureInfo culture) [0x0006a] in <3c470575843b432e876313222d20c5ed>:0 ]]></stack-trace>
                  </failure>
                </test-case>
                <test-case id="1116" name="GenerateChunk_WaterShouldOnlyBeInValleys" fullname="TimeSurvivor.Voxel.Terrain.Tests.ProceduralTerrainGenerationJobValidationTests.GenerateChunk_WaterShouldOnlyBeInValleys" methodname="GenerateChunk_WaterShouldOnlyBeInValleys" classname="TimeSurvivor.Voxel.Terrain.Tests.ProceduralTerrainGenerationJobValidationTests" runstate="Runnable" seed="1997353385" result="Failed" label="Error" start-time="2025-11-21 20:59:57Z" end-time="2025-11-21 20:59:57Z" duration="0.000302" asserts="0">
                  <properties>
                    <property name="retryIteration" value="0" />
                    <property name="repeatIteration" value="0" />
                  </properties>
                  <failure>
                    <message><![CDATA[System.InvalidOperationException : The UNKNOWN_OBJECT_TYPE ProceduralTerrainGenerationJob.Heightmap has not been assigned or constructed. All containers must be valid when scheduling a job.]]></message>
                    <stack-trace><![CDATA[  at (wrapper managed-to-native) Unity.Jobs.LowLevel.Unsafe.JobsUtility.ScheduleParallelFor_Injected(Unity.Jobs.LowLevel.Unsafe.JobsUtility/JobScheduleParameters&,int,int,Unity.Jobs.JobHandle&)
  at Unity.Jobs.LowLevel.Unsafe.JobsUtility.ScheduleParallelFor (Unity.Jobs.LowLevel.Unsafe.JobsUtility+JobScheduleParameters& parameters, System.Int32 arrayLength, System.Int32 innerloopBatchCount) <0x3852d51d8 + 0x00067> in <ca678e8562574911a4b05a3e0a6fcc6f>:0 
  at Unity.Jobs.IJobParallelForExtensions.Schedule[T] (T jobData, System.Int32 arrayLength, System.Int32 innerloopBatchCount, Unity.Jobs.JobHandle dependsOn) [0x00016] in /Users/bokken/build/output/unity/unity/Runtime/Jobs/Managed/IJobParallelFor.cs:70 
  at TimeSurvivor.Voxel.Terrain.Tests.ProceduralTerrainGenerationJobValidationTests.GenerateChunk_WaterShouldOnlyBeInValleys () [0x00024] in /Users/etherny/Documents/work/games/TimeSurvivorGame/Assets/lib/voxel-terrain/Tests/Runtime/ProceduralTerrainGenerationJobValidationTests.cs:336 
  at (wrapper managed-to-native) System.Reflection.RuntimeMethodInfo.InternalInvoke(System.Reflection.RuntimeMethodInfo,object,object[],System.Exception&)
  at System.Reflection.RuntimeMethodInfo.Invoke (System.Object obj, System.Reflection.BindingFlags invokeAttr, System.Reflection.Binder binder, System.Object[] parameters, System.Globalization.CultureInfo culture) [0x0006a] in <3c470575843b432e876313222d20c5ed>:0 ]]></stack-trace>
                  </failure>
                </test-case>
                <test-case id="1122" name="HeightmapMode_BackwardCompatibility_NoHeightmap" fullname="TimeSurvivor.Voxel.Terrain.Tests.ProceduralTerrainGenerationJobValidationTests.HeightmapMode_BackwardCompatibility_NoHeightmap" methodname="HeightmapMode_BackwardCompatibility_NoHeightmap" classname="TimeSurvivor.Voxel.Terrain.Tests.ProceduralTerrainGenerationJobValidationTests" runstate="Runnable" seed="2050157593" result="Failed" label="Error" start-time="2025-11-21 20:59:57Z" end-time="2025-11-21 20:59:57Z" duration="0.000317" asserts="0">
                  <properties>
                    <property name="retryIteration" value="0" />
                    <property name="repeatIteration" value="0" />
                  </properties>
                  <failure>
                    <message><![CDATA[System.InvalidOperationException : The UNKNOWN_OBJECT_TYPE ProceduralTerrainGenerationJob.Heightmap has not been assigned or constructed. All containers must be valid when scheduling a job.]]></message>
                    <stack-trace><![CDATA[  at (wrapper managed-to-native) Unity.Jobs.LowLevel.Unsafe.JobsUtility.ScheduleParallelFor_Injected(Unity.Jobs.LowLevel.Unsafe.JobsUtility/JobScheduleParameters&,int,int,Unity.Jobs.JobHandle&)
  at Unity.Jobs.LowLevel.Unsafe.JobsUtility.ScheduleParallelFor (Unity.Jobs.LowLevel.Unsafe.JobsUtility+JobScheduleParameters& parameters, System.Int32 arrayLength, System.Int32 innerloopBatchCount) <0x3852d51d8 + 0x00067> in <ca678e8562574911a4b05a3e0a6fcc6f>:0 
  at Unity.Jobs.IJobParallelForExtensions.Schedule[T] (T jobData, System.Int32 arrayLength, System.Int32 innerloopBatchCount, Unity.Jobs.JobHandle dependsOn) [0x00016] in /Users/bokken/build/output/unity/unity/Runtime/Jobs/Managed/IJobParallelFor.cs:70 
  at TimeSurvivor.Voxel.Terrain.Tests.ProceduralTerrainGenerationJobValidationTests.HeightmapMode_BackwardCompatibility_NoHeightmap () [0x000d1] in /Users/etherny/Documents/work/games/TimeSurvivorGame/Assets/lib/voxel-terrain/Tests/Runtime/ProceduralTerrainGenerationJobValidationTests.cs:851 
  at (wrapper managed-to-native) System.Reflection.RuntimeMethodInfo.InternalInvoke(System.Reflection.RuntimeMethodInfo,object,object[],System.Exception&)
  at System.Reflection.RuntimeMethodInfo.Invoke (System.Object obj, System.Reflection.BindingFlags invokeAttr, System.Reflection.Binder binder, System.Object[] parameters, System.Globalization.CultureInfo culture) [0x0006a] in <3c470575843b432e876313222d20c5ed>:0 ]]></stack-trace>
                  </failure>
                </test-case>
                <test-case id="1121" name="HeightmapMode_ChunkBordersShouldBeContinuous" fullname="TimeSurvivor.Voxel.Terrain.Tests.ProceduralTerrainGenerationJobValidationTests.HeightmapMode_ChunkBordersShouldBeContinuous" methodname="HeightmapMode_ChunkBordersShouldBeContinuous" classname="TimeSurvivor.Voxel.Terrain.Tests.ProceduralTerrainGenerationJobValidationTests" runstate="Runnable" seed="1936584380" result="Passed" start-time="2025-11-21 20:59:57Z" end-time="2025-11-21 20:59:57Z" duration="0.003599" asserts="0">
                  <properties>
                    <property name="retryIteration" value="0" />
                    <property name="repeatIteration" value="0" />
                  </properties>
                  <output><![CDATA[Border continuity: 4093/4096 voxels match (99.93%)
SUCCESS: Chunk borders are continuous with heightmap mode
]]></output>
                </test-case>
                <test-case id="1119" name="HeightmapMode_ShouldGenerateCorrectLayers" fullname="TimeSurvivor.Voxel.Terrain.Tests.ProceduralTerrainGenerationJobValidationTests.HeightmapMode_ShouldGenerateCorrectLayers" methodname="HeightmapMode_ShouldGenerateCorrectLayers" classname="TimeSurvivor.Voxel.Terrain.Tests.ProceduralTerrainGenerationJobValidationTests" runstate="Runnable" seed="406016188" result="Passed" start-time="2025-11-21 20:59:57Z" end-time="2025-11-21 20:59:57Z" duration="0.001249" asserts="0">
                  <properties>
                    <property name="retryIteration" value="0" />
                    <property name="repeatIteration" value="0" />
                  </properties>
                  <output><![CDATA[SUCCESS: Heightmap mode generates correct horizontal layers (Grass > Dirt > Stone)
]]></output>
                </test-case>
                <test-case id="1120" name="HeightmapMode_ShouldGenerateWater" fullname="TimeSurvivor.Voxel.Terrain.Tests.ProceduralTerrainGenerationJobValidationTests.HeightmapMode_ShouldGenerateWater" methodname="HeightmapMode_ShouldGenerateWater" classname="TimeSurvivor.Voxel.Terrain.Tests.ProceduralTerrainGenerationJobValidationTests" runstate="Runnable" seed="481408793" result="Passed" start-time="2025-11-21 20:59:57Z" end-time="2025-11-21 20:59:57Z" duration="0.000943" asserts="0">
                  <properties>
                    <property name="retryIteration" value="0" />
                    <property name="repeatIteration" value="0" />
                  </properties>
                  <output><![CDATA[SUCCESS: Heightmap mode generates water in valleys below water level
]]></output>
                </test-case>
              </test-suite>
              <test-suite type="TestFixture" id="1123" name="SimplexNoise3DTests" fullname="TimeSurvivor.Voxel.Terrain.Tests.SimplexNoise3DTests" classname="TimeSurvivor.Voxel.Terrain.Tests.SimplexNoise3DTests" runstate="Runnable" testcasecount="4" result="Passed" start-time="2025-11-21 20:59:57Z" end-time="2025-11-21 20:59:57Z" duration="0.030686" total="4" passed="4" failed="0" inconclusive="0" skipped="0" asserts="0">
                <properties />
                <test-case id="1127" name="Test_Continuity" fullname="TimeSurvivor.Voxel.Terrain.Tests.SimplexNoise3DTests.Test_Continuity" methodname="Test_Continuity" classname="TimeSurvivor.Voxel.Terrain.Tests.SimplexNoise3DTests" runstate="Runnable" seed="744559587" result="Passed" start-time="2025-11-21 20:59:57Z" end-time="2025-11-21 20:59:57Z" duration="0.005107" asserts="0">
                  <properties>
                    <property name="retryIteration" value="0" />
                    <property name="repeatIteration" value="0" />
                  </properties>
                </test-case>
                <test-case id="1124" name="Test_Determinism" fullname="TimeSurvivor.Voxel.Terrain.Tests.SimplexNoise3DTests.Test_Determinism" methodname="Test_Determinism" classname="TimeSurvivor.Voxel.Terrain.Tests.SimplexNoise3DTests" runstate="Runnable" seed="1678239758" result="Passed" start-time="2025-11-21 20:59:57Z" end-time="2025-11-21 20:59:57Z" duration="0.000139" asserts="0">
                  <properties>
                    <property name="retryIteration" value="0" />
                    <property name="repeatIteration" value="0" />
                  </properties>
                </test-case>
                <test-case id="1126" name="Test_Performance" fullname="TimeSurvivor.Voxel.Terrain.Tests.SimplexNoise3DTests.Test_Performance" methodname="Test_Performance" classname="TimeSurvivor.Voxel.Terrain.Tests.SimplexNoise3DTests" runstate="Runnable" seed="607473988" result="Passed" start-time="2025-11-21 20:59:57Z" end-time="2025-11-21 20:59:57Z" duration="0.002547" asserts="0">
                  <properties>
                    <property name="retryIteration" value="0" />
                    <property name="repeatIteration" value="0" />
                  </properties>
                  <output><![CDATA[SimplexNoise3D.MultiOctave (4 octaves) average execution time: 104.04 ns
Target: <300ns (Burst-compiled build), Measured: 104.04 ns
]]></output>
                </test-case>
                <test-case id="1125" name="Test_Range" fullname="TimeSurvivor.Voxel.Terrain.Tests.SimplexNoise3DTests.Test_Range" methodname="Test_Range" classname="TimeSurvivor.Voxel.Terrain.Tests.SimplexNoise3DTests" runstate="Runnable" seed="1235615502" result="Passed" start-time="2025-11-21 20:59:57Z" end-time="2025-11-21 20:59:57Z" duration="0.021513" asserts="0">
                  <properties>
                    <property name="retryIteration" value="0" />
                    <property name="repeatIteration" value="0" />
                  </properties>
                  <output><![CDATA[Saving results to: /Users/etherny/Library/Application Support/DefaultCompany/TimeSurvivorGame/TestResults.xml
]]></output>
                </test-case>
              </test-suite>
            </test-suite>
          </test-suite>
        </test-suite>
      </test-suite>
    </test-suite>
  </test-suite>
</test-run>